[10.78.233.207] {"timestamp":"2025-12-06 04:54:53","hostname":"HP-LAP704","channel":"Security","event_id":4672,"level":"Information","message":"Special privileges assigned to new logon.\r\n\r\nSubject:\r\n\tSecurity ID:\t\tS-1-5-18\r\n\tAccount Name:\t\tSYSTEM\r\n\tAccount Domain:\t\tNT AUTHORITY\r\n\tLogon ID:\t\t0x3E7\r\n\r\nPrivileges:\t\tSeAssignPrimaryTokenPrivilege\r\n\t\t\tSeTcbPrivilege\r\n\t\t\tSeSecurityPrivilege\r\n\t\t\tSeTakeOwnershipPrivilege\r\n\t\t\tSeLoadDriverPrivilege\r\n\t\t\tSeBackupPrivilege\r\n\t\t\tSeRestorePrivilege\r\n\t\t\tSeDebugPrivilege\r\n\t\t\tSeAuditPrivilege\r\n\t\t\tSeSystemEnvironmentPrivilege\r\n\t\t\tSeImpersonatePrivilege\r\n\t\t\tSeDelegateSessionUserImpersonatePrivilege","SubjectUserSid":"S-1-5-18","SubjectUserName":"SYSTEM","SubjectDomainName":"NT AUTHORITY","SubjectLogonId":"0x3e7","PrivilegeList":"SeAssignPrimaryTokenPrivilege\n\t\t\tSeTcbPrivilege\n\t\t\tSeSecurityPrivilege\n\t\t\tSeTakeOwnershipPrivilege\n\t\t\tSeLoadDriverPrivilege\n\t\t\tSeBackupPrivilege\n\t\t\tSeRestorePrivilege\n\t\t\tSeDebugPrivilege\n\t\t\tSeAuditPrivilege\n\t\t\tSeSystemEnvironmentPrivilege\n\t\t\tSeImpersonatePrivilege\n\t\t\tSeDelegateSessionUserImpersonatePrivilege"}
[10.78.233.207] {"timestamp":"2025-12-06 04:54:55","hostname":"HP-LAP704","channel":"System","event_id":107,"level":"Information","message":"The system has resumed from sleep.","TargetState":"4","EffectiveState":"4","WakeFromState":"4","ProgrammedWakeTimeAc":"2025-12-06T06:57:42.6731958Z","ProgrammedWakeTimeDc":"1601-01-01T00:00:00.0000000Z","WakeRequesterTypeAc":"2","WakeRequesterTypeDc":"0"}
[10.78.233.207] {"timestamp":"2025-12-06 05:53:23","hostname":"HP-LAP704","channel":"System","event_id":1,"level":"Information","message":"The system time has changed to 2025-12-06T00:23:23.500000000Z from 2025-12-05T23:24:55.919116500Z.\r\nTime Delta: 3507580 ms\r\n\r\nChange Reason: System time synchronized with the hardware clock.\r\nProcess: \u0027\u0027 (PID 4).\r\n\r\nRTC time: 2025-12-06T05:53:23.500000000Z\r\nCurrent time zone bias: -330\r\nRTC time is in UTC: false\r\nSystem time was based on RTC time: false","NewTime":"2025-12-06T00:23:23.5000000Z","OldTime":"2025-12-05T23:24:55.9191165Z","TimeDeltaInMs":"3507580","Reason":"2","ProcessID":"4","CmosTime":"2025-12-06T05:53:23.5000000Z","TimeZoneBias":"-330","RealTimeIsUniversal":"false","SystemInCmosMode":"false"}
[10.78.233.207] {"timestamp":"2025-12-06 05:53:23","hostname":"HP-LAP704","channel":"System","event_id":131,"level":"Information","message":"Firmware S3 times. ResumeCount: 2, FullResume: 1002, AverageResume: 1003","ResumeCount":"2","FullResume":"1002","AverageResume":"1003"}
[10.78.233.207] {"timestamp":"2025-12-06 05:53:23","hostname":"HP-LAP704","channel":"System","event_id":130,"level":"Information","message":"Firmware S3 times. SuspendStart: 0, SuspendEnd: 0","SuspendStart":"0","SuspendEnd":"0"}
[10.78.233.207] {"timestamp":"2025-12-06 05:53:23","hostname":"HP-LAP704","channel":"Security","event_id":4624,"level":"Information","message":"An account was successfully logged on.\r\n\r\nSubject:\r\n\tSecurity ID:\t\tS-1-5-18\r\n\tAccount Name:\t\tHP-LAP704$\r\n\tAccount Domain:\t\tWORKGROUP\r\n\tLogon ID:\t\t0x3E7\r\n\r\nLogon Information:\r\n\tLogon Type:\t\t5\r\n\tRestricted Admin Mode:\t-\r\n\tRemote Credential Guard:\t-\r\n\tVirtual Account:\t\tNo\r\n\tElevated Token:\t\tYes\r\n\r\nImpersonation Level:\t\tImpersonation\r\n\r\nNew Logon:\r\n\tSecurity ID:\t\tS-1-5-18\r\n\tAccount Name:\t\tSYSTEM\r\n\tAccount Domain:\t\tNT AUTHORITY\r\n\tLogon ID:\t\t0x3E7\r\n\tLinked Logon ID:\t\t0x0\r\n\tNetwork Account Name:\t-\r\n\tNetwork Account Domain:\t-\r\n\tLogon GUID:\t\t{00000000-0000-0000-0000-000000000000}\r\n\r\nProcess Information:\r\n\tProcess ID:\t\t0x4c4\r\n\tProcess Name:\t\tC:\\Windows\\System32\\services.exe\r\n\r\nNetwork Information:\r\n\tWorkstation Name:\t-\r\n\tSource Network Address:\t-\r\n\tSource Port:\t\t-\r\n\r\nDetailed Authentication Information:\r\n\tLogon Process:\t\tAdvapi  \r\n\tAuthentication Package:\tNegotiate\r\n\tTransited Services:\t-\r\n\tPackage Name (NTLM only):\t-\r\n\tKey Length:\t\t0\r\n\r\nThis event is generated when a logon session is created. It is generated on the computer that was accessed.\r\n\r\nThe subject fields indicate the account on the local system which requested the logon. This is most commonly a service such as the Server service, or a local process such as Winlogon.exe or Services.exe.\r\n\r\nThe logon type field indicates the kind of logon that occurred. The most common types are 2 (interactive) and 3 (network).\r\n\r\nThe New Logon fields indicate the account for whom the new logon was created, i.e. the account that was logged on.\r\n\r\nThe network fields indicate where a remote logon request originated. Workstation name is not always available and may be left blank in some cases.\r\n\r\nThe impersonation level field indicates the extent to which a process in the logon session can impersonate.\r\n\r\nThe authentication information fields provide detailed information about this specific logon request.\r\n\t- Logon GUID is a unique identifier that can be used to correlate this event with a KDC event.\r\n\t- Transited services indicate which intermediate services have participated in this logon request.\r\n\t- Package name indicates which sub-protocol was used among the NTLM protocols.\r\n\t- Key length indicates the length of the generated session key. This will be 0 if no session key was requested.","SubjectUserSid":"S-1-5-18","SubjectUserName":"HP-LAP704$","SubjectDomainName":"WORKGROUP","SubjectLogonId":"0x3e7","TargetUserSid":"S-1-5-18","TargetUserName":"SYSTEM","TargetDomainName":"NT AUTHORITY","TargetLogonId":"0x3e7","LogonType":"5","LogonProcessName":"Advapi  ","AuthenticationPackageName":"Negotiate","WorkstationName":"-","LogonGuid":"{00000000-0000-0000-0000-000000000000}","TransmittedServices":"-","LmPackageName":"-","KeyLength":"0","ProcessId":"0x4c4","ProcessName":"C:\\Windows\\System32\\services.exe","IpAddress":"-","IpPort":"-","ImpersonationLevel":"%%1833","RestrictedAdminMode":"-","RemoteCredentialGuard":"-","TargetOutboundUserName":"-","TargetOutboundDomainName":"-","VirtualAccount":"%%1843","TargetLinkedLogonId":"0x0","ElevatedToken":"%%1842"}
[10.78.233.207] {"timestamp":"2025-12-06 05:53:23","hostname":"HP-LAP704","channel":"Security","event_id":4672,"level":"Information","message":"Special privileges assigned to new logon.\r\n\r\nSubject:\r\n\tSecurity ID:\t\tS-1-5-18\r\n\tAccount Name:\t\tSYSTEM\r\n\tAccount Domain:\t\tNT AUTHORITY\r\n\tLogon ID:\t\t0x3E7\r\n\r\nPrivileges:\t\tSeAssignPrimaryTokenPrivilege\r\n\t\t\tSeTcbPrivilege\r\n\t\t\tSeSecurityPrivilege\r\n\t\t\tSeTakeOwnershipPrivilege\r\n\t\t\tSeLoadDriverPrivilege\r\n\t\t\tSeBackupPrivilege\r\n\t\t\tSeRestorePrivilege\r\n\t\t\tSeDebugPrivilege\r\n\t\t\tSeAuditPrivilege\r\n\t\t\tSeSystemEnvironmentPrivilege\r\n\t\t\tSeImpersonatePrivilege\r\n\t\t\tSeDelegateSessionUserImpersonatePrivilege","SubjectUserSid":"S-1-5-18","SubjectUserName":"SYSTEM","SubjectDomainName":"NT AUTHORITY","SubjectLogonId":"0x3e7","PrivilegeList":"SeAssignPrimaryTokenPrivilege\n\t\t\tSeTcbPrivilege\n\t\t\tSeSecurityPrivilege\n\t\t\tSeTakeOwnershipPrivilege\n\t\t\tSeLoadDriverPrivilege\n\t\t\tSeBackupPrivilege\n\t\t\tSeRestorePrivilege\n\t\t\tSeDebugPrivilege\n\t\t\tSeAuditPrivilege\n\t\t\tSeSystemEnvironmentPrivilege\n\t\t\tSeImpersonatePrivilege\n\t\t\tSeDelegateSessionUserImpersonatePrivilege"}
[10.78.233.207] {"timestamp":"2025-12-06 05:53:23","hostname":"HP-LAP704","channel":"System","event_id":5,"level":"Information","message":"Secure Trustlet NULL Id 0 and Pid 0 started with status STATUS_SUCCESS.","TrustletIdentity":"0","NormalProcessId":"0","Status":"0","ImageName":"NULL"}
[10.78.233.207] {"timestamp":"2025-12-06 05:53:23","hostname":"HP-LAP704","channel":"System","event_id":1,"level":"Information","message":"Secure Trustlet \\??\\C:\\WINDOWS\\System32\\NgcIso.exe Id 6 and Pid 28780 started with status STATUS_SUCCESS.","TrustletIdentity":"6","NormalProcessId":"28780","Status":"0","ImageName":"\\??\\C:\\WINDOWS\\System32\\NgcIso.exe"}
[10.78.233.207] {"timestamp":"2025-12-06 05:53:32","hostname":"HP-LAP704","channel":"System","event_id":566,"level":"Information","message":"The system session has transitioned from 21 to 22.\r\n\r\nReason SxTransition \r\n\r\nBootId: 387","BootId":"387","Reason":"20","PreviousSessionId":"21","PreviousSessionType":"3","PreviousSessionDurationInUs":"3521868732","PreviousEnergyCapacityAtStart":"37301","PreviousFullEnergyCapacityAtStart":"37301","PreviousEnergyCapacityAtEnd":"37301","PreviousFullEnergyCapacityAtEnd":"37301","NextSessionId":"22","NextSessionType":"1","PowerStateAc":"true","MonitorReason":"20"}
[10.78.233.207] {"timestamp":"2025-12-06 05:53:32","hostname":"HP-LAP704","channel":"Application","event_id":0,"level":"Information","message":"PowerEvent handled successfully by the service."}
[10.78.233.207] {"timestamp":"2025-12-06 05:53:32","hostname":"HP-LAP704","channel":"System","event_id":12,"level":"Error","message":"The driver detected an internal driver error on \\Device\\VBoxNetLwf."}
[10.78.233.207] {"timestamp":"2025-12-06 05:53:32","hostname":"HP-LAP704","channel":"System","event_id":7036,"level":"Information","message":"The  service entered the Filter attach complete state."}
[10.78.233.207] {"timestamp":"2025-12-06 05:53:32","hostname":"HP-LAP704","channel":"System","event_id":7036,"level":"Information","message":"The  service entered the Filter attach start state."}
[10.78.233.207] {"timestamp":"2025-12-06 05:53:33","hostname":"HP-LAP704","channel":"System","event_id":7036,"level":"Information","message":"The  service entered the Filter restart complete state."}
[10.78.233.207] {"timestamp":"2025-12-06 05:53:33","hostname":"HP-LAP704","channel":"System","event_id":7036,"level":"Information","message":"The  service entered the Filter restart start state."}
[10.78.233.207] {"timestamp":"2025-12-06 05:53:33","hostname":"HP-LAP704","channel":"System","event_id":566,"level":"Information","message":"The system session has transitioned from 22 to 24.\r\n\r\nReason Unknown \r\n\r\nBootId: 387","BootId":"387","Reason":"1","PreviousSessionId":"22","PreviousSessionType":"1","PreviousSessionDurationInUs":"238930","PreviousEnergyCapacityAtStart":"37301","PreviousFullEnergyCapacityAtStart":"37301","PreviousEnergyCapacityAtEnd":"37301","PreviousFullEnergyCapacityAtEnd":"37301","NextSessionId":"24","NextSessionType":"0","PowerStateAc":"true","MonitorReason":"1"}
[10.78.233.207] {"timestamp":"2025-12-06 05:53:34","hostname":"HP-LAP704","channel":"Security","event_id":4624,"level":"Information","message":"An account was successfully logged on.\r\n\r\nSubject:\r\n\tSecurity ID:\t\tS-1-5-18\r\n\tAccount Name:\t\tHP-LAP704$\r\n\tAccount Domain:\t\tWORKGROUP\r\n\tLogon ID:\t\t0x3E7\r\n\r\nLogon Information:\r\n\tLogon Type:\t\t5\r\n\tRestricted Admin Mode:\t-\r\n\tRemote Credential Guard:\t-\r\n\tVirtual Account:\t\tNo\r\n\tElevated Token:\t\tYes\r\n\r\nImpersonation Level:\t\tImpersonation\r\n\r\nNew Logon:\r\n\tSecurity ID:\t\tS-1-5-18\r\n\tAccount Name:\t\tSYSTEM\r\n\tAccount Domain:\t\tNT AUTHORITY\r\n\tLogon ID:\t\t0x3E7\r\n\tLinked Logon ID:\t\t0x0\r\n\tNetwork Account Name:\t-\r\n\tNetwork Account Domain:\t-\r\n\tLogon GUID:\t\t{00000000-0000-0000-0000-000000000000}\r\n\r\nProcess Information:\r\n\tProcess ID:\t\t0x4c4\r\n\tProcess Name:\t\tC:\\Windows\\System32\\services.exe\r\n\r\nNetwork Information:\r\n\tWorkstation Name:\t-\r\n\tSource Network Address:\t-\r\n\tSource Port:\t\t-\r\n\r\nDetailed Authentication Information:\r\n\tLogon Process:\t\tAdvapi  \r\n\tAuthentication Package:\tNegotiate\r\n\tTransited Services:\t-\r\n\tPackage Name (NTLM only):\t-\r\n\tKey Length:\t\t0\r\n\r\nThis event is generated when a logon session is created. It is generated on the computer that was accessed.\r\n\r\nThe subject fields indicate the account on the local system which requested the logon. This is most commonly a service such as the Server service, or a local process such as Winlogon.exe or Services.exe.\r\n\r\nThe logon type field indicates the kind of logon that occurred. The most common types are 2 (interactive) and 3 (network).\r\n\r\nThe New Logon fields indicate the account for whom the new logon was created, i.e. the account that was logged on.\r\n\r\nThe network fields indicate where a remote logon request originated. Workstation name is not always available and may be left blank in some cases.\r\n\r\nThe impersonation level field indicates the extent to which a process in the logon session can impersonate.\r\n\r\nThe authentication information fields provide detailed information about this specific logon request.\r\n\t- Logon GUID is a unique identifier that can be used to correlate this event with a KDC event.\r\n\t- Transited services indicate which intermediate services have participated in this logon request.\r\n\t- Package name indicates which sub-protocol was used among the NTLM protocols.\r\n\t- Key length indicates the length of the generated session key. This will be 0 if no session key was requested.","SubjectUserSid":"S-1-5-18","SubjectUserName":"HP-LAP704$","SubjectDomainName":"WORKGROUP","SubjectLogonId":"0x3e7","TargetUserSid":"S-1-5-18","TargetUserName":"SYSTEM","TargetDomainName":"NT AUTHORITY","TargetLogonId":"0x3e7","LogonType":"5","LogonProcessName":"Advapi  ","AuthenticationPackageName":"Negotiate","WorkstationName":"-","LogonGuid":"{00000000-0000-0000-0000-000000000000}","TransmittedServices":"-","LmPackageName":"-","KeyLength":"0","ProcessId":"0x4c4","ProcessName":"C:\\Windows\\System32\\services.exe","IpAddress":"-","IpPort":"-","ImpersonationLevel":"%%1833","RestrictedAdminMode":"-","RemoteCredentialGuard":"-","TargetOutboundUserName":"-","TargetOutboundDomainName":"-","VirtualAccount":"%%1843","TargetLinkedLogonId":"0x0","ElevatedToken":"%%1842"}
[10.78.233.207] {"timestamp":"2025-12-06 05:53:34","hostname":"HP-LAP704","channel":"Security","event_id":4672,"level":"Information","message":"Special privileges assigned to new logon.\r\n\r\nSubject:\r\n\tSecurity ID:\t\tS-1-5-18\r\n\tAccount Name:\t\tSYSTEM\r\n\tAccount Domain:\t\tNT AUTHORITY\r\n\tLogon ID:\t\t0x3E7\r\n\r\nPrivileges:\t\tSeAssignPrimaryTokenPrivilege\r\n\t\t\tSeTcbPrivilege\r\n\t\t\tSeSecurityPrivilege\r\n\t\t\tSeTakeOwnershipPrivilege\r\n\t\t\tSeLoadDriverPrivilege\r\n\t\t\tSeBackupPrivilege\r\n\t\t\tSeRestorePrivilege\r\n\t\t\tSeDebugPrivilege\r\n\t\t\tSeAuditPrivilege\r\n\t\t\tSeSystemEnvironmentPrivilege\r\n\t\t\tSeImpersonatePrivilege\r\n\t\t\tSeDelegateSessionUserImpersonatePrivilege","SubjectUserSid":"S-1-5-18","SubjectUserName":"SYSTEM","SubjectDomainName":"NT AUTHORITY","SubjectLogonId":"0x3e7","PrivilegeList":"SeAssignPrimaryTokenPrivilege\n\t\t\tSeTcbPrivilege\n\t\t\tSeSecurityPrivilege\n\t\t\tSeTakeOwnershipPrivilege\n\t\t\tSeLoadDriverPrivilege\n\t\t\tSeBackupPrivilege\n\t\t\tSeRestorePrivilege\n\t\t\tSeDebugPrivilege\n\t\t\tSeAuditPrivilege\n\t\t\tSeSystemEnvironmentPrivilege\n\t\t\tSeImpersonatePrivilege\n\t\t\tSeDelegateSessionUserImpersonatePrivilege"}
[10.78.233.207] {"timestamp":"2025-12-06 05:53:34","hostname":"HP-LAP704","channel":"System","event_id":18,"level":"Information","message":"Windows cannot store Bluetooth authentication codes (link keys) on the local adapter. Bluetooth keyboards might not work in the system BIOS during startup."}
[10.78.233.207] {"timestamp":"2025-12-06 05:53:34","hostname":"HP-LAP704","channel":"System","event_id":34,"level":"Warning","message":"The local adapter does not support an important Low Energy controller state to support peripheral mode.  The minimum required supported state mask is 0x2491f7fffff, got 0xffffffff.  Low Energy peripheral role functionality will not be available."}
[10.78.233.207] {"timestamp":"2025-12-06 05:53:34","hostname":"HP-LAP704","channel":"Security","event_id":4624,"level":"Information","message":"An account was successfully logged on.\r\n\r\nSubject:\r\n\tSecurity ID:\t\tS-1-5-18\r\n\tAccount Name:\t\tHP-LAP704$\r\n\tAccount Domain:\t\tWORKGROUP\r\n\tLogon ID:\t\t0x3E7\r\n\r\nLogon Information:\r\n\tLogon Type:\t\t5\r\n\tRestricted Admin Mode:\t-\r\n\tRemote Credential Guard:\t-\r\n\tVirtual Account:\t\tNo\r\n\tElevated Token:\t\tYes\r\n\r\nImpersonation Level:\t\tImpersonation\r\n\r\nNew Logon:\r\n\tSecurity ID:\t\tS-1-5-18\r\n\tAccount Name:\t\tSYSTEM\r\n\tAccount Domain:\t\tNT AUTHORITY\r\n\tLogon ID:\t\t0x3E7\r\n\tLinked Logon ID:\t\t0x0\r\n\tNetwork Account Name:\t-\r\n\tNetwork Account Domain:\t-\r\n\tLogon GUID:\t\t{00000000-0000-0000-0000-000000000000}\r\n\r\nProcess Information:\r\n\tProcess ID:\t\t0x4c4\r\n\tProcess Name:\t\tC:\\Windows\\System32\\services.exe\r\n\r\nNetwork Information:\r\n\tWorkstation Name:\t-\r\n\tSource Network Address:\t-\r\n\tSource Port:\t\t-\r\n\r\nDetailed Authentication Information:\r\n\tLogon Process:\t\tAdvapi  \r\n\tAuthentication Package:\tNegotiate\r\n\tTransited Services:\t-\r\n\tPackage Name (NTLM only):\t-\r\n\tKey Length:\t\t0\r\n\r\nThis event is generated when a logon session is created. It is generated on the computer that was accessed.\r\n\r\nThe subject fields indicate the account on the local system which requested the logon. This is most commonly a service such as the Server service, or a local process such as Winlogon.exe or Services.exe.\r\n\r\nThe logon type field indicates the kind of logon that occurred. The most common types are 2 (interactive) and 3 (network).\r\n\r\nThe New Logon fields indicate the account for whom the new logon was created, i.e. the account that was logged on.\r\n\r\nThe network fields indicate where a remote logon request originated. Workstation name is not always available and may be left blank in some cases.\r\n\r\nThe impersonation level field indicates the extent to which a process in the logon session can impersonate.\r\n\r\nThe authentication information fields provide detailed information about this specific logon request.\r\n\t- Logon GUID is a unique identifier that can be used to correlate this event with a KDC event.\r\n\t- Transited services indicate which intermediate services have participated in this logon request.\r\n\t- Package name indicates which sub-protocol was used among the NTLM protocols.\r\n\t- Key length indicates the length of the generated session key. This will be 0 if no session key was requested.","SubjectUserSid":"S-1-5-18","SubjectUserName":"HP-LAP704$","SubjectDomainName":"WORKGROUP","SubjectLogonId":"0x3e7","TargetUserSid":"S-1-5-18","TargetUserName":"SYSTEM","TargetDomainName":"NT AUTHORITY","TargetLogonId":"0x3e7","LogonType":"5","LogonProcessName":"Advapi  ","AuthenticationPackageName":"Negotiate","WorkstationName":"-","LogonGuid":"{00000000-0000-0000-0000-000000000000}","TransmittedServices":"-","LmPackageName":"-","KeyLength":"0","ProcessId":"0x4c4","ProcessName":"C:\\Windows\\System32\\services.exe","IpAddress":"-","IpPort":"-","ImpersonationLevel":"%%1833","RestrictedAdminMode":"-","RemoteCredentialGuard":"-","TargetOutboundUserName":"-","TargetOutboundDomainName":"-","VirtualAccount":"%%1843","TargetLinkedLogonId":"0x0","ElevatedToken":"%%1842"}
[10.78.233.207] {"timestamp":"2025-12-06 05:53:34","hostname":"HP-LAP704","channel":"Security","event_id":4672,"level":"Information","message":"Special privileges assigned to new logon.\r\n\r\nSubject:\r\n\tSecurity ID:\t\tS-1-5-18\r\n\tAccount Name:\t\tSYSTEM\r\n\tAccount Domain:\t\tNT AUTHORITY\r\n\tLogon ID:\t\t0x3E7\r\n\r\nPrivileges:\t\tSeAssignPrimaryTokenPrivilege\r\n\t\t\tSeTcbPrivilege\r\n\t\t\tSeSecurityPrivilege\r\n\t\t\tSeTakeOwnershipPrivilege\r\n\t\t\tSeLoadDriverPrivilege\r\n\t\t\tSeBackupPrivilege\r\n\t\t\tSeRestorePrivilege\r\n\t\t\tSeDebugPrivilege\r\n\t\t\tSeAuditPrivilege\r\n\t\t\tSeSystemEnvironmentPrivilege\r\n\t\t\tSeImpersonatePrivilege\r\n\t\t\tSeDelegateSessionUserImpersonatePrivilege","SubjectUserSid":"S-1-5-18","SubjectUserName":"SYSTEM","SubjectDomainName":"NT AUTHORITY","SubjectLogonId":"0x3e7","PrivilegeList":"SeAssignPrimaryTokenPrivilege\n\t\t\tSeTcbPrivilege\n\t\t\tSeSecurityPrivilege\n\t\t\tSeTakeOwnershipPrivilege\n\t\t\tSeLoadDriverPrivilege\n\t\t\tSeBackupPrivilege\n\t\t\tSeRestorePrivilege\n\t\t\tSeDebugPrivilege\n\t\t\tSeAuditPrivilege\n\t\t\tSeSystemEnvironmentPrivilege\n\t\t\tSeImpersonatePrivilege\n\t\t\tSeDelegateSessionUserImpersonatePrivilege"}
[10.78.233.207] {"timestamp":"2025-12-06 05:53:34","hostname":"HP-LAP704","channel":"Application","event_id":1041,"level":"Information","message":"Service ExpressVPNService received unsupported POWEREVENT control, which will not be handled."}
[10.78.233.207] {"timestamp":"2025-12-06 05:53:35","hostname":"HP-LAP704","channel":"System","event_id":1,"level":"Information","message":"The system has returned from a low power state.\r\n\r\nSleep Time: 2025-12-05T23:24:51.001392500Z\r\nWake Time: 2025-12-06T00:23:33.030334200Z\r\n\r\nWake Source: Device -ELAN Input Device","SleepTime":"2025-12-05T23:24:51.0013925Z","WakeTime":"2025-12-06T00:23:33.0303342Z","SleepDuration":"1169","WakeDuration":"9528","DriverInitDuration":"9364","BiosInitDuration":"1002","HiberWriteDuration":"0","HiberReadDuration":"0","HiberPagesWritten":"0","Attributes":"1912624140","TargetState":"4","EffectiveState":"4","WakeSourceType":"5","WakeSourceTextLength":"17","WakeSourceText":"ELAN Input Device","WakeTimerOwnerLength":"0","WakeTimerContextLength":"0","NoMultiStageResumeReason":"0","CheckpointDuration":"33"}
[10.78.233.207] {"timestamp":"2025-12-06 05:53:35","hostname":"HP-LAP704","channel":"System","event_id":102,"level":"Information","message":"Networking driver in C38C5654-6BA3-40D2-8784-0A4AA6C39407 is loaded and the protocol version is negotiated to the most recent version (Virtual machine ID C38C5654-6BA3-40D2-8784-0A4AA6C39407).","VMNameLen":"36","VMName":"C38C5654-6BA3-40D2-8784-0A4AA6C39407","VMIdLen":"36","VMId":"C38C5654-6BA3-40D2-8784-0A4AA6C39407"}
[10.78.233.207] {"timestamp":"2025-12-06 05:53:35","hostname":"HP-LAP704","channel":"Security","event_id":6416,"level":"Information","message":"A new external device was recognized by the system.\r\n\r\nSubject:\r\n\tSecurity ID:\t\tS-1-5-18\r\n\tAccount Name:\t\tHP-LAP704$\r\n\tAccount Domain:\t\tWORKGROUP\r\n\tLogon ID:\t\t0x3E7\r\n\r\nDevice ID:\tSWD\\MMDEVAPI\\{0.0.0.00000000}.{eb9121a8-dd8f-4ae7-ad77-3b86422297b9}\r\n\r\nDevice Name:\t1 - Smart M50D (AMD High Definition Audio Device)\r\n\r\nClass ID:\t\t{c166523c-fe0c-4a94-a586-f1a80cfbbf3e}\r\n\r\nClass Name:\tAudioEndpoint\r\n\r\nVendor IDs:\t\r\n\t\tMMDEVAPI\\AudioEndpoints\r\n\t\t\r\n\t\t\r\n\r\nCompatible IDs:\t\r\n\t\tGenericAudioEndpoint\r\n\t\tSWD\\GenericRaw\r\n\t\tSWD\\Generic\r\n\t\t\r\n\t\t\r\n\r\nLocation Information:\t-","SubjectUserSid":"S-1-5-18","SubjectUserName":"HP-LAP704$","SubjectDomainName":"WORKGROUP","SubjectLogonId":"0x3e7","DeviceId":"SWD\\MMDEVAPI\\{0.0.0.00000000}.{eb9121a8-dd8f-4ae7-ad77-3b86422297b9}","DeviceDescription":"1 - Smart M50D (AMD High Definition Audio Device)","ClassId":"{c166523c-fe0c-4a94-a586-f1a80cfbbf3e}","ClassName":"AudioEndpoint","VendorIds":"\n\t\tMMDEVAPI\\AudioEndpoints\n\t\t\n\t\t","CompatibleIds":"\n\t\tGenericAudioEndpoint\n\t\tSWD\\GenericRaw\n\t\tSWD\\Generic\n\t\t\n\t\t","LocationInformation":"-"}
[10.78.233.207] {"timestamp":"2025-12-06 05:53:35","hostname":"HP-LAP704","channel":"Security","event_id":5379,"level":"Information","message":"Credential Manager credentials were read.\r\n\r\nSubject:\r\n\tSecurity ID:\t\tS-1-5-21-64021822-3933034794-494143053-1009\r\n\tAccount Name:\t\tHarsh\r\n\tAccount Domain:\t\tHP-LAP704\r\n\tLogon ID:\t\t0xC46BD\r\n\tRead Operation:\t\tEnumerate Credentials\r\n\r\nThis event occurs when a user performs a read operation on stored credentials in Credential Manager.","SubjectUserSid":"S-1-5-21-64021822-3933034794-494143053-1009","SubjectUserName":"Harsh","SubjectDomainName":"HP-LAP704","SubjectLogonId":"0xc46bd","TargetName":"MicrosoftAccount:user=harshrajivjain@outlook.com","Type":"0","CountOfCredentialsReturned":"1","ReadOperation":"%%8100","ReturnCode":"0","ProcessCreationTime":"2025-12-06T00:23:34.6212400Z","ClientProcessId":"21512"}
[10.78.233.207] {"timestamp":"2025-12-06 05:53:35","hostname":"HP-LAP704","channel":"Security","event_id":5379,"level":"Information","message":"Credential Manager credentials were read.\r\n\r\nSubject:\r\n\tSecurity ID:\t\tS-1-5-21-64021822-3933034794-494143053-1009\r\n\tAccount Name:\t\tHarsh\r\n\tAccount Domain:\t\tHP-LAP704\r\n\tLogon ID:\t\t0xC46BD\r\n\tRead Operation:\t\tEnumerate Credentials\r\n\r\nThis event occurs when a user performs a read operation on stored credentials in Credential Manager.","SubjectUserSid":"S-1-5-21-64021822-3933034794-494143053-1009","SubjectUserName":"Harsh","SubjectDomainName":"HP-LAP704","SubjectLogonId":"0xc46bd","TargetName":"WindowsLive:(token):name=harshrajivjain@outlook.com;serviceuri=*","Type":"0","CountOfCredentialsReturned":"0","ReadOperation":"%%8100","ReturnCode":"3221226021","ProcessCreationTime":"2025-12-06T00:23:34.6212400Z","ClientProcessId":"21512"}
[10.78.233.207] {"timestamp":"2025-12-06 05:53:35","hostname":"HP-LAP704","channel":"Security","event_id":5379,"level":"Information","message":"Credential Manager credentials were read.\r\n\r\nSubject:\r\n\tSecurity ID:\t\tS-1-5-21-64021822-3933034794-494143053-1009\r\n\tAccount Name:\t\tHarsh\r\n\tAccount Domain:\t\tHP-LAP704\r\n\tLogon ID:\t\t0xC46BD\r\n\tRead Operation:\t\tEnumerate Credentials\r\n\r\nThis event occurs when a user performs a read operation on stored credentials in Credential Manager.","SubjectUserSid":"S-1-5-21-64021822-3933034794-494143053-1009","SubjectUserName":"Harsh","SubjectDomainName":"HP-LAP704","SubjectLogonId":"0xc46bd","TargetName":"WindowsLive:(cert):name=harshrajivjain@outlook.com;serviceuri=*","Type":"0","CountOfCredentialsReturned":"0","ReadOperation":"%%8100","ReturnCode":"3221226021","ProcessCreationTime":"2025-12-06T00:23:34.6212400Z","ClientProcessId":"21512"}
[10.78.233.207] {"timestamp":"2025-12-06 05:53:35","hostname":"HP-LAP704","channel":"System","event_id":291,"level":"Information","message":"RSC offload modified for NIC C38C5654-6BA3-40D2-8784-0A4AA6C39407--1A37E1A4-A84E-4EFA-BE89-02E52386CFF5 (Friendly Name: ) Previous IPv4: Enabled, Current IPv4: Enabled, Previous IPv6: Enabled, Current IPv6: Enabled. Reason: NIC connect","NicName":"C38C5654-6BA3-40D2-8784-0A4AA6C39407--1A37E1A4-A84E-4EFA-BE89-02E52386CFF5","OldNicIPv4RscEnabled":"1","OldNicIPv6RscEnabled":"1","NewNicIPv4RscEnabled":"1","NewNicIPv6RscEnabled":"1","RscStateModifiedReason":"7"}
[10.78.233.207] {"timestamp":"2025-12-06 05:53:35","hostname":"HP-LAP704","channel":"Security","event_id":5379,"level":"Information","message":"Credential Manager credentials were read.\r\n\r\nSubject:\r\n\tSecurity ID:\t\tS-1-5-18\r\n\tAccount Name:\t\tHP-LAP704$\r\n\tAccount Domain:\t\tWORKGROUP\r\n\tLogon ID:\t\t0x3E7\r\n\tRead Operation:\t\tEnumerate Credentials\r\n\r\nThis event occurs when a user performs a read operation on stored credentials in Credential Manager.","SubjectUserSid":"S-1-5-18","SubjectUserName":"HP-LAP704$","SubjectDomainName":"WORKGROUP","SubjectLogonId":"0x3e7","TargetName":"WindowsLive:(token):name=02slqhdbnrpqkreq;serviceuri=*","Type":"0","CountOfCredentialsReturned":"0","ReadOperation":"%%8100","ReturnCode":"3221226021","ProcessCreationTime":"2025-12-06T00:23:34.6212400Z","ClientProcessId":"21512"}
[10.78.233.207] {"timestamp":"2025-12-06 05:53:35","hostname":"HP-LAP704","channel":"System","event_id":291,"level":"Information","message":"RSC offload modified for NIC C38C5654-6BA3-40D2-8784-0A4AA6C39407--1A37E1A4-A84E-4EFA-BE89-02E52386CFF5 (Friendly Name: ) Previous IPv4: Enabled, Current IPv4: Enabled, Previous IPv6: Enabled, Current IPv6: Enabled. Reason: RSC OID","NicName":"C38C5654-6BA3-40D2-8784-0A4AA6C39407--1A37E1A4-A84E-4EFA-BE89-02E52386CFF5","OldNicIPv4RscEnabled":"1","OldNicIPv6RscEnabled":"1","NewNicIPv4RscEnabled":"1","NewNicIPv6RscEnabled":"1","RscStateModifiedReason":"6"}
[10.78.233.207] {"timestamp":"2025-12-06 05:53:35","hostname":"HP-LAP704","channel":"Security","event_id":5379,"level":"Information","message":"Credential Manager credentials were read.\r\n\r\nSubject:\r\n\tSecurity ID:\t\tS-1-5-18\r\n\tAccount Name:\t\tHP-LAP704$\r\n\tAccount Domain:\t\tWORKGROUP\r\n\tLogon ID:\t\t0x3E7\r\n\tRead Operation:\t\tEnumerate Credentials\r\n\r\nThis event occurs when a user performs a read operation on stored credentials in Credential Manager.","SubjectUserSid":"S-1-5-18","SubjectUserName":"HP-LAP704$","SubjectDomainName":"WORKGROUP","SubjectLogonId":"0x3e7","TargetName":"WindowsLive:(cert):name=02slqhdbnrpqkreq;serviceuri=*","Type":"0","CountOfCredentialsReturned":"0","ReadOperation":"%%8100","ReturnCode":"3221226021","ProcessCreationTime":"2025-12-06T00:23:34.6212400Z","ClientProcessId":"21512"}
[10.78.233.207] {"timestamp":"2025-12-06 05:53:35","hostname":"HP-LAP704","channel":"Security","event_id":5379,"level":"Information","message":"Credential Manager credentials were read.\r\n\r\nSubject:\r\n\tSecurity ID:\t\tS-1-5-18\r\n\tAccount Name:\t\tHP-LAP704$\r\n\tAccount Domain:\t\tWORKGROUP\r\n\tLogon ID:\t\t0x3E7\r\n\tRead Operation:\t\tEnumerate Credentials\r\n\r\nThis event occurs when a user performs a read operation on stored credentials in Credential Manager.","SubjectUserSid":"S-1-5-18","SubjectUserName":"HP-LAP704$","SubjectDomainName":"WORKGROUP","SubjectLogonId":"0x3e7","TargetName":"WindowsLive:target=virtualapp/didlogical","Type":"0","CountOfCredentialsReturned":"1","ReadOperation":"%%8100","ReturnCode":"0","ProcessCreationTime":"2025-12-06T00:23:34.6212400Z","ClientProcessId":"21512"}
[10.78.233.207] {"timestamp":"2025-12-06 05:53:35","hostname":"HP-LAP704","channel":"Security","event_id":5379,"level":"Information","message":"Credential Manager credentials were read.\r\n\r\nSubject:\r\n\tSecurity ID:\t\tS-1-5-21-64021822-3933034794-494143053-1009\r\n\tAccount Name:\t\tHarsh\r\n\tAccount Domain:\t\tHP-LAP704\r\n\tLogon ID:\t\t0xC46BD\r\n\tRead Operation:\t\tEnumerate Credentials\r\n\r\nThis event occurs when a user performs a read operation on stored credentials in Credential Manager.","SubjectUserSid":"S-1-5-21-64021822-3933034794-494143053-1009","SubjectUserName":"Harsh","SubjectDomainName":"HP-LAP704","SubjectLogonId":"0xc46bd","TargetName":"MicrosoftAccount:user=harshrajivjain@outlook.com","Type":"0","CountOfCredentialsReturned":"1","ReadOperation":"%%8100","ReturnCode":"0","ProcessCreationTime":"2025-12-06T00:23:34.6212400Z","ClientProcessId":"21512"}
[10.78.233.207] {"timestamp":"2025-12-06 05:53:35","hostname":"HP-LAP704","channel":"Security","event_id":5379,"level":"Information","message":"Credential Manager credentials were read.\r\n\r\nSubject:\r\n\tSecurity ID:\t\tS-1-5-21-64021822-3933034794-494143053-1009\r\n\tAccount Name:\t\tHarsh\r\n\tAccount Domain:\t\tHP-LAP704\r\n\tLogon ID:\t\t0xC46BD\r\n\tRead Operation:\t\tEnumerate Credentials\r\n\r\nThis event occurs when a user performs a read operation on stored credentials in Credential Manager.","SubjectUserSid":"S-1-5-21-64021822-3933034794-494143053-1009","SubjectUserName":"Harsh","SubjectDomainName":"HP-LAP704","SubjectLogonId":"0xc46bd","TargetName":"WindowsLive:(token):name=02yxcezppzmsplle;serviceuri=*","Type":"0","CountOfCredentialsReturned":"0","ReadOperation":"%%8100","ReturnCode":"3221226021","ProcessCreationTime":"2025-12-06T00:23:34.6212400Z","ClientProcessId":"21512"}
[10.78.233.207] {"timestamp":"2025-12-06 05:53:35","hostname":"HP-LAP704","channel":"Security","event_id":5379,"level":"Information","message":"Credential Manager credentials were read.\r\n\r\nSubject:\r\n\tSecurity ID:\t\tS-1-5-21-64021822-3933034794-494143053-1009\r\n\tAccount Name:\t\tHarsh\r\n\tAccount Domain:\t\tHP-LAP704\r\n\tLogon ID:\t\t0xC46BD\r\n\tRead Operation:\t\tEnumerate Credentials\r\n\r\nThis event occurs when a user performs a read operation on stored credentials in Credential Manager.","SubjectUserSid":"S-1-5-21-64021822-3933034794-494143053-1009","SubjectUserName":"Harsh","SubjectDomainName":"HP-LAP704","SubjectLogonId":"0xc46bd","TargetName":"WindowsLive:(cert):name=02yxcezppzmsplle;serviceuri=*","Type":"0","CountOfCredentialsReturned":"0","ReadOperation":"%%8100","ReturnCode":"3221226021","ProcessCreationTime":"2025-12-06T00:23:34.6212400Z","ClientProcessId":"21512"}
[10.78.233.207] {"timestamp":"2025-12-06 05:53:35","hostname":"HP-LAP704","channel":"Security","event_id":5379,"level":"Information","message":"Credential Manager credentials were read.\r\n\r\nSubject:\r\n\tSecurity ID:\t\tS-1-5-21-64021822-3933034794-494143053-1009\r\n\tAccount Name:\t\tHarsh\r\n\tAccount Domain:\t\tHP-LAP704\r\n\tLogon ID:\t\t0xC46BD\r\n\tRead Operation:\t\tEnumerate Credentials\r\n\r\nThis event occurs when a user performs a read operation on stored credentials in Credential Manager.","SubjectUserSid":"S-1-5-21-64021822-3933034794-494143053-1009","SubjectUserName":"Harsh","SubjectDomainName":"HP-LAP704","SubjectLogonId":"0xc46bd","TargetName":"WindowsLive:target=virtualapp/didlogical","Type":"0","CountOfCredentialsReturned":"1","ReadOperation":"%%8100","ReturnCode":"0","ProcessCreationTime":"2025-12-06T00:23:34.6212400Z","ClientProcessId":"21512"}
[10.78.233.207] {"timestamp":"2025-12-06 05:53:35","hostname":"HP-LAP704","channel":"Security","event_id":5379,"level":"Information","message":"Credential Manager credentials were read.\r\n\r\nSubject:\r\n\tSecurity ID:\t\tS-1-5-21-64021822-3933034794-494143053-1009\r\n\tAccount Name:\t\tHarsh\r\n\tAccount Domain:\t\tHP-LAP704\r\n\tLogon ID:\t\t0xC46BD\r\n\tRead Operation:\t\tEnumerate Credentials\r\n\r\nThis event occurs when a user performs a read operation on stored credentials in Credential Manager.","SubjectUserSid":"S-1-5-21-64021822-3933034794-494143053-1009","SubjectUserName":"Harsh","SubjectDomainName":"HP-LAP704","SubjectLogonId":"0xc46bd","TargetName":"MicrosoftAccount:user=harshrajivjain@outlook.com","Type":"0","CountOfCredentialsReturned":"1","ReadOperation":"%%8100","ReturnCode":"0","ProcessCreationTime":"2025-12-06T00:23:34.6212400Z","ClientProcessId":"21512"}
[10.78.233.207] {"timestamp":"2025-12-06 05:53:35","hostname":"HP-LAP704","channel":"Security","event_id":5379,"level":"Information","message":"Credential Manager credentials were read.\r\n\r\nSubject:\r\n\tSecurity ID:\t\tS-1-5-21-64021822-3933034794-494143053-1009\r\n\tAccount Name:\t\tHarsh\r\n\tAccount Domain:\t\tHP-LAP704\r\n\tLogon ID:\t\t0xC46BD\r\n\tRead Operation:\t\tEnumerate Credentials\r\n\r\nThis event occurs when a user performs a read operation on stored credentials in Credential Manager.","SubjectUserSid":"S-1-5-21-64021822-3933034794-494143053-1009","SubjectUserName":"Harsh","SubjectDomainName":"HP-LAP704","SubjectLogonId":"0xc46bd","TargetName":"WindowsLive:(token):name=harshrajivjain@outlook.com;serviceuri=*","Type":"0","CountOfCredentialsReturned":"0","ReadOperation":"%%8100","ReturnCode":"3221226021","ProcessCreationTime":"2025-12-06T00:23:34.6212400Z","ClientProcessId":"21512"}
[10.78.233.207] {"timestamp":"2025-12-06 05:53:35","hostname":"HP-LAP704","channel":"Security","event_id":5379,"level":"Information","message":"Credential Manager credentials were read.\r\n\r\nSubject:\r\n\tSecurity ID:\t\tS-1-5-21-64021822-3933034794-494143053-1009\r\n\tAccount Name:\t\tHarsh\r\n\tAccount Domain:\t\tHP-LAP704\r\n\tLogon ID:\t\t0xC46BD\r\n\tRead Operation:\t\tEnumerate Credentials\r\n\r\nThis event occurs when a user performs a read operation on stored credentials in Credential Manager.","SubjectUserSid":"S-1-5-21-64021822-3933034794-494143053-1009","SubjectUserName":"Harsh","SubjectDomainName":"HP-LAP704","SubjectLogonId":"0xc46bd","TargetName":"WindowsLive:(cert):name=harshrajivjain@outlook.com;serviceuri=*","Type":"0","CountOfCredentialsReturned":"0","ReadOperation":"%%8100","ReturnCode":"3221226021","ProcessCreationTime":"2025-12-06T00:23:34.6212400Z","ClientProcessId":"21512"}
[10.78.233.207] {"timestamp":"2025-12-06 05:53:36","hostname":"HP-LAP704","channel":"Security","event_id":5379,"level":"Information","message":"Credential Manager credentials were read.\r\n\r\nSubject:\r\n\tSecurity ID:\t\tS-1-5-21-64021822-3933034794-494143053-1009\r\n\tAccount Name:\t\tHarsh\r\n\tAccount Domain:\t\tHP-LAP704\r\n\tLogon ID:\t\t0xC46BD\r\n\tRead Operation:\t\tEnumerate Credentials\r\n\r\nThis event occurs when a user performs a read operation on stored credentials in Credential Manager.","SubjectUserSid":"S-1-5-21-64021822-3933034794-494143053-1009","SubjectUserName":"Harsh","SubjectDomainName":"HP-LAP704","SubjectLogonId":"0xc46bd","TargetName":"MicrosoftAccount:user=navkarmetal111@outlook.com","Type":"0","CountOfCredentialsReturned":"1","ReadOperation":"%%8100","ReturnCode":"0","ProcessCreationTime":"2025-12-06T00:23:34.6212400Z","ClientProcessId":"21512"}
[10.78.233.207] {"timestamp":"2025-12-06 05:53:36","hostname":"HP-LAP704","channel":"Security","event_id":5379,"level":"Information","message":"Credential Manager credentials were read.\r\n\r\nSubject:\r\n\tSecurity ID:\t\tS-1-5-21-64021822-3933034794-494143053-1009\r\n\tAccount Name:\t\tHarsh\r\n\tAccount Domain:\t\tHP-LAP704\r\n\tLogon ID:\t\t0xC46BD\r\n\tRead Operation:\t\tEnumerate Credentials\r\n\r\nThis event occurs when a user performs a read operation on stored credentials in Credential Manager.","SubjectUserSid":"S-1-5-21-64021822-3933034794-494143053-1009","SubjectUserName":"Harsh","SubjectDomainName":"HP-LAP704","SubjectLogonId":"0xc46bd","TargetName":"WindowsLive:(token):name=navkarmetal111@outlook.com;serviceuri=*","Type":"0","CountOfCredentialsReturned":"0","ReadOperation":"%%8100","ReturnCode":"3221226021","ProcessCreationTime":"2025-12-06T00:23:34.6212400Z","ClientProcessId":"21512"}
[10.78.233.207] {"timestamp":"2025-12-06 05:53:36","hostname":"HP-LAP704","channel":"Security","event_id":5379,"level":"Information","message":"Credential Manager credentials were read.\r\n\r\nSubject:\r\n\tSecurity ID:\t\tS-1-5-21-64021822-3933034794-494143053-1009\r\n\tAccount Name:\t\tHarsh\r\n\tAccount Domain:\t\tHP-LAP704\r\n\tLogon ID:\t\t0xC46BD\r\n\tRead Operation:\t\tEnumerate Credentials\r\n\r\nThis event occurs when a user performs a read operation on stored credentials in Credential Manager.","SubjectUserSid":"S-1-5-21-64021822-3933034794-494143053-1009","SubjectUserName":"Harsh","SubjectDomainName":"HP-LAP704","SubjectLogonId":"0xc46bd","TargetName":"WindowsLive:(cert):name=navkarmetal111@outlook.com;serviceuri=*","Type":"0","CountOfCredentialsReturned":"0","ReadOperation":"%%8100","ReturnCode":"3221226021","ProcessCreationTime":"2025-12-06T00:23:34.6212400Z","ClientProcessId":"21512"}
[10.78.233.207] {"timestamp":"2025-12-06 05:53:36","hostname":"HP-LAP704","channel":"Security","event_id":4798,"level":"Information","message":"A user\u0027s local group membership was enumerated.\r\n\r\nSubject:\r\n\tSecurity ID:\t\tS-1-5-21-64021822-3933034794-494143053-1009\r\n\tAccount Name:\t\tHarsh\r\n\tAccount Domain:\t\tHP-LAP704\r\n\tLogon ID:\t\t0xC46BD\r\n\r\nUser:\r\n\tSecurity ID:\t\tS-1-5-21-64021822-3933034794-494143053-1009\r\n\tAccount Name:\t\tHarsh\r\n\tAccount Domain:\t\tHP-LAP704\r\n\r\nProcess Information:\r\n\tProcess ID:\t\t0x28e0\r\n\tProcess Name:\t\tC:\\Windows\\explorer.exe","TargetUserName":"Harsh","TargetDomainName":"HP-LAP704","TargetSid":"S-1-5-21-64021822-3933034794-494143053-1009","SubjectUserSid":"S-1-5-21-64021822-3933034794-494143053-1009","SubjectUserName":"Harsh","SubjectDomainName":"HP-LAP704","SubjectLogonId":"0xc46bd","CallerProcessId":"0x28e0","CallerProcessName":"C:\\Windows\\explorer.exe"}
[10.78.233.207] {"timestamp":"2025-12-06 05:53:36","hostname":"HP-LAP704","channel":"Security","event_id":5379,"level":"Information","message":"Credential Manager credentials were read.\r\n\r\nSubject:\r\n\tSecurity ID:\t\tS-1-5-21-64021822-3933034794-494143053-1009\r\n\tAccount Name:\t\tHarsh\r\n\tAccount Domain:\t\tHP-LAP704\r\n\tLogon ID:\t\t0xC46BD\r\n\tRead Operation:\t\tEnumerate Credentials\r\n\r\nThis event occurs when a user performs a read operation on stored credentials in Credential Manager.","SubjectUserSid":"S-1-5-21-64021822-3933034794-494143053-1009","SubjectUserName":"Harsh","SubjectDomainName":"HP-LAP704","SubjectLogonId":"0xc46bd","TargetName":"MicrosoftAccount:user=navkarmetal111@outlook.com","Type":"0","CountOfCredentialsReturned":"1","ReadOperation":"%%8100","ReturnCode":"0","ProcessCreationTime":"2025-12-06T00:23:34.6212400Z","ClientProcessId":"21512"}
[10.78.233.207] {"timestamp":"2025-12-06 05:53:36","hostname":"HP-LAP704","channel":"Security","event_id":5379,"level":"Information","message":"Credential Manager credentials were read.\r\n\r\nSubject:\r\n\tSecurity ID:\t\tS-1-5-21-64021822-3933034794-494143053-1009\r\n\tAccount Name:\t\tHarsh\r\n\tAccount Domain:\t\tHP-LAP704\r\n\tLogon ID:\t\t0xC46BD\r\n\tRead Operation:\t\tEnumerate Credentials\r\n\r\nThis event occurs when a user performs a read operation on stored credentials in Credential Manager.","SubjectUserSid":"S-1-5-21-64021822-3933034794-494143053-1009","SubjectUserName":"Harsh","SubjectDomainName":"HP-LAP704","SubjectLogonId":"0xc46bd","TargetName":"MicrosoftAccount:user=harshrajivjain@outlook.com","Type":"0","CountOfCredentialsReturned":"1","ReadOperation":"%%8100","ReturnCode":"0","ProcessCreationTime":"2025-12-06T00:23:34.6212400Z","ClientProcessId":"21512"}
[10.78.233.207] {"timestamp":"2025-12-06 05:53:36","hostname":"HP-LAP704","channel":"Security","event_id":5379,"level":"Information","message":"Credential Manager credentials were read.\r\n\r\nSubject:\r\n\tSecurity ID:\t\tS-1-5-21-64021822-3933034794-494143053-1009\r\n\tAccount Name:\t\tHarsh\r\n\tAccount Domain:\t\tHP-LAP704\r\n\tLogon ID:\t\t0xC46BD\r\n\tRead Operation:\t\tEnumerate Credentials\r\n\r\nThis event occurs when a user performs a read operation on stored credentials in Credential Manager.","SubjectUserSid":"S-1-5-21-64021822-3933034794-494143053-1009","SubjectUserName":"Harsh","SubjectDomainName":"HP-LAP704","SubjectLogonId":"0xc46bd","TargetName":"MicrosoftAccount:user=navkarmetal111@outlook.com","Type":"0","CountOfCredentialsReturned":"1","ReadOperation":"%%8100","ReturnCode":"0","ProcessCreationTime":"2025-12-06T00:23:34.6212400Z","ClientProcessId":"21512"}
[10.78.233.207] {"timestamp":"2025-12-06 05:53:37","hostname":"HP-LAP704","channel":"Security","event_id":6416,"level":"Information","message":"A new external device was recognized by the system.\r\n\r\nSubject:\r\n\tSecurity ID:\t\tS-1-5-18\r\n\tAccount Name:\t\tHP-LAP704$\r\n\tAccount Domain:\t\tWORKGROUP\r\n\tLogon ID:\t\t0x3E7\r\n\r\nDevice ID:\tHID\\{00001812-0000-1000-8000-00805f9b34fb}_Dev_VID\u00260232c2_PID\u00266621_REV\u00260001_e34b80a8c485\u0026Col03\\b\u002623182c85\u00260\u00260002\r\n\r\nDevice Name:\tHID-compliant consumer control device\r\n\r\nClass ID:\t\t{745a17a0-74d3-11d0-b6fe-00a0c90f57da}\r\n\r\nClass Name:\tHIDClass\r\n\r\nVendor IDs:\t\r\n\t\tHID\\{00001812-0000-1000-8000-00805f9b34fb}_Dev_VID\u00260232c2_PID\u00266621_REV\u00260001\u0026Col03\r\n\t\tHID\\{00001812-0000-1000-8000-00805f9b34fb}_Dev_VID\u00260232c2_PID\u00266621\u0026Col03\r\n\t\tHID\\{00001812-0000-1000-8000-00805f9b34fb}_LOCALMFG\u0026005d\u0026Col03\r\n\t\tHID\\VID_32C2\u0026UP:000C_U:0001\r\n\t\tHID_DEVICE_SYSTEM_CONSUMER\r\n\t\tHID_DEVICE_UP:000C_U:0001\r\n\t\tHID_DEVICE\r\n\t\t\r\n\t\t\r\n\r\nCompatible IDs:\t\r\n\t\t\r\n\t\t\r\n\r\nLocation Information:\t-","SubjectUserSid":"S-1-5-18","SubjectUserName":"HP-LAP704$","SubjectDomainName":"WORKGROUP","SubjectLogonId":"0x3e7","DeviceId":"HID\\{00001812-0000-1000-8000-00805f9b34fb}_Dev_VID\u00260232c2_PID\u00266621_REV\u00260001_e34b80a8c485\u0026Col03\\b\u002623182c85\u00260\u00260002","DeviceDescription":"HID-compliant consumer control device","ClassId":"{745a17a0-74d3-11d0-b6fe-00a0c90f57da}","ClassName":"HIDClass","VendorIds":"\n\t\tHID\\{00001812-0000-1000-8000-00805f9b34fb}_Dev_VID\u00260232c2_PID\u00266621_REV\u00260001\u0026Col03\n\t\tHID\\{00001812-0000-1000-8000-00805f9b34fb}_Dev_VID\u00260232c2_PID\u00266621\u0026Col03\n\t\tHID\\{00001812-0000-1000-8000-00805f9b34fb}_LOCALMFG\u0026005d\u0026Col03\n\t\tHID\\VID_32C2\u0026UP:000C_U:0001\n\t\tHID_DEVICE_SYSTEM_CONSUMER\n\t\tHID_DEVICE_UP:000C_U:0001\n\t\tHID_DEVICE\n\t\t\n\t\t","LocationInformation":"-"}
[10.78.233.207] {"timestamp":"2025-12-06 05:53:37","hostname":"HP-LAP704","channel":"Security","event_id":6416,"level":"Information","message":"A new external device was recognized by the system.\r\n\r\nSubject:\r\n\tSecurity ID:\t\tS-1-5-18\r\n\tAccount Name:\t\tHP-LAP704$\r\n\tAccount Domain:\t\tWORKGROUP\r\n\tLogon ID:\t\t0x3E7\r\n\r\nDevice ID:\tHID\\{00001812-0000-1000-8000-00805f9b34fb}_Dev_VID\u00260232c2_PID\u00266621_REV\u00260001_e34b80a8c485\u0026Col04\\b\u002623182c85\u00260\u00260003\r\n\r\nDevice Name:\tHID-compliant system controller\r\n\r\nClass ID:\t\t{745a17a0-74d3-11d0-b6fe-00a0c90f57da}\r\n\r\nClass Name:\tHIDClass\r\n\r\nVendor IDs:\t\r\n\t\tHID\\{00001812-0000-1000-8000-00805f9b34fb}_Dev_VID\u00260232c2_PID\u00266621_REV\u00260001\u0026Col04\r\n\t\tHID\\{00001812-0000-1000-8000-00805f9b34fb}_Dev_VID\u00260232c2_PID\u00266621\u0026Col04\r\n\t\tHID\\{00001812-0000-1000-8000-00805f9b34fb}_LOCALMFG\u0026005d\u0026Col04\r\n\t\tHID\\VID_32C2\u0026UP:0001_U:0080\r\n\t\tHID_DEVICE_SYSTEM_CONTROL\r\n\t\tHID_DEVICE_UP:0001_U:0080\r\n\t\tHID_DEVICE\r\n\t\t\r\n\t\t\r\n\r\nCompatible IDs:\t\r\n\t\t\r\n\t\t\r\n\r\nLocation Information:\t-","SubjectUserSid":"S-1-5-18","SubjectUserName":"HP-LAP704$","SubjectDomainName":"WORKGROUP","SubjectLogonId":"0x3e7","DeviceId":"HID\\{00001812-0000-1000-8000-00805f9b34fb}_Dev_VID\u00260232c2_PID\u00266621_REV\u00260001_e34b80a8c485\u0026Col04\\b\u002623182c85\u00260\u00260003","DeviceDescription":"HID-compliant system controller","ClassId":"{745a17a0-74d3-11d0-b6fe-00a0c90f57da}","ClassName":"HIDClass","VendorIds":"\n\t\tHID\\{00001812-0000-1000-8000-00805f9b34fb}_Dev_VID\u00260232c2_PID\u00266621_REV\u00260001\u0026Col04\n\t\tHID\\{00001812-0000-1000-8000-00805f9b34fb}_Dev_VID\u00260232c2_PID\u00266621\u0026Col04\n\t\tHID\\{00001812-0000-1000-8000-00805f9b34fb}_LOCALMFG\u0026005d\u0026Col04\n\t\tHID\\VID_32C2\u0026UP:0001_U:0080\n\t\tHID_DEVICE_SYSTEM_CONTROL\n\t\tHID_DEVICE_UP:0001_U:0080\n\t\tHID_DEVICE\n\t\t\n\t\t","LocationInformation":"-"}
[10.78.233.207] {"timestamp":"2025-12-06 05:53:37","hostname":"HP-LAP704","channel":"Security","event_id":6416,"level":"Information","message":"A new external device was recognized by the system.\r\n\r\nSubject:\r\n\tSecurity ID:\t\tS-1-5-18\r\n\tAccount Name:\t\tHP-LAP704$\r\n\tAccount Domain:\t\tWORKGROUP\r\n\tLogon ID:\t\t0x3E7\r\n\r\nDevice ID:\tHID\\{00001812-0000-1000-8000-00805f9b34fb}_Dev_VID\u00260232c2_PID\u00266621_REV\u00260001_e34b80a8c485\u0026Col01\\b\u002623182c85\u00260\u00260000\r\n\r\nDevice Name:\tHID-compliant mouse\r\n\r\nClass ID:\t\t{4d36e96f-e325-11ce-bfc1-08002be10318}\r\n\r\nClass Name:\tMouse\r\n\r\nVendor IDs:\t\r\n\t\tHID\\{00001812-0000-1000-8000-00805f9b34fb}_Dev_VID\u00260232c2_PID\u00266621_REV\u00260001\u0026Col01\r\n\t\tHID\\{00001812-0000-1000-8000-00805f9b34fb}_Dev_VID\u00260232c2_PID\u00266621\u0026Col01\r\n\t\tHID\\{00001812-0000-1000-8000-00805f9b34fb}_LOCALMFG\u0026005d\u0026Col01\r\n\t\tHID\\VID_32C2\u0026UP:0001_U:0002\r\n\t\tHID_DEVICE_SYSTEM_MOUSE\r\n\t\tHID_DEVICE_UP:0001_U:0002\r\n\t\tHID_DEVICE\r\n\t\t\r\n\t\t\r\n\r\nCompatible IDs:\t\r\n\t\t\r\n\t\t\r\n\r\nLocation Information:\t-","SubjectUserSid":"S-1-5-18","SubjectUserName":"HP-LAP704$","SubjectDomainName":"WORKGROUP","SubjectLogonId":"0x3e7","DeviceId":"HID\\{00001812-0000-1000-8000-00805f9b34fb}_Dev_VID\u00260232c2_PID\u00266621_REV\u00260001_e34b80a8c485\u0026Col01\\b\u002623182c85\u00260\u00260000","DeviceDescription":"HID-compliant mouse","ClassId":"{4d36e96f-e325-11ce-bfc1-08002be10318}","ClassName":"Mouse","VendorIds":"\n\t\tHID\\{00001812-0000-1000-8000-00805f9b34fb}_Dev_VID\u00260232c2_PID\u00266621_REV\u00260001\u0026Col01\n\t\tHID\\{00001812-0000-1000-8000-00805f9b34fb}_Dev_VID\u00260232c2_PID\u00266621\u0026Col01\n\t\tHID\\{00001812-0000-1000-8000-00805f9b34fb}_LOCALMFG\u0026005d\u0026Col01\n\t\tHID\\VID_32C2\u0026UP:0001_U:0002\n\t\tHID_DEVICE_SYSTEM_MOUSE\n\t\tHID_DEVICE_UP:0001_U:0002\n\t\tHID_DEVICE\n\t\t\n\t\t","LocationInformation":"-"}
