[192.168.137.247] {"timestamp":"2025-12-07 20:08:07","hostname":"HP-LAP704","channel":"Security","event_id":4799,"level":"Information","message":"A security-enabled local group membership was enumerated.\r\n\r\nSubject:\r\n\tSecurity ID:\t\tS-1-5-21-64021822-3933034794-494143053-1009\r\n\tAccount Name:\t\tHarsh\r\n\tAccount Domain:\t\tHP-LAP704\r\n\tLogon ID:\t\t0x516885\r\n\r\nGroup:\r\n\tSecurity ID:\t\tS-1-5-32-544\r\n\tGroup Name:\t\tAdministrators\r\n\tGroup Domain:\t\tBuiltin\r\n\r\nProcess Information:\r\n\tProcess ID:\t\t0x19b4\r\n\tProcess Name:\t\tC:\\Windows\\System32\\taskhostw.exe","TargetUserName":"Administrators","TargetDomainName":"Builtin","TargetSid":"S-1-5-32-544","SubjectUserSid":"S-1-5-21-64021822-3933034794-494143053-1009","SubjectUserName":"Harsh","SubjectDomainName":"HP-LAP704","SubjectLogonId":"0x516885","CallerProcessId":"0x19b4","CallerProcessName":"C:\\Windows\\System32\\taskhostw.exe"}
[192.168.137.247] {"timestamp":"2025-12-07 20:08:07","hostname":"HP-LAP704","channel":"Security","event_id":4799,"level":"Information","message":"A security-enabled local group membership was enumerated.\r\n\r\nSubject:\r\n\tSecurity ID:\t\tS-1-5-21-64021822-3933034794-494143053-1009\r\n\tAccount Name:\t\tHarsh\r\n\tAccount Domain:\t\tHP-LAP704\r\n\tLogon ID:\t\t0x516885\r\n\r\nGroup:\r\n\tSecurity ID:\t\tS-1-5-32-544\r\n\tGroup Name:\t\tAdministrators\r\n\tGroup Domain:\t\tBuiltin\r\n\r\nProcess Information:\r\n\tProcess ID:\t\t0x19b4\r\n\tProcess Name:\t\tC:\\Windows\\System32\\taskhostw.exe","TargetUserName":"Administrators","TargetDomainName":"Builtin","TargetSid":"S-1-5-32-544","SubjectUserSid":"S-1-5-21-64021822-3933034794-494143053-1009","SubjectUserName":"Harsh","SubjectDomainName":"HP-LAP704","SubjectLogonId":"0x516885","CallerProcessId":"0x19b4","CallerProcessName":"C:\\Windows\\System32\\taskhostw.exe"}
[192.168.137.247] {"timestamp":"2025-12-07 20:08:07","hostname":"HP-LAP704","channel":"Security","event_id":4799,"level":"Information","message":"A security-enabled local group membership was enumerated.\r\n\r\nSubject:\r\n\tSecurity ID:\t\tS-1-5-21-64021822-3933034794-494143053-1009\r\n\tAccount Name:\t\tHarsh\r\n\tAccount Domain:\t\tHP-LAP704\r\n\tLogon ID:\t\t0x516885\r\n\r\nGroup:\r\n\tSecurity ID:\t\tS-1-5-32-544\r\n\tGroup Name:\t\tAdministrators\r\n\tGroup Domain:\t\tBuiltin\r\n\r\nProcess Information:\r\n\tProcess ID:\t\t0x19b4\r\n\tProcess Name:\t\tC:\\Windows\\System32\\taskhostw.exe","TargetUserName":"Administrators","TargetDomainName":"Builtin","TargetSid":"S-1-5-32-544","SubjectUserSid":"S-1-5-21-64021822-3933034794-494143053-1009","SubjectUserName":"Harsh","SubjectDomainName":"HP-LAP704","SubjectLogonId":"0x516885","CallerProcessId":"0x19b4","CallerProcessName":"C:\\Windows\\System32\\taskhostw.exe"}
[192.168.137.247] {"timestamp":"2025-12-07 20:08:07","hostname":"HP-LAP704","channel":"Security","event_id":4799,"level":"Information","message":"A security-enabled local group membership was enumerated.\r\n\r\nSubject:\r\n\tSecurity ID:\t\tS-1-5-21-64021822-3933034794-494143053-1009\r\n\tAccount Name:\t\tHarsh\r\n\tAccount Domain:\t\tHP-LAP704\r\n\tLogon ID:\t\t0x516885\r\n\r\nGroup:\r\n\tSecurity ID:\t\tS-1-5-32-544\r\n\tGroup Name:\t\tAdministrators\r\n\tGroup Domain:\t\tBuiltin\r\n\r\nProcess Information:\r\n\tProcess ID:\t\t0x19b4\r\n\tProcess Name:\t\tC:\\Windows\\System32\\taskhostw.exe","TargetUserName":"Administrators","TargetDomainName":"Builtin","TargetSid":"S-1-5-32-544","SubjectUserSid":"S-1-5-21-64021822-3933034794-494143053-1009","SubjectUserName":"Harsh","SubjectDomainName":"HP-LAP704","SubjectLogonId":"0x516885","CallerProcessId":"0x19b4","CallerProcessName":"C:\\Windows\\System32\\taskhostw.exe"}
[192.168.137.247] {"timestamp":"2025-12-07 20:08:07","hostname":"HP-LAP704","channel":"Security","event_id":4799,"level":"Information","message":"A security-enabled local group membership was enumerated.\r\n\r\nSubject:\r\n\tSecurity ID:\t\tS-1-5-21-64021822-3933034794-494143053-1009\r\n\tAccount Name:\t\tHarsh\r\n\tAccount Domain:\t\tHP-LAP704\r\n\tLogon ID:\t\t0x516885\r\n\r\nGroup:\r\n\tSecurity ID:\t\tS-1-5-32-544\r\n\tGroup Name:\t\tAdministrators\r\n\tGroup Domain:\t\tBuiltin\r\n\r\nProcess Information:\r\n\tProcess ID:\t\t0x19b4\r\n\tProcess Name:\t\tC:\\Windows\\System32\\taskhostw.exe","TargetUserName":"Administrators","TargetDomainName":"Builtin","TargetSid":"S-1-5-32-544","SubjectUserSid":"S-1-5-21-64021822-3933034794-494143053-1009","SubjectUserName":"Harsh","SubjectDomainName":"HP-LAP704","SubjectLogonId":"0x516885","CallerProcessId":"0x19b4","CallerProcessName":"C:\\Windows\\System32\\taskhostw.exe"}
[192.168.137.247] {"timestamp":"2025-12-07 20:08:07","hostname":"HP-LAP704","channel":"Security","event_id":4799,"level":"Information","message":"A security-enabled local group membership was enumerated.\r\n\r\nSubject:\r\n\tSecurity ID:\t\tS-1-5-21-64021822-3933034794-494143053-1009\r\n\tAccount Name:\t\tHarsh\r\n\tAccount Domain:\t\tHP-LAP704\r\n\tLogon ID:\t\t0x516885\r\n\r\nGroup:\r\n\tSecurity ID:\t\tS-1-5-32-544\r\n\tGroup Name:\t\tAdministrators\r\n\tGroup Domain:\t\tBuiltin\r\n\r\nProcess Information:\r\n\tProcess ID:\t\t0x19b4\r\n\tProcess Name:\t\tC:\\Windows\\System32\\taskhostw.exe","TargetUserName":"Administrators","TargetDomainName":"Builtin","TargetSid":"S-1-5-32-544","SubjectUserSid":"S-1-5-21-64021822-3933034794-494143053-1009","SubjectUserName":"Harsh","SubjectDomainName":"HP-LAP704","SubjectLogonId":"0x516885","CallerProcessId":"0x19b4","CallerProcessName":"C:\\Windows\\System32\\taskhostw.exe"}
[192.168.137.247] {"timestamp":"2025-12-07 20:08:07","hostname":"HP-LAP704","channel":"Security","event_id":4799,"level":"Information","message":"A security-enabled local group membership was enumerated.\r\n\r\nSubject:\r\n\tSecurity ID:\t\tS-1-5-21-64021822-3933034794-494143053-1009\r\n\tAccount Name:\t\tHarsh\r\n\tAccount Domain:\t\tHP-LAP704\r\n\tLogon ID:\t\t0x516885\r\n\r\nGroup:\r\n\tSecurity ID:\t\tS-1-5-32-544\r\n\tGroup Name:\t\tAdministrators\r\n\tGroup Domain:\t\tBuiltin\r\n\r\nProcess Information:\r\n\tProcess ID:\t\t0x19b4\r\n\tProcess Name:\t\tC:\\Windows\\System32\\taskhostw.exe","TargetUserName":"Administrators","TargetDomainName":"Builtin","TargetSid":"S-1-5-32-544","SubjectUserSid":"S-1-5-21-64021822-3933034794-494143053-1009","SubjectUserName":"Harsh","SubjectDomainName":"HP-LAP704","SubjectLogonId":"0x516885","CallerProcessId":"0x19b4","CallerProcessName":"C:\\Windows\\System32\\taskhostw.exe"}
[192.168.137.247] <30>Dec  7 20:10:49 Hp-lap704 systemd[1]: Stopping System Logging Service...
[192.168.137.247] <46>Dec  7 20:10:49 Hp-lap704 rsyslogd: [origin software="rsyslogd" swVersion="8.2112.0" x-pid="606" x-info="https://www.rsyslog.com"] exiting on signal 15.
[192.168.137.247] <30>Dec  7 20:10:51 Hp-lap704 systemd[1]: rsyslog.service: Deactivated successfully.
[192.168.137.247] <30>Dec  7 20:10:51 Hp-lap704 systemd[1]: Stopped System Logging Service.
[192.168.137.247] <30>Dec  7 20:10:51 Hp-lap704 systemd[1]: Starting System Logging Service...
[192.168.137.247] <46>Dec  7 20:10:51 Hp-lap704 rsyslogd: imuxsock: Acquired UNIX socket '/run/systemd/journal/syslog' (fd 3) from systemd.  [v8.2112.0]
[192.168.137.247] <30>Dec  7 20:10:51 Hp-lap704 systemd[1]: Started System Logging Service.
[192.168.137.247] <46>Dec  7 20:10:51 Hp-lap704 rsyslogd: rsyslogd's groupid changed to 111
[192.168.137.247] <46>Dec  7 20:10:51 Hp-lap704 rsyslogd: rsyslogd's userid changed to 104
[192.168.137.247] <46>Dec  7 20:10:51 Hp-lap704 rsyslogd: [origin software="rsyslogd" swVersion="8.2112.0" x-pid="628" x-info="https://www.rsyslog.com"] start
[192.168.137.247] <86>Dec  7 20:10:51 Hp-lap704 sudo: pam_unix(sudo:session): session closed for user root
[192.168.137.247] <30>Dec  7 20:10:59 Hp-lap704 systemd-resolved[182]: Clock change detected. Flushing caches.
[192.168.137.247] <85>Dec  7 20:11:14 Hp-lap704 sudo: dark-knight499 : TTY=pts/0 ; PWD=/mnt/c/Users/Harsh/_codes_/sih/sih_take4 ; USER=root ; COMMAND=/usr/sbin/service rsyslog restart
[192.168.137.247] <86>Dec  7 20:11:14 Hp-lap704 sudo: pam_unix(sudo:session): session opened for user root(uid=0) by (uid=1000)
[192.168.137.247] <30>Dec  7 20:11:14 Hp-lap704 systemd[1]: Stopping System Logging Service...
[192.168.137.247] <46>Dec  7 20:11:14 Hp-lap704 rsyslogd: [origin software="rsyslogd" swVersion="8.2112.0" x-pid="628" x-info="https://www.rsyslog.com"] exiting on signal 15.
[192.168.137.247] <30>Dec  7 20:11:14 Hp-lap704 systemd[1]: rsyslog.service: Deactivated successfully.
[192.168.137.247] <30>Dec  7 20:11:14 Hp-lap704 systemd[1]: Stopped System Logging Service.
[192.168.137.247] <30>Dec  7 20:11:14 Hp-lap704 systemd[1]: Starting System Logging Service...
[192.168.137.247] <46>Dec  7 20:11:14 Hp-lap704 rsyslogd: imuxsock: Acquired UNIX socket '/run/systemd/journal/syslog' (fd 3) from systemd.  [v8.2112.0]
[192.168.137.247] <46>Dec  7 20:11:14 Hp-lap704 rsyslogd: rsyslogd's groupid changed to 111
[192.168.137.247] <30>Dec  7 20:11:14 Hp-lap704 systemd[1]: Started System Logging Service.
[192.168.137.247] <46>Dec  7 20:11:14 Hp-lap704 rsyslogd: rsyslogd's userid changed to 104
[192.168.137.247] <46>Dec  7 20:11:14 Hp-lap704 rsyslogd: [origin software="rsyslogd" swVersion="8.2112.0" x-pid="639" x-info="https://www.rsyslog.com"] start
[192.168.137.247] <86>Dec  7 20:11:14 Hp-lap704 sudo: pam_unix(sudo:session): session closed for user root
[192.168.137.247] <13>Dec  7 20:11:16 Hp-lap704 dark-knight499: test test
[192.168.137.247] <30>Dec  7 20:11:34 Hp-lap704 systemd-resolved[182]: Clock change detected. Flushing caches.
