[10.78.233.207] {"timestamp":"2025-12-06 05:57:25","hostname":"HP-LAP704","channel":"Application","event_id":1001,"level":"Information","message":"Fault bucket , type 0\r\nEvent Name: BlueScreen\r\nResponse: Not available\r\nCab Id: 0\r\n\r\nProblem signature:\r\nP1: 7f\r\nP2: 8\r\nP3: ffff818008bc6e70\r\nP4: ffffcd06217b9ff0\r\nP5: fffff8029680c028\r\nP6: 10_0_26100\r\nP7: 0_0\r\nP8: 768_1\r\nP9: \r\nP10: \r\n\r\nAttached files:\r\n\\\\?\\C:\\WINDOWS\\Minidump\\050825-21156-01.dmp\r\n\\\\?\\C:\\WINDOWS\\SystemTemp\\WER-21171-0.sysdata.xml\r\n\\\\?\\C:\\ProgramData\\Microsoft\\Windows\\WER\\Temp\\WER.07d7db72-3118-4207-8970-5e150e93d709.tmp.WERInternalMetadata.xml\r\n\\\\?\\C:\\ProgramData\\Microsoft\\Windows\\WER\\Temp\\WER.c72c9999-2803-4c3a-a2bd-bb81c0d5c648.tmp.csv\r\n\\\\?\\C:\\ProgramData\\Microsoft\\Windows\\WER\\Temp\\WER.1a9baece-4186-4d49-b1bb-d7b85db3924d.tmp.txt\r\n\\\\?\\C:\\ProgramData\\Microsoft\\Windows\\WER\\Temp\\WER.3bffca03-c81b-42ca-9a72-4bf653d2f8d1.tmp.xml\r\n\r\nThese files may be available here:\r\n\\\\?\\C:\\ProgramData\\Microsoft\\Windows\\WER\\ReportQueue\\Kernel_7f_36d2ee2c3efc5491e9706816aa51eb6174a1d58_00000000_b70738f7-586b-4be4-9903-ee0afc6dd4b6\r\n\r\nAnalysis symbol: \r\nRechecking for solution: 0\r\nReport Id: 4d2a59bc-092c-45d3-b13b-55a708ff5782\r\nReport Status: 2051\r\nHashed bucket: \r\nCab Guid: 0","BucketType":"0","EventName":"BlueScreen","Response":"Not available","CabId":"0","P1":"7f","P2":"8","P3":"ffff818008bc6e70","P4":"ffffcd06217b9ff0","P5":"fffff8029680c028","P6":"10_0_26100","P7":"0_0","P8":"768_1","AttachedFiles":"\n\\\\?\\C:\\WINDOWS\\Minidump\\050825-21156-01.dmp\n\\\\?\\C:\\WINDOWS\\SystemTemp\\WER-21171-0.sysdata.xml\n\\\\?\\C:\\ProgramData\\Microsoft\\Windows\\WER\\Temp\\WER.07d7db72-3118-4207-8970-5e150e93d709.tmp.WERInternalMetadata.xml\n\\\\?\\C:\\ProgramData\\Microsoft\\Windows\\WER\\Temp\\WER.c72c9999-2803-4c3a-a2bd-bb81c0d5c648.tmp.csv\n\\\\?\\C:\\ProgramData\\Microsoft\\Windows\\WER\\Temp\\WER.1a9baece-4186-4d49-b1bb-d7b85db3924d.tmp.txt\n\\\\?\\C:\\ProgramData\\Microsoft\\Windows\\WER\\Temp\\WER.3bffca03-c81b-42ca-9a72-4bf653d2f8d1.tmp.xml","StorePath":"\\\\?\\C:\\ProgramData\\Microsoft\\Windows\\WER\\ReportQueue\\Kernel_7f_36d2ee2c3efc5491e9706816aa51eb6174a1d58_00000000_b70738f7-586b-4be4-9903-ee0afc6dd4b6","Rechecking":"0","ReportId":"4d2a59bc-092c-45d3-b13b-55a708ff5782","ReportStatus":"2051","CabGuid":"0"}
[10.78.233.207] {"timestamp":"2025-12-06 05:57:25","hostname":"HP-LAP704","channel":"Application","event_id":1001,"level":"Information","message":"Fault bucket , type 0\r\nEvent Name: BlueScreen\r\nResponse: Not available\r\nCab Id: 0\r\n\r\nProblem signature:\r\nP1: 133\r\nP2: 1\r\nP3: 1e00\r\nP4: fffff80482bc33b0\r\nP5: 0\r\nP6: 10_0_26100\r\nP7: 0_0\r\nP8: 768_1\r\nP9: \r\nP10: \r\n\r\nAttached files:\r\n\\\\?\\C:\\WINDOWS\\Minidump\\051725-20750-01.dmp\r\n\\\\?\\C:\\WINDOWS\\SystemTemp\\WER-20765-0.sysdata.xml\r\n\\\\?\\C:\\ProgramData\\Microsoft\\Windows\\WER\\Temp\\WER.3182e4bb-e4df-4730-b02b-00c5c78612e7.tmp.WERInternalMetadata.xml\r\n\\\\?\\C:\\ProgramData\\Microsoft\\Windows\\WER\\Temp\\WER.be188a42-bb37-47ba-95d3-f8e336af0794.tmp.csv\r\n\\\\?\\C:\\ProgramData\\Microsoft\\Windows\\WER\\Temp\\WER.4e795d3f-a6f5-452c-bf27-6256a150030e.tmp.txt\r\n\\\\?\\C:\\ProgramData\\Microsoft\\Windows\\WER\\Temp\\WER.c700228a-4180-4ac6-9cc8-7f632c6e1683.tmp.xml\r\n\r\nThese files may be available here:\r\n\\\\?\\C:\\ProgramData\\Microsoft\\Windows\\WER\\ReportQueue\\Kernel_133_abc5936434793ea495cbb822cc2af5ef74d51d94_00000000_6497526f-d9a4-4487-92c9-4cc9633714ea\r\n\r\nAnalysis symbol: \r\nRechecking for solution: 0\r\nReport Id: 8a173b5d-05fc-42f4-84aa-2ed5040f815b\r\nReport Status: 2051\r\nHashed bucket: \r\nCab Guid: 0","BucketType":"0","EventName":"BlueScreen","Response":"Not available","CabId":"0","P1":"133","P2":"1","P3":"1e00","P4":"fffff80482bc33b0","P5":"0","P6":"10_0_26100","P7":"0_0","P8":"768_1","AttachedFiles":"\n\\\\?\\C:\\WINDOWS\\Minidump\\051725-20750-01.dmp\n\\\\?\\C:\\WINDOWS\\SystemTemp\\WER-20765-0.sysdata.xml\n\\\\?\\C:\\ProgramData\\Microsoft\\Windows\\WER\\Temp\\WER.3182e4bb-e4df-4730-b02b-00c5c78612e7.tmp.WERInternalMetadata.xml\n\\\\?\\C:\\ProgramData\\Microsoft\\Windows\\WER\\Temp\\WER.be188a42-bb37-47ba-95d3-f8e336af0794.tmp.csv\n\\\\?\\C:\\ProgramData\\Microsoft\\Windows\\WER\\Temp\\WER.4e795d3f-a6f5-452c-bf27-6256a150030e.tmp.txt\n\\\\?\\C:\\ProgramData\\Microsoft\\Windows\\WER\\Temp\\WER.c700228a-4180-4ac6-9cc8-7f632c6e1683.tmp.xml","StorePath":"\\\\?\\C:\\ProgramData\\Microsoft\\Windows\\WER\\ReportQueue\\Kernel_133_abc5936434793ea495cbb822cc2af5ef74d51d94_00000000_6497526f-d9a4-4487-92c9-4cc9633714ea","Rechecking":"0","ReportId":"8a173b5d-05fc-42f4-84aa-2ed5040f815b","ReportStatus":"2051","CabGuid":"0"}
[10.78.233.207] {"timestamp":"2025-12-06 05:57:25","hostname":"HP-LAP704","channel":"Application","event_id":1001,"level":"Information","message":"Fault bucket , type 0\r\nEvent Name: BlueScreen\r\nResponse: Not available\r\nCab Id: 0\r\n\r\nProblem signature:\r\nP1: 1a\r\nP2: 1230\r\nP3: ffff8708f8424880\r\nP4: 2c4a9a00000\r\nP5: 100001\r\nP6: 10_0_26100\r\nP7: 0_0\r\nP8: 768_1\r\nP9: \r\nP10: \r\n\r\nAttached files:\r\n\\\\?\\C:\\WINDOWS\\Minidump\\053025-30265-01.dmp\r\n\\\\?\\C:\\WINDOWS\\SystemTemp\\WER-30281-0.sysdata.xml\r\n\\\\?\\C:\\ProgramData\\Microsoft\\Windows\\WER\\Temp\\WER.c9ab40db-6cec-4670-96f8-57017417acb9.tmp.WERInternalMetadata.xml\r\n\\\\?\\C:\\ProgramData\\Microsoft\\Windows\\WER\\Temp\\WER.9c567797-b29c-4e5a-a957-83b57af6d617.tmp.csv\r\n\\\\?\\C:\\ProgramData\\Microsoft\\Windows\\WER\\Temp\\WER.b4b79546-b709-4a06-8759-2ac25ad142be.tmp.txt\r\n\\\\?\\C:\\ProgramData\\Microsoft\\Windows\\WER\\Temp\\WER.197369b0-3328-42da-b311-839b5e73cf26.tmp.xml\r\n\r\nThese files may be available here:\r\n\\\\?\\C:\\ProgramData\\Microsoft\\Windows\\WER\\ReportQueue\\Kernel_1a_81e13df4ad2b3aa9ad1de24480969dca999eb_00000000_ea6dee44-7819-45a4-a933-7f2ceb46bf11\r\n\r\nAnalysis symbol: \r\nRechecking for solution: 0\r\nReport Id: 1417b6b5-36df-4ee1-a955-bd930aca96bd\r\nReport Status: 2051\r\nHashed bucket: \r\nCab Guid: 0","BucketType":"0","EventName":"BlueScreen","Response":"Not available","CabId":"0","P1":"1a","P2":"1230","P3":"ffff8708f8424880","P4":"2c4a9a00000","P5":"100001","P6":"10_0_26100","P7":"0_0","P8":"768_1","AttachedFiles":"\n\\\\?\\C:\\WINDOWS\\Minidump\\053025-30265-01.dmp\n\\\\?\\C:\\WINDOWS\\SystemTemp\\WER-30281-0.sysdata.xml\n\\\\?\\C:\\ProgramData\\Microsoft\\Windows\\WER\\Temp\\WER.c9ab40db-6cec-4670-96f8-57017417acb9.tmp.WERInternalMetadata.xml\n\\\\?\\C:\\ProgramData\\Microsoft\\Windows\\WER\\Temp\\WER.9c567797-b29c-4e5a-a957-83b57af6d617.tmp.csv\n\\\\?\\C:\\ProgramData\\Microsoft\\Windows\\WER\\Temp\\WER.b4b79546-b709-4a06-8759-2ac25ad142be.tmp.txt\n\\\\?\\C:\\ProgramData\\Microsoft\\Windows\\WER\\Temp\\WER.197369b0-3328-42da-b311-839b5e73cf26.tmp.xml","StorePath":"\\\\?\\C:\\ProgramData\\Microsoft\\Windows\\WER\\ReportQueue\\Kernel_1a_81e13df4ad2b3aa9ad1de24480969dca999eb_00000000_ea6dee44-7819-45a4-a933-7f2ceb46bf11","Rechecking":"0","ReportId":"1417b6b5-36df-4ee1-a955-bd930aca96bd","ReportStatus":"2051","CabGuid":"0"}
[10.78.233.207] {"timestamp":"2025-12-06 05:57:25","hostname":"HP-LAP704","channel":"Application","event_id":1001,"level":"Information","message":"Fault bucket , type 0\r\nEvent Name: BlueScreen\r\nResponse: Not available\r\nCab Id: 0\r\n\r\nProblem signature:\r\nP1: 133\r\nP2: 0\r\nP3: 500\r\nP4: 500\r\nP5: fffff806f19c33b0\r\nP6: 10_0_26100\r\nP7: 0_0\r\nP8: 768_1\r\nP9: \r\nP10: \r\n\r\nAttached files:\r\n\\\\?\\C:\\WINDOWS\\Minidump\\061525-21156-01.dmp\r\n\\\\?\\C:\\WINDOWS\\SystemTemp\\WER-21156-0.sysdata.xml\r\n\\\\?\\C:\\ProgramData\\Microsoft\\Windows\\WER\\Temp\\WER.43f39e84-b57f-45de-a5ab-74d9987d46c1.tmp.WERInternalMetadata.xml\r\n\\\\?\\C:\\ProgramData\\Microsoft\\Windows\\WER\\Temp\\WER.2d0025e1-b33f-440b-af8b-3055f51d8d94.tmp.csv\r\n\\\\?\\C:\\ProgramData\\Microsoft\\Windows\\WER\\Temp\\WER.bfdd4137-c1e2-4b5d-8831-8c8ffc7b0287.tmp.txt\r\n\\\\?\\C:\\ProgramData\\Microsoft\\Windows\\WER\\Temp\\WER.6429b5ca-d158-4881-a32f-c9b6a7339f9d.tmp.xml\r\n\r\nThese files may be available here:\r\n\\\\?\\C:\\ProgramData\\Microsoft\\Windows\\WER\\ReportQueue\\Kernel_133_d57a5fb1b0d62fee134860e472a08fd216c63613_00000000_d2be1d8a-4306-4ab1-b758-f39fae1d7e73\r\n\r\nAnalysis symbol: \r\nRechecking for solution: 0\r\nReport Id: 35bba01e-b0a0-44c5-9c68-679174fcc374\r\nReport Status: 2051\r\nHashed bucket: \r\nCab Guid: 0","BucketType":"0","EventName":"BlueScreen","Response":"Not available","CabId":"0","P1":"133","P2":"0","P3":"500","P4":"500","P5":"fffff806f19c33b0","P6":"10_0_26100","P7":"0_0","P8":"768_1","AttachedFiles":"\n\\\\?\\C:\\WINDOWS\\Minidump\\061525-21156-01.dmp\n\\\\?\\C:\\WINDOWS\\SystemTemp\\WER-21156-0.sysdata.xml\n\\\\?\\C:\\ProgramData\\Microsoft\\Windows\\WER\\Temp\\WER.43f39e84-b57f-45de-a5ab-74d9987d46c1.tmp.WERInternalMetadata.xml\n\\\\?\\C:\\ProgramData\\Microsoft\\Windows\\WER\\Temp\\WER.2d0025e1-b33f-440b-af8b-3055f51d8d94.tmp.csv\n\\\\?\\C:\\ProgramData\\Microsoft\\Windows\\WER\\Temp\\WER.bfdd4137-c1e2-4b5d-8831-8c8ffc7b0287.tmp.txt\n\\\\?\\C:\\ProgramData\\Microsoft\\Windows\\WER\\Temp\\WER.6429b5ca-d158-4881-a32f-c9b6a7339f9d.tmp.xml","StorePath":"\\\\?\\C:\\ProgramData\\Microsoft\\Windows\\WER\\ReportQueue\\Kernel_133_d57a5fb1b0d62fee134860e472a08fd216c63613_00000000_d2be1d8a-4306-4ab1-b758-f39fae1d7e73","Rechecking":"0","ReportId":"35bba01e-b0a0-44c5-9c68-679174fcc374","ReportStatus":"2051","CabGuid":"0"}
[10.78.233.207] {"timestamp":"2025-12-06 05:57:25","hostname":"HP-LAP704","channel":"Application","event_id":1001,"level":"Information","message":"Fault bucket , type 0\r\nEvent Name: LiveKernelEvent\r\nResponse: Not available\r\nCab Id: 0\r\n\r\nProblem signature:\r\nP1: 193\r\nP2: 815\r\nP3: 2\r\nP4: ffff8683c1310080\r\nP5: 0\r\nP6: 10_0_26100\r\nP7: 0_0\r\nP8: 768_1\r\nP9: \r\nP10: \r\n\r\nAttached files:\r\n\\\\?\\C:\\WINDOWS\\LiveKernelReports\\WATCHDOG\\WATCHDOG-20250702-1858.dmp\r\n\\\\?\\C:\\WINDOWS\\SystemTemp\\WER-35833281-0.sysdata.xml\r\n\\\\?\\C:\\ProgramData\\Microsoft\\Windows\\WER\\Temp\\WER.00b028bc-c73f-4f85-818c-b4ede448b687.tmp.WERInternalMetadata.xml\r\n\\\\?\\C:\\ProgramData\\Microsoft\\Windows\\WER\\Temp\\WER.d4caf443-5a2f-412a-9991-00f23d18fb03.tmp.csv\r\n\\\\?\\C:\\ProgramData\\Microsoft\\Windows\\WER\\Temp\\WER.e305577b-cd53-4239-abb1-0ee6ad6a8926.tmp.txt\r\n\\\\?\\C:\\ProgramData\\Microsoft\\Windows\\WER\\Temp\\WER.20b6cb4f-e4db-4042-a0b1-c076a2d8f954.tmp.xml\r\n\r\nThese files may be available here:\r\n\\\\?\\C:\\ProgramData\\Microsoft\\Windows\\WER\\ReportQueue\\Kernel_193_08873f1447a9ab30f71c5f689b4bfdad3eaf41_00000000_411b1e70-e73f-4200-8688-670ceabb4d61\r\n\r\nAnalysis symbol: \r\nRechecking for solution: 0\r\nReport Id: 411b1e70-e73f-4200-8688-670ceabb4d61\r\nReport Status: 2051\r\nHashed bucket: \r\nCab Guid: 0","BucketType":"0","EventName":"LiveKernelEvent","Response":"Not available","CabId":"0","P1":"193","P2":"815","P3":"2","P4":"ffff8683c1310080","P5":"0","P6":"10_0_26100","P7":"0_0","P8":"768_1","AttachedFiles":"\n\\\\?\\C:\\WINDOWS\\LiveKernelReports\\WATCHDOG\\WATCHDOG-20250702-1858.dmp\n\\\\?\\C:\\WINDOWS\\SystemTemp\\WER-35833281-0.sysdata.xml\n\\\\?\\C:\\ProgramData\\Microsoft\\Windows\\WER\\Temp\\WER.00b028bc-c73f-4f85-818c-b4ede448b687.tmp.WERInternalMetadata.xml\n\\\\?\\C:\\ProgramData\\Microsoft\\Windows\\WER\\Temp\\WER.d4caf443-5a2f-412a-9991-00f23d18fb03.tmp.csv\n\\\\?\\C:\\ProgramData\\Microsoft\\Windows\\WER\\Temp\\WER.e305577b-cd53-4239-abb1-0ee6ad6a8926.tmp.txt\n\\\\?\\C:\\ProgramData\\Microsoft\\Windows\\WER\\Temp\\WER.20b6cb4f-e4db-4042-a0b1-c076a2d8f954.tmp.xml","StorePath":"\\\\?\\C:\\ProgramData\\Microsoft\\Windows\\WER\\ReportQueue\\Kernel_193_08873f1447a9ab30f71c5f689b4bfdad3eaf41_00000000_411b1e70-e73f-4200-8688-670ceabb4d61","Rechecking":"0","ReportId":"411b1e70-e73f-4200-8688-670ceabb4d61","ReportStatus":"2051","CabGuid":"0"}
[10.78.233.207] {"timestamp":"2025-12-06 05:57:25","hostname":"HP-LAP704","channel":"Application","event_id":1001,"level":"Information","message":"Fault bucket , type 0\r\nEvent Name: BlueScreen\r\nResponse: Not available\r\nCab Id: 0\r\n\r\nProblem signature:\r\nP1: 133\r\nP2: 1\r\nP3: 1e00\r\nP4: fffff8017f1c43b0\r\nP5: 0\r\nP6: 10_0_26100\r\nP7: 0_0\r\nP8: 768_1\r\nP9: \r\nP10: \r\n\r\nAttached files:\r\n\\\\?\\C:\\WINDOWS\\Minidump\\070725-20812-01.dmp\r\n\\\\?\\C:\\WINDOWS\\SystemTemp\\WER-20828-0.sysdata.xml\r\n\\\\?\\C:\\ProgramData\\Microsoft\\Windows\\WER\\Temp\\WER.bf234625-0fbe-403a-967f-a47a6c7458a8.tmp.WERInternalMetadata.xml\r\n\\\\?\\C:\\ProgramData\\Microsoft\\Windows\\WER\\Temp\\WER.5384cd42-2e49-4442-ae35-f929c2c15e96.tmp.csv\r\n\\\\?\\C:\\ProgramData\\Microsoft\\Windows\\WER\\Temp\\WER.de627ceb-6a2b-4fbf-9a00-639e43dc1bca.tmp.txt\r\n\\\\?\\C:\\ProgramData\\Microsoft\\Windows\\WER\\Temp\\WER.4711de8c-bbf3-4dc5-98a3-e78c51ff9be2.tmp.xml\r\n\r\nThese files may be available here:\r\n\\\\?\\C:\\ProgramData\\Microsoft\\Windows\\WER\\ReportQueue\\Kernel_133_5017388904ff27f91e3bfaf22853a29f40d622_00000000_3e1bc201-f691-42a7-b69b-1662f51e1e8e\r\n\r\nAnalysis symbol: \r\nRechecking for solution: 0\r\nReport Id: baa30f48-c4f0-4a4a-a806-64139482d7e8\r\nReport Status: 2051\r\nHashed bucket: \r\nCab Guid: 0","BucketType":"0","EventName":"BlueScreen","Response":"Not available","CabId":"0","P1":"133","P2":"1","P3":"1e00","P4":"fffff8017f1c43b0","P5":"0","P6":"10_0_26100","P7":"0_0","P8":"768_1","AttachedFiles":"\n\\\\?\\C:\\WINDOWS\\Minidump\\070725-20812-01.dmp\n\\\\?\\C:\\WINDOWS\\SystemTemp\\WER-20828-0.sysdata.xml\n\\\\?\\C:\\ProgramData\\Microsoft\\Windows\\WER\\Temp\\WER.bf234625-0fbe-403a-967f-a47a6c7458a8.tmp.WERInternalMetadata.xml\n\\\\?\\C:\\ProgramData\\Microsoft\\Windows\\WER\\Temp\\WER.5384cd42-2e49-4442-ae35-f929c2c15e96.tmp.csv\n\\\\?\\C:\\ProgramData\\Microsoft\\Windows\\WER\\Temp\\WER.de627ceb-6a2b-4fbf-9a00-639e43dc1bca.tmp.txt\n\\\\?\\C:\\ProgramData\\Microsoft\\Windows\\WER\\Temp\\WER.4711de8c-bbf3-4dc5-98a3-e78c51ff9be2.tmp.xml","StorePath":"\\\\?\\C:\\ProgramData\\Microsoft\\Windows\\WER\\ReportQueue\\Kernel_133_5017388904ff27f91e3bfaf22853a29f40d622_00000000_3e1bc201-f691-42a7-b69b-1662f51e1e8e","Rechecking":"0","ReportId":"baa30f48-c4f0-4a4a-a806-64139482d7e8","ReportStatus":"2051","CabGuid":"0"}
[10.78.233.207] {"timestamp":"2025-12-06 05:57:25","hostname":"HP-LAP704","channel":"Application","event_id":1001,"level":"Information","message":"Fault bucket , type 0\r\nEvent Name: BlueScreen\r\nResponse: Not available\r\nCab Id: 0\r\n\r\nProblem signature:\r\nP1: 9f\r\nP2: 3\r\nP3: ffffd0832a668e10\r\nP4: ffff9c8b8f2d1680\r\nP5: ffffd0832dc2a830\r\nP6: 10_0_26100\r\nP7: 0_0\r\nP8: 768_1\r\nP9: \r\nP10: \r\n\r\nAttached files:\r\n\\\\?\\C:\\WINDOWS\\Minidump\\090725-14843-01.dmp\r\n\\\\?\\C:\\WINDOWS\\SystemTemp\\WER-14843-0.sysdata.xml\r\n\\\\?\\C:\\ProgramData\\Microsoft\\Windows\\WER\\Temp\\WER.e221473d-f8db-4c82-8765-51711406c219.tmp.WERInternalMetadata.xml\r\n\\\\?\\C:\\ProgramData\\Microsoft\\Windows\\WER\\Temp\\WER.f68abff3-babb-4272-9697-0ecdd746bfeb.tmp.csv\r\n\\\\?\\C:\\ProgramData\\Microsoft\\Windows\\WER\\Temp\\WER.3b4c13a2-2abf-4df5-87c3-b148fc0b838c.tmp.txt\r\n\\\\?\\C:\\ProgramData\\Microsoft\\Windows\\WER\\Temp\\WER.d04389e7-b379-433c-b933-cb37d997e67a.tmp.xml\r\n\r\nThese files may be available here:\r\n\\\\?\\C:\\ProgramData\\Microsoft\\Windows\\WER\\ReportQueue\\Kernel_9f_3f164a1c9afa7a3e749f70f5dfa5109795442b6_00000000_b8f90b5e-b609-4da8-820a-123ed50ec097\r\n\r\nAnalysis symbol: \r\nRechecking for solution: 0\r\nReport Id: d8e68038-5580-4b0a-893b-50a091338389\r\nReport Status: 2051\r\nHashed bucket: \r\nCab Guid: 0","BucketType":"0","EventName":"BlueScreen","Response":"Not available","CabId":"0","P1":"9f","P2":"3","P3":"ffffd0832a668e10","P4":"ffff9c8b8f2d1680","P5":"ffffd0832dc2a830","P6":"10_0_26100","P7":"0_0","P8":"768_1","AttachedFiles":"\n\\\\?\\C:\\WINDOWS\\Minidump\\090725-14843-01.dmp\n\\\\?\\C:\\WINDOWS\\SystemTemp\\WER-14843-0.sysdata.xml\n\\\\?\\C:\\ProgramData\\Microsoft\\Windows\\WER\\Temp\\WER.e221473d-f8db-4c82-8765-51711406c219.tmp.WERInternalMetadata.xml\n\\\\?\\C:\\ProgramData\\Microsoft\\Windows\\WER\\Temp\\WER.f68abff3-babb-4272-9697-0ecdd746bfeb.tmp.csv\n\\\\?\\C:\\ProgramData\\Microsoft\\Windows\\WER\\Temp\\WER.3b4c13a2-2abf-4df5-87c3-b148fc0b838c.tmp.txt\n\\\\?\\C:\\ProgramData\\Microsoft\\Windows\\WER\\Temp\\WER.d04389e7-b379-433c-b933-cb37d997e67a.tmp.xml","StorePath":"\\\\?\\C:\\ProgramData\\Microsoft\\Windows\\WER\\ReportQueue\\Kernel_9f_3f164a1c9afa7a3e749f70f5dfa5109795442b6_00000000_b8f90b5e-b609-4da8-820a-123ed50ec097","Rechecking":"0","ReportId":"d8e68038-5580-4b0a-893b-50a091338389","ReportStatus":"2051","CabGuid":"0"}
[10.78.233.207] {"timestamp":"2025-12-06 05:57:26","hostname":"HP-LAP704","channel":"Application","event_id":1001,"level":"Information","message":"Fault bucket , type 0\r\nEvent Name: LiveKernelEvent\r\nResponse: Not available\r\nCab Id: 0\r\n\r\nProblem signature:\r\nP1: 141\r\nP2: ffffe782c18d0010\r\nP3: fffff8034d2f6890\r\nP4: 0\r\nP5: ffffe782b4af2080\r\nP6: 10_0_26100\r\nP7: 0_0\r\nP8: 768_1\r\nP9: \r\nP10: \r\n\r\nAttached files:\r\n\\\\?\\C:\\WINDOWS\\LiveKernelReports\\WATCHDOG\\WATCHDOG-20250930-0954.dmp\r\n\\\\?\\C:\\WINDOWS\\SystemTemp\\WER-3462484-0.sysdata.xml\r\n\\\\?\\C:\\ProgramData\\Microsoft\\Windows\\WER\\Temp\\WER.8599006f-3873-4922-9414-4e7a733f4bfd.tmp.WERInternalMetadata.xml\r\n\\\\?\\C:\\ProgramData\\Microsoft\\Windows\\WER\\Temp\\WER.e97d9c68-c709-4075-8c23-1361e2b496b1.tmp.csv\r\n\\\\?\\C:\\ProgramData\\Microsoft\\Windows\\WER\\Temp\\WER.c2ba2827-d472-4d3a-abdb-2b6e9b087bf7.tmp.txt\r\n\\\\?\\C:\\ProgramData\\Microsoft\\Windows\\WER\\Temp\\WER.43473759-21ef-494f-b244-34bfd37c8c27.tmp.xml\r\n\r\nThese files may be available here:\r\n\\\\?\\C:\\ProgramData\\Microsoft\\Windows\\WER\\ReportQueue\\Kernel_141_b0b7febf5de4282716ea8a14978033da4a2afbc_00000000_01ba3549-57c0-4621-ba96-2c585377f62c\r\n\r\nAnalysis symbol: \r\nRechecking for solution: 0\r\nReport Id: 01ba3549-57c0-4621-ba96-2c585377f62c\r\nReport Status: 2051\r\nHashed bucket: \r\nCab Guid: 0","BucketType":"0","EventName":"LiveKernelEvent","Response":"Not available","CabId":"0","P1":"141","P2":"ffffe782c18d0010","P3":"fffff8034d2f6890","P4":"0","P5":"ffffe782b4af2080","P6":"10_0_26100","P7":"0_0","P8":"768_1","AttachedFiles":"\n\\\\?\\C:\\WINDOWS\\LiveKernelReports\\WATCHDOG\\WATCHDOG-20250930-0954.dmp\n\\\\?\\C:\\WINDOWS\\SystemTemp\\WER-3462484-0.sysdata.xml\n\\\\?\\C:\\ProgramData\\Microsoft\\Windows\\WER\\Temp\\WER.8599006f-3873-4922-9414-4e7a733f4bfd.tmp.WERInternalMetadata.xml\n\\\\?\\C:\\ProgramData\\Microsoft\\Windows\\WER\\Temp\\WER.e97d9c68-c709-4075-8c23-1361e2b496b1.tmp.csv\n\\\\?\\C:\\ProgramData\\Microsoft\\Windows\\WER\\Temp\\WER.c2ba2827-d472-4d3a-abdb-2b6e9b087bf7.tmp.txt\n\\\\?\\C:\\ProgramData\\Microsoft\\Windows\\WER\\Temp\\WER.43473759-21ef-494f-b244-34bfd37c8c27.tmp.xml","StorePath":"\\\\?\\C:\\ProgramData\\Microsoft\\Windows\\WER\\ReportQueue\\Kernel_141_b0b7febf5de4282716ea8a14978033da4a2afbc_00000000_01ba3549-57c0-4621-ba96-2c585377f62c","Rechecking":"0","ReportId":"01ba3549-57c0-4621-ba96-2c585377f62c","ReportStatus":"2051","CabGuid":"0"}
[10.78.233.207] {"timestamp":"2025-12-06 05:57:26","hostname":"HP-LAP704","channel":"Application","event_id":1001,"level":"Information","message":"Fault bucket , type 0\r\nEvent Name: BlueScreen\r\nResponse: Not available\r\nCab Id: 0\r\n\r\nProblem signature:\r\nP1: 133\r\nP2: 1\r\nP3: 1e00\r\nP4: fffff800eddc43b0\r\nP5: 0\r\nP6: 10_0_26100\r\nP7: 0_0\r\nP8: 768_1\r\nP9: \r\nP10: \r\n\r\nAttached files:\r\n\\\\?\\C:\\WINDOWS\\Minidump\\101025-15078-01.dmp\r\n\\\\?\\C:\\WINDOWS\\SystemTemp\\WER-15078-0.sysdata.xml\r\n\\\\?\\C:\\ProgramData\\Microsoft\\Windows\\WER\\Temp\\WER.544e69f6-fae9-4db4-b11d-9a356a44dd9c.tmp.WERInternalMetadata.xml\r\n\\\\?\\C:\\ProgramData\\Microsoft\\Windows\\WER\\Temp\\WER.5ed9d10e-bdc5-4768-81a6-04fbaf199f48.tmp.csv\r\n\\\\?\\C:\\ProgramData\\Microsoft\\Windows\\WER\\Temp\\WER.97fefdda-0079-41e5-bacb-da38bb5c00bb.tmp.txt\r\n\\\\?\\C:\\ProgramData\\Microsoft\\Windows\\WER\\Temp\\WER.e48f912f-971b-43ff-9cc3-debe7f1c59ec.tmp.xml\r\n\r\nThese files may be available here:\r\n\\\\?\\C:\\ProgramData\\Microsoft\\Windows\\WER\\ReportQueue\\Kernel_133_709d452ac15252c125d62fac798e8d92244dce_00000000_0b0bc2fc-c5d6-41c1-b848-8d5a37e9e2cb\r\n\r\nAnalysis symbol: \r\nRechecking for solution: 0\r\nReport Id: debf9154-a980-4c76-93f3-4dd74e1a22db\r\nReport Status: 2051\r\nHashed bucket: \r\nCab Guid: 0","BucketType":"0","EventName":"BlueScreen","Response":"Not available","CabId":"0","P1":"133","P2":"1","P3":"1e00","P4":"fffff800eddc43b0","P5":"0","P6":"10_0_26100","P7":"0_0","P8":"768_1","AttachedFiles":"\n\\\\?\\C:\\WINDOWS\\Minidump\\101025-15078-01.dmp\n\\\\?\\C:\\WINDOWS\\SystemTemp\\WER-15078-0.sysdata.xml\n\\\\?\\C:\\ProgramData\\Microsoft\\Windows\\WER\\Temp\\WER.544e69f6-fae9-4db4-b11d-9a356a44dd9c.tmp.WERInternalMetadata.xml\n\\\\?\\C:\\ProgramData\\Microsoft\\Windows\\WER\\Temp\\WER.5ed9d10e-bdc5-4768-81a6-04fbaf199f48.tmp.csv\n\\\\?\\C:\\ProgramData\\Microsoft\\Windows\\WER\\Temp\\WER.97fefdda-0079-41e5-bacb-da38bb5c00bb.tmp.txt\n\\\\?\\C:\\ProgramData\\Microsoft\\Windows\\WER\\Temp\\WER.e48f912f-971b-43ff-9cc3-debe7f1c59ec.tmp.xml","StorePath":"\\\\?\\C:\\ProgramData\\Microsoft\\Windows\\WER\\ReportQueue\\Kernel_133_709d452ac15252c125d62fac798e8d92244dce_00000000_0b0bc2fc-c5d6-41c1-b848-8d5a37e9e2cb","Rechecking":"0","ReportId":"debf9154-a980-4c76-93f3-4dd74e1a22db","ReportStatus":"2051","CabGuid":"0"}
[10.78.233.207] {"timestamp":"2025-12-06 05:57:26","hostname":"HP-LAP704","channel":"Application","event_id":1001,"level":"Information","message":"Fault bucket , type 0\r\nEvent Name: BlueScreen\r\nResponse: Not available\r\nCab Id: 0\r\n\r\nProblem signature:\r\nP1: 133\r\nP2: 0\r\nP3: 500\r\nP4: 500\r\nP5: fffff802d89c43b0\r\nP6: 10_0_26200\r\nP7: 0_0\r\nP8: 768_1\r\nP9: \r\nP10: \r\n\r\nAttached files:\r\n\\\\?\\C:\\WINDOWS\\Minidump\\112625-16359-01.dmp\r\n\\\\?\\C:\\WINDOWS\\SystemTemp\\WER-16375-0.sysdata.xml\r\n\\\\?\\C:\\ProgramData\\Microsoft\\Windows\\WER\\Temp\\WER.ff66fdf0-002c-4fac-8fef-c1faaaea75ac.tmp.WERInternalMetadata.xml\r\n\\\\?\\C:\\ProgramData\\Microsoft\\Windows\\WER\\Temp\\WER.33ad9109-cbfd-496a-8b7b-e527b099a283.tmp.csv\r\n\\\\?\\C:\\ProgramData\\Microsoft\\Windows\\WER\\Temp\\WER.b16a7457-d218-4bfc-b513-a76f05eeb8cd.tmp.txt\r\n\\\\?\\C:\\ProgramData\\Microsoft\\Windows\\WER\\Temp\\WER.110ed917-70a9-4fdb-95bb-8c778de1f2c1.tmp.xml\r\n\r\nThese files may be available here:\r\n\\\\?\\C:\\ProgramData\\Microsoft\\Windows\\WER\\ReportQueue\\Kernel_133_81e63156328e9fe9af50e796dc81189a42c2bfd2_00000000_0ede4902-934e-4a62-ba4e-22306e730448\r\n\r\nAnalysis symbol: \r\nRechecking for solution: 0\r\nReport Id: ae96f56b-41cd-42bc-b0d8-5d369a54b027\r\nReport Status: 2051\r\nHashed bucket: \r\nCab Guid: 0","BucketType":"0","EventName":"BlueScreen","Response":"Not available","CabId":"0","P1":"133","P2":"0","P3":"500","P4":"500","P5":"fffff802d89c43b0","P6":"10_0_26200","P7":"0_0","P8":"768_1","AttachedFiles":"\n\\\\?\\C:\\WINDOWS\\Minidump\\112625-16359-01.dmp\n\\\\?\\C:\\WINDOWS\\SystemTemp\\WER-16375-0.sysdata.xml\n\\\\?\\C:\\ProgramData\\Microsoft\\Windows\\WER\\Temp\\WER.ff66fdf0-002c-4fac-8fef-c1faaaea75ac.tmp.WERInternalMetadata.xml\n\\\\?\\C:\\ProgramData\\Microsoft\\Windows\\WER\\Temp\\WER.33ad9109-cbfd-496a-8b7b-e527b099a283.tmp.csv\n\\\\?\\C:\\ProgramData\\Microsoft\\Windows\\WER\\Temp\\WER.b16a7457-d218-4bfc-b513-a76f05eeb8cd.tmp.txt\n\\\\?\\C:\\ProgramData\\Microsoft\\Windows\\WER\\Temp\\WER.110ed917-70a9-4fdb-95bb-8c778de1f2c1.tmp.xml","StorePath":"\\\\?\\C:\\ProgramData\\Microsoft\\Windows\\WER\\ReportQueue\\Kernel_133_81e63156328e9fe9af50e796dc81189a42c2bfd2_00000000_0ede4902-934e-4a62-ba4e-22306e730448","Rechecking":"0","ReportId":"ae96f56b-41cd-42bc-b0d8-5d369a54b027","ReportStatus":"2051","CabGuid":"0"}
[10.78.233.207] {"timestamp":"2025-12-06 05:57:26","hostname":"HP-LAP704","channel":"Application","event_id":1001,"level":"Information","message":"Fault bucket , type 0\r\nEvent Name: BlueScreen\r\nResponse: Not available\r\nCab Id: 0\r\n\r\nProblem signature:\r\nP1: 133\r\nP2: 0\r\nP3: 500\r\nP4: 500\r\nP5: fffff802ad1c43b0\r\nP6: 10_0_26200\r\nP7: 0_0\r\nP8: 768_1\r\nP9: \r\nP10: \r\n\r\nAttached files:\r\n\\\\?\\C:\\WINDOWS\\Minidump\\112825-15515-01.dmp\r\n\\\\?\\C:\\WINDOWS\\SystemTemp\\WER-15531-0.sysdata.xml\r\n\\\\?\\C:\\ProgramData\\Microsoft\\Windows\\WER\\Temp\\WER.a451a9b6-1767-4c64-ae8b-d92618e3233c.tmp.WERInternalMetadata.xml\r\n\\\\?\\C:\\ProgramData\\Microsoft\\Windows\\WER\\Temp\\WER.cf4747e8-db72-4dd5-abfb-b028f9ca95b4.tmp.csv\r\n\\\\?\\C:\\ProgramData\\Microsoft\\Windows\\WER\\Temp\\WER.67f20a7d-4137-4af8-9552-603448fa4753.tmp.txt\r\n\\\\?\\C:\\ProgramData\\Microsoft\\Windows\\WER\\Temp\\WER.55be062a-9e1b-406c-adfb-164a5f99784e.tmp.xml\r\n\r\nThese files may be available here:\r\n\\\\?\\C:\\ProgramData\\Microsoft\\Windows\\WER\\ReportQueue\\Kernel_133_e3378b311d13c2545d49b976bcb5a981e79f4e_00000000_484ba048-0950-4558-a7bb-7059ca597350\r\n\r\nAnalysis symbol: \r\nRechecking for solution: 0\r\nReport Id: 3e1a8695-e375-469e-a2e7-e21329026c2c\r\nReport Status: 2051\r\nHashed bucket: \r\nCab Guid: 0","BucketType":"0","EventName":"BlueScreen","Response":"Not available","CabId":"0","P1":"133","P2":"0","P3":"500","P4":"500","P5":"fffff802ad1c43b0","P6":"10_0_26200","P7":"0_0","P8":"768_1","AttachedFiles":"\n\\\\?\\C:\\WINDOWS\\Minidump\\112825-15515-01.dmp\n\\\\?\\C:\\WINDOWS\\SystemTemp\\WER-15531-0.sysdata.xml\n\\\\?\\C:\\ProgramData\\Microsoft\\Windows\\WER\\Temp\\WER.a451a9b6-1767-4c64-ae8b-d92618e3233c.tmp.WERInternalMetadata.xml\n\\\\?\\C:\\ProgramData\\Microsoft\\Windows\\WER\\Temp\\WER.cf4747e8-db72-4dd5-abfb-b028f9ca95b4.tmp.csv\n\\\\?\\C:\\ProgramData\\Microsoft\\Windows\\WER\\Temp\\WER.67f20a7d-4137-4af8-9552-603448fa4753.tmp.txt\n\\\\?\\C:\\ProgramData\\Microsoft\\Windows\\WER\\Temp\\WER.55be062a-9e1b-406c-adfb-164a5f99784e.tmp.xml","StorePath":"\\\\?\\C:\\ProgramData\\Microsoft\\Windows\\WER\\ReportQueue\\Kernel_133_e3378b311d13c2545d49b976bcb5a981e79f4e_00000000_484ba048-0950-4558-a7bb-7059ca597350","Rechecking":"0","ReportId":"3e1a8695-e375-469e-a2e7-e21329026c2c","ReportStatus":"2051","CabGuid":"0"}
[10.78.233.207] {"timestamp":"2025-12-06 05:57:26","hostname":"HP-LAP704","channel":"Application","event_id":1001,"level":"Information","message":"Fault bucket , type 0\r\nEvent Name: LiveKernelEvent\r\nResponse: Not available\r\nCab Id: 0\r\n\r\nProblem signature:\r\nP1: 1a8\r\nP2: 1\r\nP3: 0\r\nP4: 0\r\nP5: 0\r\nP6: 10_0_26200\r\nP7: 0_0\r\nP8: 768_1\r\nP9: \r\nP10: \r\n\r\nAttached files:\r\n\\\\?\\C:\\WINDOWS\\LiveKernelReports\\WATCHDOG\\WATCHDOG-20251128-0906.dmp\r\n\\\\?\\C:\\WINDOWS\\SystemTemp\\WER-6618140-0.sysdata.xml\r\n\\\\?\\C:\\ProgramData\\Microsoft\\Windows\\WER\\Temp\\WER.4c97738f-82f7-4166-b975-1f9c9d0563f1.tmp.WERInternalMetadata.xml\r\n\\\\?\\C:\\ProgramData\\Microsoft\\Windows\\WER\\Temp\\WER.d11e9cee-294a-4bc1-8a5e-f8651abdbfe3.tmp.csv\r\n\\\\?\\C:\\ProgramData\\Microsoft\\Windows\\WER\\Temp\\WER.c6db0f0d-3b94-42af-9069-e43acba4570d.tmp.txt\r\n\\\\?\\C:\\ProgramData\\Microsoft\\Windows\\WER\\Temp\\WER.21b9cc2f-d79a-4100-bc7a-a287312c5078.tmp.xml\r\n\r\nThese files may be available here:\r\n\\\\?\\C:\\ProgramData\\Microsoft\\Windows\\WER\\ReportQueue\\Kernel_1a8_a486abfb483998f15d1451bf2da6cf76f6fb1279_00000000_af93bd27-c1b6-47d0-9339-c89086e14cef\r\n\r\nAnalysis symbol: \r\nRechecking for solution: 0\r\nReport Id: af93bd27-c1b6-47d0-9339-c89086e14cef\r\nReport Status: 2051\r\nHashed bucket: \r\nCab Guid: 0","BucketType":"0","EventName":"LiveKernelEvent","Response":"Not available","CabId":"0","P1":"1a8","P2":"1","P3":"0","P4":"0","P5":"0","P6":"10_0_26200","P7":"0_0","P8":"768_1","AttachedFiles":"\n\\\\?\\C:\\WINDOWS\\LiveKernelReports\\WATCHDOG\\WATCHDOG-20251128-0906.dmp\n\\\\?\\C:\\WINDOWS\\SystemTemp\\WER-6618140-0.sysdata.xml\n\\\\?\\C:\\ProgramData\\Microsoft\\Windows\\WER\\Temp\\WER.4c97738f-82f7-4166-b975-1f9c9d0563f1.tmp.WERInternalMetadata.xml\n\\\\?\\C:\\ProgramData\\Microsoft\\Windows\\WER\\Temp\\WER.d11e9cee-294a-4bc1-8a5e-f8651abdbfe3.tmp.csv\n\\\\?\\C:\\ProgramData\\Microsoft\\Windows\\WER\\Temp\\WER.c6db0f0d-3b94-42af-9069-e43acba4570d.tmp.txt\n\\\\?\\C:\\ProgramData\\Microsoft\\Windows\\WER\\Temp\\WER.21b9cc2f-d79a-4100-bc7a-a287312c5078.tmp.xml","StorePath":"\\\\?\\C:\\ProgramData\\Microsoft\\Windows\\WER\\ReportQueue\\Kernel_1a8_a486abfb483998f15d1451bf2da6cf76f6fb1279_00000000_af93bd27-c1b6-47d0-9339-c89086e14cef","Rechecking":"0","ReportId":"af93bd27-c1b6-47d0-9339-c89086e14cef","ReportStatus":"2051","CabGuid":"0"}
[10.78.233.207] {"timestamp":"2025-12-06 05:57:26","hostname":"HP-LAP704","channel":"Application","event_id":1001,"level":"Information","message":"Fault bucket , type 0\r\nEvent Name: LiveKernelEvent\r\nResponse: Not available\r\nCab Id: 0\r\n\r\nProblem signature:\r\nP1: 1a8\r\nP2: 1\r\nP3: 0\r\nP4: 0\r\nP5: 0\r\nP6: 10_0_26200\r\nP7: 0_0\r\nP8: 768_1\r\nP9: \r\nP10: \r\n\r\nAttached files:\r\n\\\\?\\C:\\WINDOWS\\LiveKernelReports\\WATCHDOG\\WATCHDOG-20251128-0908.dmp\r\n\\\\?\\C:\\WINDOWS\\SystemTemp\\WER-6734437-0.sysdata.xml\r\n\\\\?\\C:\\ProgramData\\Microsoft\\Windows\\WER\\Temp\\WER.7a3831d3-c18d-4ecc-800d-82bb380ee345.tmp.WERInternalMetadata.xml\r\n\\\\?\\C:\\ProgramData\\Microsoft\\Windows\\WER\\Temp\\WER.8725c650-974c-469a-aace-4a28edeb38eb.tmp.csv\r\n\\\\?\\C:\\ProgramData\\Microsoft\\Windows\\WER\\Temp\\WER.8f625b49-a2d5-4d92-9c84-0d5425f6364d.tmp.txt\r\n\\\\?\\C:\\ProgramData\\Microsoft\\Windows\\WER\\Temp\\WER.8fd7b604-b4b5-4564-b4e1-87d36e8a786e.tmp.xml\r\n\r\nThese files may be available here:\r\n\\\\?\\C:\\ProgramData\\Microsoft\\Windows\\WER\\ReportQueue\\Kernel_1a8_a486abfb483998f15d1451bf2da6cf76f6fb1279_00000000_7d8015de-e148-47ad-9925-fbe58d39f496\r\n\r\nAnalysis symbol: \r\nRechecking for solution: 0\r\nReport Id: 7d8015de-e148-47ad-9925-fbe58d39f496\r\nReport Status: 2051\r\nHashed bucket: \r\nCab Guid: 0","BucketType":"0","EventName":"LiveKernelEvent","Response":"Not available","CabId":"0","P1":"1a8","P2":"1","P3":"0","P4":"0","P5":"0","P6":"10_0_26200","P7":"0_0","P8":"768_1","AttachedFiles":"\n\\\\?\\C:\\WINDOWS\\LiveKernelReports\\WATCHDOG\\WATCHDOG-20251128-0908.dmp\n\\\\?\\C:\\WINDOWS\\SystemTemp\\WER-6734437-0.sysdata.xml\n\\\\?\\C:\\ProgramData\\Microsoft\\Windows\\WER\\Temp\\WER.7a3831d3-c18d-4ecc-800d-82bb380ee345.tmp.WERInternalMetadata.xml\n\\\\?\\C:\\ProgramData\\Microsoft\\Windows\\WER\\Temp\\WER.8725c650-974c-469a-aace-4a28edeb38eb.tmp.csv\n\\\\?\\C:\\ProgramData\\Microsoft\\Windows\\WER\\Temp\\WER.8f625b49-a2d5-4d92-9c84-0d5425f6364d.tmp.txt\n\\\\?\\C:\\ProgramData\\Microsoft\\Windows\\WER\\Temp\\WER.8fd7b604-b4b5-4564-b4e1-87d36e8a786e.tmp.xml","StorePath":"\\\\?\\C:\\ProgramData\\Microsoft\\Windows\\WER\\ReportQueue\\Kernel_1a8_a486abfb483998f15d1451bf2da6cf76f6fb1279_00000000_7d8015de-e148-47ad-9925-fbe58d39f496","Rechecking":"0","ReportId":"7d8015de-e148-47ad-9925-fbe58d39f496","ReportStatus":"2051","CabGuid":"0"}
[10.78.233.207] {"timestamp":"2025-12-06 05:57:26","hostname":"HP-LAP704","channel":"Application","event_id":1001,"level":"Information","message":"Fault bucket , type 0\r\nEvent Name: BlueScreen\r\nResponse: Not available\r\nCab Id: 0\r\n\r\nProblem signature:\r\nP1: 50\r\nP2: ffff910d2469f000\r\nP3: 2\r\nP4: fffff80551e382e6\r\nP5: 2\r\nP6: 10_0_26200\r\nP7: 0_0\r\nP8: 768_1\r\nP9: \r\nP10: \r\n\r\nAttached files:\r\n\\\\?\\C:\\WINDOWS\\Minidump\\120125-15546-01.dmp\r\n\\\\?\\C:\\WINDOWS\\SystemTemp\\WER-15562-0.sysdata.xml\r\n\\\\?\\C:\\ProgramData\\Microsoft\\Windows\\WER\\Temp\\WER.0a26f1c6-6059-43f4-a748-be76e2ae30d5.tmp.WERInternalMetadata.xml\r\n\\\\?\\C:\\ProgramData\\Microsoft\\Windows\\WER\\Temp\\WER.b1ac543f-f5d2-40db-a92d-0f0b4aee9dc2.tmp.csv\r\n\\\\?\\C:\\ProgramData\\Microsoft\\Windows\\WER\\Temp\\WER.6f3f167a-1e76-4e55-9f5f-e4d96039bfde.tmp.txt\r\n\\\\?\\C:\\ProgramData\\Microsoft\\Windows\\WER\\Temp\\WER.af4c2492-923c-46ea-995e-2f303151c466.tmp.xml\r\n\r\nThese files may be available here:\r\n\\\\?\\C:\\ProgramData\\Microsoft\\Windows\\WER\\ReportQueue\\Kernel_50_bc49878cc24d325c698019c79f3ab53fb7b705e_00000000_51c61059-350f-4f0a-807b-a2124876e822\r\n\r\nAnalysis symbol: \r\nRechecking for solution: 0\r\nReport Id: 460210f6-9f51-4a03-ab49-b51c6d3599d7\r\nReport Status: 2051\r\nHashed bucket: \r\nCab Guid: 0","BucketType":"0","EventName":"BlueScreen","Response":"Not available","CabId":"0","P1":"50","P2":"ffff910d2469f000","P3":"2","P4":"fffff80551e382e6","P5":"2","P6":"10_0_26200","P7":"0_0","P8":"768_1","AttachedFiles":"\n\\\\?\\C:\\WINDOWS\\Minidump\\120125-15546-01.dmp\n\\\\?\\C:\\WINDOWS\\SystemTemp\\WER-15562-0.sysdata.xml\n\\\\?\\C:\\ProgramData\\Microsoft\\Windows\\WER\\Temp\\WER.0a26f1c6-6059-43f4-a748-be76e2ae30d5.tmp.WERInternalMetadata.xml\n\\\\?\\C:\\ProgramData\\Microsoft\\Windows\\WER\\Temp\\WER.b1ac543f-f5d2-40db-a92d-0f0b4aee9dc2.tmp.csv\n\\\\?\\C:\\ProgramData\\Microsoft\\Windows\\WER\\Temp\\WER.6f3f167a-1e76-4e55-9f5f-e4d96039bfde.tmp.txt\n\\\\?\\C:\\ProgramData\\Microsoft\\Windows\\WER\\Temp\\WER.af4c2492-923c-46ea-995e-2f303151c466.tmp.xml","StorePath":"\\\\?\\C:\\ProgramData\\Microsoft\\Windows\\WER\\ReportQueue\\Kernel_50_bc49878cc24d325c698019c79f3ab53fb7b705e_00000000_51c61059-350f-4f0a-807b-a2124876e822","Rechecking":"0","ReportId":"460210f6-9f51-4a03-ab49-b51c6d3599d7","ReportStatus":"2051","CabGuid":"0"}
[10.78.233.207] {"timestamp":"2025-12-06 05:57:26","hostname":"HP-LAP704","channel":"Application","event_id":1001,"level":"Information","message":"Fault bucket , type 0\r\nEvent Name: LiveKernelEvent\r\nResponse: Not available\r\nCab Id: 0\r\n\r\nProblem signature:\r\nP1: 141\r\nP2: ffffd283bdf1a010\r\nP3: fffff8053c076890\r\nP4: 0\r\nP5: ffffd283a1953080\r\nP6: 10_0_26200\r\nP7: 0_0\r\nP8: 768_1\r\nP9: \r\nP10: \r\n\r\nAttached files:\r\n\\\\?\\C:\\WINDOWS\\LiveKernelReports\\WATCHDOG\\WATCHDOG-20251201-2345.dmp\r\n\\\\?\\C:\\WINDOWS\\SystemTemp\\WER-76050531-0.sysdata.xml\r\n\\\\?\\C:\\ProgramData\\Microsoft\\Windows\\WER\\Temp\\WER.c620f948-ec4a-40d4-9b6d-78bc96d27fc0.tmp.WERInternalMetadata.xml\r\n\\\\?\\C:\\ProgramData\\Microsoft\\Windows\\WER\\Temp\\WER.896fc3ef-3a8a-4c78-ab39-c318430393cc.tmp.csv\r\n\\\\?\\C:\\ProgramData\\Microsoft\\Windows\\WER\\Temp\\WER.d841314c-ce6e-44b8-a330-3a0889fbef78.tmp.txt\r\n\\\\?\\C:\\ProgramData\\Microsoft\\Windows\\WER\\Temp\\WER.d9202f66-64c6-4b04-8aee-a37ebeed2084.tmp.xml\r\n\r\nThese files may be available here:\r\n\\\\?\\C:\\ProgramData\\Microsoft\\Windows\\WER\\ReportQueue\\Kernel_141_e8b78d58d9f0c49e811c83c890b54d6a2f9977bb_00000000_aedac189-9c20-487b-94e2-152bb2930297\r\n\r\nAnalysis symbol: \r\nRechecking for solution: 0\r\nReport Id: aedac189-9c20-487b-94e2-152bb2930297\r\nReport Status: 2051\r\nHashed bucket: \r\nCab Guid: 0","BucketType":"0","EventName":"LiveKernelEvent","Response":"Not available","CabId":"0","P1":"141","P2":"ffffd283bdf1a010","P3":"fffff8053c076890","P4":"0","P5":"ffffd283a1953080","P6":"10_0_26200","P7":"0_0","P8":"768_1","AttachedFiles":"\n\\\\?\\C:\\WINDOWS\\LiveKernelReports\\WATCHDOG\\WATCHDOG-20251201-2345.dmp\n\\\\?\\C:\\WINDOWS\\SystemTemp\\WER-76050531-0.sysdata.xml\n\\\\?\\C:\\ProgramData\\Microsoft\\Windows\\WER\\Temp\\WER.c620f948-ec4a-40d4-9b6d-78bc96d27fc0.tmp.WERInternalMetadata.xml\n\\\\?\\C:\\ProgramData\\Microsoft\\Windows\\WER\\Temp\\WER.896fc3ef-3a8a-4c78-ab39-c318430393cc.tmp.csv\n\\\\?\\C:\\ProgramData\\Microsoft\\Windows\\WER\\Temp\\WER.d841314c-ce6e-44b8-a330-3a0889fbef78.tmp.txt\n\\\\?\\C:\\ProgramData\\Microsoft\\Windows\\WER\\Temp\\WER.d9202f66-64c6-4b04-8aee-a37ebeed2084.tmp.xml","StorePath":"\\\\?\\C:\\ProgramData\\Microsoft\\Windows\\WER\\ReportQueue\\Kernel_141_e8b78d58d9f0c49e811c83c890b54d6a2f9977bb_00000000_aedac189-9c20-487b-94e2-152bb2930297","Rechecking":"0","ReportId":"aedac189-9c20-487b-94e2-152bb2930297","ReportStatus":"2051","CabGuid":"0"}
[10.78.233.207] {"timestamp":"2025-12-06 05:57:27","hostname":"HP-LAP704","channel":"Application","event_id":1001,"level":"Information","message":"Fault bucket , type 0\r\nEvent Name: LiveKernelEvent\r\nResponse: Not available\r\nCab Id: 0\r\n\r\nProblem signature:\r\nP1: 117\r\nP2: ffffd283b646e010\r\nP3: fffff8053c076890\r\nP4: 0\r\nP5: 0\r\nP6: 10_0_26200\r\nP7: 0_0\r\nP8: 768_1\r\nP9: \r\nP10: \r\n\r\nAttached files:\r\n\\\\?\\C:\\WINDOWS\\LiveKernelReports\\WATCHDOG\\WATCHDOG-20251201-2346.dmp\r\n\\\\?\\C:\\WINDOWS\\SystemTemp\\WER-76061296-0.sysdata.xml\r\n\\\\?\\C:\\ProgramData\\Microsoft\\Windows\\WER\\Temp\\WER.62509d93-1b1c-45e1-80fc-784f619dbfad.tmp.WERInternalMetadata.xml\r\n\\\\?\\C:\\ProgramData\\Microsoft\\Windows\\WER\\Temp\\WER.f1a14a1d-8e7c-46e5-b013-e9b7b5990572.tmp.csv\r\n\\\\?\\C:\\ProgramData\\Microsoft\\Windows\\WER\\Temp\\WER.d33d9934-37e1-44e9-b5bb-a60c25ba3f18.tmp.txt\r\n\\\\?\\C:\\ProgramData\\Microsoft\\Windows\\WER\\Temp\\WER.aca18cba-3c7f-4273-a5b3-649199f099de.tmp.xml\r\n\r\nThese files may be available here:\r\n\\\\?\\C:\\ProgramData\\Microsoft\\Windows\\WER\\ReportQueue\\Kernel_117_4ee0255e174474bcc66d5c2532e23823bd648459_00000000_6a830645-dadc-469d-9355-dd3374c5fe58\r\n\r\nAnalysis symbol: \r\nRechecking for solution: 0\r\nReport Id: 6a830645-dadc-469d-9355-dd3374c5fe58\r\nReport Status: 2051\r\nHashed bucket: \r\nCab Guid: 0","BucketType":"0","EventName":"LiveKernelEvent","Response":"Not available","CabId":"0","P1":"117","P2":"ffffd283b646e010","P3":"fffff8053c076890","P4":"0","P5":"0","P6":"10_0_26200","P7":"0_0","P8":"768_1","AttachedFiles":"\n\\\\?\\C:\\WINDOWS\\LiveKernelReports\\WATCHDOG\\WATCHDOG-20251201-2346.dmp\n\\\\?\\C:\\WINDOWS\\SystemTemp\\WER-76061296-0.sysdata.xml\n\\\\?\\C:\\ProgramData\\Microsoft\\Windows\\WER\\Temp\\WER.62509d93-1b1c-45e1-80fc-784f619dbfad.tmp.WERInternalMetadata.xml\n\\\\?\\C:\\ProgramData\\Microsoft\\Windows\\WER\\Temp\\WER.f1a14a1d-8e7c-46e5-b013-e9b7b5990572.tmp.csv\n\\\\?\\C:\\ProgramData\\Microsoft\\Windows\\WER\\Temp\\WER.d33d9934-37e1-44e9-b5bb-a60c25ba3f18.tmp.txt\n\\\\?\\C:\\ProgramData\\Microsoft\\Windows\\WER\\Temp\\WER.aca18cba-3c7f-4273-a5b3-649199f099de.tmp.xml","StorePath":"\\\\?\\C:\\ProgramData\\Microsoft\\Windows\\WER\\ReportQueue\\Kernel_117_4ee0255e174474bcc66d5c2532e23823bd648459_00000000_6a830645-dadc-469d-9355-dd3374c5fe58","Rechecking":"0","ReportId":"6a830645-dadc-469d-9355-dd3374c5fe58","ReportStatus":"2051","CabGuid":"0"}
[10.78.233.207] {"timestamp":"2025-12-06 05:57:30","hostname":"HP-LAP704","channel":"Security","event_id":4624,"level":"Information","message":"An account was successfully logged on.\r\n\r\nSubject:\r\n\tSecurity ID:\t\tS-1-5-18\r\n\tAccount Name:\t\tHP-LAP704$\r\n\tAccount Domain:\t\tWORKGROUP\r\n\tLogon ID:\t\t0x3E7\r\n\r\nLogon Information:\r\n\tLogon Type:\t\t5\r\n\tRestricted Admin Mode:\t-\r\n\tRemote Credential Guard:\t-\r\n\tVirtual Account:\t\tNo\r\n\tElevated Token:\t\tYes\r\n\r\nImpersonation Level:\t\tImpersonation\r\n\r\nNew Logon:\r\n\tSecurity ID:\t\tS-1-5-18\r\n\tAccount Name:\t\tSYSTEM\r\n\tAccount Domain:\t\tNT AUTHORITY\r\n\tLogon ID:\t\t0x3E7\r\n\tLinked Logon ID:\t\t0x0\r\n\tNetwork Account Name:\t-\r\n\tNetwork Account Domain:\t-\r\n\tLogon GUID:\t\t{00000000-0000-0000-0000-000000000000}\r\n\r\nProcess Information:\r\n\tProcess ID:\t\t0x4c4\r\n\tProcess Name:\t\tC:\\Windows\\System32\\services.exe\r\n\r\nNetwork Information:\r\n\tWorkstation Name:\t-\r\n\tSource Network Address:\t-\r\n\tSource Port:\t\t-\r\n\r\nDetailed Authentication Information:\r\n\tLogon Process:\t\tAdvapi  \r\n\tAuthentication Package:\tNegotiate\r\n\tTransited Services:\t-\r\n\tPackage Name (NTLM only):\t-\r\n\tKey Length:\t\t0\r\n\r\nThis event is generated when a logon session is created. It is generated on the computer that was accessed.\r\n\r\nThe subject fields indicate the account on the local system which requested the logon. This is most commonly a service such as the Server service, or a local process such as Winlogon.exe or Services.exe.\r\n\r\nThe logon type field indicates the kind of logon that occurred. The most common types are 2 (interactive) and 3 (network).\r\n\r\nThe New Logon fields indicate the account for whom the new logon was created, i.e. the account that was logged on.\r\n\r\nThe network fields indicate where a remote logon request originated. Workstation name is not always available and may be left blank in some cases.\r\n\r\nThe impersonation level field indicates the extent to which a process in the logon session can impersonate.\r\n\r\nThe authentication information fields provide detailed information about this specific logon request.\r\n\t- Logon GUID is a unique identifier that can be used to correlate this event with a KDC event.\r\n\t- Transited services indicate which intermediate services have participated in this logon request.\r\n\t- Package name indicates which sub-protocol was used among the NTLM protocols.\r\n\t- Key length indicates the length of the generated session key. This will be 0 if no session key was requested.","SubjectUserSid":"S-1-5-18","SubjectUserName":"HP-LAP704$","SubjectDomainName":"WORKGROUP","SubjectLogonId":"0x3e7","TargetUserSid":"S-1-5-18","TargetUserName":"SYSTEM","TargetDomainName":"NT AUTHORITY","TargetLogonId":"0x3e7","LogonType":"5","LogonProcessName":"Advapi  ","AuthenticationPackageName":"Negotiate","WorkstationName":"-","LogonGuid":"{00000000-0000-0000-0000-000000000000}","TransmittedServices":"-","LmPackageName":"-","KeyLength":"0","ProcessId":"0x4c4","ProcessName":"C:\\Windows\\System32\\services.exe","IpAddress":"-","IpPort":"-","ImpersonationLevel":"%%1833","RestrictedAdminMode":"-","RemoteCredentialGuard":"-","TargetOutboundUserName":"-","TargetOutboundDomainName":"-","VirtualAccount":"%%1843","TargetLinkedLogonId":"0x0","ElevatedToken":"%%1842"}
[10.78.233.207] {"timestamp":"2025-12-06 05:57:30","hostname":"HP-LAP704","channel":"Security","event_id":4672,"level":"Information","message":"Special privileges assigned to new logon.\r\n\r\nSubject:\r\n\tSecurity ID:\t\tS-1-5-18\r\n\tAccount Name:\t\tSYSTEM\r\n\tAccount Domain:\t\tNT AUTHORITY\r\n\tLogon ID:\t\t0x3E7\r\n\r\nPrivileges:\t\tSeAssignPrimaryTokenPrivilege\r\n\t\t\tSeTcbPrivilege\r\n\t\t\tSeSecurityPrivilege\r\n\t\t\tSeTakeOwnershipPrivilege\r\n\t\t\tSeLoadDriverPrivilege\r\n\t\t\tSeBackupPrivilege\r\n\t\t\tSeRestorePrivilege\r\n\t\t\tSeDebugPrivilege\r\n\t\t\tSeAuditPrivilege\r\n\t\t\tSeSystemEnvironmentPrivilege\r\n\t\t\tSeImpersonatePrivilege\r\n\t\t\tSeDelegateSessionUserImpersonatePrivilege","SubjectUserSid":"S-1-5-18","SubjectUserName":"SYSTEM","SubjectDomainName":"NT AUTHORITY","SubjectLogonId":"0x3e7","PrivilegeList":"SeAssignPrimaryTokenPrivilege\n\t\t\tSeTcbPrivilege\n\t\t\tSeSecurityPrivilege\n\t\t\tSeTakeOwnershipPrivilege\n\t\t\tSeLoadDriverPrivilege\n\t\t\tSeBackupPrivilege\n\t\t\tSeRestorePrivilege\n\t\t\tSeDebugPrivilege\n\t\t\tSeAuditPrivilege\n\t\t\tSeSystemEnvironmentPrivilege\n\t\t\tSeImpersonatePrivilege\n\t\t\tSeDelegateSessionUserImpersonatePrivilege"}
[10.78.233.207] {"timestamp":"2025-12-06 05:57:30","hostname":"HP-LAP704","channel":"Security","event_id":4798,"level":"Information","message":"A user\u0027s local group membership was enumerated.\r\n\r\nSubject:\r\n\tSecurity ID:\t\tS-1-5-18\r\n\tAccount Name:\t\tHP-LAP704$\r\n\tAccount Domain:\t\tWORKGROUP\r\n\tLogon ID:\t\t0x3E7\r\n\r\nUser:\r\n\tSecurity ID:\t\tS-1-5-21-64021822-3933034794-494143053-500\r\n\tAccount Name:\t\tAdministrator\r\n\tAccount Domain:\t\tHP-LAP704\r\n\r\nProcess Information:\r\n\tProcess ID:\t\t0x2a10\r\n\tProcess Name:\t\tC:\\Windows\\System32\\svchost.exe","TargetUserName":"Administrator","TargetDomainName":"HP-LAP704","TargetSid":"S-1-5-21-64021822-3933034794-494143053-500","SubjectUserSid":"S-1-5-18","SubjectUserName":"HP-LAP704$","SubjectDomainName":"WORKGROUP","SubjectLogonId":"0x3e7","CallerProcessId":"0x2a10","CallerProcessName":"C:\\Windows\\System32\\svchost.exe"}
[10.78.233.207] {"timestamp":"2025-12-06 05:57:30","hostname":"HP-LAP704","channel":"Security","event_id":4798,"level":"Information","message":"A user\u0027s local group membership was enumerated.\r\n\r\nSubject:\r\n\tSecurity ID:\t\tS-1-5-18\r\n\tAccount Name:\t\tHP-LAP704$\r\n\tAccount Domain:\t\tWORKGROUP\r\n\tLogon ID:\t\t0x3E7\r\n\r\nUser:\r\n\tSecurity ID:\t\tS-1-5-21-64021822-3933034794-494143053-503\r\n\tAccount Name:\t\tDefaultAccount\r\n\tAccount Domain:\t\tHP-LAP704\r\n\r\nProcess Information:\r\n\tProcess ID:\t\t0x2a10\r\n\tProcess Name:\t\tC:\\Windows\\System32\\svchost.exe","TargetUserName":"DefaultAccount","TargetDomainName":"HP-LAP704","TargetSid":"S-1-5-21-64021822-3933034794-494143053-503","SubjectUserSid":"S-1-5-18","SubjectUserName":"HP-LAP704$","SubjectDomainName":"WORKGROUP","SubjectLogonId":"0x3e7","CallerProcessId":"0x2a10","CallerProcessName":"C:\\Windows\\System32\\svchost.exe"}
[10.78.233.207] {"timestamp":"2025-12-06 05:57:30","hostname":"HP-LAP704","channel":"Security","event_id":4798,"level":"Information","message":"A user\u0027s local group membership was enumerated.\r\n\r\nSubject:\r\n\tSecurity ID:\t\tS-1-5-18\r\n\tAccount Name:\t\tHP-LAP704$\r\n\tAccount Domain:\t\tWORKGROUP\r\n\tLogon ID:\t\t0x3E7\r\n\r\nUser:\r\n\tSecurity ID:\t\tS-1-5-21-64021822-3933034794-494143053-1008\r\n\tAccount Name:\t\tDhruvika\r\n\tAccount Domain:\t\tHP-LAP704\r\n\r\nProcess Information:\r\n\tProcess ID:\t\t0x2a10\r\n\tProcess Name:\t\tC:\\Windows\\System32\\svchost.exe","TargetUserName":"Dhruvika","TargetDomainName":"HP-LAP704","TargetSid":"S-1-5-21-64021822-3933034794-494143053-1008","SubjectUserSid":"S-1-5-18","SubjectUserName":"HP-LAP704$","SubjectDomainName":"WORKGROUP","SubjectLogonId":"0x3e7","CallerProcessId":"0x2a10","CallerProcessName":"C:\\Windows\\System32\\svchost.exe"}
[10.78.233.207] {"timestamp":"2025-12-06 05:57:30","hostname":"HP-LAP704","channel":"Security","event_id":4798,"level":"Information","message":"A user\u0027s local group membership was enumerated.\r\n\r\nSubject:\r\n\tSecurity ID:\t\tS-1-5-18\r\n\tAccount Name:\t\tHP-LAP704$\r\n\tAccount Domain:\t\tWORKGROUP\r\n\tLogon ID:\t\t0x3E7\r\n\r\nUser:\r\n\tSecurity ID:\t\tS-1-5-21-64021822-3933034794-494143053-501\r\n\tAccount Name:\t\tGuest\r\n\tAccount Domain:\t\tHP-LAP704\r\n\r\nProcess Information:\r\n\tProcess ID:\t\t0x2a10\r\n\tProcess Name:\t\tC:\\Windows\\System32\\svchost.exe","TargetUserName":"Guest","TargetDomainName":"HP-LAP704","TargetSid":"S-1-5-21-64021822-3933034794-494143053-501","SubjectUserSid":"S-1-5-18","SubjectUserName":"HP-LAP704$","SubjectDomainName":"WORKGROUP","SubjectLogonId":"0x3e7","CallerProcessId":"0x2a10","CallerProcessName":"C:\\Windows\\System32\\svchost.exe"}
[10.78.233.207] {"timestamp":"2025-12-06 05:57:30","hostname":"HP-LAP704","channel":"Security","event_id":4798,"level":"Information","message":"A user\u0027s local group membership was enumerated.\r\n\r\nSubject:\r\n\tSecurity ID:\t\tS-1-5-18\r\n\tAccount Name:\t\tHP-LAP704$\r\n\tAccount Domain:\t\tWORKGROUP\r\n\tLogon ID:\t\t0x3E7\r\n\r\nUser:\r\n\tSecurity ID:\t\tS-1-5-21-64021822-3933034794-494143053-1007\r\n\tAccount Name:\t\tharan\r\n\tAccount Domain:\t\tHP-LAP704\r\n\r\nProcess Information:\r\n\tProcess ID:\t\t0x2a10\r\n\tProcess Name:\t\tC:\\Windows\\System32\\svchost.exe","TargetUserName":"haran","TargetDomainName":"HP-LAP704","TargetSid":"S-1-5-21-64021822-3933034794-494143053-1007","SubjectUserSid":"S-1-5-18","SubjectUserName":"HP-LAP704$","SubjectDomainName":"WORKGROUP","SubjectLogonId":"0x3e7","CallerProcessId":"0x2a10","CallerProcessName":"C:\\Windows\\System32\\svchost.exe"}
[10.78.233.207] {"timestamp":"2025-12-06 05:57:30","hostname":"HP-LAP704","channel":"Security","event_id":4798,"level":"Information","message":"A user\u0027s local group membership was enumerated.\r\n\r\nSubject:\r\n\tSecurity ID:\t\tS-1-5-18\r\n\tAccount Name:\t\tHP-LAP704$\r\n\tAccount Domain:\t\tWORKGROUP\r\n\tLogon ID:\t\t0x3E7\r\n\r\nUser:\r\n\tSecurity ID:\t\tS-1-5-21-64021822-3933034794-494143053-1009\r\n\tAccount Name:\t\tHarsh\r\n\tAccount Domain:\t\tHP-LAP704\r\n\r\nProcess Information:\r\n\tProcess ID:\t\t0x2a10\r\n\tProcess Name:\t\tC:\\Windows\\System32\\svchost.exe","TargetUserName":"Harsh","TargetDomainName":"HP-LAP704","TargetSid":"S-1-5-21-64021822-3933034794-494143053-1009","SubjectUserSid":"S-1-5-18","SubjectUserName":"HP-LAP704$","SubjectDomainName":"WORKGROUP","SubjectLogonId":"0x3e7","CallerProcessId":"0x2a10","CallerProcessName":"C:\\Windows\\System32\\svchost.exe"}
[10.78.233.207] {"timestamp":"2025-12-06 05:57:30","hostname":"HP-LAP704","channel":"Security","event_id":4798,"level":"Information","message":"A user\u0027s local group membership was enumerated.\r\n\r\nSubject:\r\n\tSecurity ID:\t\tS-1-5-18\r\n\tAccount Name:\t\tHP-LAP704$\r\n\tAccount Domain:\t\tWORKGROUP\r\n\tLogon ID:\t\t0x3E7\r\n\r\nUser:\r\n\tSecurity ID:\t\tS-1-5-21-64021822-3933034794-494143053-500\r\n\tAccount Name:\t\tAdministrator\r\n\tAccount Domain:\t\tHP-LAP704\r\n\r\nProcess Information:\r\n\tProcess ID:\t\t0x2a10\r\n\tProcess Name:\t\tC:\\Windows\\System32\\svchost.exe","TargetUserName":"Administrator","TargetDomainName":"HP-LAP704","TargetSid":"S-1-5-21-64021822-3933034794-494143053-500","SubjectUserSid":"S-1-5-18","SubjectUserName":"HP-LAP704$","SubjectDomainName":"WORKGROUP","SubjectLogonId":"0x3e7","CallerProcessId":"0x2a10","CallerProcessName":"C:\\Windows\\System32\\svchost.exe"}
