[10.78.233.207] {"timestamp":"2025-12-06 04:31:01","hostname":"HP-LAP704","channel":"Security","event_id":4798,"level":"Information","message":"A user\u0027s local group membership was enumerated.\r\n\r\nSubject:\r\n\tSecurity ID:\t\tS-1-5-18\r\n\tAccount Name:\t\tHP-LAP704$\r\n\tAccount Domain:\t\tWORKGROUP\r\n\tLogon ID:\t\t0x3E7\r\n\r\nUser:\r\n\tSecurity ID:\t\tS-1-5-21-64021822-3933034794-494143053-1008\r\n\tAccount Name:\t\tDhruvika\r\n\tAccount Domain:\t\tHP-LAP704\r\n\r\nProcess Information:\r\n\tProcess ID:\t\t0x2a10\r\n\tProcess Name:\t\tC:\\Windows\\System32\\svchost.exe","TargetUserName":"Dhruvika","TargetDomainName":"HP-LAP704","TargetSid":"S-1-5-21-64021822-3933034794-494143053-1008","SubjectUserSid":"S-1-5-18","SubjectUserName":"HP-LAP704$","SubjectDomainName":"WORKGROUP","SubjectLogonId":"0x3e7","CallerProcessId":"0x2a10","CallerProcessName":"C:\\Windows\\System32\\svchost.exe"}
[10.78.233.207] {"timestamp":"2025-12-06 04:31:01","hostname":"HP-LAP704","channel":"Security","event_id":4798,"level":"Information","message":"A user\u0027s local group membership was enumerated.\r\n\r\nSubject:\r\n\tSecurity ID:\t\tS-1-5-18\r\n\tAccount Name:\t\tHP-LAP704$\r\n\tAccount Domain:\t\tWORKGROUP\r\n\tLogon ID:\t\t0x3E7\r\n\r\nUser:\r\n\tSecurity ID:\t\tS-1-5-21-64021822-3933034794-494143053-501\r\n\tAccount Name:\t\tGuest\r\n\tAccount Domain:\t\tHP-LAP704\r\n\r\nProcess Information:\r\n\tProcess ID:\t\t0x2a10\r\n\tProcess Name:\t\tC:\\Windows\\System32\\svchost.exe","TargetUserName":"Guest","TargetDomainName":"HP-LAP704","TargetSid":"S-1-5-21-64021822-3933034794-494143053-501","SubjectUserSid":"S-1-5-18","SubjectUserName":"HP-LAP704$","SubjectDomainName":"WORKGROUP","SubjectLogonId":"0x3e7","CallerProcessId":"0x2a10","CallerProcessName":"C:\\Windows\\System32\\svchost.exe"}
[10.78.233.207] {"timestamp":"2025-12-06 04:31:01","hostname":"HP-LAP704","channel":"Security","event_id":4798,"level":"Information","message":"A user\u0027s local group membership was enumerated.\r\n\r\nSubject:\r\n\tSecurity ID:\t\tS-1-5-18\r\n\tAccount Name:\t\tHP-LAP704$\r\n\tAccount Domain:\t\tWORKGROUP\r\n\tLogon ID:\t\t0x3E7\r\n\r\nUser:\r\n\tSecurity ID:\t\tS-1-5-21-64021822-3933034794-494143053-1007\r\n\tAccount Name:\t\tharan\r\n\tAccount Domain:\t\tHP-LAP704\r\n\r\nProcess Information:\r\n\tProcess ID:\t\t0x2a10\r\n\tProcess Name:\t\tC:\\Windows\\System32\\svchost.exe","TargetUserName":"haran","TargetDomainName":"HP-LAP704","TargetSid":"S-1-5-21-64021822-3933034794-494143053-1007","SubjectUserSid":"S-1-5-18","SubjectUserName":"HP-LAP704$","SubjectDomainName":"WORKGROUP","SubjectLogonId":"0x3e7","CallerProcessId":"0x2a10","CallerProcessName":"C:\\Windows\\System32\\svchost.exe"}
[10.78.233.207] {"timestamp":"2025-12-06 04:31:01","hostname":"HP-LAP704","channel":"Security","event_id":4798,"level":"Information","message":"A user\u0027s local group membership was enumerated.\r\n\r\nSubject:\r\n\tSecurity ID:\t\tS-1-5-18\r\n\tAccount Name:\t\tHP-LAP704$\r\n\tAccount Domain:\t\tWORKGROUP\r\n\tLogon ID:\t\t0x3E7\r\n\r\nUser:\r\n\tSecurity ID:\t\tS-1-5-21-64021822-3933034794-494143053-1009\r\n\tAccount Name:\t\tHarsh\r\n\tAccount Domain:\t\tHP-LAP704\r\n\r\nProcess Information:\r\n\tProcess ID:\t\t0x2a10\r\n\tProcess Name:\t\tC:\\Windows\\System32\\svchost.exe","TargetUserName":"Harsh","TargetDomainName":"HP-LAP704","TargetSid":"S-1-5-21-64021822-3933034794-494143053-1009","SubjectUserSid":"S-1-5-18","SubjectUserName":"HP-LAP704$","SubjectDomainName":"WORKGROUP","SubjectLogonId":"0x3e7","CallerProcessId":"0x2a10","CallerProcessName":"C:\\Windows\\System32\\svchost.exe"}
[10.78.233.207] {"timestamp":"2025-12-06 04:31:01","hostname":"HP-LAP704","channel":"Security","event_id":4798,"level":"Information","message":"A user\u0027s local group membership was enumerated.\r\n\r\nSubject:\r\n\tSecurity ID:\t\tS-1-5-18\r\n\tAccount Name:\t\tHP-LAP704$\r\n\tAccount Domain:\t\tWORKGROUP\r\n\tLogon ID:\t\t0x3E7\r\n\r\nUser:\r\n\tSecurity ID:\t\tS-1-5-21-64021822-3933034794-494143053-1004\r\n\tAccount Name:\t\tjains\r\n\tAccount Domain:\t\tHP-LAP704\r\n\r\nProcess Information:\r\n\tProcess ID:\t\t0x2a10\r\n\tProcess Name:\t\tC:\\Windows\\System32\\svchost.exe","TargetUserName":"jains","TargetDomainName":"HP-LAP704","TargetSid":"S-1-5-21-64021822-3933034794-494143053-1004","SubjectUserSid":"S-1-5-18","SubjectUserName":"HP-LAP704$","SubjectDomainName":"WORKGROUP","SubjectLogonId":"0x3e7","CallerProcessId":"0x2a10","CallerProcessName":"C:\\Windows\\System32\\svchost.exe"}
[10.78.233.207] {"timestamp":"2025-12-06 04:31:01","hostname":"HP-LAP704","channel":"Security","event_id":4798,"level":"Information","message":"A user\u0027s local group membership was enumerated.\r\n\r\nSubject:\r\n\tSecurity ID:\t\tS-1-5-18\r\n\tAccount Name:\t\tHP-LAP704$\r\n\tAccount Domain:\t\tWORKGROUP\r\n\tLogon ID:\t\t0x3E7\r\n\r\nUser:\r\n\tSecurity ID:\t\tS-1-5-21-64021822-3933034794-494143053-1006\r\n\tAccount Name:\t\tmahav\r\n\tAccount Domain:\t\tHP-LAP704\r\n\r\nProcess Information:\r\n\tProcess ID:\t\t0x2a10\r\n\tProcess Name:\t\tC:\\Windows\\System32\\svchost.exe","TargetUserName":"mahav","TargetDomainName":"HP-LAP704","TargetSid":"S-1-5-21-64021822-3933034794-494143053-1006","SubjectUserSid":"S-1-5-18","SubjectUserName":"HP-LAP704$","SubjectDomainName":"WORKGROUP","SubjectLogonId":"0x3e7","CallerProcessId":"0x2a10","CallerProcessName":"C:\\Windows\\System32\\svchost.exe"}
[10.78.233.207] {"timestamp":"2025-12-06 04:31:01","hostname":"HP-LAP704","channel":"Security","event_id":4798,"level":"Information","message":"A user\u0027s local group membership was enumerated.\r\n\r\nSubject:\r\n\tSecurity ID:\t\tS-1-5-18\r\n\tAccount Name:\t\tHP-LAP704$\r\n\tAccount Domain:\t\tWORKGROUP\r\n\tLogon ID:\t\t0x3E7\r\n\r\nUser:\r\n\tSecurity ID:\t\tS-1-5-21-64021822-3933034794-494143053-1003\r\n\tAccount Name:\t\tmoni3\r\n\tAccount Domain:\t\tHP-LAP704\r\n\r\nProcess Information:\r\n\tProcess ID:\t\t0x2a10\r\n\tProcess Name:\t\tC:\\Windows\\System32\\svchost.exe","TargetUserName":"moni3","TargetDomainName":"HP-LAP704","TargetSid":"S-1-5-21-64021822-3933034794-494143053-1003","SubjectUserSid":"S-1-5-18","SubjectUserName":"HP-LAP704$","SubjectDomainName":"WORKGROUP","SubjectLogonId":"0x3e7","CallerProcessId":"0x2a10","CallerProcessName":"C:\\Windows\\System32\\svchost.exe"}
[10.78.233.207] {"timestamp":"2025-12-06 04:31:01","hostname":"HP-LAP704","channel":"Security","event_id":4798,"level":"Information","message":"A user\u0027s local group membership was enumerated.\r\n\r\nSubject:\r\n\tSecurity ID:\t\tS-1-5-18\r\n\tAccount Name:\t\tHP-LAP704$\r\n\tAccount Domain:\t\tWORKGROUP\r\n\tLogon ID:\t\t0x3E7\r\n\r\nUser:\r\n\tSecurity ID:\t\tS-1-5-21-64021822-3933034794-494143053-1001\r\n\tAccount Name:\t\tnavka\r\n\tAccount Domain:\t\tHP-LAP704\r\n\r\nProcess Information:\r\n\tProcess ID:\t\t0x2a10\r\n\tProcess Name:\t\tC:\\Windows\\System32\\svchost.exe","TargetUserName":"navka","TargetDomainName":"HP-LAP704","TargetSid":"S-1-5-21-64021822-3933034794-494143053-1001","SubjectUserSid":"S-1-5-18","SubjectUserName":"HP-LAP704$","SubjectDomainName":"WORKGROUP","SubjectLogonId":"0x3e7","CallerProcessId":"0x2a10","CallerProcessName":"C:\\Windows\\System32\\svchost.exe"}
[10.78.233.207] {"timestamp":"2025-12-06 04:31:01","hostname":"HP-LAP704","channel":"Security","event_id":4799,"level":"Information","message":"A security-enabled local group membership was enumerated.\r\n\r\nSubject:\r\n\tSecurity ID:\t\tS-1-5-18\r\n\tAccount Name:\t\tHP-LAP704$\r\n\tAccount Domain:\t\tWORKGROUP\r\n\tLogon ID:\t\t0x3E7\r\n\r\nGroup:\r\n\tSecurity ID:\t\tS-1-5-32-583\r\n\tGroup Name:\t\tDevice Owners\r\n\tGroup Domain:\t\tBuiltin\r\n\r\nProcess Information:\r\n\tProcess ID:\t\t0x2a10\r\n\tProcess Name:\t\tC:\\Windows\\System32\\svchost.exe","TargetUserName":"Device Owners","TargetDomainName":"Builtin","TargetSid":"S-1-5-32-583","SubjectUserSid":"S-1-5-18","SubjectUserName":"HP-LAP704$","SubjectDomainName":"WORKGROUP","SubjectLogonId":"0x3e7","CallerProcessId":"0x2a10","CallerProcessName":"C:\\Windows\\System32\\svchost.exe"}
[10.78.233.207] {"timestamp":"2025-12-06 04:31:01","hostname":"HP-LAP704","channel":"Security","event_id":4798,"level":"Information","message":"A user\u0027s local group membership was enumerated.\r\n\r\nSubject:\r\n\tSecurity ID:\t\tS-1-5-18\r\n\tAccount Name:\t\tHP-LAP704$\r\n\tAccount Domain:\t\tWORKGROUP\r\n\tLogon ID:\t\t0x3E7\r\n\r\nUser:\r\n\tSecurity ID:\t\tS-1-5-21-64021822-3933034794-494143053-500\r\n\tAccount Name:\t\tAdministrator\r\n\tAccount Domain:\t\tHP-LAP704\r\n\r\nProcess Information:\r\n\tProcess ID:\t\t0x2a10\r\n\tProcess Name:\t\tC:\\Windows\\System32\\svchost.exe","TargetUserName":"Administrator","TargetDomainName":"HP-LAP704","TargetSid":"S-1-5-21-64021822-3933034794-494143053-500","SubjectUserSid":"S-1-5-18","SubjectUserName":"HP-LAP704$","SubjectDomainName":"WORKGROUP","SubjectLogonId":"0x3e7","CallerProcessId":"0x2a10","CallerProcessName":"C:\\Windows\\System32\\svchost.exe"}
[10.78.233.207] {"timestamp":"2025-12-06 04:31:01","hostname":"HP-LAP704","channel":"Security","event_id":4798,"level":"Information","message":"A user\u0027s local group membership was enumerated.\r\n\r\nSubject:\r\n\tSecurity ID:\t\tS-1-5-18\r\n\tAccount Name:\t\tHP-LAP704$\r\n\tAccount Domain:\t\tWORKGROUP\r\n\tLogon ID:\t\t0x3E7\r\n\r\nUser:\r\n\tSecurity ID:\t\tS-1-5-21-64021822-3933034794-494143053-503\r\n\tAccount Name:\t\tDefaultAccount\r\n\tAccount Domain:\t\tHP-LAP704\r\n\r\nProcess Information:\r\n\tProcess ID:\t\t0x2a10\r\n\tProcess Name:\t\tC:\\Windows\\System32\\svchost.exe","TargetUserName":"DefaultAccount","TargetDomainName":"HP-LAP704","TargetSid":"S-1-5-21-64021822-3933034794-494143053-503","SubjectUserSid":"S-1-5-18","SubjectUserName":"HP-LAP704$","SubjectDomainName":"WORKGROUP","SubjectLogonId":"0x3e7","CallerProcessId":"0x2a10","CallerProcessName":"C:\\Windows\\System32\\svchost.exe"}
[10.78.233.207] {"timestamp":"2025-12-06 04:31:01","hostname":"HP-LAP704","channel":"Security","event_id":4798,"level":"Information","message":"A user\u0027s local group membership was enumerated.\r\n\r\nSubject:\r\n\tSecurity ID:\t\tS-1-5-18\r\n\tAccount Name:\t\tHP-LAP704$\r\n\tAccount Domain:\t\tWORKGROUP\r\n\tLogon ID:\t\t0x3E7\r\n\r\nUser:\r\n\tSecurity ID:\t\tS-1-5-21-64021822-3933034794-494143053-1008\r\n\tAccount Name:\t\tDhruvika\r\n\tAccount Domain:\t\tHP-LAP704\r\n\r\nProcess Information:\r\n\tProcess ID:\t\t0x2a10\r\n\tProcess Name:\t\tC:\\Windows\\System32\\svchost.exe","TargetUserName":"Dhruvika","TargetDomainName":"HP-LAP704","TargetSid":"S-1-5-21-64021822-3933034794-494143053-1008","SubjectUserSid":"S-1-5-18","SubjectUserName":"HP-LAP704$","SubjectDomainName":"WORKGROUP","SubjectLogonId":"0x3e7","CallerProcessId":"0x2a10","CallerProcessName":"C:\\Windows\\System32\\svchost.exe"}
[10.78.233.207] {"timestamp":"2025-12-06 04:31:01","hostname":"HP-LAP704","channel":"Security","event_id":4798,"level":"Information","message":"A user\u0027s local group membership was enumerated.\r\n\r\nSubject:\r\n\tSecurity ID:\t\tS-1-5-18\r\n\tAccount Name:\t\tHP-LAP704$\r\n\tAccount Domain:\t\tWORKGROUP\r\n\tLogon ID:\t\t0x3E7\r\n\r\nUser:\r\n\tSecurity ID:\t\tS-1-5-21-64021822-3933034794-494143053-501\r\n\tAccount Name:\t\tGuest\r\n\tAccount Domain:\t\tHP-LAP704\r\n\r\nProcess Information:\r\n\tProcess ID:\t\t0x2a10\r\n\tProcess Name:\t\tC:\\Windows\\System32\\svchost.exe","TargetUserName":"Guest","TargetDomainName":"HP-LAP704","TargetSid":"S-1-5-21-64021822-3933034794-494143053-501","SubjectUserSid":"S-1-5-18","SubjectUserName":"HP-LAP704$","SubjectDomainName":"WORKGROUP","SubjectLogonId":"0x3e7","CallerProcessId":"0x2a10","CallerProcessName":"C:\\Windows\\System32\\svchost.exe"}
[10.78.233.207] {"timestamp":"2025-12-06 04:31:01","hostname":"HP-LAP704","channel":"Security","event_id":4798,"level":"Information","message":"A user\u0027s local group membership was enumerated.\r\n\r\nSubject:\r\n\tSecurity ID:\t\tS-1-5-18\r\n\tAccount Name:\t\tHP-LAP704$\r\n\tAccount Domain:\t\tWORKGROUP\r\n\tLogon ID:\t\t0x3E7\r\n\r\nUser:\r\n\tSecurity ID:\t\tS-1-5-21-64021822-3933034794-494143053-1007\r\n\tAccount Name:\t\tharan\r\n\tAccount Domain:\t\tHP-LAP704\r\n\r\nProcess Information:\r\n\tProcess ID:\t\t0x2a10\r\n\tProcess Name:\t\tC:\\Windows\\System32\\svchost.exe","TargetUserName":"haran","TargetDomainName":"HP-LAP704","TargetSid":"S-1-5-21-64021822-3933034794-494143053-1007","SubjectUserSid":"S-1-5-18","SubjectUserName":"HP-LAP704$","SubjectDomainName":"WORKGROUP","SubjectLogonId":"0x3e7","CallerProcessId":"0x2a10","CallerProcessName":"C:\\Windows\\System32\\svchost.exe"}
[10.78.233.207] {"timestamp":"2025-12-06 04:31:01","hostname":"HP-LAP704","channel":"Security","event_id":4798,"level":"Information","message":"A user\u0027s local group membership was enumerated.\r\n\r\nSubject:\r\n\tSecurity ID:\t\tS-1-5-18\r\n\tAccount Name:\t\tHP-LAP704$\r\n\tAccount Domain:\t\tWORKGROUP\r\n\tLogon ID:\t\t0x3E7\r\n\r\nUser:\r\n\tSecurity ID:\t\tS-1-5-21-64021822-3933034794-494143053-1009\r\n\tAccount Name:\t\tHarsh\r\n\tAccount Domain:\t\tHP-LAP704\r\n\r\nProcess Information:\r\n\tProcess ID:\t\t0x2a10\r\n\tProcess Name:\t\tC:\\Windows\\System32\\svchost.exe","TargetUserName":"Harsh","TargetDomainName":"HP-LAP704","TargetSid":"S-1-5-21-64021822-3933034794-494143053-1009","SubjectUserSid":"S-1-5-18","SubjectUserName":"HP-LAP704$","SubjectDomainName":"WORKGROUP","SubjectLogonId":"0x3e7","CallerProcessId":"0x2a10","CallerProcessName":"C:\\Windows\\System32\\svchost.exe"}
[10.78.233.207] {"timestamp":"2025-12-06 04:31:01","hostname":"HP-LAP704","channel":"Security","event_id":4798,"level":"Information","message":"A user\u0027s local group membership was enumerated.\r\n\r\nSubject:\r\n\tSecurity ID:\t\tS-1-5-18\r\n\tAccount Name:\t\tHP-LAP704$\r\n\tAccount Domain:\t\tWORKGROUP\r\n\tLogon ID:\t\t0x3E7\r\n\r\nUser:\r\n\tSecurity ID:\t\tS-1-5-21-64021822-3933034794-494143053-500\r\n\tAccount Name:\t\tAdministrator\r\n\tAccount Domain:\t\tHP-LAP704\r\n\r\nProcess Information:\r\n\tProcess ID:\t\t0x2a10\r\n\tProcess Name:\t\tC:\\Windows\\System32\\svchost.exe","TargetUserName":"Administrator","TargetDomainName":"HP-LAP704","TargetSid":"S-1-5-21-64021822-3933034794-494143053-500","SubjectUserSid":"S-1-5-18","SubjectUserName":"HP-LAP704$","SubjectDomainName":"WORKGROUP","SubjectLogonId":"0x3e7","CallerProcessId":"0x2a10","CallerProcessName":"C:\\Windows\\System32\\svchost.exe"}
[10.78.233.207] {"timestamp":"2025-12-06 04:31:01","hostname":"HP-LAP704","channel":"Security","event_id":4798,"level":"Information","message":"A user\u0027s local group membership was enumerated.\r\n\r\nSubject:\r\n\tSecurity ID:\t\tS-1-5-18\r\n\tAccount Name:\t\tHP-LAP704$\r\n\tAccount Domain:\t\tWORKGROUP\r\n\tLogon ID:\t\t0x3E7\r\n\r\nUser:\r\n\tSecurity ID:\t\tS-1-5-21-64021822-3933034794-494143053-503\r\n\tAccount Name:\t\tDefaultAccount\r\n\tAccount Domain:\t\tHP-LAP704\r\n\r\nProcess Information:\r\n\tProcess ID:\t\t0x2a10\r\n\tProcess Name:\t\tC:\\Windows\\System32\\svchost.exe","TargetUserName":"DefaultAccount","TargetDomainName":"HP-LAP704","TargetSid":"S-1-5-21-64021822-3933034794-494143053-503","SubjectUserSid":"S-1-5-18","SubjectUserName":"HP-LAP704$","SubjectDomainName":"WORKGROUP","SubjectLogonId":"0x3e7","CallerProcessId":"0x2a10","CallerProcessName":"C:\\Windows\\System32\\svchost.exe"}
[10.78.233.207] {"timestamp":"2025-12-06 04:31:01","hostname":"HP-LAP704","channel":"Security","event_id":4798,"level":"Information","message":"A user\u0027s local group membership was enumerated.\r\n\r\nSubject:\r\n\tSecurity ID:\t\tS-1-5-18\r\n\tAccount Name:\t\tHP-LAP704$\r\n\tAccount Domain:\t\tWORKGROUP\r\n\tLogon ID:\t\t0x3E7\r\n\r\nUser:\r\n\tSecurity ID:\t\tS-1-5-21-64021822-3933034794-494143053-1008\r\n\tAccount Name:\t\tDhruvika\r\n\tAccount Domain:\t\tHP-LAP704\r\n\r\nProcess Information:\r\n\tProcess ID:\t\t0x2a10\r\n\tProcess Name:\t\tC:\\Windows\\System32\\svchost.exe","TargetUserName":"Dhruvika","TargetDomainName":"HP-LAP704","TargetSid":"S-1-5-21-64021822-3933034794-494143053-1008","SubjectUserSid":"S-1-5-18","SubjectUserName":"HP-LAP704$","SubjectDomainName":"WORKGROUP","SubjectLogonId":"0x3e7","CallerProcessId":"0x2a10","CallerProcessName":"C:\\Windows\\System32\\svchost.exe"}
[10.78.233.207] {"timestamp":"2025-12-06 04:31:01","hostname":"HP-LAP704","channel":"Security","event_id":4798,"level":"Information","message":"A user\u0027s local group membership was enumerated.\r\n\r\nSubject:\r\n\tSecurity ID:\t\tS-1-5-18\r\n\tAccount Name:\t\tHP-LAP704$\r\n\tAccount Domain:\t\tWORKGROUP\r\n\tLogon ID:\t\t0x3E7\r\n\r\nUser:\r\n\tSecurity ID:\t\tS-1-5-21-64021822-3933034794-494143053-501\r\n\tAccount Name:\t\tGuest\r\n\tAccount Domain:\t\tHP-LAP704\r\n\r\nProcess Information:\r\n\tProcess ID:\t\t0x2a10\r\n\tProcess Name:\t\tC:\\Windows\\System32\\svchost.exe","TargetUserName":"Guest","TargetDomainName":"HP-LAP704","TargetSid":"S-1-5-21-64021822-3933034794-494143053-501","SubjectUserSid":"S-1-5-18","SubjectUserName":"HP-LAP704$","SubjectDomainName":"WORKGROUP","SubjectLogonId":"0x3e7","CallerProcessId":"0x2a10","CallerProcessName":"C:\\Windows\\System32\\svchost.exe"}
[10.78.233.207] {"timestamp":"2025-12-06 04:31:01","hostname":"HP-LAP704","channel":"Security","event_id":4798,"level":"Information","message":"A user\u0027s local group membership was enumerated.\r\n\r\nSubject:\r\n\tSecurity ID:\t\tS-1-5-18\r\n\tAccount Name:\t\tHP-LAP704$\r\n\tAccount Domain:\t\tWORKGROUP\r\n\tLogon ID:\t\t0x3E7\r\n\r\nUser:\r\n\tSecurity ID:\t\tS-1-5-21-64021822-3933034794-494143053-1007\r\n\tAccount Name:\t\tharan\r\n\tAccount Domain:\t\tHP-LAP704\r\n\r\nProcess Information:\r\n\tProcess ID:\t\t0x2a10\r\n\tProcess Name:\t\tC:\\Windows\\System32\\svchost.exe","TargetUserName":"haran","TargetDomainName":"HP-LAP704","TargetSid":"S-1-5-21-64021822-3933034794-494143053-1007","SubjectUserSid":"S-1-5-18","SubjectUserName":"HP-LAP704$","SubjectDomainName":"WORKGROUP","SubjectLogonId":"0x3e7","CallerProcessId":"0x2a10","CallerProcessName":"C:\\Windows\\System32\\svchost.exe"}
[10.78.233.207] {"timestamp":"2025-12-06 04:31:01","hostname":"HP-LAP704","channel":"Security","event_id":4798,"level":"Information","message":"A user\u0027s local group membership was enumerated.\r\n\r\nSubject:\r\n\tSecurity ID:\t\tS-1-5-18\r\n\tAccount Name:\t\tHP-LAP704$\r\n\tAccount Domain:\t\tWORKGROUP\r\n\tLogon ID:\t\t0x3E7\r\n\r\nUser:\r\n\tSecurity ID:\t\tS-1-5-21-64021822-3933034794-494143053-1009\r\n\tAccount Name:\t\tHarsh\r\n\tAccount Domain:\t\tHP-LAP704\r\n\r\nProcess Information:\r\n\tProcess ID:\t\t0x2a10\r\n\tProcess Name:\t\tC:\\Windows\\System32\\svchost.exe","TargetUserName":"Harsh","TargetDomainName":"HP-LAP704","TargetSid":"S-1-5-21-64021822-3933034794-494143053-1009","SubjectUserSid":"S-1-5-18","SubjectUserName":"HP-LAP704$","SubjectDomainName":"WORKGROUP","SubjectLogonId":"0x3e7","CallerProcessId":"0x2a10","CallerProcessName":"C:\\Windows\\System32\\svchost.exe"}
[10.78.233.207] {"timestamp":"2025-12-06 04:31:01","hostname":"HP-LAP704","channel":"Security","event_id":4798,"level":"Information","message":"A user\u0027s local group membership was enumerated.\r\n\r\nSubject:\r\n\tSecurity ID:\t\tS-1-5-18\r\n\tAccount Name:\t\tHP-LAP704$\r\n\tAccount Domain:\t\tWORKGROUP\r\n\tLogon ID:\t\t0x3E7\r\n\r\nUser:\r\n\tSecurity ID:\t\tS-1-5-21-64021822-3933034794-494143053-1004\r\n\tAccount Name:\t\tjains\r\n\tAccount Domain:\t\tHP-LAP704\r\n\r\nProcess Information:\r\n\tProcess ID:\t\t0x2a10\r\n\tProcess Name:\t\tC:\\Windows\\System32\\svchost.exe","TargetUserName":"jains","TargetDomainName":"HP-LAP704","TargetSid":"S-1-5-21-64021822-3933034794-494143053-1004","SubjectUserSid":"S-1-5-18","SubjectUserName":"HP-LAP704$","SubjectDomainName":"WORKGROUP","SubjectLogonId":"0x3e7","CallerProcessId":"0x2a10","CallerProcessName":"C:\\Windows\\System32\\svchost.exe"}
[10.78.233.207] {"timestamp":"2025-12-06 04:31:01","hostname":"HP-LAP704","channel":"Security","event_id":4798,"level":"Information","message":"A user\u0027s local group membership was enumerated.\r\n\r\nSubject:\r\n\tSecurity ID:\t\tS-1-5-18\r\n\tAccount Name:\t\tHP-LAP704$\r\n\tAccount Domain:\t\tWORKGROUP\r\n\tLogon ID:\t\t0x3E7\r\n\r\nUser:\r\n\tSecurity ID:\t\tS-1-5-21-64021822-3933034794-494143053-1006\r\n\tAccount Name:\t\tmahav\r\n\tAccount Domain:\t\tHP-LAP704\r\n\r\nProcess Information:\r\n\tProcess ID:\t\t0x2a10\r\n\tProcess Name:\t\tC:\\Windows\\System32\\svchost.exe","TargetUserName":"mahav","TargetDomainName":"HP-LAP704","TargetSid":"S-1-5-21-64021822-3933034794-494143053-1006","SubjectUserSid":"S-1-5-18","SubjectUserName":"HP-LAP704$","SubjectDomainName":"WORKGROUP","SubjectLogonId":"0x3e7","CallerProcessId":"0x2a10","CallerProcessName":"C:\\Windows\\System32\\svchost.exe"}
[10.78.233.207] {"timestamp":"2025-12-06 04:31:01","hostname":"HP-LAP704","channel":"Security","event_id":4798,"level":"Information","message":"A user\u0027s local group membership was enumerated.\r\n\r\nSubject:\r\n\tSecurity ID:\t\tS-1-5-18\r\n\tAccount Name:\t\tHP-LAP704$\r\n\tAccount Domain:\t\tWORKGROUP\r\n\tLogon ID:\t\t0x3E7\r\n\r\nUser:\r\n\tSecurity ID:\t\tS-1-5-21-64021822-3933034794-494143053-1003\r\n\tAccount Name:\t\tmoni3\r\n\tAccount Domain:\t\tHP-LAP704\r\n\r\nProcess Information:\r\n\tProcess ID:\t\t0x2a10\r\n\tProcess Name:\t\tC:\\Windows\\System32\\svchost.exe","TargetUserName":"moni3","TargetDomainName":"HP-LAP704","TargetSid":"S-1-5-21-64021822-3933034794-494143053-1003","SubjectUserSid":"S-1-5-18","SubjectUserName":"HP-LAP704$","SubjectDomainName":"WORKGROUP","SubjectLogonId":"0x3e7","CallerProcessId":"0x2a10","CallerProcessName":"C:\\Windows\\System32\\svchost.exe"}
[10.78.233.207] {"timestamp":"2025-12-06 04:31:01","hostname":"HP-LAP704","channel":"Security","event_id":4798,"level":"Information","message":"A user\u0027s local group membership was enumerated.\r\n\r\nSubject:\r\n\tSecurity ID:\t\tS-1-5-18\r\n\tAccount Name:\t\tHP-LAP704$\r\n\tAccount Domain:\t\tWORKGROUP\r\n\tLogon ID:\t\t0x3E7\r\n\r\nUser:\r\n\tSecurity ID:\t\tS-1-5-21-64021822-3933034794-494143053-1001\r\n\tAccount Name:\t\tnavka\r\n\tAccount Domain:\t\tHP-LAP704\r\n\r\nProcess Information:\r\n\tProcess ID:\t\t0x2a10\r\n\tProcess Name:\t\tC:\\Windows\\System32\\svchost.exe","TargetUserName":"navka","TargetDomainName":"HP-LAP704","TargetSid":"S-1-5-21-64021822-3933034794-494143053-1001","SubjectUserSid":"S-1-5-18","SubjectUserName":"HP-LAP704$","SubjectDomainName":"WORKGROUP","SubjectLogonId":"0x3e7","CallerProcessId":"0x2a10","CallerProcessName":"C:\\Windows\\System32\\svchost.exe"}
[10.78.233.207] {"timestamp":"2025-12-06 04:31:01","hostname":"HP-LAP704","channel":"Security","event_id":4799,"level":"Information","message":"A security-enabled local group membership was enumerated.\r\n\r\nSubject:\r\n\tSecurity ID:\t\tS-1-5-18\r\n\tAccount Name:\t\tHP-LAP704$\r\n\tAccount Domain:\t\tWORKGROUP\r\n\tLogon ID:\t\t0x3E7\r\n\r\nGroup:\r\n\tSecurity ID:\t\tS-1-5-32-583\r\n\tGroup Name:\t\tDevice Owners\r\n\tGroup Domain:\t\tBuiltin\r\n\r\nProcess Information:\r\n\tProcess ID:\t\t0x2a10\r\n\tProcess Name:\t\tC:\\Windows\\System32\\svchost.exe","TargetUserName":"Device Owners","TargetDomainName":"Builtin","TargetSid":"S-1-5-32-583","SubjectUserSid":"S-1-5-18","SubjectUserName":"HP-LAP704$","SubjectDomainName":"WORKGROUP","SubjectLogonId":"0x3e7","CallerProcessId":"0x2a10","CallerProcessName":"C:\\Windows\\System32\\svchost.exe"}
[10.78.233.207] {"timestamp":"2025-12-06 04:34:18","hostname":"HP-LAP704","channel":"Security","event_id":4624,"level":"Information","message":"An account was successfully logged on.\r\n\r\nSubject:\r\n\tSecurity ID:\t\tS-1-5-18\r\n\tAccount Name:\t\tHP-LAP704$\r\n\tAccount Domain:\t\tWORKGROUP\r\n\tLogon ID:\t\t0x3E7\r\n\r\nLogon Information:\r\n\tLogon Type:\t\t5\r\n\tRestricted Admin Mode:\t-\r\n\tRemote Credential Guard:\t-\r\n\tVirtual Account:\t\tNo\r\n\tElevated Token:\t\tYes\r\n\r\nImpersonation Level:\t\tImpersonation\r\n\r\nNew Logon:\r\n\tSecurity ID:\t\tS-1-5-18\r\n\tAccount Name:\t\tSYSTEM\r\n\tAccount Domain:\t\tNT AUTHORITY\r\n\tLogon ID:\t\t0x3E7\r\n\tLinked Logon ID:\t\t0x0\r\n\tNetwork Account Name:\t-\r\n\tNetwork Account Domain:\t-\r\n\tLogon GUID:\t\t{00000000-0000-0000-0000-000000000000}\r\n\r\nProcess Information:\r\n\tProcess ID:\t\t0x4c4\r\n\tProcess Name:\t\tC:\\Windows\\System32\\services.exe\r\n\r\nNetwork Information:\r\n\tWorkstation Name:\t-\r\n\tSource Network Address:\t-\r\n\tSource Port:\t\t-\r\n\r\nDetailed Authentication Information:\r\n\tLogon Process:\t\tAdvapi  \r\n\tAuthentication Package:\tNegotiate\r\n\tTransited Services:\t-\r\n\tPackage Name (NTLM only):\t-\r\n\tKey Length:\t\t0\r\n\r\nThis event is generated when a logon session is created. It is generated on the computer that was accessed.\r\n\r\nThe subject fields indicate the account on the local system which requested the logon. This is most commonly a service such as the Server service, or a local process such as Winlogon.exe or Services.exe.\r\n\r\nThe logon type field indicates the kind of logon that occurred. The most common types are 2 (interactive) and 3 (network).\r\n\r\nThe New Logon fields indicate the account for whom the new logon was created, i.e. the account that was logged on.\r\n\r\nThe network fields indicate where a remote logon request originated. Workstation name is not always available and may be left blank in some cases.\r\n\r\nThe impersonation level field indicates the extent to which a process in the logon session can impersonate.\r\n\r\nThe authentication information fields provide detailed information about this specific logon request.\r\n\t- Logon GUID is a unique identifier that can be used to correlate this event with a KDC event.\r\n\t- Transited services indicate which intermediate services have participated in this logon request.\r\n\t- Package name indicates which sub-protocol was used among the NTLM protocols.\r\n\t- Key length indicates the length of the generated session key. This will be 0 if no session key was requested.","SubjectUserSid":"S-1-5-18","SubjectUserName":"HP-LAP704$","SubjectDomainName":"WORKGROUP","SubjectLogonId":"0x3e7","TargetUserSid":"S-1-5-18","TargetUserName":"SYSTEM","TargetDomainName":"NT AUTHORITY","TargetLogonId":"0x3e7","LogonType":"5","LogonProcessName":"Advapi  ","AuthenticationPackageName":"Negotiate","WorkstationName":"-","LogonGuid":"{00000000-0000-0000-0000-000000000000}","TransmittedServices":"-","LmPackageName":"-","KeyLength":"0","ProcessId":"0x4c4","ProcessName":"C:\\Windows\\System32\\services.exe","IpAddress":"-","IpPort":"-","ImpersonationLevel":"%%1833","RestrictedAdminMode":"-","RemoteCredentialGuard":"-","TargetOutboundUserName":"-","TargetOutboundDomainName":"-","VirtualAccount":"%%1843","TargetLinkedLogonId":"0x0","ElevatedToken":"%%1842"}
[10.78.233.207] {"timestamp":"2025-12-06 04:34:18","hostname":"HP-LAP704","channel":"Security","event_id":4672,"level":"Information","message":"Special privileges assigned to new logon.\r\n\r\nSubject:\r\n\tSecurity ID:\t\tS-1-5-18\r\n\tAccount Name:\t\tSYSTEM\r\n\tAccount Domain:\t\tNT AUTHORITY\r\n\tLogon ID:\t\t0x3E7\r\n\r\nPrivileges:\t\tSeAssignPrimaryTokenPrivilege\r\n\t\t\tSeTcbPrivilege\r\n\t\t\tSeSecurityPrivilege\r\n\t\t\tSeTakeOwnershipPrivilege\r\n\t\t\tSeLoadDriverPrivilege\r\n\t\t\tSeBackupPrivilege\r\n\t\t\tSeRestorePrivilege\r\n\t\t\tSeDebugPrivilege\r\n\t\t\tSeAuditPrivilege\r\n\t\t\tSeSystemEnvironmentPrivilege\r\n\t\t\tSeImpersonatePrivilege\r\n\t\t\tSeDelegateSessionUserImpersonatePrivilege","SubjectUserSid":"S-1-5-18","SubjectUserName":"SYSTEM","SubjectDomainName":"NT AUTHORITY","SubjectLogonId":"0x3e7","PrivilegeList":"SeAssignPrimaryTokenPrivilege\n\t\t\tSeTcbPrivilege\n\t\t\tSeSecurityPrivilege\n\t\t\tSeTakeOwnershipPrivilege\n\t\t\tSeLoadDriverPrivilege\n\t\t\tSeBackupPrivilege\n\t\t\tSeRestorePrivilege\n\t\t\tSeDebugPrivilege\n\t\t\tSeAuditPrivilege\n\t\t\tSeSystemEnvironmentPrivilege\n\t\t\tSeImpersonatePrivilege\n\t\t\tSeDelegateSessionUserImpersonatePrivilege"}
[10.78.233.207] {"timestamp":"2025-12-06 04:34:36","hostname":"HP-LAP704","channel":"Security","event_id":4798,"level":"Information","message":"A user\u0027s local group membership was enumerated.\r\n\r\nSubject:\r\n\tSecurity ID:\t\tS-1-5-21-64021822-3933034794-494143053-1009\r\n\tAccount Name:\t\tHarsh\r\n\tAccount Domain:\t\tHP-LAP704\r\n\tLogon ID:\t\t0xC46BD\r\n\r\nUser:\r\n\tSecurity ID:\t\tS-1-5-21-64021822-3933034794-494143053-1009\r\n\tAccount Name:\t\tHarsh\r\n\tAccount Domain:\t\tHP-LAP704\r\n\r\nProcess Information:\r\n\tProcess ID:\t\t0x28e0\r\n\tProcess Name:\t\tC:\\Windows\\explorer.exe","TargetUserName":"Harsh","TargetDomainName":"HP-LAP704","TargetSid":"S-1-5-21-64021822-3933034794-494143053-1009","SubjectUserSid":"S-1-5-21-64021822-3933034794-494143053-1009","SubjectUserName":"Harsh","SubjectDomainName":"HP-LAP704","SubjectLogonId":"0xc46bd","CallerProcessId":"0x28e0","CallerProcessName":"C:\\Windows\\explorer.exe"}
[10.78.233.207] {"timestamp":"2025-12-06 04:35:11","hostname":"HP-LAP704","channel":"Security","event_id":4624,"level":"Information","message":"An account was successfully logged on.\r\n\r\nSubject:\r\n\tSecurity ID:\t\tS-1-5-18\r\n\tAccount Name:\t\tHP-LAP704$\r\n\tAccount Domain:\t\tWORKGROUP\r\n\tLogon ID:\t\t0x3E7\r\n\r\nLogon Information:\r\n\tLogon Type:\t\t5\r\n\tRestricted Admin Mode:\t-\r\n\tRemote Credential Guard:\t-\r\n\tVirtual Account:\t\tNo\r\n\tElevated Token:\t\tYes\r\n\r\nImpersonation Level:\t\tImpersonation\r\n\r\nNew Logon:\r\n\tSecurity ID:\t\tS-1-5-18\r\n\tAccount Name:\t\tSYSTEM\r\n\tAccount Domain:\t\tNT AUTHORITY\r\n\tLogon ID:\t\t0x3E7\r\n\tLinked Logon ID:\t\t0x0\r\n\tNetwork Account Name:\t-\r\n\tNetwork Account Domain:\t-\r\n\tLogon GUID:\t\t{00000000-0000-0000-0000-000000000000}\r\n\r\nProcess Information:\r\n\tProcess ID:\t\t0x4c4\r\n\tProcess Name:\t\tC:\\Windows\\System32\\services.exe\r\n\r\nNetwork Information:\r\n\tWorkstation Name:\t-\r\n\tSource Network Address:\t-\r\n\tSource Port:\t\t-\r\n\r\nDetailed Authentication Information:\r\n\tLogon Process:\t\tAdvapi  \r\n\tAuthentication Package:\tNegotiate\r\n\tTransited Services:\t-\r\n\tPackage Name (NTLM only):\t-\r\n\tKey Length:\t\t0\r\n\r\nThis event is generated when a logon session is created. It is generated on the computer that was accessed.\r\n\r\nThe subject fields indicate the account on the local system which requested the logon. This is most commonly a service such as the Server service, or a local process such as Winlogon.exe or Services.exe.\r\n\r\nThe logon type field indicates the kind of logon that occurred. The most common types are 2 (interactive) and 3 (network).\r\n\r\nThe New Logon fields indicate the account for whom the new logon was created, i.e. the account that was logged on.\r\n\r\nThe network fields indicate where a remote logon request originated. Workstation name is not always available and may be left blank in some cases.\r\n\r\nThe impersonation level field indicates the extent to which a process in the logon session can impersonate.\r\n\r\nThe authentication information fields provide detailed information about this specific logon request.\r\n\t- Logon GUID is a unique identifier that can be used to correlate this event with a KDC event.\r\n\t- Transited services indicate which intermediate services have participated in this logon request.\r\n\t- Package name indicates which sub-protocol was used among the NTLM protocols.\r\n\t- Key length indicates the length of the generated session key. This will be 0 if no session key was requested.","SubjectUserSid":"S-1-5-18","SubjectUserName":"HP-LAP704$","SubjectDomainName":"WORKGROUP","SubjectLogonId":"0x3e7","TargetUserSid":"S-1-5-18","TargetUserName":"SYSTEM","TargetDomainName":"NT AUTHORITY","TargetLogonId":"0x3e7","LogonType":"5","LogonProcessName":"Advapi  ","AuthenticationPackageName":"Negotiate","WorkstationName":"-","LogonGuid":"{00000000-0000-0000-0000-000000000000}","TransmittedServices":"-","LmPackageName":"-","KeyLength":"0","ProcessId":"0x4c4","ProcessName":"C:\\Windows\\System32\\services.exe","IpAddress":"-","IpPort":"-","ImpersonationLevel":"%%1833","RestrictedAdminMode":"-","RemoteCredentialGuard":"-","TargetOutboundUserName":"-","TargetOutboundDomainName":"-","VirtualAccount":"%%1843","TargetLinkedLogonId":"0x0","ElevatedToken":"%%1842"}
[10.78.233.207] {"timestamp":"2025-12-06 04:35:11","hostname":"HP-LAP704","channel":"Security","event_id":4672,"level":"Information","message":"Special privileges assigned to new logon.\r\n\r\nSubject:\r\n\tSecurity ID:\t\tS-1-5-18\r\n\tAccount Name:\t\tSYSTEM\r\n\tAccount Domain:\t\tNT AUTHORITY\r\n\tLogon ID:\t\t0x3E7\r\n\r\nPrivileges:\t\tSeAssignPrimaryTokenPrivilege\r\n\t\t\tSeTcbPrivilege\r\n\t\t\tSeSecurityPrivilege\r\n\t\t\tSeTakeOwnershipPrivilege\r\n\t\t\tSeLoadDriverPrivilege\r\n\t\t\tSeBackupPrivilege\r\n\t\t\tSeRestorePrivilege\r\n\t\t\tSeDebugPrivilege\r\n\t\t\tSeAuditPrivilege\r\n\t\t\tSeSystemEnvironmentPrivilege\r\n\t\t\tSeImpersonatePrivilege\r\n\t\t\tSeDelegateSessionUserImpersonatePrivilege","SubjectUserSid":"S-1-5-18","SubjectUserName":"SYSTEM","SubjectDomainName":"NT AUTHORITY","SubjectLogonId":"0x3e7","PrivilegeList":"SeAssignPrimaryTokenPrivilege\n\t\t\tSeTcbPrivilege\n\t\t\tSeSecurityPrivilege\n\t\t\tSeTakeOwnershipPrivilege\n\t\t\tSeLoadDriverPrivilege\n\t\t\tSeBackupPrivilege\n\t\t\tSeRestorePrivilege\n\t\t\tSeDebugPrivilege\n\t\t\tSeAuditPrivilege\n\t\t\tSeSystemEnvironmentPrivilege\n\t\t\tSeImpersonatePrivilege\n\t\t\tSeDelegateSessionUserImpersonatePrivilege"}
[10.78.233.207] {"timestamp":"2025-12-06 04:35:11","hostname":"HP-LAP704","channel":"Security","event_id":4798,"level":"Information","message":"A user\u0027s local group membership was enumerated.\r\n\r\nSubject:\r\n\tSecurity ID:\t\tS-1-5-18\r\n\tAccount Name:\t\tHP-LAP704$\r\n\tAccount Domain:\t\tWORKGROUP\r\n\tLogon ID:\t\t0x3E7\r\n\r\nUser:\r\n\tSecurity ID:\t\tS-1-5-21-64021822-3933034794-494143053-500\r\n\tAccount Name:\t\tAdministrator\r\n\tAccount Domain:\t\tHP-LAP704\r\n\r\nProcess Information:\r\n\tProcess ID:\t\t0x2a10\r\n\tProcess Name:\t\tC:\\Windows\\System32\\svchost.exe","TargetUserName":"Administrator","TargetDomainName":"HP-LAP704","TargetSid":"S-1-5-21-64021822-3933034794-494143053-500","SubjectUserSid":"S-1-5-18","SubjectUserName":"HP-LAP704$","SubjectDomainName":"WORKGROUP","SubjectLogonId":"0x3e7","CallerProcessId":"0x2a10","CallerProcessName":"C:\\Windows\\System32\\svchost.exe"}
[10.78.233.207] {"timestamp":"2025-12-06 04:35:11","hostname":"HP-LAP704","channel":"Security","event_id":4798,"level":"Information","message":"A user\u0027s local group membership was enumerated.\r\n\r\nSubject:\r\n\tSecurity ID:\t\tS-1-5-18\r\n\tAccount Name:\t\tHP-LAP704$\r\n\tAccount Domain:\t\tWORKGROUP\r\n\tLogon ID:\t\t0x3E7\r\n\r\nUser:\r\n\tSecurity ID:\t\tS-1-5-21-64021822-3933034794-494143053-503\r\n\tAccount Name:\t\tDefaultAccount\r\n\tAccount Domain:\t\tHP-LAP704\r\n\r\nProcess Information:\r\n\tProcess ID:\t\t0x2a10\r\n\tProcess Name:\t\tC:\\Windows\\System32\\svchost.exe","TargetUserName":"DefaultAccount","TargetDomainName":"HP-LAP704","TargetSid":"S-1-5-21-64021822-3933034794-494143053-503","SubjectUserSid":"S-1-5-18","SubjectUserName":"HP-LAP704$","SubjectDomainName":"WORKGROUP","SubjectLogonId":"0x3e7","CallerProcessId":"0x2a10","CallerProcessName":"C:\\Windows\\System32\\svchost.exe"}
[10.78.233.207] {"timestamp":"2025-12-06 04:35:11","hostname":"HP-LAP704","channel":"Security","event_id":4798,"level":"Information","message":"A user\u0027s local group membership was enumerated.\r\n\r\nSubject:\r\n\tSecurity ID:\t\tS-1-5-18\r\n\tAccount Name:\t\tHP-LAP704$\r\n\tAccount Domain:\t\tWORKGROUP\r\n\tLogon ID:\t\t0x3E7\r\n\r\nUser:\r\n\tSecurity ID:\t\tS-1-5-21-64021822-3933034794-494143053-1008\r\n\tAccount Name:\t\tDhruvika\r\n\tAccount Domain:\t\tHP-LAP704\r\n\r\nProcess Information:\r\n\tProcess ID:\t\t0x2a10\r\n\tProcess Name:\t\tC:\\Windows\\System32\\svchost.exe","TargetUserName":"Dhruvika","TargetDomainName":"HP-LAP704","TargetSid":"S-1-5-21-64021822-3933034794-494143053-1008","SubjectUserSid":"S-1-5-18","SubjectUserName":"HP-LAP704$","SubjectDomainName":"WORKGROUP","SubjectLogonId":"0x3e7","CallerProcessId":"0x2a10","CallerProcessName":"C:\\Windows\\System32\\svchost.exe"}
[10.78.233.207] {"timestamp":"2025-12-06 04:35:11","hostname":"HP-LAP704","channel":"Security","event_id":4798,"level":"Information","message":"A user\u0027s local group membership was enumerated.\r\n\r\nSubject:\r\n\tSecurity ID:\t\tS-1-5-18\r\n\tAccount Name:\t\tHP-LAP704$\r\n\tAccount Domain:\t\tWORKGROUP\r\n\tLogon ID:\t\t0x3E7\r\n\r\nUser:\r\n\tSecurity ID:\t\tS-1-5-21-64021822-3933034794-494143053-501\r\n\tAccount Name:\t\tGuest\r\n\tAccount Domain:\t\tHP-LAP704\r\n\r\nProcess Information:\r\n\tProcess ID:\t\t0x2a10\r\n\tProcess Name:\t\tC:\\Windows\\System32\\svchost.exe","TargetUserName":"Guest","TargetDomainName":"HP-LAP704","TargetSid":"S-1-5-21-64021822-3933034794-494143053-501","SubjectUserSid":"S-1-5-18","SubjectUserName":"HP-LAP704$","SubjectDomainName":"WORKGROUP","SubjectLogonId":"0x3e7","CallerProcessId":"0x2a10","CallerProcessName":"C:\\Windows\\System32\\svchost.exe"}
[10.78.233.207] {"timestamp":"2025-12-06 04:35:11","hostname":"HP-LAP704","channel":"Security","event_id":4798,"level":"Information","message":"A user\u0027s local group membership was enumerated.\r\n\r\nSubject:\r\n\tSecurity ID:\t\tS-1-5-18\r\n\tAccount Name:\t\tHP-LAP704$\r\n\tAccount Domain:\t\tWORKGROUP\r\n\tLogon ID:\t\t0x3E7\r\n\r\nUser:\r\n\tSecurity ID:\t\tS-1-5-21-64021822-3933034794-494143053-1007\r\n\tAccount Name:\t\tharan\r\n\tAccount Domain:\t\tHP-LAP704\r\n\r\nProcess Information:\r\n\tProcess ID:\t\t0x2a10\r\n\tProcess Name:\t\tC:\\Windows\\System32\\svchost.exe","TargetUserName":"haran","TargetDomainName":"HP-LAP704","TargetSid":"S-1-5-21-64021822-3933034794-494143053-1007","SubjectUserSid":"S-1-5-18","SubjectUserName":"HP-LAP704$","SubjectDomainName":"WORKGROUP","SubjectLogonId":"0x3e7","CallerProcessId":"0x2a10","CallerProcessName":"C:\\Windows\\System32\\svchost.exe"}
[10.78.233.207] {"timestamp":"2025-12-06 04:35:11","hostname":"HP-LAP704","channel":"Security","event_id":4798,"level":"Information","message":"A user\u0027s local group membership was enumerated.\r\n\r\nSubject:\r\n\tSecurity ID:\t\tS-1-5-18\r\n\tAccount Name:\t\tHP-LAP704$\r\n\tAccount Domain:\t\tWORKGROUP\r\n\tLogon ID:\t\t0x3E7\r\n\r\nUser:\r\n\tSecurity ID:\t\tS-1-5-21-64021822-3933034794-494143053-1009\r\n\tAccount Name:\t\tHarsh\r\n\tAccount Domain:\t\tHP-LAP704\r\n\r\nProcess Information:\r\n\tProcess ID:\t\t0x2a10\r\n\tProcess Name:\t\tC:\\Windows\\System32\\svchost.exe","TargetUserName":"Harsh","TargetDomainName":"HP-LAP704","TargetSid":"S-1-5-21-64021822-3933034794-494143053-1009","SubjectUserSid":"S-1-5-18","SubjectUserName":"HP-LAP704$","SubjectDomainName":"WORKGROUP","SubjectLogonId":"0x3e7","CallerProcessId":"0x2a10","CallerProcessName":"C:\\Windows\\System32\\svchost.exe"}
[10.78.233.207] {"timestamp":"2025-12-06 04:35:11","hostname":"HP-LAP704","channel":"Security","event_id":5379,"level":"Information","message":"Credential Manager credentials were read.\r\n\r\nSubject:\r\n\tSecurity ID:\t\tS-1-5-18\r\n\tAccount Name:\t\tHP-LAP704$\r\n\tAccount Domain:\t\tWORKGROUP\r\n\tLogon ID:\t\t0x3E7\r\n\tRead Operation:\t\tEnumerate Credentials\r\n\r\nThis event occurs when a user performs a read operation on stored credentials in Credential Manager.","SubjectUserSid":"S-1-5-18","SubjectUserName":"HP-LAP704$","SubjectDomainName":"WORKGROUP","SubjectLogonId":"0x3e7","TargetName":"WindowsLive:(token):name=02slqhdbnrpqkreq;serviceuri=*","Type":"0","CountOfCredentialsReturned":"0","ReadOperation":"%%8100","ReturnCode":"3221226021","ProcessCreationTime":"2025-12-05T23:05:11.3130575Z","ClientProcessId":"17528"}
[10.78.233.207] {"timestamp":"2025-12-06 04:35:11","hostname":"HP-LAP704","channel":"Security","event_id":5379,"level":"Information","message":"Credential Manager credentials were read.\r\n\r\nSubject:\r\n\tSecurity ID:\t\tS-1-5-18\r\n\tAccount Name:\t\tHP-LAP704$\r\n\tAccount Domain:\t\tWORKGROUP\r\n\tLogon ID:\t\t0x3E7\r\n\tRead Operation:\t\tEnumerate Credentials\r\n\r\nThis event occurs when a user performs a read operation on stored credentials in Credential Manager.","SubjectUserSid":"S-1-5-18","SubjectUserName":"HP-LAP704$","SubjectDomainName":"WORKGROUP","SubjectLogonId":"0x3e7","TargetName":"WindowsLive:(cert):name=02slqhdbnrpqkreq;serviceuri=*","Type":"0","CountOfCredentialsReturned":"0","ReadOperation":"%%8100","ReturnCode":"3221226021","ProcessCreationTime":"2025-12-05T23:05:11.3130575Z","ClientProcessId":"17528"}
[10.78.233.207] {"timestamp":"2025-12-06 04:35:11","hostname":"HP-LAP704","channel":"Security","event_id":5379,"level":"Information","message":"Credential Manager credentials were read.\r\n\r\nSubject:\r\n\tSecurity ID:\t\tS-1-5-18\r\n\tAccount Name:\t\tHP-LAP704$\r\n\tAccount Domain:\t\tWORKGROUP\r\n\tLogon ID:\t\t0x3E7\r\n\tRead Operation:\t\tEnumerate Credentials\r\n\r\nThis event occurs when a user performs a read operation on stored credentials in Credential Manager.","SubjectUserSid":"S-1-5-18","SubjectUserName":"HP-LAP704$","SubjectDomainName":"WORKGROUP","SubjectLogonId":"0x3e7","TargetName":"WindowsLive:target=virtualapp/didlogical","Type":"0","CountOfCredentialsReturned":"1","ReadOperation":"%%8100","ReturnCode":"0","ProcessCreationTime":"2025-12-05T23:05:11.3130575Z","ClientProcessId":"17528"}
[10.78.233.207] {"timestamp":"2025-12-06 04:35:11","hostname":"HP-LAP704","channel":"Security","event_id":4798,"level":"Information","message":"A user\u0027s local group membership was enumerated.\r\n\r\nSubject:\r\n\tSecurity ID:\t\tS-1-5-18\r\n\tAccount Name:\t\tHP-LAP704$\r\n\tAccount Domain:\t\tWORKGROUP\r\n\tLogon ID:\t\t0x3E7\r\n\r\nUser:\r\n\tSecurity ID:\t\tS-1-5-21-64021822-3933034794-494143053-500\r\n\tAccount Name:\t\tAdministrator\r\n\tAccount Domain:\t\tHP-LAP704\r\n\r\nProcess Information:\r\n\tProcess ID:\t\t0x2a10\r\n\tProcess Name:\t\tC:\\Windows\\System32\\svchost.exe","TargetUserName":"Administrator","TargetDomainName":"HP-LAP704","TargetSid":"S-1-5-21-64021822-3933034794-494143053-500","SubjectUserSid":"S-1-5-18","SubjectUserName":"HP-LAP704$","SubjectDomainName":"WORKGROUP","SubjectLogonId":"0x3e7","CallerProcessId":"0x2a10","CallerProcessName":"C:\\Windows\\System32\\svchost.exe"}
[10.78.233.207] {"timestamp":"2025-12-06 04:35:11","hostname":"HP-LAP704","channel":"Security","event_id":4798,"level":"Information","message":"A user\u0027s local group membership was enumerated.\r\n\r\nSubject:\r\n\tSecurity ID:\t\tS-1-5-18\r\n\tAccount Name:\t\tHP-LAP704$\r\n\tAccount Domain:\t\tWORKGROUP\r\n\tLogon ID:\t\t0x3E7\r\n\r\nUser:\r\n\tSecurity ID:\t\tS-1-5-21-64021822-3933034794-494143053-503\r\n\tAccount Name:\t\tDefaultAccount\r\n\tAccount Domain:\t\tHP-LAP704\r\n\r\nProcess Information:\r\n\tProcess ID:\t\t0x2a10\r\n\tProcess Name:\t\tC:\\Windows\\System32\\svchost.exe","TargetUserName":"DefaultAccount","TargetDomainName":"HP-LAP704","TargetSid":"S-1-5-21-64021822-3933034794-494143053-503","SubjectUserSid":"S-1-5-18","SubjectUserName":"HP-LAP704$","SubjectDomainName":"WORKGROUP","SubjectLogonId":"0x3e7","CallerProcessId":"0x2a10","CallerProcessName":"C:\\Windows\\System32\\svchost.exe"}
[10.78.233.207] {"timestamp":"2025-12-06 04:35:11","hostname":"HP-LAP704","channel":"Security","event_id":5379,"level":"Information","message":"Credential Manager credentials were read.\r\n\r\nSubject:\r\n\tSecurity ID:\t\tS-1-5-21-64021822-3933034794-494143053-1009\r\n\tAccount Name:\t\tHarsh\r\n\tAccount Domain:\t\tHP-LAP704\r\n\tLogon ID:\t\t0xC46BD\r\n\tRead Operation:\t\tEnumerate Credentials\r\n\r\nThis event occurs when a user performs a read operation on stored credentials in Credential Manager.","SubjectUserSid":"S-1-5-21-64021822-3933034794-494143053-1009","SubjectUserName":"Harsh","SubjectDomainName":"HP-LAP704","SubjectLogonId":"0xc46bd","TargetName":"WindowsLive:(token):name=02yxcezppzmsplle;serviceuri=*","Type":"0","CountOfCredentialsReturned":"0","ReadOperation":"%%8100","ReturnCode":"3221226021","ProcessCreationTime":"2025-12-05T23:05:11.3130575Z","ClientProcessId":"17528"}
[10.78.233.207] {"timestamp":"2025-12-06 04:35:11","hostname":"HP-LAP704","channel":"Security","event_id":4798,"level":"Information","message":"A user\u0027s local group membership was enumerated.\r\n\r\nSubject:\r\n\tSecurity ID:\t\tS-1-5-18\r\n\tAccount Name:\t\tHP-LAP704$\r\n\tAccount Domain:\t\tWORKGROUP\r\n\tLogon ID:\t\t0x3E7\r\n\r\nUser:\r\n\tSecurity ID:\t\tS-1-5-21-64021822-3933034794-494143053-1008\r\n\tAccount Name:\t\tDhruvika\r\n\tAccount Domain:\t\tHP-LAP704\r\n\r\nProcess Information:\r\n\tProcess ID:\t\t0x2a10\r\n\tProcess Name:\t\tC:\\Windows\\System32\\svchost.exe","TargetUserName":"Dhruvika","TargetDomainName":"HP-LAP704","TargetSid":"S-1-5-21-64021822-3933034794-494143053-1008","SubjectUserSid":"S-1-5-18","SubjectUserName":"HP-LAP704$","SubjectDomainName":"WORKGROUP","SubjectLogonId":"0x3e7","CallerProcessId":"0x2a10","CallerProcessName":"C:\\Windows\\System32\\svchost.exe"}
[10.78.233.207] {"timestamp":"2025-12-06 04:35:11","hostname":"HP-LAP704","channel":"Security","event_id":5379,"level":"Information","message":"Credential Manager credentials were read.\r\n\r\nSubject:\r\n\tSecurity ID:\t\tS-1-5-21-64021822-3933034794-494143053-1009\r\n\tAccount Name:\t\tHarsh\r\n\tAccount Domain:\t\tHP-LAP704\r\n\tLogon ID:\t\t0xC46BD\r\n\tRead Operation:\t\tEnumerate Credentials\r\n\r\nThis event occurs when a user performs a read operation on stored credentials in Credential Manager.","SubjectUserSid":"S-1-5-21-64021822-3933034794-494143053-1009","SubjectUserName":"Harsh","SubjectDomainName":"HP-LAP704","SubjectLogonId":"0xc46bd","TargetName":"WindowsLive:(cert):name=02yxcezppzmsplle;serviceuri=*","Type":"0","CountOfCredentialsReturned":"0","ReadOperation":"%%8100","ReturnCode":"3221226021","ProcessCreationTime":"2025-12-05T23:05:11.3130575Z","ClientProcessId":"17528"}
[10.78.233.207] {"timestamp":"2025-12-06 04:35:11","hostname":"HP-LAP704","channel":"Security","event_id":5379,"level":"Information","message":"Credential Manager credentials were read.\r\n\r\nSubject:\r\n\tSecurity ID:\t\tS-1-5-21-64021822-3933034794-494143053-1009\r\n\tAccount Name:\t\tHarsh\r\n\tAccount Domain:\t\tHP-LAP704\r\n\tLogon ID:\t\t0xC46BD\r\n\tRead Operation:\t\tEnumerate Credentials\r\n\r\nThis event occurs when a user performs a read operation on stored credentials in Credential Manager.","SubjectUserSid":"S-1-5-21-64021822-3933034794-494143053-1009","SubjectUserName":"Harsh","SubjectDomainName":"HP-LAP704","SubjectLogonId":"0xc46bd","TargetName":"WindowsLive:target=virtualapp/didlogical","Type":"0","CountOfCredentialsReturned":"1","ReadOperation":"%%8100","ReturnCode":"0","ProcessCreationTime":"2025-12-05T23:05:11.3130575Z","ClientProcessId":"17528"}
[10.78.233.207] {"timestamp":"2025-12-06 04:35:11","hostname":"HP-LAP704","channel":"Security","event_id":4798,"level":"Information","message":"A user\u0027s local group membership was enumerated.\r\n\r\nSubject:\r\n\tSecurity ID:\t\tS-1-5-18\r\n\tAccount Name:\t\tHP-LAP704$\r\n\tAccount Domain:\t\tWORKGROUP\r\n\tLogon ID:\t\t0x3E7\r\n\r\nUser:\r\n\tSecurity ID:\t\tS-1-5-21-64021822-3933034794-494143053-501\r\n\tAccount Name:\t\tGuest\r\n\tAccount Domain:\t\tHP-LAP704\r\n\r\nProcess Information:\r\n\tProcess ID:\t\t0x2a10\r\n\tProcess Name:\t\tC:\\Windows\\System32\\svchost.exe","TargetUserName":"Guest","TargetDomainName":"HP-LAP704","TargetSid":"S-1-5-21-64021822-3933034794-494143053-501","SubjectUserSid":"S-1-5-18","SubjectUserName":"HP-LAP704$","SubjectDomainName":"WORKGROUP","SubjectLogonId":"0x3e7","CallerProcessId":"0x2a10","CallerProcessName":"C:\\Windows\\System32\\svchost.exe"}
[10.78.233.207] {"timestamp":"2025-12-06 04:35:11","hostname":"HP-LAP704","channel":"Security","event_id":4798,"level":"Information","message":"A user\u0027s local group membership was enumerated.\r\n\r\nSubject:\r\n\tSecurity ID:\t\tS-1-5-18\r\n\tAccount Name:\t\tHP-LAP704$\r\n\tAccount Domain:\t\tWORKGROUP\r\n\tLogon ID:\t\t0x3E7\r\n\r\nUser:\r\n\tSecurity ID:\t\tS-1-5-21-64021822-3933034794-494143053-1007\r\n\tAccount Name:\t\tharan\r\n\tAccount Domain:\t\tHP-LAP704\r\n\r\nProcess Information:\r\n\tProcess ID:\t\t0x2a10\r\n\tProcess Name:\t\tC:\\Windows\\System32\\svchost.exe","TargetUserName":"haran","TargetDomainName":"HP-LAP704","TargetSid":"S-1-5-21-64021822-3933034794-494143053-1007","SubjectUserSid":"S-1-5-18","SubjectUserName":"HP-LAP704$","SubjectDomainName":"WORKGROUP","SubjectLogonId":"0x3e7","CallerProcessId":"0x2a10","CallerProcessName":"C:\\Windows\\System32\\svchost.exe"}
[10.78.233.207] {"timestamp":"2025-12-06 04:35:11","hostname":"HP-LAP704","channel":"Security","event_id":5379,"level":"Information","message":"Credential Manager credentials were read.\r\n\r\nSubject:\r\n\tSecurity ID:\t\tS-1-5-21-64021822-3933034794-494143053-1009\r\n\tAccount Name:\t\tHarsh\r\n\tAccount Domain:\t\tHP-LAP704\r\n\tLogon ID:\t\t0xC46BD\r\n\tRead Operation:\t\tEnumerate Credentials\r\n\r\nThis event occurs when a user performs a read operation on stored credentials in Credential Manager.","SubjectUserSid":"S-1-5-21-64021822-3933034794-494143053-1009","SubjectUserName":"Harsh","SubjectDomainName":"HP-LAP704","SubjectLogonId":"0xc46bd","TargetName":"MicrosoftAccount:user=harshrajivjain@outlook.com","Type":"0","CountOfCredentialsReturned":"1","ReadOperation":"%%8100","ReturnCode":"0","ProcessCreationTime":"2025-12-05T23:05:11.3130575Z","ClientProcessId":"17528"}
