[10.78.233.207] {"timestamp":"2025-12-06 05:53:42","hostname":"HP-LAP704","channel":"Security","event_id":4624,"level":"Information","message":"An account was successfully logged on.\r\n\r\nSubject:\r\n\tSecurity ID:\t\tS-1-5-18\r\n\tAccount Name:\t\tHP-LAP704$\r\n\tAccount Domain:\t\tWORKGROUP\r\n\tLogon ID:\t\t0x3E7\r\n\r\nLogon Information:\r\n\tLogon Type:\t\t2\r\n\tRestricted Admin Mode:\t-\r\n\tRemote Credential Guard:\t-\r\n\tVirtual Account:\t\tNo\r\n\tElevated Token:\t\tNo\r\n\r\nImpersonation Level:\t\tImpersonation\r\n\r\nNew Logon:\r\n\tSecurity ID:\t\tS-1-5-21-64021822-3933034794-494143053-1009\r\n\tAccount Name:\t\tHarsh\r\n\tAccount Domain:\t\tHP-LAP704\r\n\tLogon ID:\t\t0x538F765\r\n\tLinked Logon ID:\t\t0x538F658\r\n\tNetwork Account Name:\t-\r\n\tNetwork Account Domain:\t-\r\n\tLogon GUID:\t\t{00000000-0000-0000-0000-000000000000}\r\n\r\nProcess Information:\r\n\tProcess ID:\t\t0x928\r\n\tProcess Name:\t\tC:\\Windows\\System32\\svchost.exe\r\n\r\nNetwork Information:\r\n\tWorkstation Name:\tHP-LAP704\r\n\tSource Network Address:\t127.0.0.1\r\n\tSource Port:\t\t0\r\n\r\nDetailed Authentication Information:\r\n\tLogon Process:\t\tUser32 \r\n\tAuthentication Package:\tNegotiate\r\n\tTransited Services:\t-\r\n\tPackage Name (NTLM only):\t-\r\n\tKey Length:\t\t0\r\n\r\nThis event is generated when a logon session is created. It is generated on the computer that was accessed.\r\n\r\nThe subject fields indicate the account on the local system which requested the logon. This is most commonly a service such as the Server service, or a local process such as Winlogon.exe or Services.exe.\r\n\r\nThe logon type field indicates the kind of logon that occurred. The most common types are 2 (interactive) and 3 (network).\r\n\r\nThe New Logon fields indicate the account for whom the new logon was created, i.e. the account that was logged on.\r\n\r\nThe network fields indicate where a remote logon request originated. Workstation name is not always available and may be left blank in some cases.\r\n\r\nThe impersonation level field indicates the extent to which a process in the logon session can impersonate.\r\n\r\nThe authentication information fields provide detailed information about this specific logon request.\r\n\t- Logon GUID is a unique identifier that can be used to correlate this event with a KDC event.\r\n\t- Transited services indicate which intermediate services have participated in this logon request.\r\n\t- Package name indicates which sub-protocol was used among the NTLM protocols.\r\n\t- Key length indicates the length of the generated session key. This will be 0 if no session key was requested.","SubjectUserSid":"S-1-5-18","SubjectUserName":"HP-LAP704$","SubjectDomainName":"WORKGROUP","SubjectLogonId":"0x3e7","TargetUserSid":"S-1-5-21-64021822-3933034794-494143053-1009","TargetUserName":"Harsh","TargetDomainName":"HP-LAP704","TargetLogonId":"0x538f765","LogonType":"2","LogonProcessName":"User32 ","AuthenticationPackageName":"Negotiate","WorkstationName":"HP-LAP704","LogonGuid":"{00000000-0000-0000-0000-000000000000}","TransmittedServices":"-","LmPackageName":"-","KeyLength":"0","ProcessId":"0x928","ProcessName":"C:\\Windows\\System32\\svchost.exe","IpAddress":"127.0.0.1","IpPort":"0","ImpersonationLevel":"%%1833","RestrictedAdminMode":"-","RemoteCredentialGuard":"-","TargetOutboundUserName":"-","TargetOutboundDomainName":"-","VirtualAccount":"%%1843","TargetLinkedLogonId":"0x538f658","ElevatedToken":"%%1843"}
[10.78.233.207] {"timestamp":"2025-12-06 05:53:42","hostname":"HP-LAP704","channel":"Security","event_id":4672,"level":"Information","message":"Special privileges assigned to new logon.\r\n\r\nSubject:\r\n\tSecurity ID:\t\tS-1-5-21-64021822-3933034794-494143053-1009\r\n\tAccount Name:\t\tHarsh\r\n\tAccount Domain:\t\tHP-LAP704\r\n\tLogon ID:\t\t0x538F658\r\n\r\nPrivileges:\t\tSeSecurityPrivilege\r\n\t\t\tSeTakeOwnershipPrivilege\r\n\t\t\tSeLoadDriverPrivilege\r\n\t\t\tSeBackupPrivilege\r\n\t\t\tSeRestorePrivilege\r\n\t\t\tSeDebugPrivilege\r\n\t\t\tSeSystemEnvironmentPrivilege\r\n\t\t\tSeImpersonatePrivilege\r\n\t\t\tSeDelegateSessionUserImpersonatePrivilege","SubjectUserSid":"S-1-5-21-64021822-3933034794-494143053-1009","SubjectUserName":"Harsh","SubjectDomainName":"HP-LAP704","SubjectLogonId":"0x538f658","PrivilegeList":"SeSecurityPrivilege\n\t\t\tSeTakeOwnershipPrivilege\n\t\t\tSeLoadDriverPrivilege\n\t\t\tSeBackupPrivilege\n\t\t\tSeRestorePrivilege\n\t\t\tSeDebugPrivilege\n\t\t\tSeSystemEnvironmentPrivilege\n\t\t\tSeImpersonatePrivilege\n\t\t\tSeDelegateSessionUserImpersonatePrivilege"}
[10.78.233.207] {"timestamp":"2025-12-06 05:53:42","hostname":"HP-LAP704","channel":"Security","event_id":4634,"level":"Information","message":"An account was logged off.\r\n\r\nSubject:\r\n\tSecurity ID:\t\tS-1-5-21-64021822-3933034794-494143053-1009\r\n\tAccount Name:\t\tHarsh\r\n\tAccount Domain:\t\tHP-LAP704\r\n\tLogon ID:\t\t0x538F765\r\n\r\nLogon Type:\t\t\t2\r\n\r\nThis event is generated when a logon session is destroyed. It may be positively correlated with a logon event using the Logon ID value. Logon IDs are only unique between reboots on the same computer.","TargetUserSid":"S-1-5-21-64021822-3933034794-494143053-1009","TargetUserName":"Harsh","TargetDomainName":"HP-LAP704","TargetLogonId":"0x538f765","LogonType":"2"}
[10.78.233.207] {"timestamp":"2025-12-06 05:53:42","hostname":"HP-LAP704","channel":"Security","event_id":4634,"level":"Information","message":"An account was logged off.\r\n\r\nSubject:\r\n\tSecurity ID:\t\tS-1-5-21-64021822-3933034794-494143053-1009\r\n\tAccount Name:\t\tHarsh\r\n\tAccount Domain:\t\tHP-LAP704\r\n\tLogon ID:\t\t0x538F658\r\n\r\nLogon Type:\t\t\t2\r\n\r\nThis event is generated when a logon session is destroyed. It may be positively correlated with a logon event using the Logon ID value. Logon IDs are only unique between reboots on the same computer.","TargetUserSid":"S-1-5-21-64021822-3933034794-494143053-1009","TargetUserName":"Harsh","TargetDomainName":"HP-LAP704","TargetLogonId":"0x538f658","LogonType":"2"}
[10.78.233.207] {"timestamp":"2025-12-06 05:53:44","hostname":"HP-LAP704","channel":"Security","event_id":4798,"level":"Information","message":"A user\u0027s local group membership was enumerated.\r\n\r\nSubject:\r\n\tSecurity ID:\t\tS-1-5-21-64021822-3933034794-494143053-1009\r\n\tAccount Name:\t\tHarsh\r\n\tAccount Domain:\t\tHP-LAP704\r\n\tLogon ID:\t\t0xC46BD\r\n\r\nUser:\r\n\tSecurity ID:\t\tS-1-5-21-64021822-3933034794-494143053-1009\r\n\tAccount Name:\t\tHarsh\r\n\tAccount Domain:\t\tHP-LAP704\r\n\r\nProcess Information:\r\n\tProcess ID:\t\t0x28e0\r\n\tProcess Name:\t\tC:\\Windows\\explorer.exe","TargetUserName":"Harsh","TargetDomainName":"HP-LAP704","TargetSid":"S-1-5-21-64021822-3933034794-494143053-1009","SubjectUserSid":"S-1-5-21-64021822-3933034794-494143053-1009","SubjectUserName":"Harsh","SubjectDomainName":"HP-LAP704","SubjectLogonId":"0xc46bd","CallerProcessId":"0x28e0","CallerProcessName":"C:\\Windows\\explorer.exe"}
[10.78.233.207] {"timestamp":"2025-12-06 05:53:49","hostname":"HP-LAP704","channel":"System","event_id":102,"level":"Information","message":"Networking driver in C38C5654-6BA3-40D2-8784-0A4AA6C39407 is loaded and the protocol version is negotiated to the most recent version (Virtual machine ID C38C5654-6BA3-40D2-8784-0A4AA6C39407).","VMNameLen":"36","VMName":"C38C5654-6BA3-40D2-8784-0A4AA6C39407","VMIdLen":"36","VMId":"C38C5654-6BA3-40D2-8784-0A4AA6C39407"}
[10.78.233.207] {"timestamp":"2025-12-06 05:53:49","hostname":"HP-LAP704","channel":"System","event_id":291,"level":"Information","message":"RSC offload modified for NIC C38C5654-6BA3-40D2-8784-0A4AA6C39407--1A37E1A4-A84E-4EFA-BE89-02E52386CFF5 (Friendly Name: ) Previous IPv4: Enabled, Current IPv4: Enabled, Previous IPv6: Enabled, Current IPv6: Enabled. Reason: NIC connect","NicName":"C38C5654-6BA3-40D2-8784-0A4AA6C39407--1A37E1A4-A84E-4EFA-BE89-02E52386CFF5","OldNicIPv4RscEnabled":"1","OldNicIPv6RscEnabled":"1","NewNicIPv4RscEnabled":"1","NewNicIPv6RscEnabled":"1","RscStateModifiedReason":"7"}
[10.78.233.207] {"timestamp":"2025-12-06 05:53:49","hostname":"HP-LAP704","channel":"System","event_id":291,"level":"Information","message":"RSC offload modified for NIC C38C5654-6BA3-40D2-8784-0A4AA6C39407--1A37E1A4-A84E-4EFA-BE89-02E52386CFF5 (Friendly Name: ) Previous IPv4: Enabled, Current IPv4: Enabled, Previous IPv6: Enabled, Current IPv6: Enabled. Reason: RSC OID","NicName":"C38C5654-6BA3-40D2-8784-0A4AA6C39407--1A37E1A4-A84E-4EFA-BE89-02E52386CFF5","OldNicIPv4RscEnabled":"1","OldNicIPv6RscEnabled":"1","NewNicIPv4RscEnabled":"1","NewNicIPv6RscEnabled":"1","RscStateModifiedReason":"6"}
[10.78.233.207] {"timestamp":"2025-12-06 05:53:59","hostname":"HP-LAP704","channel":"Security","event_id":5382,"level":"Information","message":"Vault credentials were read.\r\n\r\nSubject:\r\n\tSecurity ID:\t\tS-1-5-21-64021822-3933034794-494143053-1009\r\n\tAccount Name:\t\tHarsh\r\n\tAccount Domain:\t\tHP-LAP704\r\n\tLogon ID:\t\t0xC46BD\r\n\r\nThis event occurs when a user reads a stored vault credential.","SubjectUserSid":"S-1-5-21-64021822-3933034794-494143053-1009","SubjectUserName":"Harsh","SubjectDomainName":"HP-LAP704","SubjectLogonId":"0xc46bd","SchemaFriendlyName":"Windows Web Password Credential","Schema":"{3ccd5499-87a8-4b10-a215-608888dd3b55}","Resource":"HPConnected","Identity":"LastUserName","Flags":"0","ReturnCode":"1168","ProcessCreationTime":"2025-12-06T00:23:56.6133744Z","ClientProcessId":"20520"}
[10.78.233.207] {"timestamp":"2025-12-06 05:54:02","hostname":"HP-LAP704","channel":"Security","event_id":4624,"level":"Information","message":"An account was successfully logged on.\r\n\r\nSubject:\r\n\tSecurity ID:\t\tS-1-5-18\r\n\tAccount Name:\t\tHP-LAP704$\r\n\tAccount Domain:\t\tWORKGROUP\r\n\tLogon ID:\t\t0x3E7\r\n\r\nLogon Information:\r\n\tLogon Type:\t\t5\r\n\tRestricted Admin Mode:\t-\r\n\tRemote Credential Guard:\t-\r\n\tVirtual Account:\t\tNo\r\n\tElevated Token:\t\tYes\r\n\r\nImpersonation Level:\t\tImpersonation\r\n\r\nNew Logon:\r\n\tSecurity ID:\t\tS-1-5-18\r\n\tAccount Name:\t\tSYSTEM\r\n\tAccount Domain:\t\tNT AUTHORITY\r\n\tLogon ID:\t\t0x3E7\r\n\tLinked Logon ID:\t\t0x0\r\n\tNetwork Account Name:\t-\r\n\tNetwork Account Domain:\t-\r\n\tLogon GUID:\t\t{00000000-0000-0000-0000-000000000000}\r\n\r\nProcess Information:\r\n\tProcess ID:\t\t0x4c4\r\n\tProcess Name:\t\tC:\\Windows\\System32\\services.exe\r\n\r\nNetwork Information:\r\n\tWorkstation Name:\t-\r\n\tSource Network Address:\t-\r\n\tSource Port:\t\t-\r\n\r\nDetailed Authentication Information:\r\n\tLogon Process:\t\tAdvapi  \r\n\tAuthentication Package:\tNegotiate\r\n\tTransited Services:\t-\r\n\tPackage Name (NTLM only):\t-\r\n\tKey Length:\t\t0\r\n\r\nThis event is generated when a logon session is created. It is generated on the computer that was accessed.\r\n\r\nThe subject fields indicate the account on the local system which requested the logon. This is most commonly a service such as the Server service, or a local process such as Winlogon.exe or Services.exe.\r\n\r\nThe logon type field indicates the kind of logon that occurred. The most common types are 2 (interactive) and 3 (network).\r\n\r\nThe New Logon fields indicate the account for whom the new logon was created, i.e. the account that was logged on.\r\n\r\nThe network fields indicate where a remote logon request originated. Workstation name is not always available and may be left blank in some cases.\r\n\r\nThe impersonation level field indicates the extent to which a process in the logon session can impersonate.\r\n\r\nThe authentication information fields provide detailed information about this specific logon request.\r\n\t- Logon GUID is a unique identifier that can be used to correlate this event with a KDC event.\r\n\t- Transited services indicate which intermediate services have participated in this logon request.\r\n\t- Package name indicates which sub-protocol was used among the NTLM protocols.\r\n\t- Key length indicates the length of the generated session key. This will be 0 if no session key was requested.","SubjectUserSid":"S-1-5-18","SubjectUserName":"HP-LAP704$","SubjectDomainName":"WORKGROUP","SubjectLogonId":"0x3e7","TargetUserSid":"S-1-5-18","TargetUserName":"SYSTEM","TargetDomainName":"NT AUTHORITY","TargetLogonId":"0x3e7","LogonType":"5","LogonProcessName":"Advapi  ","AuthenticationPackageName":"Negotiate","WorkstationName":"-","LogonGuid":"{00000000-0000-0000-0000-000000000000}","TransmittedServices":"-","LmPackageName":"-","KeyLength":"0","ProcessId":"0x4c4","ProcessName":"C:\\Windows\\System32\\services.exe","IpAddress":"-","IpPort":"-","ImpersonationLevel":"%%1833","RestrictedAdminMode":"-","RemoteCredentialGuard":"-","TargetOutboundUserName":"-","TargetOutboundDomainName":"-","VirtualAccount":"%%1843","TargetLinkedLogonId":"0x0","ElevatedToken":"%%1842"}
[10.78.233.207] {"timestamp":"2025-12-06 05:54:02","hostname":"HP-LAP704","channel":"Security","event_id":4672,"level":"Information","message":"Special privileges assigned to new logon.\r\n\r\nSubject:\r\n\tSecurity ID:\t\tS-1-5-18\r\n\tAccount Name:\t\tSYSTEM\r\n\tAccount Domain:\t\tNT AUTHORITY\r\n\tLogon ID:\t\t0x3E7\r\n\r\nPrivileges:\t\tSeAssignPrimaryTokenPrivilege\r\n\t\t\tSeTcbPrivilege\r\n\t\t\tSeSecurityPrivilege\r\n\t\t\tSeTakeOwnershipPrivilege\r\n\t\t\tSeLoadDriverPrivilege\r\n\t\t\tSeBackupPrivilege\r\n\t\t\tSeRestorePrivilege\r\n\t\t\tSeDebugPrivilege\r\n\t\t\tSeAuditPrivilege\r\n\t\t\tSeSystemEnvironmentPrivilege\r\n\t\t\tSeImpersonatePrivilege\r\n\t\t\tSeDelegateSessionUserImpersonatePrivilege","SubjectUserSid":"S-1-5-18","SubjectUserName":"SYSTEM","SubjectDomainName":"NT AUTHORITY","SubjectLogonId":"0x3e7","PrivilegeList":"SeAssignPrimaryTokenPrivilege\n\t\t\tSeTcbPrivilege\n\t\t\tSeSecurityPrivilege\n\t\t\tSeTakeOwnershipPrivilege\n\t\t\tSeLoadDriverPrivilege\n\t\t\tSeBackupPrivilege\n\t\t\tSeRestorePrivilege\n\t\t\tSeDebugPrivilege\n\t\t\tSeAuditPrivilege\n\t\t\tSeSystemEnvironmentPrivilege\n\t\t\tSeImpersonatePrivilege\n\t\t\tSeDelegateSessionUserImpersonatePrivilege"}
[10.78.233.207] {"timestamp":"2025-12-06 05:54:02","hostname":"HP-LAP704","channel":"Application","event_id":1,"level":"Information","message":"Device is neither AAD/Domain Joined or Workplace Joined."}
[10.78.233.207] {"timestamp":"2025-12-06 05:54:02","hostname":"HP-LAP704","channel":"Application","event_id":1,"level":"Information","message":"Initialization Successful. Enabled=false, CloudPrintSolution=Unknown, DiscoveryEndpoint=, OAuthAuthority=, OAuthClientId=, DiscoveryResourceId=, PrintResourceId="}
[10.78.233.207] {"timestamp":"2025-12-06 05:54:04","hostname":"HP-LAP704","channel":"Application","event_id":1022,"level":"Error","message":".NET Runtime version 4.0.30319.0 - There was a failure initializing profiling API attach infrastructure.  This process will not allow a profiler to attach.  HRESULT: 0x80004005.  Process ID (decimal): 29076.  Message ID: [0x2509]."}
[10.78.233.207] {"timestamp":"2025-12-06 05:56:09","hostname":"HP-LAP704","channel":"Security","event_id":4624,"level":"Information","message":"An account was successfully logged on.\r\n\r\nSubject:\r\n\tSecurity ID:\t\tS-1-5-18\r\n\tAccount Name:\t\tHP-LAP704$\r\n\tAccount Domain:\t\tWORKGROUP\r\n\tLogon ID:\t\t0x3E7\r\n\r\nLogon Information:\r\n\tLogon Type:\t\t5\r\n\tRestricted Admin Mode:\t-\r\n\tRemote Credential Guard:\t-\r\n\tVirtual Account:\t\tNo\r\n\tElevated Token:\t\tYes\r\n\r\nImpersonation Level:\t\tImpersonation\r\n\r\nNew Logon:\r\n\tSecurity ID:\t\tS-1-5-18\r\n\tAccount Name:\t\tSYSTEM\r\n\tAccount Domain:\t\tNT AUTHORITY\r\n\tLogon ID:\t\t0x3E7\r\n\tLinked Logon ID:\t\t0x0\r\n\tNetwork Account Name:\t-\r\n\tNetwork Account Domain:\t-\r\n\tLogon GUID:\t\t{00000000-0000-0000-0000-000000000000}\r\n\r\nProcess Information:\r\n\tProcess ID:\t\t0x4c4\r\n\tProcess Name:\t\tC:\\Windows\\System32\\services.exe\r\n\r\nNetwork Information:\r\n\tWorkstation Name:\t-\r\n\tSource Network Address:\t-\r\n\tSource Port:\t\t-\r\n\r\nDetailed Authentication Information:\r\n\tLogon Process:\t\tAdvapi  \r\n\tAuthentication Package:\tNegotiate\r\n\tTransited Services:\t-\r\n\tPackage Name (NTLM only):\t-\r\n\tKey Length:\t\t0\r\n\r\nThis event is generated when a logon session is created. It is generated on the computer that was accessed.\r\n\r\nThe subject fields indicate the account on the local system which requested the logon. This is most commonly a service such as the Server service, or a local process such as Winlogon.exe or Services.exe.\r\n\r\nThe logon type field indicates the kind of logon that occurred. The most common types are 2 (interactive) and 3 (network).\r\n\r\nThe New Logon fields indicate the account for whom the new logon was created, i.e. the account that was logged on.\r\n\r\nThe network fields indicate where a remote logon request originated. Workstation name is not always available and may be left blank in some cases.\r\n\r\nThe impersonation level field indicates the extent to which a process in the logon session can impersonate.\r\n\r\nThe authentication information fields provide detailed information about this specific logon request.\r\n\t- Logon GUID is a unique identifier that can be used to correlate this event with a KDC event.\r\n\t- Transited services indicate which intermediate services have participated in this logon request.\r\n\t- Package name indicates which sub-protocol was used among the NTLM protocols.\r\n\t- Key length indicates the length of the generated session key. This will be 0 if no session key was requested.","SubjectUserSid":"S-1-5-18","SubjectUserName":"HP-LAP704$","SubjectDomainName":"WORKGROUP","SubjectLogonId":"0x3e7","TargetUserSid":"S-1-5-18","TargetUserName":"SYSTEM","TargetDomainName":"NT AUTHORITY","TargetLogonId":"0x3e7","LogonType":"5","LogonProcessName":"Advapi  ","AuthenticationPackageName":"Negotiate","WorkstationName":"-","LogonGuid":"{00000000-0000-0000-0000-000000000000}","TransmittedServices":"-","LmPackageName":"-","KeyLength":"0","ProcessId":"0x4c4","ProcessName":"C:\\Windows\\System32\\services.exe","IpAddress":"-","IpPort":"-","ImpersonationLevel":"%%1833","RestrictedAdminMode":"-","RemoteCredentialGuard":"-","TargetOutboundUserName":"-","TargetOutboundDomainName":"-","VirtualAccount":"%%1843","TargetLinkedLogonId":"0x0","ElevatedToken":"%%1842"}
[10.78.233.207] {"timestamp":"2025-12-06 05:56:09","hostname":"HP-LAP704","channel":"Security","event_id":4672,"level":"Information","message":"Special privileges assigned to new logon.\r\n\r\nSubject:\r\n\tSecurity ID:\t\tS-1-5-18\r\n\tAccount Name:\t\tSYSTEM\r\n\tAccount Domain:\t\tNT AUTHORITY\r\n\tLogon ID:\t\t0x3E7\r\n\r\nPrivileges:\t\tSeAssignPrimaryTokenPrivilege\r\n\t\t\tSeTcbPrivilege\r\n\t\t\tSeSecurityPrivilege\r\n\t\t\tSeTakeOwnershipPrivilege\r\n\t\t\tSeLoadDriverPrivilege\r\n\t\t\tSeBackupPrivilege\r\n\t\t\tSeRestorePrivilege\r\n\t\t\tSeDebugPrivilege\r\n\t\t\tSeAuditPrivilege\r\n\t\t\tSeSystemEnvironmentPrivilege\r\n\t\t\tSeImpersonatePrivilege\r\n\t\t\tSeDelegateSessionUserImpersonatePrivilege","SubjectUserSid":"S-1-5-18","SubjectUserName":"SYSTEM","SubjectDomainName":"NT AUTHORITY","SubjectLogonId":"0x3e7","PrivilegeList":"SeAssignPrimaryTokenPrivilege\n\t\t\tSeTcbPrivilege\n\t\t\tSeSecurityPrivilege\n\t\t\tSeTakeOwnershipPrivilege\n\t\t\tSeLoadDriverPrivilege\n\t\t\tSeBackupPrivilege\n\t\t\tSeRestorePrivilege\n\t\t\tSeDebugPrivilege\n\t\t\tSeAuditPrivilege\n\t\t\tSeSystemEnvironmentPrivilege\n\t\t\tSeImpersonatePrivilege\n\t\t\tSeDelegateSessionUserImpersonatePrivilege"}
[10.78.233.207] {"timestamp":"2025-12-06 05:56:09","hostname":"HP-LAP704","channel":"System","event_id":102,"level":"Information","message":"Networking driver in C38C5654-6BA3-40D2-8784-0A4AA6C39407 is loaded and the protocol version is negotiated to the most recent version (Virtual machine ID C38C5654-6BA3-40D2-8784-0A4AA6C39407).","VMNameLen":"36","VMName":"C38C5654-6BA3-40D2-8784-0A4AA6C39407","VMIdLen":"36","VMId":"C38C5654-6BA3-40D2-8784-0A4AA6C39407"}
[10.78.233.207] {"timestamp":"2025-12-06 05:56:09","hostname":"HP-LAP704","channel":"System","event_id":291,"level":"Information","message":"RSC offload modified for NIC C38C5654-6BA3-40D2-8784-0A4AA6C39407--1A37E1A4-A84E-4EFA-BE89-02E52386CFF5 (Friendly Name: ) Previous IPv4: Enabled, Current IPv4: Enabled, Previous IPv6: Enabled, Current IPv6: Enabled. Reason: NIC connect","NicName":"C38C5654-6BA3-40D2-8784-0A4AA6C39407--1A37E1A4-A84E-4EFA-BE89-02E52386CFF5","OldNicIPv4RscEnabled":"1","OldNicIPv6RscEnabled":"1","NewNicIPv4RscEnabled":"1","NewNicIPv6RscEnabled":"1","RscStateModifiedReason":"7"}
[10.78.233.207] {"timestamp":"2025-12-06 05:56:09","hostname":"HP-LAP704","channel":"System","event_id":291,"level":"Information","message":"RSC offload modified for NIC C38C5654-6BA3-40D2-8784-0A4AA6C39407--1A37E1A4-A84E-4EFA-BE89-02E52386CFF5 (Friendly Name: ) Previous IPv4: Enabled, Current IPv4: Enabled, Previous IPv6: Enabled, Current IPv6: Enabled. Reason: RSC OID","NicName":"C38C5654-6BA3-40D2-8784-0A4AA6C39407--1A37E1A4-A84E-4EFA-BE89-02E52386CFF5","OldNicIPv4RscEnabled":"1","OldNicIPv6RscEnabled":"1","NewNicIPv4RscEnabled":"1","NewNicIPv6RscEnabled":"1","RscStateModifiedReason":"6"}
[10.78.233.207] {"timestamp":"2025-12-06 05:56:15","hostname":"HP-LAP704","channel":"System","event_id":102,"level":"Information","message":"Networking driver in C38C5654-6BA3-40D2-8784-0A4AA6C39407 is loaded and the protocol version is negotiated to the most recent version (Virtual machine ID C38C5654-6BA3-40D2-8784-0A4AA6C39407).","VMNameLen":"36","VMName":"C38C5654-6BA3-40D2-8784-0A4AA6C39407","VMIdLen":"36","VMId":"C38C5654-6BA3-40D2-8784-0A4AA6C39407"}
[10.78.233.207] {"timestamp":"2025-12-06 05:56:15","hostname":"HP-LAP704","channel":"System","event_id":291,"level":"Information","message":"RSC offload modified for NIC C38C5654-6BA3-40D2-8784-0A4AA6C39407--1A37E1A4-A84E-4EFA-BE89-02E52386CFF5 (Friendly Name: ) Previous IPv4: Enabled, Current IPv4: Enabled, Previous IPv6: Enabled, Current IPv6: Enabled. Reason: NIC connect","NicName":"C38C5654-6BA3-40D2-8784-0A4AA6C39407--1A37E1A4-A84E-4EFA-BE89-02E52386CFF5","OldNicIPv4RscEnabled":"1","OldNicIPv6RscEnabled":"1","NewNicIPv4RscEnabled":"1","NewNicIPv6RscEnabled":"1","RscStateModifiedReason":"7"}
[10.78.233.207] {"timestamp":"2025-12-06 05:56:15","hostname":"HP-LAP704","channel":"System","event_id":291,"level":"Information","message":"RSC offload modified for NIC C38C5654-6BA3-40D2-8784-0A4AA6C39407--1A37E1A4-A84E-4EFA-BE89-02E52386CFF5 (Friendly Name: ) Previous IPv4: Enabled, Current IPv4: Enabled, Previous IPv6: Enabled, Current IPv6: Enabled. Reason: RSC OID","NicName":"C38C5654-6BA3-40D2-8784-0A4AA6C39407--1A37E1A4-A84E-4EFA-BE89-02E52386CFF5","OldNicIPv4RscEnabled":"1","OldNicIPv6RscEnabled":"1","NewNicIPv4RscEnabled":"1","NewNicIPv6RscEnabled":"1","RscStateModifiedReason":"6"}
[10.78.233.207] {"timestamp":"2025-12-06 05:56:16","hostname":"HP-LAP704","channel":"Security","event_id":4798,"level":"Information","message":"A user\u0027s local group membership was enumerated.\r\n\r\nSubject:\r\n\tSecurity ID:\t\tS-1-5-21-64021822-3933034794-494143053-1009\r\n\tAccount Name:\t\tHarsh\r\n\tAccount Domain:\t\tHP-LAP704\r\n\tLogon ID:\t\t0xC46BD\r\n\r\nUser:\r\n\tSecurity ID:\t\tS-1-5-21-64021822-3933034794-494143053-1009\r\n\tAccount Name:\t\tHarsh\r\n\tAccount Domain:\t\tHP-LAP704\r\n\r\nProcess Information:\r\n\tProcess ID:\t\t0x28e0\r\n\tProcess Name:\t\tC:\\Windows\\explorer.exe","TargetUserName":"Harsh","TargetDomainName":"HP-LAP704","TargetSid":"S-1-5-21-64021822-3933034794-494143053-1009","SubjectUserSid":"S-1-5-21-64021822-3933034794-494143053-1009","SubjectUserName":"Harsh","SubjectDomainName":"HP-LAP704","SubjectLogonId":"0xc46bd","CallerProcessId":"0x28e0","CallerProcessName":"C:\\Windows\\explorer.exe"}
[10.78.233.207] {"timestamp":"2025-12-06 05:56:18","hostname":"HP-LAP704","channel":"Security","event_id":5382,"level":"Information","message":"Vault credentials were read.\r\n\r\nSubject:\r\n\tSecurity ID:\t\tS-1-5-21-64021822-3933034794-494143053-1009\r\n\tAccount Name:\t\tHarsh\r\n\tAccount Domain:\t\tHP-LAP704\r\n\tLogon ID:\t\t0xC46BD\r\n\r\nThis event occurs when a user reads a stored vault credential.","SubjectUserSid":"S-1-5-21-64021822-3933034794-494143053-1009","SubjectUserName":"Harsh","SubjectDomainName":"HP-LAP704","SubjectLogonId":"0xc46bd","SchemaFriendlyName":"Windows Web Password Credential","Schema":"{3ccd5499-87a8-4b10-a215-608888dd3b55}","Resource":"HPConnected","Identity":"LastUserName","Flags":"0","ReturnCode":"1168","ProcessCreationTime":"2025-12-06T00:26:18.3686136Z","ClientProcessId":"6208"}
[10.78.233.207] {"timestamp":"2025-12-06 05:56:22","hostname":"HP-LAP704","channel":"Security","event_id":4624,"level":"Information","message":"An account was successfully logged on.\r\n\r\nSubject:\r\n\tSecurity ID:\t\tS-1-5-18\r\n\tAccount Name:\t\tHP-LAP704$\r\n\tAccount Domain:\t\tWORKGROUP\r\n\tLogon ID:\t\t0x3E7\r\n\r\nLogon Information:\r\n\tLogon Type:\t\t5\r\n\tRestricted Admin Mode:\t-\r\n\tRemote Credential Guard:\t-\r\n\tVirtual Account:\t\tNo\r\n\tElevated Token:\t\tYes\r\n\r\nImpersonation Level:\t\tImpersonation\r\n\r\nNew Logon:\r\n\tSecurity ID:\t\tS-1-5-18\r\n\tAccount Name:\t\tSYSTEM\r\n\tAccount Domain:\t\tNT AUTHORITY\r\n\tLogon ID:\t\t0x3E7\r\n\tLinked Logon ID:\t\t0x0\r\n\tNetwork Account Name:\t-\r\n\tNetwork Account Domain:\t-\r\n\tLogon GUID:\t\t{00000000-0000-0000-0000-000000000000}\r\n\r\nProcess Information:\r\n\tProcess ID:\t\t0x4c4\r\n\tProcess Name:\t\tC:\\Windows\\System32\\services.exe\r\n\r\nNetwork Information:\r\n\tWorkstation Name:\t-\r\n\tSource Network Address:\t-\r\n\tSource Port:\t\t-\r\n\r\nDetailed Authentication Information:\r\n\tLogon Process:\t\tAdvapi  \r\n\tAuthentication Package:\tNegotiate\r\n\tTransited Services:\t-\r\n\tPackage Name (NTLM only):\t-\r\n\tKey Length:\t\t0\r\n\r\nThis event is generated when a logon session is created. It is generated on the computer that was accessed.\r\n\r\nThe subject fields indicate the account on the local system which requested the logon. This is most commonly a service such as the Server service, or a local process such as Winlogon.exe or Services.exe.\r\n\r\nThe logon type field indicates the kind of logon that occurred. The most common types are 2 (interactive) and 3 (network).\r\n\r\nThe New Logon fields indicate the account for whom the new logon was created, i.e. the account that was logged on.\r\n\r\nThe network fields indicate where a remote logon request originated. Workstation name is not always available and may be left blank in some cases.\r\n\r\nThe impersonation level field indicates the extent to which a process in the logon session can impersonate.\r\n\r\nThe authentication information fields provide detailed information about this specific logon request.\r\n\t- Logon GUID is a unique identifier that can be used to correlate this event with a KDC event.\r\n\t- Transited services indicate which intermediate services have participated in this logon request.\r\n\t- Package name indicates which sub-protocol was used among the NTLM protocols.\r\n\t- Key length indicates the length of the generated session key. This will be 0 if no session key was requested.","SubjectUserSid":"S-1-5-18","SubjectUserName":"HP-LAP704$","SubjectDomainName":"WORKGROUP","SubjectLogonId":"0x3e7","TargetUserSid":"S-1-5-18","TargetUserName":"SYSTEM","TargetDomainName":"NT AUTHORITY","TargetLogonId":"0x3e7","LogonType":"5","LogonProcessName":"Advapi  ","AuthenticationPackageName":"Negotiate","WorkstationName":"-","LogonGuid":"{00000000-0000-0000-0000-000000000000}","TransmittedServices":"-","LmPackageName":"-","KeyLength":"0","ProcessId":"0x4c4","ProcessName":"C:\\Windows\\System32\\services.exe","IpAddress":"-","IpPort":"-","ImpersonationLevel":"%%1833","RestrictedAdminMode":"-","RemoteCredentialGuard":"-","TargetOutboundUserName":"-","TargetOutboundDomainName":"-","VirtualAccount":"%%1843","TargetLinkedLogonId":"0x0","ElevatedToken":"%%1842"}
[10.78.233.207] {"timestamp":"2025-12-06 05:56:22","hostname":"HP-LAP704","channel":"Security","event_id":4672,"level":"Information","message":"Special privileges assigned to new logon.\r\n\r\nSubject:\r\n\tSecurity ID:\t\tS-1-5-18\r\n\tAccount Name:\t\tSYSTEM\r\n\tAccount Domain:\t\tNT AUTHORITY\r\n\tLogon ID:\t\t0x3E7\r\n\r\nPrivileges:\t\tSeAssignPrimaryTokenPrivilege\r\n\t\t\tSeTcbPrivilege\r\n\t\t\tSeSecurityPrivilege\r\n\t\t\tSeTakeOwnershipPrivilege\r\n\t\t\tSeLoadDriverPrivilege\r\n\t\t\tSeBackupPrivilege\r\n\t\t\tSeRestorePrivilege\r\n\t\t\tSeDebugPrivilege\r\n\t\t\tSeAuditPrivilege\r\n\t\t\tSeSystemEnvironmentPrivilege\r\n\t\t\tSeImpersonatePrivilege\r\n\t\t\tSeDelegateSessionUserImpersonatePrivilege","SubjectUserSid":"S-1-5-18","SubjectUserName":"SYSTEM","SubjectDomainName":"NT AUTHORITY","SubjectLogonId":"0x3e7","PrivilegeList":"SeAssignPrimaryTokenPrivilege\n\t\t\tSeTcbPrivilege\n\t\t\tSeSecurityPrivilege\n\t\t\tSeTakeOwnershipPrivilege\n\t\t\tSeLoadDriverPrivilege\n\t\t\tSeBackupPrivilege\n\t\t\tSeRestorePrivilege\n\t\t\tSeDebugPrivilege\n\t\t\tSeAuditPrivilege\n\t\t\tSeSystemEnvironmentPrivilege\n\t\t\tSeImpersonatePrivilege\n\t\t\tSeDelegateSessionUserImpersonatePrivilege"}
[10.78.233.207] {"timestamp":"2025-12-06 05:56:22","hostname":"HP-LAP704","channel":"Application","event_id":1,"level":"Information","message":"Device is neither AAD/Domain Joined or Workplace Joined."}
[10.78.233.207] {"timestamp":"2025-12-06 05:56:22","hostname":"HP-LAP704","channel":"Application","event_id":1,"level":"Information","message":"Initialization Successful. Enabled=false, CloudPrintSolution=Unknown, DiscoveryEndpoint=, OAuthAuthority=, OAuthClientId=, DiscoveryResourceId=, PrintResourceId="}
[10.78.233.207] {"timestamp":"2025-12-06 05:56:42","hostname":"HP-LAP704","channel":"System","event_id":102,"level":"Information","message":"Networking driver in C38C5654-6BA3-40D2-8784-0A4AA6C39407 is loaded and the protocol version is negotiated to the most recent version (Virtual machine ID C38C5654-6BA3-40D2-8784-0A4AA6C39407).","VMNameLen":"36","VMName":"C38C5654-6BA3-40D2-8784-0A4AA6C39407","VMIdLen":"36","VMId":"C38C5654-6BA3-40D2-8784-0A4AA6C39407"}
[10.78.233.207] {"timestamp":"2025-12-06 05:56:42","hostname":"HP-LAP704","channel":"System","event_id":291,"level":"Information","message":"RSC offload modified for NIC C38C5654-6BA3-40D2-8784-0A4AA6C39407--1A37E1A4-A84E-4EFA-BE89-02E52386CFF5 (Friendly Name: ) Previous IPv4: Enabled, Current IPv4: Enabled, Previous IPv6: Enabled, Current IPv6: Enabled. Reason: NIC connect","NicName":"C38C5654-6BA3-40D2-8784-0A4AA6C39407--1A37E1A4-A84E-4EFA-BE89-02E52386CFF5","OldNicIPv4RscEnabled":"1","OldNicIPv6RscEnabled":"1","NewNicIPv4RscEnabled":"1","NewNicIPv6RscEnabled":"1","RscStateModifiedReason":"7"}
[10.78.233.207] {"timestamp":"2025-12-06 05:56:42","hostname":"HP-LAP704","channel":"System","event_id":291,"level":"Information","message":"RSC offload modified for NIC C38C5654-6BA3-40D2-8784-0A4AA6C39407--1A37E1A4-A84E-4EFA-BE89-02E52386CFF5 (Friendly Name: ) Previous IPv4: Enabled, Current IPv4: Enabled, Previous IPv6: Enabled, Current IPv6: Enabled. Reason: RSC OID","NicName":"C38C5654-6BA3-40D2-8784-0A4AA6C39407--1A37E1A4-A84E-4EFA-BE89-02E52386CFF5","OldNicIPv4RscEnabled":"1","OldNicIPv6RscEnabled":"1","NewNicIPv4RscEnabled":"1","NewNicIPv6RscEnabled":"1","RscStateModifiedReason":"6"}
[10.78.233.207] {"timestamp":"2025-12-06 05:56:48","hostname":"HP-LAP704","channel":"System","event_id":102,"level":"Information","message":"Networking driver in C38C5654-6BA3-40D2-8784-0A4AA6C39407 is loaded and the protocol version is negotiated to the most recent version (Virtual machine ID C38C5654-6BA3-40D2-8784-0A4AA6C39407).","VMNameLen":"36","VMName":"C38C5654-6BA3-40D2-8784-0A4AA6C39407","VMIdLen":"36","VMId":"C38C5654-6BA3-40D2-8784-0A4AA6C39407"}
[10.78.233.207] {"timestamp":"2025-12-06 05:56:48","hostname":"HP-LAP704","channel":"System","event_id":291,"level":"Information","message":"RSC offload modified for NIC C38C5654-6BA3-40D2-8784-0A4AA6C39407--1A37E1A4-A84E-4EFA-BE89-02E52386CFF5 (Friendly Name: ) Previous IPv4: Enabled, Current IPv4: Enabled, Previous IPv6: Enabled, Current IPv6: Enabled. Reason: NIC connect","NicName":"C38C5654-6BA3-40D2-8784-0A4AA6C39407--1A37E1A4-A84E-4EFA-BE89-02E52386CFF5","OldNicIPv4RscEnabled":"1","OldNicIPv6RscEnabled":"1","NewNicIPv4RscEnabled":"1","NewNicIPv6RscEnabled":"1","RscStateModifiedReason":"7"}
[10.78.233.207] {"timestamp":"2025-12-06 05:56:48","hostname":"HP-LAP704","channel":"System","event_id":291,"level":"Information","message":"RSC offload modified for NIC C38C5654-6BA3-40D2-8784-0A4AA6C39407--1A37E1A4-A84E-4EFA-BE89-02E52386CFF5 (Friendly Name: ) Previous IPv4: Enabled, Current IPv4: Enabled, Previous IPv6: Enabled, Current IPv6: Enabled. Reason: RSC OID","NicName":"C38C5654-6BA3-40D2-8784-0A4AA6C39407--1A37E1A4-A84E-4EFA-BE89-02E52386CFF5","OldNicIPv4RscEnabled":"1","OldNicIPv6RscEnabled":"1","NewNicIPv4RscEnabled":"1","NewNicIPv6RscEnabled":"1","RscStateModifiedReason":"6"}
[10.78.233.207] {"timestamp":"2025-12-06 05:56:49","hostname":"HP-LAP704","channel":"Security","event_id":4798,"level":"Information","message":"A user\u0027s local group membership was enumerated.\r\n\r\nSubject:\r\n\tSecurity ID:\t\tS-1-5-21-64021822-3933034794-494143053-1009\r\n\tAccount Name:\t\tHarsh\r\n\tAccount Domain:\t\tHP-LAP704\r\n\tLogon ID:\t\t0xC46BD\r\n\r\nUser:\r\n\tSecurity ID:\t\tS-1-5-21-64021822-3933034794-494143053-1009\r\n\tAccount Name:\t\tHarsh\r\n\tAccount Domain:\t\tHP-LAP704\r\n\r\nProcess Information:\r\n\tProcess ID:\t\t0x28e0\r\n\tProcess Name:\t\tC:\\Windows\\explorer.exe","TargetUserName":"Harsh","TargetDomainName":"HP-LAP704","TargetSid":"S-1-5-21-64021822-3933034794-494143053-1009","SubjectUserSid":"S-1-5-21-64021822-3933034794-494143053-1009","SubjectUserName":"Harsh","SubjectDomainName":"HP-LAP704","SubjectLogonId":"0xc46bd","CallerProcessId":"0x28e0","CallerProcessName":"C:\\Windows\\explorer.exe"}
[10.78.233.207] {"timestamp":"2025-12-06 05:57:17","hostname":"HP-LAP704","channel":"System","event_id":102,"level":"Information","message":"Networking driver in C38C5654-6BA3-40D2-8784-0A4AA6C39407 is loaded and the protocol version is negotiated to the most recent version (Virtual machine ID C38C5654-6BA3-40D2-8784-0A4AA6C39407).","VMNameLen":"36","VMName":"C38C5654-6BA3-40D2-8784-0A4AA6C39407","VMIdLen":"36","VMId":"C38C5654-6BA3-40D2-8784-0A4AA6C39407"}
[10.78.233.207] {"timestamp":"2025-12-06 05:57:17","hostname":"HP-LAP704","channel":"System","event_id":291,"level":"Information","message":"RSC offload modified for NIC C38C5654-6BA3-40D2-8784-0A4AA6C39407--1A37E1A4-A84E-4EFA-BE89-02E52386CFF5 (Friendly Name: ) Previous IPv4: Enabled, Current IPv4: Enabled, Previous IPv6: Enabled, Current IPv6: Enabled. Reason: NIC connect","NicName":"C38C5654-6BA3-40D2-8784-0A4AA6C39407--1A37E1A4-A84E-4EFA-BE89-02E52386CFF5","OldNicIPv4RscEnabled":"1","OldNicIPv6RscEnabled":"1","NewNicIPv4RscEnabled":"1","NewNicIPv6RscEnabled":"1","RscStateModifiedReason":"7"}
[10.78.233.207] {"timestamp":"2025-12-06 05:57:17","hostname":"HP-LAP704","channel":"System","event_id":291,"level":"Information","message":"RSC offload modified for NIC C38C5654-6BA3-40D2-8784-0A4AA6C39407--1A37E1A4-A84E-4EFA-BE89-02E52386CFF5 (Friendly Name: ) Previous IPv4: Enabled, Current IPv4: Enabled, Previous IPv6: Enabled, Current IPv6: Enabled. Reason: RSC OID","NicName":"C38C5654-6BA3-40D2-8784-0A4AA6C39407--1A37E1A4-A84E-4EFA-BE89-02E52386CFF5","OldNicIPv4RscEnabled":"1","OldNicIPv6RscEnabled":"1","NewNicIPv4RscEnabled":"1","NewNicIPv6RscEnabled":"1","RscStateModifiedReason":"6"}
[10.78.233.207] {"timestamp":"2025-12-06 05:57:19","hostname":"HP-LAP704","channel":"System","event_id":102,"level":"Information","message":"Networking driver in C38C5654-6BA3-40D2-8784-0A4AA6C39407 is loaded and the protocol version is negotiated to the most recent version (Virtual machine ID C38C5654-6BA3-40D2-8784-0A4AA6C39407).","VMNameLen":"36","VMName":"C38C5654-6BA3-40D2-8784-0A4AA6C39407","VMIdLen":"36","VMId":"C38C5654-6BA3-40D2-8784-0A4AA6C39407"}
[10.78.233.207] {"timestamp":"2025-12-06 05:57:19","hostname":"HP-LAP704","channel":"System","event_id":291,"level":"Information","message":"RSC offload modified for NIC C38C5654-6BA3-40D2-8784-0A4AA6C39407--1A37E1A4-A84E-4EFA-BE89-02E52386CFF5 (Friendly Name: ) Previous IPv4: Enabled, Current IPv4: Enabled, Previous IPv6: Enabled, Current IPv6: Enabled. Reason: NIC connect","NicName":"C38C5654-6BA3-40D2-8784-0A4AA6C39407--1A37E1A4-A84E-4EFA-BE89-02E52386CFF5","OldNicIPv4RscEnabled":"1","OldNicIPv6RscEnabled":"1","NewNicIPv4RscEnabled":"1","NewNicIPv6RscEnabled":"1","RscStateModifiedReason":"7"}
[10.78.233.207] {"timestamp":"2025-12-06 05:57:19","hostname":"HP-LAP704","channel":"System","event_id":291,"level":"Information","message":"RSC offload modified for NIC C38C5654-6BA3-40D2-8784-0A4AA6C39407--1A37E1A4-A84E-4EFA-BE89-02E52386CFF5 (Friendly Name: ) Previous IPv4: Enabled, Current IPv4: Enabled, Previous IPv6: Enabled, Current IPv6: Enabled. Reason: RSC OID","NicName":"C38C5654-6BA3-40D2-8784-0A4AA6C39407--1A37E1A4-A84E-4EFA-BE89-02E52386CFF5","OldNicIPv4RscEnabled":"1","OldNicIPv6RscEnabled":"1","NewNicIPv4RscEnabled":"1","NewNicIPv6RscEnabled":"1","RscStateModifiedReason":"6"}
[10.78.233.207] {"timestamp":"2025-12-06 05:57:21","hostname":"HP-LAP704","channel":"Security","event_id":4798,"level":"Information","message":"A user\u0027s local group membership was enumerated.\r\n\r\nSubject:\r\n\tSecurity ID:\t\tS-1-5-21-64021822-3933034794-494143053-1009\r\n\tAccount Name:\t\tHarsh\r\n\tAccount Domain:\t\tHP-LAP704\r\n\tLogon ID:\t\t0xC46BD\r\n\r\nUser:\r\n\tSecurity ID:\t\tS-1-5-21-64021822-3933034794-494143053-1009\r\n\tAccount Name:\t\tHarsh\r\n\tAccount Domain:\t\tHP-LAP704\r\n\r\nProcess Information:\r\n\tProcess ID:\t\t0x28e0\r\n\tProcess Name:\t\tC:\\Windows\\explorer.exe","TargetUserName":"Harsh","TargetDomainName":"HP-LAP704","TargetSid":"S-1-5-21-64021822-3933034794-494143053-1009","SubjectUserSid":"S-1-5-21-64021822-3933034794-494143053-1009","SubjectUserName":"Harsh","SubjectDomainName":"HP-LAP704","SubjectLogonId":"0xc46bd","CallerProcessId":"0x28e0","CallerProcessName":"C:\\Windows\\explorer.exe"}
[10.78.233.207] {"timestamp":"2025-12-06 05:57:24","hostname":"HP-LAP704","channel":"Application","event_id":1001,"level":"Information","message":"Fault bucket , type 0\r\nEvent Name: BlueScreen\r\nResponse: Not available\r\nCab Id: 0\r\n\r\nProblem signature:\r\nP1: 133\r\nP2: 0\r\nP3: 500\r\nP4: 500\r\nP5: fffff803995c33a0\r\nP6: 10_0_26100\r\nP7: 0_0\r\nP8: 768_1\r\nP9: \r\nP10: \r\n\r\nAttached files:\r\n\\\\?\\C:\\WINDOWS\\Minidump\\031425-296718-01.dmp\r\n\\\\?\\C:\\WINDOWS\\SystemTemp\\WER-296765-0.sysdata.xml\r\n\\\\?\\C:\\ProgramData\\Microsoft\\Windows\\WER\\Temp\\WER.9a8e670e-0332-49e5-a857-4e35e89299b9.tmp.WERInternalMetadata.xml\r\n\\\\?\\C:\\ProgramData\\Microsoft\\Windows\\WER\\Temp\\WER.39a30f4d-2659-4e2f-b23a-663a8b06b806.tmp.xml\r\n\r\nThese files may be available here:\r\n\\\\?\\C:\\ProgramData\\Microsoft\\Windows\\WER\\ReportQueue\\Kernel_133_38821024458dc8bcaca3a78355992accc66acde0_00000000_ca9cdacf-2f73-49e8-b6b7-34396f548732\r\n\r\nAnalysis symbol: \r\nRechecking for solution: 0\r\nReport Id: 3cef9d72-4ab4-4f41-8886-03a6250128af\r\nReport Status: 2051\r\nHashed bucket: \r\nCab Guid: 0","BucketType":"0","EventName":"BlueScreen","Response":"Not available","CabId":"0","P1":"133","P2":"0","P3":"500","P4":"500","P5":"fffff803995c33a0","P6":"10_0_26100","P7":"0_0","P8":"768_1","AttachedFiles":"\n\\\\?\\C:\\WINDOWS\\Minidump\\031425-296718-01.dmp\n\\\\?\\C:\\WINDOWS\\SystemTemp\\WER-296765-0.sysdata.xml\n\\\\?\\C:\\ProgramData\\Microsoft\\Windows\\WER\\Temp\\WER.9a8e670e-0332-49e5-a857-4e35e89299b9.tmp.WERInternalMetadata.xml\n\\\\?\\C:\\ProgramData\\Microsoft\\Windows\\WER\\Temp\\WER.39a30f4d-2659-4e2f-b23a-663a8b06b806.tmp.xml","StorePath":"\\\\?\\C:\\ProgramData\\Microsoft\\Windows\\WER\\ReportQueue\\Kernel_133_38821024458dc8bcaca3a78355992accc66acde0_00000000_ca9cdacf-2f73-49e8-b6b7-34396f548732","Rechecking":"0","ReportId":"3cef9d72-4ab4-4f41-8886-03a6250128af","ReportStatus":"2051","CabGuid":"0"}
[10.78.233.207] {"timestamp":"2025-12-06 05:57:24","hostname":"HP-LAP704","channel":"Application","event_id":1001,"level":"Information","message":"Fault bucket , type 0\r\nEvent Name: BlueScreen\r\nResponse: Not available\r\nCab Id: 0\r\n\r\nProblem signature:\r\nP1: 133\r\nP2: 0\r\nP3: 500\r\nP4: 500\r\nP5: fffff806961c33a0\r\nP6: 10_0_26100\r\nP7: 0_0\r\nP8: 768_1\r\nP9: \r\nP10: \r\n\r\nAttached files:\r\n\\\\?\\C:\\WINDOWS\\Minidump\\032925-112421-01.dmp\r\n\\\\?\\C:\\WINDOWS\\SystemTemp\\WER-112484-0.sysdata.xml\r\n\\\\?\\C:\\ProgramData\\Microsoft\\Windows\\WER\\Temp\\WER.c43a3034-a5b5-4340-9cc8-78d8adff83f7.tmp.WERInternalMetadata.xml\r\n\\\\?\\C:\\ProgramData\\Microsoft\\Windows\\WER\\Temp\\WER.c6e4dfcd-51de-4fb2-ac5e-63a898cf7e57.tmp.csv\r\n\\\\?\\C:\\ProgramData\\Microsoft\\Windows\\WER\\Temp\\WER.26f62352-94ce-48c3-998b-7bf7b017af77.tmp.txt\r\n\\\\?\\C:\\ProgramData\\Microsoft\\Windows\\WER\\Temp\\WER.527c2abc-3848-4a5c-b90f-4d860f2cb1d7.tmp.xml\r\n\r\nThese files may be available here:\r\n\\\\?\\C:\\ProgramData\\Microsoft\\Windows\\WER\\ReportQueue\\Kernel_133_1289b559b63876ee7be2a721c31ea98bf86a2148_00000000_33f01130-c483-4b2c-af05-4329a71735cc\r\n\r\nAnalysis symbol: \r\nRechecking for solution: 0\r\nReport Id: 670687fa-5cd8-44d0-8849-d3cbe8507b63\r\nReport Status: 2051\r\nHashed bucket: \r\nCab Guid: 0","BucketType":"0","EventName":"BlueScreen","Response":"Not available","CabId":"0","P1":"133","P2":"0","P3":"500","P4":"500","P5":"fffff806961c33a0","P6":"10_0_26100","P7":"0_0","P8":"768_1","AttachedFiles":"\n\\\\?\\C:\\WINDOWS\\Minidump\\032925-112421-01.dmp\n\\\\?\\C:\\WINDOWS\\SystemTemp\\WER-112484-0.sysdata.xml\n\\\\?\\C:\\ProgramData\\Microsoft\\Windows\\WER\\Temp\\WER.c43a3034-a5b5-4340-9cc8-78d8adff83f7.tmp.WERInternalMetadata.xml\n\\\\?\\C:\\ProgramData\\Microsoft\\Windows\\WER\\Temp\\WER.c6e4dfcd-51de-4fb2-ac5e-63a898cf7e57.tmp.csv\n\\\\?\\C:\\ProgramData\\Microsoft\\Windows\\WER\\Temp\\WER.26f62352-94ce-48c3-998b-7bf7b017af77.tmp.txt\n\\\\?\\C:\\ProgramData\\Microsoft\\Windows\\WER\\Temp\\WER.527c2abc-3848-4a5c-b90f-4d860f2cb1d7.tmp.xml","StorePath":"\\\\?\\C:\\ProgramData\\Microsoft\\Windows\\WER\\ReportQueue\\Kernel_133_1289b559b63876ee7be2a721c31ea98bf86a2148_00000000_33f01130-c483-4b2c-af05-4329a71735cc","Rechecking":"0","ReportId":"670687fa-5cd8-44d0-8849-d3cbe8507b63","ReportStatus":"2051","CabGuid":"0"}
[10.78.233.207] {"timestamp":"2025-12-06 05:57:24","hostname":"HP-LAP704","channel":"Application","event_id":1001,"level":"Information","message":"Fault bucket , type 0\r\nEvent Name: BlueScreen\r\nResponse: Not available\r\nCab Id: 0\r\n\r\nProblem signature:\r\nP1: 9f\r\nP2: 4\r\nP3: 258\r\nP4: ffff8586c1110040\r\nP5: fffff08436a78920\r\nP6: 10_0_26100\r\nP7: 0_0\r\nP8: 768_1\r\nP9: \r\nP10: \r\n\r\nAttached files:\r\n\\\\?\\C:\\WINDOWS\\Minidump\\041925-15437-01.dmp\r\n\\\\?\\C:\\WINDOWS\\SystemTemp\\WER-15453-0.sysdata.xml\r\n\\\\?\\C:\\ProgramData\\Microsoft\\Windows\\WER\\Temp\\WER.69e376bc-d3dc-496d-a7ea-930cac5ed7b9.tmp.WERInternalMetadata.xml\r\n\\\\?\\C:\\ProgramData\\Microsoft\\Windows\\WER\\Temp\\WER.26fb58ab-a540-4123-a80f-f682d596e5d1.tmp.csv\r\n\\\\?\\C:\\ProgramData\\Microsoft\\Windows\\WER\\Temp\\WER.dade23c2-8e23-4854-bd06-abae7174fd38.tmp.txt\r\n\\\\?\\C:\\ProgramData\\Microsoft\\Windows\\WER\\Temp\\WER.934792d8-243d-4ded-94ea-c8d315561afb.tmp.xml\r\n\r\nThese files may be available here:\r\n\\\\?\\C:\\ProgramData\\Microsoft\\Windows\\WER\\ReportQueue\\Kernel_9f_1d3aa97c20844e48c1b949c034383babb785afdd_00000000_158431f4-9c9c-47a6-9cff-d16a9e51400a\r\n\r\nAnalysis symbol: \r\nRechecking for solution: 0\r\nReport Id: ac491914-560c-4823-bc41-a064ac9c1dd3\r\nReport Status: 2051\r\nHashed bucket: \r\nCab Guid: 0","BucketType":"0","EventName":"BlueScreen","Response":"Not available","CabId":"0","P1":"9f","P2":"4","P3":"258","P4":"ffff8586c1110040","P5":"fffff08436a78920","P6":"10_0_26100","P7":"0_0","P8":"768_1","AttachedFiles":"\n\\\\?\\C:\\WINDOWS\\Minidump\\041925-15437-01.dmp\n\\\\?\\C:\\WINDOWS\\SystemTemp\\WER-15453-0.sysdata.xml\n\\\\?\\C:\\ProgramData\\Microsoft\\Windows\\WER\\Temp\\WER.69e376bc-d3dc-496d-a7ea-930cac5ed7b9.tmp.WERInternalMetadata.xml\n\\\\?\\C:\\ProgramData\\Microsoft\\Windows\\WER\\Temp\\WER.26fb58ab-a540-4123-a80f-f682d596e5d1.tmp.csv\n\\\\?\\C:\\ProgramData\\Microsoft\\Windows\\WER\\Temp\\WER.dade23c2-8e23-4854-bd06-abae7174fd38.tmp.txt\n\\\\?\\C:\\ProgramData\\Microsoft\\Windows\\WER\\Temp\\WER.934792d8-243d-4ded-94ea-c8d315561afb.tmp.xml","StorePath":"\\\\?\\C:\\ProgramData\\Microsoft\\Windows\\WER\\ReportQueue\\Kernel_9f_1d3aa97c20844e48c1b949c034383babb785afdd_00000000_158431f4-9c9c-47a6-9cff-d16a9e51400a","Rechecking":"0","ReportId":"ac491914-560c-4823-bc41-a064ac9c1dd3","ReportStatus":"2051","CabGuid":"0"}
[10.78.233.207] {"timestamp":"2025-12-06 05:57:24","hostname":"HP-LAP704","channel":"Application","event_id":1001,"level":"Information","message":"Fault bucket , type 0\r\nEvent Name: BlueScreen\r\nResponse: Not available\r\nCab Id: 0\r\n\r\nProblem signature:\r\nP1: 133\r\nP2: 0\r\nP3: 500\r\nP4: 500\r\nP5: fffff801f01c33b0\r\nP6: 10_0_26100\r\nP7: 0_0\r\nP8: 768_1\r\nP9: \r\nP10: \r\n\r\nAttached files:\r\n\\\\?\\C:\\WINDOWS\\Minidump\\043025-19234-01.dmp\r\n\\\\?\\C:\\WINDOWS\\SystemTemp\\WER-19234-0.sysdata.xml\r\n\\\\?\\C:\\ProgramData\\Microsoft\\Windows\\WER\\Temp\\WER.325587b5-0a94-4443-9260-bf7667154c49.tmp.WERInternalMetadata.xml\r\n\\\\?\\C:\\ProgramData\\Microsoft\\Windows\\WER\\Temp\\WER.eff3d0be-f562-41a5-a267-bec8a9627251.tmp.csv\r\n\\\\?\\C:\\ProgramData\\Microsoft\\Windows\\WER\\Temp\\WER.b7a26c86-a2d0-48be-ab74-caa8dda73f4e.tmp.txt\r\n\\\\?\\C:\\ProgramData\\Microsoft\\Windows\\WER\\Temp\\WER.354664e0-a610-478e-9db6-fc6a89c3b988.tmp.xml\r\n\r\nThese files may be available here:\r\n\\\\?\\C:\\ProgramData\\Microsoft\\Windows\\WER\\ReportQueue\\Kernel_133_5bc46dfefbf7be8d3e56208e8718aa1c243d5ff_00000000_ac5f5862-b020-4741-9234-6bf03fe4c829\r\n\r\nAnalysis symbol: \r\nRechecking for solution: 0\r\nReport Id: bcb120c7-9c32-470b-be00-6e9d83a6af57\r\nReport Status: 2051\r\nHashed bucket: \r\nCab Guid: 0","BucketType":"0","EventName":"BlueScreen","Response":"Not available","CabId":"0","P1":"133","P2":"0","P3":"500","P4":"500","P5":"fffff801f01c33b0","P6":"10_0_26100","P7":"0_0","P8":"768_1","AttachedFiles":"\n\\\\?\\C:\\WINDOWS\\Minidump\\043025-19234-01.dmp\n\\\\?\\C:\\WINDOWS\\SystemTemp\\WER-19234-0.sysdata.xml\n\\\\?\\C:\\ProgramData\\Microsoft\\Windows\\WER\\Temp\\WER.325587b5-0a94-4443-9260-bf7667154c49.tmp.WERInternalMetadata.xml\n\\\\?\\C:\\ProgramData\\Microsoft\\Windows\\WER\\Temp\\WER.eff3d0be-f562-41a5-a267-bec8a9627251.tmp.csv\n\\\\?\\C:\\ProgramData\\Microsoft\\Windows\\WER\\Temp\\WER.b7a26c86-a2d0-48be-ab74-caa8dda73f4e.tmp.txt\n\\\\?\\C:\\ProgramData\\Microsoft\\Windows\\WER\\Temp\\WER.354664e0-a610-478e-9db6-fc6a89c3b988.tmp.xml","StorePath":"\\\\?\\C:\\ProgramData\\Microsoft\\Windows\\WER\\ReportQueue\\Kernel_133_5bc46dfefbf7be8d3e56208e8718aa1c243d5ff_00000000_ac5f5862-b020-4741-9234-6bf03fe4c829","Rechecking":"0","ReportId":"bcb120c7-9c32-470b-be00-6e9d83a6af57","ReportStatus":"2051","CabGuid":"0"}
[10.78.233.207] {"timestamp":"2025-12-06 05:57:25","hostname":"HP-LAP704","channel":"Application","event_id":1001,"level":"Information","message":"Fault bucket , type 0\r\nEvent Name: BlueScreen\r\nResponse: Not available\r\nCab Id: 0\r\n\r\nProblem signature:\r\nP1: 133\r\nP2: 0\r\nP3: 500\r\nP4: 500\r\nP5: fffff801bdfc33b0\r\nP6: 10_0_26100\r\nP7: 0_0\r\nP8: 768_1\r\nP9: \r\nP10: \r\n\r\nAttached files:\r\n\\\\?\\C:\\WINDOWS\\Minidump\\050625-20734-01.dmp\r\n\\\\?\\C:\\WINDOWS\\SystemTemp\\WER-20765-0.sysdata.xml\r\n\\\\?\\C:\\ProgramData\\Microsoft\\Windows\\WER\\Temp\\WER.9d0d8116-d318-4bba-a1cb-b1693dd8fc39.tmp.WERInternalMetadata.xml\r\n\\\\?\\C:\\ProgramData\\Microsoft\\Windows\\WER\\Temp\\WER.79a5076a-6b56-4ca6-9eda-93acb19f1127.tmp.csv\r\n\\\\?\\C:\\ProgramData\\Microsoft\\Windows\\WER\\Temp\\WER.5a24529d-ba44-4e86-bb74-eaf7c4f416f8.tmp.txt\r\n\\\\?\\C:\\ProgramData\\Microsoft\\Windows\\WER\\Temp\\WER.d128cc13-a36f-491e-8dee-e1f596c98c12.tmp.xml\r\n\r\nThese files may be available here:\r\n\\\\?\\C:\\ProgramData\\Microsoft\\Windows\\WER\\ReportQueue\\Kernel_133_6e7e4f662c4a1bba9dfa6a6894b2ad3d64d751_00000000_2b5c0c5d-30d6-4c3a-a791-625b37918ced\r\n\r\nAnalysis symbol: \r\nRechecking for solution: 0\r\nReport Id: 0315487f-c725-458e-b4d3-b86d8e0b0f4c\r\nReport Status: 2051\r\nHashed bucket: \r\nCab Guid: 0","BucketType":"0","EventName":"BlueScreen","Response":"Not available","CabId":"0","P1":"133","P2":"0","P3":"500","P4":"500","P5":"fffff801bdfc33b0","P6":"10_0_26100","P7":"0_0","P8":"768_1","AttachedFiles":"\n\\\\?\\C:\\WINDOWS\\Minidump\\050625-20734-01.dmp\n\\\\?\\C:\\WINDOWS\\SystemTemp\\WER-20765-0.sysdata.xml\n\\\\?\\C:\\ProgramData\\Microsoft\\Windows\\WER\\Temp\\WER.9d0d8116-d318-4bba-a1cb-b1693dd8fc39.tmp.WERInternalMetadata.xml\n\\\\?\\C:\\ProgramData\\Microsoft\\Windows\\WER\\Temp\\WER.79a5076a-6b56-4ca6-9eda-93acb19f1127.tmp.csv\n\\\\?\\C:\\ProgramData\\Microsoft\\Windows\\WER\\Temp\\WER.5a24529d-ba44-4e86-bb74-eaf7c4f416f8.tmp.txt\n\\\\?\\C:\\ProgramData\\Microsoft\\Windows\\WER\\Temp\\WER.d128cc13-a36f-491e-8dee-e1f596c98c12.tmp.xml","StorePath":"\\\\?\\C:\\ProgramData\\Microsoft\\Windows\\WER\\ReportQueue\\Kernel_133_6e7e4f662c4a1bba9dfa6a6894b2ad3d64d751_00000000_2b5c0c5d-30d6-4c3a-a791-625b37918ced","Rechecking":"0","ReportId":"0315487f-c725-458e-b4d3-b86d8e0b0f4c","ReportStatus":"2051","CabGuid":"0"}
