[10.78.233.207] {"timestamp":"2025-12-06 04:20:03","hostname":"HP-LAP704","channel":"Security","event_id":5379,"level":"Information","message":"Credential Manager credentials were read.\r\n\r\nSubject:\r\n\tSecurity ID:\t\tS-1-5-21-64021822-3933034794-494143053-1009\r\n\tAccount Name:\t\tHarsh\r\n\tAccount Domain:\t\tHP-LAP704\r\n\tLogon ID:\t\t0xC46BD\r\n\tRead Operation:\t\tEnumerate Credentials\r\n\r\nThis event occurs when a user performs a read operation on stored credentials in Credential Manager.","SubjectUserSid":"S-1-5-21-64021822-3933034794-494143053-1009","SubjectUserName":"Harsh","SubjectDomainName":"HP-LAP704","SubjectLogonId":"0xc46bd","TargetName":"WindowsLive:target=virtualapp/didlogical","Type":"0","CountOfCredentialsReturned":"1","ReadOperation":"%%8100","ReturnCode":"0","ProcessCreationTime":"2025-12-05T22:50:02.9983993Z","ClientProcessId":"8632"}
[10.78.233.207] {"timestamp":"2025-12-06 04:20:03","hostname":"HP-LAP704","channel":"Security","event_id":5379,"level":"Information","message":"Credential Manager credentials were read.\r\n\r\nSubject:\r\n\tSecurity ID:\t\tS-1-5-21-64021822-3933034794-494143053-1009\r\n\tAccount Name:\t\tHarsh\r\n\tAccount Domain:\t\tHP-LAP704\r\n\tLogon ID:\t\t0xC46BD\r\n\tRead Operation:\t\tEnumerate Credentials\r\n\r\nThis event occurs when a user performs a read operation on stored credentials in Credential Manager.","SubjectUserSid":"S-1-5-21-64021822-3933034794-494143053-1009","SubjectUserName":"Harsh","SubjectDomainName":"HP-LAP704","SubjectLogonId":"0xc46bd","TargetName":"MicrosoftAccount:user=harshrajivjain@outlook.com","Type":"0","CountOfCredentialsReturned":"1","ReadOperation":"%%8100","ReturnCode":"0","ProcessCreationTime":"2025-12-05T22:50:02.9983993Z","ClientProcessId":"8632"}
[10.78.233.207] {"timestamp":"2025-12-06 04:20:03","hostname":"HP-LAP704","channel":"Security","event_id":5379,"level":"Information","message":"Credential Manager credentials were read.\r\n\r\nSubject:\r\n\tSecurity ID:\t\tS-1-5-21-64021822-3933034794-494143053-1009\r\n\tAccount Name:\t\tHarsh\r\n\tAccount Domain:\t\tHP-LAP704\r\n\tLogon ID:\t\t0xC46BD\r\n\tRead Operation:\t\tEnumerate Credentials\r\n\r\nThis event occurs when a user performs a read operation on stored credentials in Credential Manager.","SubjectUserSid":"S-1-5-21-64021822-3933034794-494143053-1009","SubjectUserName":"Harsh","SubjectDomainName":"HP-LAP704","SubjectLogonId":"0xc46bd","TargetName":"WindowsLive:(token):name=harshrajivjain@outlook.com;serviceuri=*","Type":"0","CountOfCredentialsReturned":"0","ReadOperation":"%%8100","ReturnCode":"3221226021","ProcessCreationTime":"2025-12-05T22:50:02.9983993Z","ClientProcessId":"8632"}
[10.78.233.207] {"timestamp":"2025-12-06 04:20:03","hostname":"HP-LAP704","channel":"Security","event_id":5379,"level":"Information","message":"Credential Manager credentials were read.\r\n\r\nSubject:\r\n\tSecurity ID:\t\tS-1-5-21-64021822-3933034794-494143053-1009\r\n\tAccount Name:\t\tHarsh\r\n\tAccount Domain:\t\tHP-LAP704\r\n\tLogon ID:\t\t0xC46BD\r\n\tRead Operation:\t\tEnumerate Credentials\r\n\r\nThis event occurs when a user performs a read operation on stored credentials in Credential Manager.","SubjectUserSid":"S-1-5-21-64021822-3933034794-494143053-1009","SubjectUserName":"Harsh","SubjectDomainName":"HP-LAP704","SubjectLogonId":"0xc46bd","TargetName":"WindowsLive:(cert):name=harshrajivjain@outlook.com;serviceuri=*","Type":"0","CountOfCredentialsReturned":"0","ReadOperation":"%%8100","ReturnCode":"3221226021","ProcessCreationTime":"2025-12-05T22:50:02.9983993Z","ClientProcessId":"8632"}
[10.78.233.207] {"timestamp":"2025-12-06 04:20:04","hostname":"HP-LAP704","channel":"Application","event_id":16394,"level":"Information","message":"Offline downlevel migration succeeded."}
[10.78.233.207] {"timestamp":"2025-12-06 04:20:34","hostname":"HP-LAP704","channel":"Application","event_id":16384,"level":"Information","message":"Successfully scheduled Software Protection service for re-start at 2125-11-11T22:50:34Z. Reason: RulesEngine."}
[10.78.233.207] {"timestamp":"2025-12-06 04:27:37","hostname":"HP-LAP704","channel":"Security","event_id":4624,"level":"Information","message":"An account was successfully logged on.\r\n\r\nSubject:\r\n\tSecurity ID:\t\tS-1-5-18\r\n\tAccount Name:\t\tHP-LAP704$\r\n\tAccount Domain:\t\tWORKGROUP\r\n\tLogon ID:\t\t0x3E7\r\n\r\nLogon Information:\r\n\tLogon Type:\t\t5\r\n\tRestricted Admin Mode:\t-\r\n\tRemote Credential Guard:\t-\r\n\tVirtual Account:\t\tNo\r\n\tElevated Token:\t\tYes\r\n\r\nImpersonation Level:\t\tImpersonation\r\n\r\nNew Logon:\r\n\tSecurity ID:\t\tS-1-5-18\r\n\tAccount Name:\t\tSYSTEM\r\n\tAccount Domain:\t\tNT AUTHORITY\r\n\tLogon ID:\t\t0x3E7\r\n\tLinked Logon ID:\t\t0x0\r\n\tNetwork Account Name:\t-\r\n\tNetwork Account Domain:\t-\r\n\tLogon GUID:\t\t{00000000-0000-0000-0000-000000000000}\r\n\r\nProcess Information:\r\n\tProcess ID:\t\t0x4c4\r\n\tProcess Name:\t\tC:\\Windows\\System32\\services.exe\r\n\r\nNetwork Information:\r\n\tWorkstation Name:\t-\r\n\tSource Network Address:\t-\r\n\tSource Port:\t\t-\r\n\r\nDetailed Authentication Information:\r\n\tLogon Process:\t\tAdvapi  \r\n\tAuthentication Package:\tNegotiate\r\n\tTransited Services:\t-\r\n\tPackage Name (NTLM only):\t-\r\n\tKey Length:\t\t0\r\n\r\nThis event is generated when a logon session is created. It is generated on the computer that was accessed.\r\n\r\nThe subject fields indicate the account on the local system which requested the logon. This is most commonly a service such as the Server service, or a local process such as Winlogon.exe or Services.exe.\r\n\r\nThe logon type field indicates the kind of logon that occurred. The most common types are 2 (interactive) and 3 (network).\r\n\r\nThe New Logon fields indicate the account for whom the new logon was created, i.e. the account that was logged on.\r\n\r\nThe network fields indicate where a remote logon request originated. Workstation name is not always available and may be left blank in some cases.\r\n\r\nThe impersonation level field indicates the extent to which a process in the logon session can impersonate.\r\n\r\nThe authentication information fields provide detailed information about this specific logon request.\r\n\t- Logon GUID is a unique identifier that can be used to correlate this event with a KDC event.\r\n\t- Transited services indicate which intermediate services have participated in this logon request.\r\n\t- Package name indicates which sub-protocol was used among the NTLM protocols.\r\n\t- Key length indicates the length of the generated session key. This will be 0 if no session key was requested.","SubjectUserSid":"S-1-5-18","SubjectUserName":"HP-LAP704$","SubjectDomainName":"WORKGROUP","SubjectLogonId":"0x3e7","TargetUserSid":"S-1-5-18","TargetUserName":"SYSTEM","TargetDomainName":"NT AUTHORITY","TargetLogonId":"0x3e7","LogonType":"5","LogonProcessName":"Advapi  ","AuthenticationPackageName":"Negotiate","WorkstationName":"-","LogonGuid":"{00000000-0000-0000-0000-000000000000}","TransmittedServices":"-","LmPackageName":"-","KeyLength":"0","ProcessId":"0x4c4","ProcessName":"C:\\Windows\\System32\\services.exe","IpAddress":"-","IpPort":"-","ImpersonationLevel":"%%1833","RestrictedAdminMode":"-","RemoteCredentialGuard":"-","TargetOutboundUserName":"-","TargetOutboundDomainName":"-","VirtualAccount":"%%1843","TargetLinkedLogonId":"0x0","ElevatedToken":"%%1842"}
[10.78.233.207] {"timestamp":"2025-12-06 04:27:37","hostname":"HP-LAP704","channel":"Security","event_id":4672,"level":"Information","message":"Special privileges assigned to new logon.\r\n\r\nSubject:\r\n\tSecurity ID:\t\tS-1-5-18\r\n\tAccount Name:\t\tSYSTEM\r\n\tAccount Domain:\t\tNT AUTHORITY\r\n\tLogon ID:\t\t0x3E7\r\n\r\nPrivileges:\t\tSeAssignPrimaryTokenPrivilege\r\n\t\t\tSeTcbPrivilege\r\n\t\t\tSeSecurityPrivilege\r\n\t\t\tSeTakeOwnershipPrivilege\r\n\t\t\tSeLoadDriverPrivilege\r\n\t\t\tSeBackupPrivilege\r\n\t\t\tSeRestorePrivilege\r\n\t\t\tSeDebugPrivilege\r\n\t\t\tSeAuditPrivilege\r\n\t\t\tSeSystemEnvironmentPrivilege\r\n\t\t\tSeImpersonatePrivilege\r\n\t\t\tSeDelegateSessionUserImpersonatePrivilege","SubjectUserSid":"S-1-5-18","SubjectUserName":"SYSTEM","SubjectDomainName":"NT AUTHORITY","SubjectLogonId":"0x3e7","PrivilegeList":"SeAssignPrimaryTokenPrivilege\n\t\t\tSeTcbPrivilege\n\t\t\tSeSecurityPrivilege\n\t\t\tSeTakeOwnershipPrivilege\n\t\t\tSeLoadDriverPrivilege\n\t\t\tSeBackupPrivilege\n\t\t\tSeRestorePrivilege\n\t\t\tSeDebugPrivilege\n\t\t\tSeAuditPrivilege\n\t\t\tSeSystemEnvironmentPrivilege\n\t\t\tSeImpersonatePrivilege\n\t\t\tSeDelegateSessionUserImpersonatePrivilege"}
[10.78.233.207] {"timestamp":"2025-12-06 04:28:01","hostname":"HP-LAP704","channel":"System","event_id":2,"level":"Information","message":"Secure Trustlet Id 6 and Pid 28128 stopped with status STATUS_SUCCESS.","TrustletIdentity":"6","NormalProcessId":"28128","Status":"0"}
[10.78.233.207] {"timestamp":"2025-12-06 04:28:15","hostname":"HP-LAP704","channel":"Security","event_id":5382,"level":"Information","message":"Vault credentials were read.\r\n\r\nSubject:\r\n\tSecurity ID:\t\tS-1-5-21-64021822-3933034794-494143053-1009\r\n\tAccount Name:\t\tHarsh\r\n\tAccount Domain:\t\tHP-LAP704\r\n\tLogon ID:\t\t0xC46BD\r\n\r\nThis event occurs when a user reads a stored vault credential.","SubjectUserSid":"S-1-5-21-64021822-3933034794-494143053-1009","SubjectUserName":"Harsh","SubjectDomainName":"HP-LAP704","SubjectLogonId":"0xc46bd","SchemaFriendlyName":"Windows Web Password Credential","Schema":"{3ccd5499-87a8-4b10-a215-608888dd3b55}","Resource":"HPConnected","Identity":"LastUserName","Flags":"0","ReturnCode":"1168","ProcessCreationTime":"2025-12-05T22:58:15.3376078Z","ClientProcessId":"25660"}
[10.78.233.207] {"timestamp":"2025-12-06 04:28:20","hostname":"HP-LAP704","channel":"Security","event_id":4624,"level":"Information","message":"An account was successfully logged on.\r\n\r\nSubject:\r\n\tSecurity ID:\t\tS-1-5-18\r\n\tAccount Name:\t\tHP-LAP704$\r\n\tAccount Domain:\t\tWORKGROUP\r\n\tLogon ID:\t\t0x3E7\r\n\r\nLogon Information:\r\n\tLogon Type:\t\t5\r\n\tRestricted Admin Mode:\t-\r\n\tRemote Credential Guard:\t-\r\n\tVirtual Account:\t\tNo\r\n\tElevated Token:\t\tYes\r\n\r\nImpersonation Level:\t\tImpersonation\r\n\r\nNew Logon:\r\n\tSecurity ID:\t\tS-1-5-18\r\n\tAccount Name:\t\tSYSTEM\r\n\tAccount Domain:\t\tNT AUTHORITY\r\n\tLogon ID:\t\t0x3E7\r\n\tLinked Logon ID:\t\t0x0\r\n\tNetwork Account Name:\t-\r\n\tNetwork Account Domain:\t-\r\n\tLogon GUID:\t\t{00000000-0000-0000-0000-000000000000}\r\n\r\nProcess Information:\r\n\tProcess ID:\t\t0x4c4\r\n\tProcess Name:\t\tC:\\Windows\\System32\\services.exe\r\n\r\nNetwork Information:\r\n\tWorkstation Name:\t-\r\n\tSource Network Address:\t-\r\n\tSource Port:\t\t-\r\n\r\nDetailed Authentication Information:\r\n\tLogon Process:\t\tAdvapi  \r\n\tAuthentication Package:\tNegotiate\r\n\tTransited Services:\t-\r\n\tPackage Name (NTLM only):\t-\r\n\tKey Length:\t\t0\r\n\r\nThis event is generated when a logon session is created. It is generated on the computer that was accessed.\r\n\r\nThe subject fields indicate the account on the local system which requested the logon. This is most commonly a service such as the Server service, or a local process such as Winlogon.exe or Services.exe.\r\n\r\nThe logon type field indicates the kind of logon that occurred. The most common types are 2 (interactive) and 3 (network).\r\n\r\nThe New Logon fields indicate the account for whom the new logon was created, i.e. the account that was logged on.\r\n\r\nThe network fields indicate where a remote logon request originated. Workstation name is not always available and may be left blank in some cases.\r\n\r\nThe impersonation level field indicates the extent to which a process in the logon session can impersonate.\r\n\r\nThe authentication information fields provide detailed information about this specific logon request.\r\n\t- Logon GUID is a unique identifier that can be used to correlate this event with a KDC event.\r\n\t- Transited services indicate which intermediate services have participated in this logon request.\r\n\t- Package name indicates which sub-protocol was used among the NTLM protocols.\r\n\t- Key length indicates the length of the generated session key. This will be 0 if no session key was requested.","SubjectUserSid":"S-1-5-18","SubjectUserName":"HP-LAP704$","SubjectDomainName":"WORKGROUP","SubjectLogonId":"0x3e7","TargetUserSid":"S-1-5-18","TargetUserName":"SYSTEM","TargetDomainName":"NT AUTHORITY","TargetLogonId":"0x3e7","LogonType":"5","LogonProcessName":"Advapi  ","AuthenticationPackageName":"Negotiate","WorkstationName":"-","LogonGuid":"{00000000-0000-0000-0000-000000000000}","TransmittedServices":"-","LmPackageName":"-","KeyLength":"0","ProcessId":"0x4c4","ProcessName":"C:\\Windows\\System32\\services.exe","IpAddress":"-","IpPort":"-","ImpersonationLevel":"%%1833","RestrictedAdminMode":"-","RemoteCredentialGuard":"-","TargetOutboundUserName":"-","TargetOutboundDomainName":"-","VirtualAccount":"%%1843","TargetLinkedLogonId":"0x0","ElevatedToken":"%%1842"}
[10.78.233.207] {"timestamp":"2025-12-06 04:28:20","hostname":"HP-LAP704","channel":"Security","event_id":4672,"level":"Information","message":"Special privileges assigned to new logon.\r\n\r\nSubject:\r\n\tSecurity ID:\t\tS-1-5-18\r\n\tAccount Name:\t\tSYSTEM\r\n\tAccount Domain:\t\tNT AUTHORITY\r\n\tLogon ID:\t\t0x3E7\r\n\r\nPrivileges:\t\tSeAssignPrimaryTokenPrivilege\r\n\t\t\tSeTcbPrivilege\r\n\t\t\tSeSecurityPrivilege\r\n\t\t\tSeTakeOwnershipPrivilege\r\n\t\t\tSeLoadDriverPrivilege\r\n\t\t\tSeBackupPrivilege\r\n\t\t\tSeRestorePrivilege\r\n\t\t\tSeDebugPrivilege\r\n\t\t\tSeAuditPrivilege\r\n\t\t\tSeSystemEnvironmentPrivilege\r\n\t\t\tSeImpersonatePrivilege\r\n\t\t\tSeDelegateSessionUserImpersonatePrivilege","SubjectUserSid":"S-1-5-18","SubjectUserName":"SYSTEM","SubjectDomainName":"NT AUTHORITY","SubjectLogonId":"0x3e7","PrivilegeList":"SeAssignPrimaryTokenPrivilege\n\t\t\tSeTcbPrivilege\n\t\t\tSeSecurityPrivilege\n\t\t\tSeTakeOwnershipPrivilege\n\t\t\tSeLoadDriverPrivilege\n\t\t\tSeBackupPrivilege\n\t\t\tSeRestorePrivilege\n\t\t\tSeDebugPrivilege\n\t\t\tSeAuditPrivilege\n\t\t\tSeSystemEnvironmentPrivilege\n\t\t\tSeImpersonatePrivilege\n\t\t\tSeDelegateSessionUserImpersonatePrivilege"}
[10.78.233.207] {"timestamp":"2025-12-06 04:28:20","hostname":"HP-LAP704","channel":"Application","event_id":1,"level":"Information","message":"Device is neither AAD/Domain Joined or Workplace Joined."}
[10.78.233.207] {"timestamp":"2025-12-06 04:28:20","hostname":"HP-LAP704","channel":"Application","event_id":1,"level":"Information","message":"Initialization Successful. Enabled=false, CloudPrintSolution=Unknown, DiscoveryEndpoint=, OAuthAuthority=, OAuthClientId=, DiscoveryResourceId=, PrintResourceId="}
[10.78.233.207] {"timestamp":"2025-12-06 04:28:35","hostname":"HP-LAP704","channel":"Security","event_id":6416,"level":"Information","message":"A new external device was recognized by the system.\r\n\r\nSubject:\r\n\tSecurity ID:\t\tS-1-5-18\r\n\tAccount Name:\t\tHP-LAP704$\r\n\tAccount Domain:\t\tWORKGROUP\r\n\tLogon ID:\t\t0x3E7\r\n\r\nDevice ID:\tSWD\\WiFiDirect\\2A:AF:42:4E:5E:2E\r\n\r\nDevice Name:\t27\" Smart Monitor M5\r\n\r\nClass ID:\t\t{62f9c741-b25a-46ce-b54c-9bccce08b6f2}\r\n\r\nClass Name:\tSoftwareDevice\r\n\r\nVendor IDs:\t\r\n\t\tWiFiDirect\\SAMSUNG_ELECTRONICS\u00260\r\n\t\tWiFiDirect\\SAMSUNG_ELECTRONICS\u00260\u0026QAQ80\r\n\t\t\r\n\t\t\r\n\r\nCompatible IDs:\t\r\n\t\tSWD\\GenericRaw\r\n\t\tSWD\\Generic\r\n\t\t\r\n\t\t\r\n\r\nLocation Information:\t-","SubjectUserSid":"S-1-5-18","SubjectUserName":"HP-LAP704$","SubjectDomainName":"WORKGROUP","SubjectLogonId":"0x3e7","DeviceId":"SWD\\WiFiDirect\\2A:AF:42:4E:5E:2E","DeviceDescription":"27\" Smart Monitor M5","ClassId":"{62f9c741-b25a-46ce-b54c-9bccce08b6f2}","ClassName":"SoftwareDevice","VendorIds":"\n\t\tWiFiDirect\\SAMSUNG_ELECTRONICS\u00260\n\t\tWiFiDirect\\SAMSUNG_ELECTRONICS\u00260\u0026QAQ80\n\t\t\n\t\t","CompatibleIds":"\n\t\tSWD\\GenericRaw\n\t\tSWD\\Generic\n\t\t\n\t\t","LocationInformation":"-"}
[10.78.233.207] {"timestamp":"2025-12-06 04:28:35","hostname":"HP-LAP704","channel":"Security","event_id":6416,"level":"Information","message":"A new external device was recognized by the system.\r\n\r\nSubject:\r\n\tSecurity ID:\t\tS-1-5-18\r\n\tAccount Name:\t\tHP-LAP704$\r\n\tAccount Domain:\t\tWORKGROUP\r\n\tLogon ID:\t\t0x3E7\r\n\r\nDevice ID:\tSWD\\WiFiDirect\\2A:AF:42:4E:5E:2E#Miracast\r\n\r\nDevice Name:\t27\" Smart Monitor M5\r\n\r\nClass ID:\t\t{d421b08e-6d16-41ca-9c4d-9147e5ac98e0}\r\n\r\nClass Name:\tMiracast\r\n\r\nVendor IDs:\t-\r\n\r\nCompatible IDs:\t\r\n\t\tWFD\\MiracastDisplayDevice\r\n\t\tSWD\\Generic\r\n\t\t\r\n\t\t\r\n\r\nLocation Information:\t-","SubjectUserSid":"S-1-5-18","SubjectUserName":"HP-LAP704$","SubjectDomainName":"WORKGROUP","SubjectLogonId":"0x3e7","DeviceId":"SWD\\WiFiDirect\\2A:AF:42:4E:5E:2E#Miracast","DeviceDescription":"27\" Smart Monitor M5","ClassId":"{d421b08e-6d16-41ca-9c4d-9147e5ac98e0}","ClassName":"Miracast","VendorIds":"-","CompatibleIds":"\n\t\tWFD\\MiracastDisplayDevice\n\t\tSWD\\Generic\n\t\t\n\t\t","LocationInformation":"-"}
[10.78.233.207] {"timestamp":"2025-12-06 04:28:36","hostname":"HP-LAP704","channel":"Security","event_id":4798,"level":"Information","message":"A user\u0027s local group membership was enumerated.\r\n\r\nSubject:\r\n\tSecurity ID:\t\tS-1-5-21-64021822-3933034794-494143053-1009\r\n\tAccount Name:\t\tHarsh\r\n\tAccount Domain:\t\tHP-LAP704\r\n\tLogon ID:\t\t0xC46BD\r\n\r\nUser:\r\n\tSecurity ID:\t\tS-1-5-21-64021822-3933034794-494143053-1009\r\n\tAccount Name:\t\tHarsh\r\n\tAccount Domain:\t\tHP-LAP704\r\n\r\nProcess Information:\r\n\tProcess ID:\t\t0x28e0\r\n\tProcess Name:\t\tC:\\Windows\\explorer.exe","TargetUserName":"Harsh","TargetDomainName":"HP-LAP704","TargetSid":"S-1-5-21-64021822-3933034794-494143053-1009","SubjectUserSid":"S-1-5-21-64021822-3933034794-494143053-1009","SubjectUserName":"Harsh","SubjectDomainName":"HP-LAP704","SubjectLogonId":"0xc46bd","CallerProcessId":"0x28e0","CallerProcessName":"C:\\Windows\\explorer.exe"}
[10.78.233.207] {"timestamp":"2025-12-06 04:31:01","hostname":"HP-LAP704","channel":"Security","event_id":4624,"level":"Information","message":"An account was successfully logged on.\r\n\r\nSubject:\r\n\tSecurity ID:\t\tS-1-5-18\r\n\tAccount Name:\t\tHP-LAP704$\r\n\tAccount Domain:\t\tWORKGROUP\r\n\tLogon ID:\t\t0x3E7\r\n\r\nLogon Information:\r\n\tLogon Type:\t\t5\r\n\tRestricted Admin Mode:\t-\r\n\tRemote Credential Guard:\t-\r\n\tVirtual Account:\t\tNo\r\n\tElevated Token:\t\tYes\r\n\r\nImpersonation Level:\t\tImpersonation\r\n\r\nNew Logon:\r\n\tSecurity ID:\t\tS-1-5-18\r\n\tAccount Name:\t\tSYSTEM\r\n\tAccount Domain:\t\tNT AUTHORITY\r\n\tLogon ID:\t\t0x3E7\r\n\tLinked Logon ID:\t\t0x0\r\n\tNetwork Account Name:\t-\r\n\tNetwork Account Domain:\t-\r\n\tLogon GUID:\t\t{00000000-0000-0000-0000-000000000000}\r\n\r\nProcess Information:\r\n\tProcess ID:\t\t0x4c4\r\n\tProcess Name:\t\tC:\\Windows\\System32\\services.exe\r\n\r\nNetwork Information:\r\n\tWorkstation Name:\t-\r\n\tSource Network Address:\t-\r\n\tSource Port:\t\t-\r\n\r\nDetailed Authentication Information:\r\n\tLogon Process:\t\tAdvapi  \r\n\tAuthentication Package:\tNegotiate\r\n\tTransited Services:\t-\r\n\tPackage Name (NTLM only):\t-\r\n\tKey Length:\t\t0\r\n\r\nThis event is generated when a logon session is created. It is generated on the computer that was accessed.\r\n\r\nThe subject fields indicate the account on the local system which requested the logon. This is most commonly a service such as the Server service, or a local process such as Winlogon.exe or Services.exe.\r\n\r\nThe logon type field indicates the kind of logon that occurred. The most common types are 2 (interactive) and 3 (network).\r\n\r\nThe New Logon fields indicate the account for whom the new logon was created, i.e. the account that was logged on.\r\n\r\nThe network fields indicate where a remote logon request originated. Workstation name is not always available and may be left blank in some cases.\r\n\r\nThe impersonation level field indicates the extent to which a process in the logon session can impersonate.\r\n\r\nThe authentication information fields provide detailed information about this specific logon request.\r\n\t- Logon GUID is a unique identifier that can be used to correlate this event with a KDC event.\r\n\t- Transited services indicate which intermediate services have participated in this logon request.\r\n\t- Package name indicates which sub-protocol was used among the NTLM protocols.\r\n\t- Key length indicates the length of the generated session key. This will be 0 if no session key was requested.","SubjectUserSid":"S-1-5-18","SubjectUserName":"HP-LAP704$","SubjectDomainName":"WORKGROUP","SubjectLogonId":"0x3e7","TargetUserSid":"S-1-5-18","TargetUserName":"SYSTEM","TargetDomainName":"NT AUTHORITY","TargetLogonId":"0x3e7","LogonType":"5","LogonProcessName":"Advapi  ","AuthenticationPackageName":"Negotiate","WorkstationName":"-","LogonGuid":"{00000000-0000-0000-0000-000000000000}","TransmittedServices":"-","LmPackageName":"-","KeyLength":"0","ProcessId":"0x4c4","ProcessName":"C:\\Windows\\System32\\services.exe","IpAddress":"-","IpPort":"-","ImpersonationLevel":"%%1833","RestrictedAdminMode":"-","RemoteCredentialGuard":"-","TargetOutboundUserName":"-","TargetOutboundDomainName":"-","VirtualAccount":"%%1843","TargetLinkedLogonId":"0x0","ElevatedToken":"%%1842"}
[10.78.233.207] {"timestamp":"2025-12-06 04:31:01","hostname":"HP-LAP704","channel":"Security","event_id":4672,"level":"Information","message":"Special privileges assigned to new logon.\r\n\r\nSubject:\r\n\tSecurity ID:\t\tS-1-5-18\r\n\tAccount Name:\t\tSYSTEM\r\n\tAccount Domain:\t\tNT AUTHORITY\r\n\tLogon ID:\t\t0x3E7\r\n\r\nPrivileges:\t\tSeAssignPrimaryTokenPrivilege\r\n\t\t\tSeTcbPrivilege\r\n\t\t\tSeSecurityPrivilege\r\n\t\t\tSeTakeOwnershipPrivilege\r\n\t\t\tSeLoadDriverPrivilege\r\n\t\t\tSeBackupPrivilege\r\n\t\t\tSeRestorePrivilege\r\n\t\t\tSeDebugPrivilege\r\n\t\t\tSeAuditPrivilege\r\n\t\t\tSeSystemEnvironmentPrivilege\r\n\t\t\tSeImpersonatePrivilege\r\n\t\t\tSeDelegateSessionUserImpersonatePrivilege","SubjectUserSid":"S-1-5-18","SubjectUserName":"SYSTEM","SubjectDomainName":"NT AUTHORITY","SubjectLogonId":"0x3e7","PrivilegeList":"SeAssignPrimaryTokenPrivilege\n\t\t\tSeTcbPrivilege\n\t\t\tSeSecurityPrivilege\n\t\t\tSeTakeOwnershipPrivilege\n\t\t\tSeLoadDriverPrivilege\n\t\t\tSeBackupPrivilege\n\t\t\tSeRestorePrivilege\n\t\t\tSeDebugPrivilege\n\t\t\tSeAuditPrivilege\n\t\t\tSeSystemEnvironmentPrivilege\n\t\t\tSeImpersonatePrivilege\n\t\t\tSeDelegateSessionUserImpersonatePrivilege"}
[10.78.233.207] {"timestamp":"2025-12-06 04:31:01","hostname":"HP-LAP704","channel":"Security","event_id":4798,"level":"Information","message":"A user\u0027s local group membership was enumerated.\r\n\r\nSubject:\r\n\tSecurity ID:\t\tS-1-5-18\r\n\tAccount Name:\t\tHP-LAP704$\r\n\tAccount Domain:\t\tWORKGROUP\r\n\tLogon ID:\t\t0x3E7\r\n\r\nUser:\r\n\tSecurity ID:\t\tS-1-5-21-64021822-3933034794-494143053-500\r\n\tAccount Name:\t\tAdministrator\r\n\tAccount Domain:\t\tHP-LAP704\r\n\r\nProcess Information:\r\n\tProcess ID:\t\t0x2a10\r\n\tProcess Name:\t\tC:\\Windows\\System32\\svchost.exe","TargetUserName":"Administrator","TargetDomainName":"HP-LAP704","TargetSid":"S-1-5-21-64021822-3933034794-494143053-500","SubjectUserSid":"S-1-5-18","SubjectUserName":"HP-LAP704$","SubjectDomainName":"WORKGROUP","SubjectLogonId":"0x3e7","CallerProcessId":"0x2a10","CallerProcessName":"C:\\Windows\\System32\\svchost.exe"}
[10.78.233.207] {"timestamp":"2025-12-06 04:31:01","hostname":"HP-LAP704","channel":"Security","event_id":4798,"level":"Information","message":"A user\u0027s local group membership was enumerated.\r\n\r\nSubject:\r\n\tSecurity ID:\t\tS-1-5-18\r\n\tAccount Name:\t\tHP-LAP704$\r\n\tAccount Domain:\t\tWORKGROUP\r\n\tLogon ID:\t\t0x3E7\r\n\r\nUser:\r\n\tSecurity ID:\t\tS-1-5-21-64021822-3933034794-494143053-503\r\n\tAccount Name:\t\tDefaultAccount\r\n\tAccount Domain:\t\tHP-LAP704\r\n\r\nProcess Information:\r\n\tProcess ID:\t\t0x2a10\r\n\tProcess Name:\t\tC:\\Windows\\System32\\svchost.exe","TargetUserName":"DefaultAccount","TargetDomainName":"HP-LAP704","TargetSid":"S-1-5-21-64021822-3933034794-494143053-503","SubjectUserSid":"S-1-5-18","SubjectUserName":"HP-LAP704$","SubjectDomainName":"WORKGROUP","SubjectLogonId":"0x3e7","CallerProcessId":"0x2a10","CallerProcessName":"C:\\Windows\\System32\\svchost.exe"}
[10.78.233.207] {"timestamp":"2025-12-06 04:31:01","hostname":"HP-LAP704","channel":"Security","event_id":4798,"level":"Information","message":"A user\u0027s local group membership was enumerated.\r\n\r\nSubject:\r\n\tSecurity ID:\t\tS-1-5-18\r\n\tAccount Name:\t\tHP-LAP704$\r\n\tAccount Domain:\t\tWORKGROUP\r\n\tLogon ID:\t\t0x3E7\r\n\r\nUser:\r\n\tSecurity ID:\t\tS-1-5-21-64021822-3933034794-494143053-1008\r\n\tAccount Name:\t\tDhruvika\r\n\tAccount Domain:\t\tHP-LAP704\r\n\r\nProcess Information:\r\n\tProcess ID:\t\t0x2a10\r\n\tProcess Name:\t\tC:\\Windows\\System32\\svchost.exe","TargetUserName":"Dhruvika","TargetDomainName":"HP-LAP704","TargetSid":"S-1-5-21-64021822-3933034794-494143053-1008","SubjectUserSid":"S-1-5-18","SubjectUserName":"HP-LAP704$","SubjectDomainName":"WORKGROUP","SubjectLogonId":"0x3e7","CallerProcessId":"0x2a10","CallerProcessName":"C:\\Windows\\System32\\svchost.exe"}
[10.78.233.207] {"timestamp":"2025-12-06 04:31:01","hostname":"HP-LAP704","channel":"Security","event_id":4798,"level":"Information","message":"A user\u0027s local group membership was enumerated.\r\n\r\nSubject:\r\n\tSecurity ID:\t\tS-1-5-18\r\n\tAccount Name:\t\tHP-LAP704$\r\n\tAccount Domain:\t\tWORKGROUP\r\n\tLogon ID:\t\t0x3E7\r\n\r\nUser:\r\n\tSecurity ID:\t\tS-1-5-21-64021822-3933034794-494143053-501\r\n\tAccount Name:\t\tGuest\r\n\tAccount Domain:\t\tHP-LAP704\r\n\r\nProcess Information:\r\n\tProcess ID:\t\t0x2a10\r\n\tProcess Name:\t\tC:\\Windows\\System32\\svchost.exe","TargetUserName":"Guest","TargetDomainName":"HP-LAP704","TargetSid":"S-1-5-21-64021822-3933034794-494143053-501","SubjectUserSid":"S-1-5-18","SubjectUserName":"HP-LAP704$","SubjectDomainName":"WORKGROUP","SubjectLogonId":"0x3e7","CallerProcessId":"0x2a10","CallerProcessName":"C:\\Windows\\System32\\svchost.exe"}
[10.78.233.207] {"timestamp":"2025-12-06 04:31:01","hostname":"HP-LAP704","channel":"Security","event_id":4798,"level":"Information","message":"A user\u0027s local group membership was enumerated.\r\n\r\nSubject:\r\n\tSecurity ID:\t\tS-1-5-18\r\n\tAccount Name:\t\tHP-LAP704$\r\n\tAccount Domain:\t\tWORKGROUP\r\n\tLogon ID:\t\t0x3E7\r\n\r\nUser:\r\n\tSecurity ID:\t\tS-1-5-21-64021822-3933034794-494143053-1007\r\n\tAccount Name:\t\tharan\r\n\tAccount Domain:\t\tHP-LAP704\r\n\r\nProcess Information:\r\n\tProcess ID:\t\t0x2a10\r\n\tProcess Name:\t\tC:\\Windows\\System32\\svchost.exe","TargetUserName":"haran","TargetDomainName":"HP-LAP704","TargetSid":"S-1-5-21-64021822-3933034794-494143053-1007","SubjectUserSid":"S-1-5-18","SubjectUserName":"HP-LAP704$","SubjectDomainName":"WORKGROUP","SubjectLogonId":"0x3e7","CallerProcessId":"0x2a10","CallerProcessName":"C:\\Windows\\System32\\svchost.exe"}
[10.78.233.207] {"timestamp":"2025-12-06 04:31:01","hostname":"HP-LAP704","channel":"Security","event_id":4798,"level":"Information","message":"A user\u0027s local group membership was enumerated.\r\n\r\nSubject:\r\n\tSecurity ID:\t\tS-1-5-18\r\n\tAccount Name:\t\tHP-LAP704$\r\n\tAccount Domain:\t\tWORKGROUP\r\n\tLogon ID:\t\t0x3E7\r\n\r\nUser:\r\n\tSecurity ID:\t\tS-1-5-21-64021822-3933034794-494143053-1009\r\n\tAccount Name:\t\tHarsh\r\n\tAccount Domain:\t\tHP-LAP704\r\n\r\nProcess Information:\r\n\tProcess ID:\t\t0x2a10\r\n\tProcess Name:\t\tC:\\Windows\\System32\\svchost.exe","TargetUserName":"Harsh","TargetDomainName":"HP-LAP704","TargetSid":"S-1-5-21-64021822-3933034794-494143053-1009","SubjectUserSid":"S-1-5-18","SubjectUserName":"HP-LAP704$","SubjectDomainName":"WORKGROUP","SubjectLogonId":"0x3e7","CallerProcessId":"0x2a10","CallerProcessName":"C:\\Windows\\System32\\svchost.exe"}
[10.78.233.207] {"timestamp":"2025-12-06 04:31:01","hostname":"HP-LAP704","channel":"Security","event_id":4798,"level":"Information","message":"A user\u0027s local group membership was enumerated.\r\n\r\nSubject:\r\n\tSecurity ID:\t\tS-1-5-18\r\n\tAccount Name:\t\tHP-LAP704$\r\n\tAccount Domain:\t\tWORKGROUP\r\n\tLogon ID:\t\t0x3E7\r\n\r\nUser:\r\n\tSecurity ID:\t\tS-1-5-21-64021822-3933034794-494143053-500\r\n\tAccount Name:\t\tAdministrator\r\n\tAccount Domain:\t\tHP-LAP704\r\n\r\nProcess Information:\r\n\tProcess ID:\t\t0x2a10\r\n\tProcess Name:\t\tC:\\Windows\\System32\\svchost.exe","TargetUserName":"Administrator","TargetDomainName":"HP-LAP704","TargetSid":"S-1-5-21-64021822-3933034794-494143053-500","SubjectUserSid":"S-1-5-18","SubjectUserName":"HP-LAP704$","SubjectDomainName":"WORKGROUP","SubjectLogonId":"0x3e7","CallerProcessId":"0x2a10","CallerProcessName":"C:\\Windows\\System32\\svchost.exe"}
[10.78.233.207] {"timestamp":"2025-12-06 04:31:01","hostname":"HP-LAP704","channel":"Security","event_id":4798,"level":"Information","message":"A user\u0027s local group membership was enumerated.\r\n\r\nSubject:\r\n\tSecurity ID:\t\tS-1-5-18\r\n\tAccount Name:\t\tHP-LAP704$\r\n\tAccount Domain:\t\tWORKGROUP\r\n\tLogon ID:\t\t0x3E7\r\n\r\nUser:\r\n\tSecurity ID:\t\tS-1-5-21-64021822-3933034794-494143053-503\r\n\tAccount Name:\t\tDefaultAccount\r\n\tAccount Domain:\t\tHP-LAP704\r\n\r\nProcess Information:\r\n\tProcess ID:\t\t0x2a10\r\n\tProcess Name:\t\tC:\\Windows\\System32\\svchost.exe","TargetUserName":"DefaultAccount","TargetDomainName":"HP-LAP704","TargetSid":"S-1-5-21-64021822-3933034794-494143053-503","SubjectUserSid":"S-1-5-18","SubjectUserName":"HP-LAP704$","SubjectDomainName":"WORKGROUP","SubjectLogonId":"0x3e7","CallerProcessId":"0x2a10","CallerProcessName":"C:\\Windows\\System32\\svchost.exe"}
[10.78.233.207] {"timestamp":"2025-12-06 04:31:01","hostname":"HP-LAP704","channel":"Security","event_id":4798,"level":"Information","message":"A user\u0027s local group membership was enumerated.\r\n\r\nSubject:\r\n\tSecurity ID:\t\tS-1-5-18\r\n\tAccount Name:\t\tHP-LAP704$\r\n\tAccount Domain:\t\tWORKGROUP\r\n\tLogon ID:\t\t0x3E7\r\n\r\nUser:\r\n\tSecurity ID:\t\tS-1-5-21-64021822-3933034794-494143053-1008\r\n\tAccount Name:\t\tDhruvika\r\n\tAccount Domain:\t\tHP-LAP704\r\n\r\nProcess Information:\r\n\tProcess ID:\t\t0x2a10\r\n\tProcess Name:\t\tC:\\Windows\\System32\\svchost.exe","TargetUserName":"Dhruvika","TargetDomainName":"HP-LAP704","TargetSid":"S-1-5-21-64021822-3933034794-494143053-1008","SubjectUserSid":"S-1-5-18","SubjectUserName":"HP-LAP704$","SubjectDomainName":"WORKGROUP","SubjectLogonId":"0x3e7","CallerProcessId":"0x2a10","CallerProcessName":"C:\\Windows\\System32\\svchost.exe"}
[10.78.233.207] {"timestamp":"2025-12-06 04:31:01","hostname":"HP-LAP704","channel":"Security","event_id":4798,"level":"Information","message":"A user\u0027s local group membership was enumerated.\r\n\r\nSubject:\r\n\tSecurity ID:\t\tS-1-5-18\r\n\tAccount Name:\t\tHP-LAP704$\r\n\tAccount Domain:\t\tWORKGROUP\r\n\tLogon ID:\t\t0x3E7\r\n\r\nUser:\r\n\tSecurity ID:\t\tS-1-5-21-64021822-3933034794-494143053-501\r\n\tAccount Name:\t\tGuest\r\n\tAccount Domain:\t\tHP-LAP704\r\n\r\nProcess Information:\r\n\tProcess ID:\t\t0x2a10\r\n\tProcess Name:\t\tC:\\Windows\\System32\\svchost.exe","TargetUserName":"Guest","TargetDomainName":"HP-LAP704","TargetSid":"S-1-5-21-64021822-3933034794-494143053-501","SubjectUserSid":"S-1-5-18","SubjectUserName":"HP-LAP704$","SubjectDomainName":"WORKGROUP","SubjectLogonId":"0x3e7","CallerProcessId":"0x2a10","CallerProcessName":"C:\\Windows\\System32\\svchost.exe"}
[10.78.233.207] {"timestamp":"2025-12-06 04:31:01","hostname":"HP-LAP704","channel":"Security","event_id":4798,"level":"Information","message":"A user\u0027s local group membership was enumerated.\r\n\r\nSubject:\r\n\tSecurity ID:\t\tS-1-5-18\r\n\tAccount Name:\t\tHP-LAP704$\r\n\tAccount Domain:\t\tWORKGROUP\r\n\tLogon ID:\t\t0x3E7\r\n\r\nUser:\r\n\tSecurity ID:\t\tS-1-5-21-64021822-3933034794-494143053-1007\r\n\tAccount Name:\t\tharan\r\n\tAccount Domain:\t\tHP-LAP704\r\n\r\nProcess Information:\r\n\tProcess ID:\t\t0x2a10\r\n\tProcess Name:\t\tC:\\Windows\\System32\\svchost.exe","TargetUserName":"haran","TargetDomainName":"HP-LAP704","TargetSid":"S-1-5-21-64021822-3933034794-494143053-1007","SubjectUserSid":"S-1-5-18","SubjectUserName":"HP-LAP704$","SubjectDomainName":"WORKGROUP","SubjectLogonId":"0x3e7","CallerProcessId":"0x2a10","CallerProcessName":"C:\\Windows\\System32\\svchost.exe"}
[10.78.233.207] {"timestamp":"2025-12-06 04:31:01","hostname":"HP-LAP704","channel":"Security","event_id":4798,"level":"Information","message":"A user\u0027s local group membership was enumerated.\r\n\r\nSubject:\r\n\tSecurity ID:\t\tS-1-5-18\r\n\tAccount Name:\t\tHP-LAP704$\r\n\tAccount Domain:\t\tWORKGROUP\r\n\tLogon ID:\t\t0x3E7\r\n\r\nUser:\r\n\tSecurity ID:\t\tS-1-5-21-64021822-3933034794-494143053-1009\r\n\tAccount Name:\t\tHarsh\r\n\tAccount Domain:\t\tHP-LAP704\r\n\r\nProcess Information:\r\n\tProcess ID:\t\t0x2a10\r\n\tProcess Name:\t\tC:\\Windows\\System32\\svchost.exe","TargetUserName":"Harsh","TargetDomainName":"HP-LAP704","TargetSid":"S-1-5-21-64021822-3933034794-494143053-1009","SubjectUserSid":"S-1-5-18","SubjectUserName":"HP-LAP704$","SubjectDomainName":"WORKGROUP","SubjectLogonId":"0x3e7","CallerProcessId":"0x2a10","CallerProcessName":"C:\\Windows\\System32\\svchost.exe"}
[10.78.233.207] {"timestamp":"2025-12-06 04:31:01","hostname":"HP-LAP704","channel":"Security","event_id":4798,"level":"Information","message":"A user\u0027s local group membership was enumerated.\r\n\r\nSubject:\r\n\tSecurity ID:\t\tS-1-5-18\r\n\tAccount Name:\t\tHP-LAP704$\r\n\tAccount Domain:\t\tWORKGROUP\r\n\tLogon ID:\t\t0x3E7\r\n\r\nUser:\r\n\tSecurity ID:\t\tS-1-5-21-64021822-3933034794-494143053-1004\r\n\tAccount Name:\t\tjains\r\n\tAccount Domain:\t\tHP-LAP704\r\n\r\nProcess Information:\r\n\tProcess ID:\t\t0x2a10\r\n\tProcess Name:\t\tC:\\Windows\\System32\\svchost.exe","TargetUserName":"jains","TargetDomainName":"HP-LAP704","TargetSid":"S-1-5-21-64021822-3933034794-494143053-1004","SubjectUserSid":"S-1-5-18","SubjectUserName":"HP-LAP704$","SubjectDomainName":"WORKGROUP","SubjectLogonId":"0x3e7","CallerProcessId":"0x2a10","CallerProcessName":"C:\\Windows\\System32\\svchost.exe"}
[10.78.233.207] {"timestamp":"2025-12-06 04:31:01","hostname":"HP-LAP704","channel":"Security","event_id":4798,"level":"Information","message":"A user\u0027s local group membership was enumerated.\r\n\r\nSubject:\r\n\tSecurity ID:\t\tS-1-5-18\r\n\tAccount Name:\t\tHP-LAP704$\r\n\tAccount Domain:\t\tWORKGROUP\r\n\tLogon ID:\t\t0x3E7\r\n\r\nUser:\r\n\tSecurity ID:\t\tS-1-5-21-64021822-3933034794-494143053-1006\r\n\tAccount Name:\t\tmahav\r\n\tAccount Domain:\t\tHP-LAP704\r\n\r\nProcess Information:\r\n\tProcess ID:\t\t0x2a10\r\n\tProcess Name:\t\tC:\\Windows\\System32\\svchost.exe","TargetUserName":"mahav","TargetDomainName":"HP-LAP704","TargetSid":"S-1-5-21-64021822-3933034794-494143053-1006","SubjectUserSid":"S-1-5-18","SubjectUserName":"HP-LAP704$","SubjectDomainName":"WORKGROUP","SubjectLogonId":"0x3e7","CallerProcessId":"0x2a10","CallerProcessName":"C:\\Windows\\System32\\svchost.exe"}
[10.78.233.207] {"timestamp":"2025-12-06 04:31:01","hostname":"HP-LAP704","channel":"Security","event_id":4798,"level":"Information","message":"A user\u0027s local group membership was enumerated.\r\n\r\nSubject:\r\n\tSecurity ID:\t\tS-1-5-18\r\n\tAccount Name:\t\tHP-LAP704$\r\n\tAccount Domain:\t\tWORKGROUP\r\n\tLogon ID:\t\t0x3E7\r\n\r\nUser:\r\n\tSecurity ID:\t\tS-1-5-21-64021822-3933034794-494143053-1003\r\n\tAccount Name:\t\tmoni3\r\n\tAccount Domain:\t\tHP-LAP704\r\n\r\nProcess Information:\r\n\tProcess ID:\t\t0x2a10\r\n\tProcess Name:\t\tC:\\Windows\\System32\\svchost.exe","TargetUserName":"moni3","TargetDomainName":"HP-LAP704","TargetSid":"S-1-5-21-64021822-3933034794-494143053-1003","SubjectUserSid":"S-1-5-18","SubjectUserName":"HP-LAP704$","SubjectDomainName":"WORKGROUP","SubjectLogonId":"0x3e7","CallerProcessId":"0x2a10","CallerProcessName":"C:\\Windows\\System32\\svchost.exe"}
[10.78.233.207] {"timestamp":"2025-12-06 04:31:01","hostname":"HP-LAP704","channel":"Security","event_id":4798,"level":"Information","message":"A user\u0027s local group membership was enumerated.\r\n\r\nSubject:\r\n\tSecurity ID:\t\tS-1-5-18\r\n\tAccount Name:\t\tHP-LAP704$\r\n\tAccount Domain:\t\tWORKGROUP\r\n\tLogon ID:\t\t0x3E7\r\n\r\nUser:\r\n\tSecurity ID:\t\tS-1-5-21-64021822-3933034794-494143053-1001\r\n\tAccount Name:\t\tnavka\r\n\tAccount Domain:\t\tHP-LAP704\r\n\r\nProcess Information:\r\n\tProcess ID:\t\t0x2a10\r\n\tProcess Name:\t\tC:\\Windows\\System32\\svchost.exe","TargetUserName":"navka","TargetDomainName":"HP-LAP704","TargetSid":"S-1-5-21-64021822-3933034794-494143053-1001","SubjectUserSid":"S-1-5-18","SubjectUserName":"HP-LAP704$","SubjectDomainName":"WORKGROUP","SubjectLogonId":"0x3e7","CallerProcessId":"0x2a10","CallerProcessName":"C:\\Windows\\System32\\svchost.exe"}
[10.78.233.207] {"timestamp":"2025-12-06 04:31:01","hostname":"HP-LAP704","channel":"Security","event_id":5379,"level":"Information","message":"Credential Manager credentials were read.\r\n\r\nSubject:\r\n\tSecurity ID:\t\tS-1-5-18\r\n\tAccount Name:\t\tHP-LAP704$\r\n\tAccount Domain:\t\tWORKGROUP\r\n\tLogon ID:\t\t0x3E7\r\n\tRead Operation:\t\tEnumerate Credentials\r\n\r\nThis event occurs when a user performs a read operation on stored credentials in Credential Manager.","SubjectUserSid":"S-1-5-18","SubjectUserName":"HP-LAP704$","SubjectDomainName":"WORKGROUP","SubjectLogonId":"0x3e7","TargetName":"WindowsLive:(token):name=02slqhdbnrpqkreq;serviceuri=*","Type":"0","CountOfCredentialsReturned":"0","ReadOperation":"%%8100","ReturnCode":"3221226021","ProcessCreationTime":"2025-12-05T23:01:01.2352061Z","ClientProcessId":"27376"}
[10.78.233.207] {"timestamp":"2025-12-06 04:31:01","hostname":"HP-LAP704","channel":"Security","event_id":4799,"level":"Information","message":"A security-enabled local group membership was enumerated.\r\n\r\nSubject:\r\n\tSecurity ID:\t\tS-1-5-18\r\n\tAccount Name:\t\tHP-LAP704$\r\n\tAccount Domain:\t\tWORKGROUP\r\n\tLogon ID:\t\t0x3E7\r\n\r\nGroup:\r\n\tSecurity ID:\t\tS-1-5-32-583\r\n\tGroup Name:\t\tDevice Owners\r\n\tGroup Domain:\t\tBuiltin\r\n\r\nProcess Information:\r\n\tProcess ID:\t\t0x2a10\r\n\tProcess Name:\t\tC:\\Windows\\System32\\svchost.exe","TargetUserName":"Device Owners","TargetDomainName":"Builtin","TargetSid":"S-1-5-32-583","SubjectUserSid":"S-1-5-18","SubjectUserName":"HP-LAP704$","SubjectDomainName":"WORKGROUP","SubjectLogonId":"0x3e7","CallerProcessId":"0x2a10","CallerProcessName":"C:\\Windows\\System32\\svchost.exe"}
[10.78.233.207] {"timestamp":"2025-12-06 04:31:01","hostname":"HP-LAP704","channel":"Security","event_id":5379,"level":"Information","message":"Credential Manager credentials were read.\r\n\r\nSubject:\r\n\tSecurity ID:\t\tS-1-5-18\r\n\tAccount Name:\t\tHP-LAP704$\r\n\tAccount Domain:\t\tWORKGROUP\r\n\tLogon ID:\t\t0x3E7\r\n\tRead Operation:\t\tEnumerate Credentials\r\n\r\nThis event occurs when a user performs a read operation on stored credentials in Credential Manager.","SubjectUserSid":"S-1-5-18","SubjectUserName":"HP-LAP704$","SubjectDomainName":"WORKGROUP","SubjectLogonId":"0x3e7","TargetName":"WindowsLive:(cert):name=02slqhdbnrpqkreq;serviceuri=*","Type":"0","CountOfCredentialsReturned":"0","ReadOperation":"%%8100","ReturnCode":"3221226021","ProcessCreationTime":"2025-12-05T23:01:01.2352061Z","ClientProcessId":"27376"}
[10.78.233.207] {"timestamp":"2025-12-06 04:31:01","hostname":"HP-LAP704","channel":"Security","event_id":5379,"level":"Information","message":"Credential Manager credentials were read.\r\n\r\nSubject:\r\n\tSecurity ID:\t\tS-1-5-18\r\n\tAccount Name:\t\tHP-LAP704$\r\n\tAccount Domain:\t\tWORKGROUP\r\n\tLogon ID:\t\t0x3E7\r\n\tRead Operation:\t\tEnumerate Credentials\r\n\r\nThis event occurs when a user performs a read operation on stored credentials in Credential Manager.","SubjectUserSid":"S-1-5-18","SubjectUserName":"HP-LAP704$","SubjectDomainName":"WORKGROUP","SubjectLogonId":"0x3e7","TargetName":"WindowsLive:target=virtualapp/didlogical","Type":"0","CountOfCredentialsReturned":"1","ReadOperation":"%%8100","ReturnCode":"0","ProcessCreationTime":"2025-12-05T23:01:01.2352061Z","ClientProcessId":"27376"}
[10.78.233.207] {"timestamp":"2025-12-06 04:31:01","hostname":"HP-LAP704","channel":"Security","event_id":5379,"level":"Information","message":"Credential Manager credentials were read.\r\n\r\nSubject:\r\n\tSecurity ID:\t\tS-1-5-21-64021822-3933034794-494143053-1009\r\n\tAccount Name:\t\tHarsh\r\n\tAccount Domain:\t\tHP-LAP704\r\n\tLogon ID:\t\t0xC46BD\r\n\tRead Operation:\t\tEnumerate Credentials\r\n\r\nThis event occurs when a user performs a read operation on stored credentials in Credential Manager.","SubjectUserSid":"S-1-5-21-64021822-3933034794-494143053-1009","SubjectUserName":"Harsh","SubjectDomainName":"HP-LAP704","SubjectLogonId":"0xc46bd","TargetName":"WindowsLive:(token):name=02yxcezppzmsplle;serviceuri=*","Type":"0","CountOfCredentialsReturned":"0","ReadOperation":"%%8100","ReturnCode":"3221226021","ProcessCreationTime":"2025-12-05T23:01:01.2352061Z","ClientProcessId":"27376"}
[10.78.233.207] {"timestamp":"2025-12-06 04:31:01","hostname":"HP-LAP704","channel":"Security","event_id":5379,"level":"Information","message":"Credential Manager credentials were read.\r\n\r\nSubject:\r\n\tSecurity ID:\t\tS-1-5-21-64021822-3933034794-494143053-1009\r\n\tAccount Name:\t\tHarsh\r\n\tAccount Domain:\t\tHP-LAP704\r\n\tLogon ID:\t\t0xC46BD\r\n\tRead Operation:\t\tEnumerate Credentials\r\n\r\nThis event occurs when a user performs a read operation on stored credentials in Credential Manager.","SubjectUserSid":"S-1-5-21-64021822-3933034794-494143053-1009","SubjectUserName":"Harsh","SubjectDomainName":"HP-LAP704","SubjectLogonId":"0xc46bd","TargetName":"WindowsLive:(cert):name=02yxcezppzmsplle;serviceuri=*","Type":"0","CountOfCredentialsReturned":"0","ReadOperation":"%%8100","ReturnCode":"3221226021","ProcessCreationTime":"2025-12-05T23:01:01.2352061Z","ClientProcessId":"27376"}
[10.78.233.207] {"timestamp":"2025-12-06 04:31:01","hostname":"HP-LAP704","channel":"Security","event_id":5379,"level":"Information","message":"Credential Manager credentials were read.\r\n\r\nSubject:\r\n\tSecurity ID:\t\tS-1-5-21-64021822-3933034794-494143053-1009\r\n\tAccount Name:\t\tHarsh\r\n\tAccount Domain:\t\tHP-LAP704\r\n\tLogon ID:\t\t0xC46BD\r\n\tRead Operation:\t\tEnumerate Credentials\r\n\r\nThis event occurs when a user performs a read operation on stored credentials in Credential Manager.","SubjectUserSid":"S-1-5-21-64021822-3933034794-494143053-1009","SubjectUserName":"Harsh","SubjectDomainName":"HP-LAP704","SubjectLogonId":"0xc46bd","TargetName":"WindowsLive:target=virtualapp/didlogical","Type":"0","CountOfCredentialsReturned":"1","ReadOperation":"%%8100","ReturnCode":"0","ProcessCreationTime":"2025-12-05T23:01:01.2352061Z","ClientProcessId":"27376"}
[10.78.233.207] {"timestamp":"2025-12-06 04:31:01","hostname":"HP-LAP704","channel":"Security","event_id":5379,"level":"Information","message":"Credential Manager credentials were read.\r\n\r\nSubject:\r\n\tSecurity ID:\t\tS-1-5-21-64021822-3933034794-494143053-1009\r\n\tAccount Name:\t\tHarsh\r\n\tAccount Domain:\t\tHP-LAP704\r\n\tLogon ID:\t\t0xC46BD\r\n\tRead Operation:\t\tEnumerate Credentials\r\n\r\nThis event occurs when a user performs a read operation on stored credentials in Credential Manager.","SubjectUserSid":"S-1-5-21-64021822-3933034794-494143053-1009","SubjectUserName":"Harsh","SubjectDomainName":"HP-LAP704","SubjectLogonId":"0xc46bd","TargetName":"MicrosoftAccount:user=harshrajivjain@outlook.com","Type":"0","CountOfCredentialsReturned":"1","ReadOperation":"%%8100","ReturnCode":"0","ProcessCreationTime":"2025-12-05T23:01:01.2352061Z","ClientProcessId":"27376"}
[10.78.233.207] {"timestamp":"2025-12-06 04:31:01","hostname":"HP-LAP704","channel":"Security","event_id":5379,"level":"Information","message":"Credential Manager credentials were read.\r\n\r\nSubject:\r\n\tSecurity ID:\t\tS-1-5-21-64021822-3933034794-494143053-1009\r\n\tAccount Name:\t\tHarsh\r\n\tAccount Domain:\t\tHP-LAP704\r\n\tLogon ID:\t\t0xC46BD\r\n\tRead Operation:\t\tEnumerate Credentials\r\n\r\nThis event occurs when a user performs a read operation on stored credentials in Credential Manager.","SubjectUserSid":"S-1-5-21-64021822-3933034794-494143053-1009","SubjectUserName":"Harsh","SubjectDomainName":"HP-LAP704","SubjectLogonId":"0xc46bd","TargetName":"WindowsLive:(token):name=harshrajivjain@outlook.com;serviceuri=*","Type":"0","CountOfCredentialsReturned":"0","ReadOperation":"%%8100","ReturnCode":"3221226021","ProcessCreationTime":"2025-12-05T23:01:01.2352061Z","ClientProcessId":"27376"}
[10.78.233.207] {"timestamp":"2025-12-06 04:31:01","hostname":"HP-LAP704","channel":"Security","event_id":5379,"level":"Information","message":"Credential Manager credentials were read.\r\n\r\nSubject:\r\n\tSecurity ID:\t\tS-1-5-21-64021822-3933034794-494143053-1009\r\n\tAccount Name:\t\tHarsh\r\n\tAccount Domain:\t\tHP-LAP704\r\n\tLogon ID:\t\t0xC46BD\r\n\tRead Operation:\t\tEnumerate Credentials\r\n\r\nThis event occurs when a user performs a read operation on stored credentials in Credential Manager.","SubjectUserSid":"S-1-5-21-64021822-3933034794-494143053-1009","SubjectUserName":"Harsh","SubjectDomainName":"HP-LAP704","SubjectLogonId":"0xc46bd","TargetName":"WindowsLive:(cert):name=harshrajivjain@outlook.com;serviceuri=*","Type":"0","CountOfCredentialsReturned":"0","ReadOperation":"%%8100","ReturnCode":"3221226021","ProcessCreationTime":"2025-12-05T23:01:01.2352061Z","ClientProcessId":"27376"}
[10.78.233.207] {"timestamp":"2025-12-06 04:31:01","hostname":"HP-LAP704","channel":"Security","event_id":4798,"level":"Information","message":"A user\u0027s local group membership was enumerated.\r\n\r\nSubject:\r\n\tSecurity ID:\t\tS-1-5-18\r\n\tAccount Name:\t\tHP-LAP704$\r\n\tAccount Domain:\t\tWORKGROUP\r\n\tLogon ID:\t\t0x3E7\r\n\r\nUser:\r\n\tSecurity ID:\t\tS-1-5-21-64021822-3933034794-494143053-500\r\n\tAccount Name:\t\tAdministrator\r\n\tAccount Domain:\t\tHP-LAP704\r\n\r\nProcess Information:\r\n\tProcess ID:\t\t0x2a10\r\n\tProcess Name:\t\tC:\\Windows\\System32\\svchost.exe","TargetUserName":"Administrator","TargetDomainName":"HP-LAP704","TargetSid":"S-1-5-21-64021822-3933034794-494143053-500","SubjectUserSid":"S-1-5-18","SubjectUserName":"HP-LAP704$","SubjectDomainName":"WORKGROUP","SubjectLogonId":"0x3e7","CallerProcessId":"0x2a10","CallerProcessName":"C:\\Windows\\System32\\svchost.exe"}
[10.78.233.207] {"timestamp":"2025-12-06 04:31:01","hostname":"HP-LAP704","channel":"Security","event_id":4798,"level":"Information","message":"A user\u0027s local group membership was enumerated.\r\n\r\nSubject:\r\n\tSecurity ID:\t\tS-1-5-18\r\n\tAccount Name:\t\tHP-LAP704$\r\n\tAccount Domain:\t\tWORKGROUP\r\n\tLogon ID:\t\t0x3E7\r\n\r\nUser:\r\n\tSecurity ID:\t\tS-1-5-21-64021822-3933034794-494143053-503\r\n\tAccount Name:\t\tDefaultAccount\r\n\tAccount Domain:\t\tHP-LAP704\r\n\r\nProcess Information:\r\n\tProcess ID:\t\t0x2a10\r\n\tProcess Name:\t\tC:\\Windows\\System32\\svchost.exe","TargetUserName":"DefaultAccount","TargetDomainName":"HP-LAP704","TargetSid":"S-1-5-21-64021822-3933034794-494143053-503","SubjectUserSid":"S-1-5-18","SubjectUserName":"HP-LAP704$","SubjectDomainName":"WORKGROUP","SubjectLogonId":"0x3e7","CallerProcessId":"0x2a10","CallerProcessName":"C:\\Windows\\System32\\svchost.exe"}
[10.78.233.207] {"timestamp":"2025-12-06 04:31:01","hostname":"HP-LAP704","channel":"Security","event_id":4798,"level":"Information","message":"A user\u0027s local group membership was enumerated.\r\n\r\nSubject:\r\n\tSecurity ID:\t\tS-1-5-18\r\n\tAccount Name:\t\tHP-LAP704$\r\n\tAccount Domain:\t\tWORKGROUP\r\n\tLogon ID:\t\t0x3E7\r\n\r\nUser:\r\n\tSecurity ID:\t\tS-1-5-21-64021822-3933034794-494143053-1008\r\n\tAccount Name:\t\tDhruvika\r\n\tAccount Domain:\t\tHP-LAP704\r\n\r\nProcess Information:\r\n\tProcess ID:\t\t0x2a10\r\n\tProcess Name:\t\tC:\\Windows\\System32\\svchost.exe","TargetUserName":"Dhruvika","TargetDomainName":"HP-LAP704","TargetSid":"S-1-5-21-64021822-3933034794-494143053-1008","SubjectUserSid":"S-1-5-18","SubjectUserName":"HP-LAP704$","SubjectDomainName":"WORKGROUP","SubjectLogonId":"0x3e7","CallerProcessId":"0x2a10","CallerProcessName":"C:\\Windows\\System32\\svchost.exe"}
[10.78.233.207] {"timestamp":"2025-12-06 04:31:01","hostname":"HP-LAP704","channel":"Security","event_id":4798,"level":"Information","message":"A user\u0027s local group membership was enumerated.\r\n\r\nSubject:\r\n\tSecurity ID:\t\tS-1-5-18\r\n\tAccount Name:\t\tHP-LAP704$\r\n\tAccount Domain:\t\tWORKGROUP\r\n\tLogon ID:\t\t0x3E7\r\n\r\nUser:\r\n\tSecurity ID:\t\tS-1-5-21-64021822-3933034794-494143053-501\r\n\tAccount Name:\t\tGuest\r\n\tAccount Domain:\t\tHP-LAP704\r\n\r\nProcess Information:\r\n\tProcess ID:\t\t0x2a10\r\n\tProcess Name:\t\tC:\\Windows\\System32\\svchost.exe","TargetUserName":"Guest","TargetDomainName":"HP-LAP704","TargetSid":"S-1-5-21-64021822-3933034794-494143053-501","SubjectUserSid":"S-1-5-18","SubjectUserName":"HP-LAP704$","SubjectDomainName":"WORKGROUP","SubjectLogonId":"0x3e7","CallerProcessId":"0x2a10","CallerProcessName":"C:\\Windows\\System32\\svchost.exe"}
