[10.78.233.207] {"timestamp":"2025-12-06 04:06:30","hostname":"HP-LAP704","channel":"Security","event_id":4799,"level":"Information","message":"A security-enabled local group membership was enumerated.\r\n\r\nSubject:\r\n\tSecurity ID:\t\tS-1-5-21-64021822-3933034794-494143053-1009\r\n\tAccount Name:\t\tHarsh\r\n\tAccount Domain:\t\tHP-LAP704\r\n\tLogon ID:\t\t0xC4589\r\n\r\nGroup:\r\n\tSecurity ID:\t\tS-1-5-32-544\r\n\tGroup Name:\t\tAdministrators\r\n\tGroup Domain:\t\tBuiltin\r\n\r\nProcess Information:\r\n\tProcess ID:\t\t0x278c\r\n\tProcess Name:\t\tC:\\Windows\\System32\\taskhostw.exe","TargetUserName":"Administrators","TargetDomainName":"Builtin","TargetSid":"S-1-5-32-544","SubjectUserSid":"S-1-5-21-64021822-3933034794-494143053-1009","SubjectUserName":"Harsh","SubjectDomainName":"HP-LAP704","SubjectLogonId":"0xc4589","CallerProcessId":"0x278c","CallerProcessName":"C:\\Windows\\System32\\taskhostw.exe"}
[10.78.233.207] {"timestamp":"2025-12-06 04:06:30","hostname":"HP-LAP704","channel":"Security","event_id":4799,"level":"Information","message":"A security-enabled local group membership was enumerated.\r\n\r\nSubject:\r\n\tSecurity ID:\t\tS-1-5-21-64021822-3933034794-494143053-1009\r\n\tAccount Name:\t\tHarsh\r\n\tAccount Domain:\t\tHP-LAP704\r\n\tLogon ID:\t\t0xC4589\r\n\r\nGroup:\r\n\tSecurity ID:\t\tS-1-5-32-544\r\n\tGroup Name:\t\tAdministrators\r\n\tGroup Domain:\t\tBuiltin\r\n\r\nProcess Information:\r\n\tProcess ID:\t\t0x278c\r\n\tProcess Name:\t\tC:\\Windows\\System32\\taskhostw.exe","TargetUserName":"Administrators","TargetDomainName":"Builtin","TargetSid":"S-1-5-32-544","SubjectUserSid":"S-1-5-21-64021822-3933034794-494143053-1009","SubjectUserName":"Harsh","SubjectDomainName":"HP-LAP704","SubjectLogonId":"0xc4589","CallerProcessId":"0x278c","CallerProcessName":"C:\\Windows\\System32\\taskhostw.exe"}
[10.78.233.207] {"timestamp":"2025-12-06 04:06:30","hostname":"HP-LAP704","channel":"Security","event_id":4799,"level":"Information","message":"A security-enabled local group membership was enumerated.\r\n\r\nSubject:\r\n\tSecurity ID:\t\tS-1-5-21-64021822-3933034794-494143053-1009\r\n\tAccount Name:\t\tHarsh\r\n\tAccount Domain:\t\tHP-LAP704\r\n\tLogon ID:\t\t0xC4589\r\n\r\nGroup:\r\n\tSecurity ID:\t\tS-1-5-32-544\r\n\tGroup Name:\t\tAdministrators\r\n\tGroup Domain:\t\tBuiltin\r\n\r\nProcess Information:\r\n\tProcess ID:\t\t0x278c\r\n\tProcess Name:\t\tC:\\Windows\\System32\\taskhostw.exe","TargetUserName":"Administrators","TargetDomainName":"Builtin","TargetSid":"S-1-5-32-544","SubjectUserSid":"S-1-5-21-64021822-3933034794-494143053-1009","SubjectUserName":"Harsh","SubjectDomainName":"HP-LAP704","SubjectLogonId":"0xc4589","CallerProcessId":"0x278c","CallerProcessName":"C:\\Windows\\System32\\taskhostw.exe"}
[10.78.233.207] {"timestamp":"2025-12-06 04:06:30","hostname":"HP-LAP704","channel":"Security","event_id":4799,"level":"Information","message":"A security-enabled local group membership was enumerated.\r\n\r\nSubject:\r\n\tSecurity ID:\t\tS-1-5-21-64021822-3933034794-494143053-1009\r\n\tAccount Name:\t\tHarsh\r\n\tAccount Domain:\t\tHP-LAP704\r\n\tLogon ID:\t\t0xC4589\r\n\r\nGroup:\r\n\tSecurity ID:\t\tS-1-5-32-544\r\n\tGroup Name:\t\tAdministrators\r\n\tGroup Domain:\t\tBuiltin\r\n\r\nProcess Information:\r\n\tProcess ID:\t\t0x278c\r\n\tProcess Name:\t\tC:\\Windows\\System32\\taskhostw.exe","TargetUserName":"Administrators","TargetDomainName":"Builtin","TargetSid":"S-1-5-32-544","SubjectUserSid":"S-1-5-21-64021822-3933034794-494143053-1009","SubjectUserName":"Harsh","SubjectDomainName":"HP-LAP704","SubjectLogonId":"0xc4589","CallerProcessId":"0x278c","CallerProcessName":"C:\\Windows\\System32\\taskhostw.exe"}
[10.78.233.207] {"timestamp":"2025-12-06 04:06:30","hostname":"HP-LAP704","channel":"Security","event_id":4799,"level":"Information","message":"A security-enabled local group membership was enumerated.\r\n\r\nSubject:\r\n\tSecurity ID:\t\tS-1-5-21-64021822-3933034794-494143053-1009\r\n\tAccount Name:\t\tHarsh\r\n\tAccount Domain:\t\tHP-LAP704\r\n\tLogon ID:\t\t0xC4589\r\n\r\nGroup:\r\n\tSecurity ID:\t\tS-1-5-32-544\r\n\tGroup Name:\t\tAdministrators\r\n\tGroup Domain:\t\tBuiltin\r\n\r\nProcess Information:\r\n\tProcess ID:\t\t0x278c\r\n\tProcess Name:\t\tC:\\Windows\\System32\\taskhostw.exe","TargetUserName":"Administrators","TargetDomainName":"Builtin","TargetSid":"S-1-5-32-544","SubjectUserSid":"S-1-5-21-64021822-3933034794-494143053-1009","SubjectUserName":"Harsh","SubjectDomainName":"HP-LAP704","SubjectLogonId":"0xc4589","CallerProcessId":"0x278c","CallerProcessName":"C:\\Windows\\System32\\taskhostw.exe"}
[10.78.233.207] {"timestamp":"2025-12-06 04:06:30","hostname":"HP-LAP704","channel":"Security","event_id":4799,"level":"Information","message":"A security-enabled local group membership was enumerated.\r\n\r\nSubject:\r\n\tSecurity ID:\t\tS-1-5-21-64021822-3933034794-494143053-1009\r\n\tAccount Name:\t\tHarsh\r\n\tAccount Domain:\t\tHP-LAP704\r\n\tLogon ID:\t\t0xC4589\r\n\r\nGroup:\r\n\tSecurity ID:\t\tS-1-5-32-544\r\n\tGroup Name:\t\tAdministrators\r\n\tGroup Domain:\t\tBuiltin\r\n\r\nProcess Information:\r\n\tProcess ID:\t\t0x278c\r\n\tProcess Name:\t\tC:\\Windows\\System32\\taskhostw.exe","TargetUserName":"Administrators","TargetDomainName":"Builtin","TargetSid":"S-1-5-32-544","SubjectUserSid":"S-1-5-21-64021822-3933034794-494143053-1009","SubjectUserName":"Harsh","SubjectDomainName":"HP-LAP704","SubjectLogonId":"0xc4589","CallerProcessId":"0x278c","CallerProcessName":"C:\\Windows\\System32\\taskhostw.exe"}
[10.78.233.207] {"timestamp":"2025-12-06 04:06:30","hostname":"HP-LAP704","channel":"Security","event_id":4799,"level":"Information","message":"A security-enabled local group membership was enumerated.\r\n\r\nSubject:\r\n\tSecurity ID:\t\tS-1-5-21-64021822-3933034794-494143053-1009\r\n\tAccount Name:\t\tHarsh\r\n\tAccount Domain:\t\tHP-LAP704\r\n\tLogon ID:\t\t0xC4589\r\n\r\nGroup:\r\n\tSecurity ID:\t\tS-1-5-32-544\r\n\tGroup Name:\t\tAdministrators\r\n\tGroup Domain:\t\tBuiltin\r\n\r\nProcess Information:\r\n\tProcess ID:\t\t0x278c\r\n\tProcess Name:\t\tC:\\Windows\\System32\\taskhostw.exe","TargetUserName":"Administrators","TargetDomainName":"Builtin","TargetSid":"S-1-5-32-544","SubjectUserSid":"S-1-5-21-64021822-3933034794-494143053-1009","SubjectUserName":"Harsh","SubjectDomainName":"HP-LAP704","SubjectLogonId":"0xc4589","CallerProcessId":"0x278c","CallerProcessName":"C:\\Windows\\System32\\taskhostw.exe"}
[10.78.233.207] {"timestamp":"2025-12-06 04:06:30","hostname":"HP-LAP704","channel":"Security","event_id":4799,"level":"Information","message":"A security-enabled local group membership was enumerated.\r\n\r\nSubject:\r\n\tSecurity ID:\t\tS-1-5-21-64021822-3933034794-494143053-1009\r\n\tAccount Name:\t\tHarsh\r\n\tAccount Domain:\t\tHP-LAP704\r\n\tLogon ID:\t\t0xC4589\r\n\r\nGroup:\r\n\tSecurity ID:\t\tS-1-5-32-544\r\n\tGroup Name:\t\tAdministrators\r\n\tGroup Domain:\t\tBuiltin\r\n\r\nProcess Information:\r\n\tProcess ID:\t\t0x278c\r\n\tProcess Name:\t\tC:\\Windows\\System32\\taskhostw.exe","TargetUserName":"Administrators","TargetDomainName":"Builtin","TargetSid":"S-1-5-32-544","SubjectUserSid":"S-1-5-21-64021822-3933034794-494143053-1009","SubjectUserName":"Harsh","SubjectDomainName":"HP-LAP704","SubjectLogonId":"0xc4589","CallerProcessId":"0x278c","CallerProcessName":"C:\\Windows\\System32\\taskhostw.exe"}
[10.78.233.207] {"timestamp":"2025-12-06 04:06:30","hostname":"HP-LAP704","channel":"Security","event_id":4799,"level":"Information","message":"A security-enabled local group membership was enumerated.\r\n\r\nSubject:\r\n\tSecurity ID:\t\tS-1-5-21-64021822-3933034794-494143053-1009\r\n\tAccount Name:\t\tHarsh\r\n\tAccount Domain:\t\tHP-LAP704\r\n\tLogon ID:\t\t0xC4589\r\n\r\nGroup:\r\n\tSecurity ID:\t\tS-1-5-32-544\r\n\tGroup Name:\t\tAdministrators\r\n\tGroup Domain:\t\tBuiltin\r\n\r\nProcess Information:\r\n\tProcess ID:\t\t0x278c\r\n\tProcess Name:\t\tC:\\Windows\\System32\\taskhostw.exe","TargetUserName":"Administrators","TargetDomainName":"Builtin","TargetSid":"S-1-5-32-544","SubjectUserSid":"S-1-5-21-64021822-3933034794-494143053-1009","SubjectUserName":"Harsh","SubjectDomainName":"HP-LAP704","SubjectLogonId":"0xc4589","CallerProcessId":"0x278c","CallerProcessName":"C:\\Windows\\System32\\taskhostw.exe"}
[10.78.233.207] {"timestamp":"2025-12-06 04:06:30","hostname":"HP-LAP704","channel":"Security","event_id":4799,"level":"Information","message":"A security-enabled local group membership was enumerated.\r\n\r\nSubject:\r\n\tSecurity ID:\t\tS-1-5-21-64021822-3933034794-494143053-1009\r\n\tAccount Name:\t\tHarsh\r\n\tAccount Domain:\t\tHP-LAP704\r\n\tLogon ID:\t\t0xC4589\r\n\r\nGroup:\r\n\tSecurity ID:\t\tS-1-5-32-544\r\n\tGroup Name:\t\tAdministrators\r\n\tGroup Domain:\t\tBuiltin\r\n\r\nProcess Information:\r\n\tProcess ID:\t\t0x278c\r\n\tProcess Name:\t\tC:\\Windows\\System32\\taskhostw.exe","TargetUserName":"Administrators","TargetDomainName":"Builtin","TargetSid":"S-1-5-32-544","SubjectUserSid":"S-1-5-21-64021822-3933034794-494143053-1009","SubjectUserName":"Harsh","SubjectDomainName":"HP-LAP704","SubjectLogonId":"0xc4589","CallerProcessId":"0x278c","CallerProcessName":"C:\\Windows\\System32\\taskhostw.exe"}
[10.78.233.207] {"timestamp":"2025-12-06 04:06:30","hostname":"HP-LAP704","channel":"Security","event_id":4799,"level":"Information","message":"A security-enabled local group membership was enumerated.\r\n\r\nSubject:\r\n\tSecurity ID:\t\tS-1-5-21-64021822-3933034794-494143053-1009\r\n\tAccount Name:\t\tHarsh\r\n\tAccount Domain:\t\tHP-LAP704\r\n\tLogon ID:\t\t0xC4589\r\n\r\nGroup:\r\n\tSecurity ID:\t\tS-1-5-32-544\r\n\tGroup Name:\t\tAdministrators\r\n\tGroup Domain:\t\tBuiltin\r\n\r\nProcess Information:\r\n\tProcess ID:\t\t0x278c\r\n\tProcess Name:\t\tC:\\Windows\\System32\\taskhostw.exe","TargetUserName":"Administrators","TargetDomainName":"Builtin","TargetSid":"S-1-5-32-544","SubjectUserSid":"S-1-5-21-64021822-3933034794-494143053-1009","SubjectUserName":"Harsh","SubjectDomainName":"HP-LAP704","SubjectLogonId":"0xc4589","CallerProcessId":"0x278c","CallerProcessName":"C:\\Windows\\System32\\taskhostw.exe"}
[10.78.233.207] {"timestamp":"2025-12-06 04:06:30","hostname":"HP-LAP704","channel":"Security","event_id":4799,"level":"Information","message":"A security-enabled local group membership was enumerated.\r\n\r\nSubject:\r\n\tSecurity ID:\t\tS-1-5-21-64021822-3933034794-494143053-1009\r\n\tAccount Name:\t\tHarsh\r\n\tAccount Domain:\t\tHP-LAP704\r\n\tLogon ID:\t\t0xC4589\r\n\r\nGroup:\r\n\tSecurity ID:\t\tS-1-5-32-544\r\n\tGroup Name:\t\tAdministrators\r\n\tGroup Domain:\t\tBuiltin\r\n\r\nProcess Information:\r\n\tProcess ID:\t\t0x278c\r\n\tProcess Name:\t\tC:\\Windows\\System32\\taskhostw.exe","TargetUserName":"Administrators","TargetDomainName":"Builtin","TargetSid":"S-1-5-32-544","SubjectUserSid":"S-1-5-21-64021822-3933034794-494143053-1009","SubjectUserName":"Harsh","SubjectDomainName":"HP-LAP704","SubjectLogonId":"0xc4589","CallerProcessId":"0x278c","CallerProcessName":"C:\\Windows\\System32\\taskhostw.exe"}
[10.78.233.207] {"timestamp":"2025-12-06 04:06:30","hostname":"HP-LAP704","channel":"Security","event_id":4799,"level":"Information","message":"A security-enabled local group membership was enumerated.\r\n\r\nSubject:\r\n\tSecurity ID:\t\tS-1-5-21-64021822-3933034794-494143053-1009\r\n\tAccount Name:\t\tHarsh\r\n\tAccount Domain:\t\tHP-LAP704\r\n\tLogon ID:\t\t0xC4589\r\n\r\nGroup:\r\n\tSecurity ID:\t\tS-1-5-32-544\r\n\tGroup Name:\t\tAdministrators\r\n\tGroup Domain:\t\tBuiltin\r\n\r\nProcess Information:\r\n\tProcess ID:\t\t0x278c\r\n\tProcess Name:\t\tC:\\Windows\\System32\\taskhostw.exe","TargetUserName":"Administrators","TargetDomainName":"Builtin","TargetSid":"S-1-5-32-544","SubjectUserSid":"S-1-5-21-64021822-3933034794-494143053-1009","SubjectUserName":"Harsh","SubjectDomainName":"HP-LAP704","SubjectLogonId":"0xc4589","CallerProcessId":"0x278c","CallerProcessName":"C:\\Windows\\System32\\taskhostw.exe"}
[10.78.233.207] {"timestamp":"2025-12-06 04:06:30","hostname":"HP-LAP704","channel":"Security","event_id":4799,"level":"Information","message":"A security-enabled local group membership was enumerated.\r\n\r\nSubject:\r\n\tSecurity ID:\t\tS-1-5-21-64021822-3933034794-494143053-1009\r\n\tAccount Name:\t\tHarsh\r\n\tAccount Domain:\t\tHP-LAP704\r\n\tLogon ID:\t\t0xC4589\r\n\r\nGroup:\r\n\tSecurity ID:\t\tS-1-5-32-544\r\n\tGroup Name:\t\tAdministrators\r\n\tGroup Domain:\t\tBuiltin\r\n\r\nProcess Information:\r\n\tProcess ID:\t\t0x278c\r\n\tProcess Name:\t\tC:\\Windows\\System32\\taskhostw.exe","TargetUserName":"Administrators","TargetDomainName":"Builtin","TargetSid":"S-1-5-32-544","SubjectUserSid":"S-1-5-21-64021822-3933034794-494143053-1009","SubjectUserName":"Harsh","SubjectDomainName":"HP-LAP704","SubjectLogonId":"0xc4589","CallerProcessId":"0x278c","CallerProcessName":"C:\\Windows\\System32\\taskhostw.exe"}
[10.78.233.207] {"timestamp":"2025-12-06 04:06:30","hostname":"HP-LAP704","channel":"Security","event_id":4799,"level":"Information","message":"A security-enabled local group membership was enumerated.\r\n\r\nSubject:\r\n\tSecurity ID:\t\tS-1-5-21-64021822-3933034794-494143053-1009\r\n\tAccount Name:\t\tHarsh\r\n\tAccount Domain:\t\tHP-LAP704\r\n\tLogon ID:\t\t0xC4589\r\n\r\nGroup:\r\n\tSecurity ID:\t\tS-1-5-32-544\r\n\tGroup Name:\t\tAdministrators\r\n\tGroup Domain:\t\tBuiltin\r\n\r\nProcess Information:\r\n\tProcess ID:\t\t0x278c\r\n\tProcess Name:\t\tC:\\Windows\\System32\\taskhostw.exe","TargetUserName":"Administrators","TargetDomainName":"Builtin","TargetSid":"S-1-5-32-544","SubjectUserSid":"S-1-5-21-64021822-3933034794-494143053-1009","SubjectUserName":"Harsh","SubjectDomainName":"HP-LAP704","SubjectLogonId":"0xc4589","CallerProcessId":"0x278c","CallerProcessName":"C:\\Windows\\System32\\taskhostw.exe"}
[10.78.233.207] {"timestamp":"2025-12-06 04:06:30","hostname":"HP-LAP704","channel":"Security","event_id":4799,"level":"Information","message":"A security-enabled local group membership was enumerated.\r\n\r\nSubject:\r\n\tSecurity ID:\t\tS-1-5-21-64021822-3933034794-494143053-1009\r\n\tAccount Name:\t\tHarsh\r\n\tAccount Domain:\t\tHP-LAP704\r\n\tLogon ID:\t\t0xC4589\r\n\r\nGroup:\r\n\tSecurity ID:\t\tS-1-5-32-544\r\n\tGroup Name:\t\tAdministrators\r\n\tGroup Domain:\t\tBuiltin\r\n\r\nProcess Information:\r\n\tProcess ID:\t\t0x278c\r\n\tProcess Name:\t\tC:\\Windows\\System32\\taskhostw.exe","TargetUserName":"Administrators","TargetDomainName":"Builtin","TargetSid":"S-1-5-32-544","SubjectUserSid":"S-1-5-21-64021822-3933034794-494143053-1009","SubjectUserName":"Harsh","SubjectDomainName":"HP-LAP704","SubjectLogonId":"0xc4589","CallerProcessId":"0x278c","CallerProcessName":"C:\\Windows\\System32\\taskhostw.exe"}
[10.78.233.207] {"timestamp":"2025-12-06 04:06:30","hostname":"HP-LAP704","channel":"Security","event_id":4799,"level":"Information","message":"A security-enabled local group membership was enumerated.\r\n\r\nSubject:\r\n\tSecurity ID:\t\tS-1-5-21-64021822-3933034794-494143053-1009\r\n\tAccount Name:\t\tHarsh\r\n\tAccount Domain:\t\tHP-LAP704\r\n\tLogon ID:\t\t0xC4589\r\n\r\nGroup:\r\n\tSecurity ID:\t\tS-1-5-32-544\r\n\tGroup Name:\t\tAdministrators\r\n\tGroup Domain:\t\tBuiltin\r\n\r\nProcess Information:\r\n\tProcess ID:\t\t0x278c\r\n\tProcess Name:\t\tC:\\Windows\\System32\\taskhostw.exe","TargetUserName":"Administrators","TargetDomainName":"Builtin","TargetSid":"S-1-5-32-544","SubjectUserSid":"S-1-5-21-64021822-3933034794-494143053-1009","SubjectUserName":"Harsh","SubjectDomainName":"HP-LAP704","SubjectLogonId":"0xc4589","CallerProcessId":"0x278c","CallerProcessName":"C:\\Windows\\System32\\taskhostw.exe"}
[10.78.233.207] {"timestamp":"2025-12-06 04:06:30","hostname":"HP-LAP704","channel":"Security","event_id":4799,"level":"Information","message":"A security-enabled local group membership was enumerated.\r\n\r\nSubject:\r\n\tSecurity ID:\t\tS-1-5-21-64021822-3933034794-494143053-1009\r\n\tAccount Name:\t\tHarsh\r\n\tAccount Domain:\t\tHP-LAP704\r\n\tLogon ID:\t\t0xC4589\r\n\r\nGroup:\r\n\tSecurity ID:\t\tS-1-5-32-544\r\n\tGroup Name:\t\tAdministrators\r\n\tGroup Domain:\t\tBuiltin\r\n\r\nProcess Information:\r\n\tProcess ID:\t\t0x278c\r\n\tProcess Name:\t\tC:\\Windows\\System32\\taskhostw.exe","TargetUserName":"Administrators","TargetDomainName":"Builtin","TargetSid":"S-1-5-32-544","SubjectUserSid":"S-1-5-21-64021822-3933034794-494143053-1009","SubjectUserName":"Harsh","SubjectDomainName":"HP-LAP704","SubjectLogonId":"0xc4589","CallerProcessId":"0x278c","CallerProcessName":"C:\\Windows\\System32\\taskhostw.exe"}
[10.78.233.207] {"timestamp":"2025-12-06 04:06:30","hostname":"HP-LAP704","channel":"Security","event_id":4799,"level":"Information","message":"A security-enabled local group membership was enumerated.\r\n\r\nSubject:\r\n\tSecurity ID:\t\tS-1-5-21-64021822-3933034794-494143053-1009\r\n\tAccount Name:\t\tHarsh\r\n\tAccount Domain:\t\tHP-LAP704\r\n\tLogon ID:\t\t0xC4589\r\n\r\nGroup:\r\n\tSecurity ID:\t\tS-1-5-32-544\r\n\tGroup Name:\t\tAdministrators\r\n\tGroup Domain:\t\tBuiltin\r\n\r\nProcess Information:\r\n\tProcess ID:\t\t0x278c\r\n\tProcess Name:\t\tC:\\Windows\\System32\\taskhostw.exe","TargetUserName":"Administrators","TargetDomainName":"Builtin","TargetSid":"S-1-5-32-544","SubjectUserSid":"S-1-5-21-64021822-3933034794-494143053-1009","SubjectUserName":"Harsh","SubjectDomainName":"HP-LAP704","SubjectLogonId":"0xc4589","CallerProcessId":"0x278c","CallerProcessName":"C:\\Windows\\System32\\taskhostw.exe"}
[10.78.233.207] {"timestamp":"2025-12-06 04:06:30","hostname":"HP-LAP704","channel":"Security","event_id":4799,"level":"Information","message":"A security-enabled local group membership was enumerated.\r\n\r\nSubject:\r\n\tSecurity ID:\t\tS-1-5-21-64021822-3933034794-494143053-1009\r\n\tAccount Name:\t\tHarsh\r\n\tAccount Domain:\t\tHP-LAP704\r\n\tLogon ID:\t\t0xC4589\r\n\r\nGroup:\r\n\tSecurity ID:\t\tS-1-5-32-544\r\n\tGroup Name:\t\tAdministrators\r\n\tGroup Domain:\t\tBuiltin\r\n\r\nProcess Information:\r\n\tProcess ID:\t\t0x278c\r\n\tProcess Name:\t\tC:\\Windows\\System32\\taskhostw.exe","TargetUserName":"Administrators","TargetDomainName":"Builtin","TargetSid":"S-1-5-32-544","SubjectUserSid":"S-1-5-21-64021822-3933034794-494143053-1009","SubjectUserName":"Harsh","SubjectDomainName":"HP-LAP704","SubjectLogonId":"0xc4589","CallerProcessId":"0x278c","CallerProcessName":"C:\\Windows\\System32\\taskhostw.exe"}
[10.78.233.207] {"timestamp":"2025-12-06 04:06:30","hostname":"HP-LAP704","channel":"Security","event_id":4799,"level":"Information","message":"A security-enabled local group membership was enumerated.\r\n\r\nSubject:\r\n\tSecurity ID:\t\tS-1-5-21-64021822-3933034794-494143053-1009\r\n\tAccount Name:\t\tHarsh\r\n\tAccount Domain:\t\tHP-LAP704\r\n\tLogon ID:\t\t0xC4589\r\n\r\nGroup:\r\n\tSecurity ID:\t\tS-1-5-32-544\r\n\tGroup Name:\t\tAdministrators\r\n\tGroup Domain:\t\tBuiltin\r\n\r\nProcess Information:\r\n\tProcess ID:\t\t0x278c\r\n\tProcess Name:\t\tC:\\Windows\\System32\\taskhostw.exe","TargetUserName":"Administrators","TargetDomainName":"Builtin","TargetSid":"S-1-5-32-544","SubjectUserSid":"S-1-5-21-64021822-3933034794-494143053-1009","SubjectUserName":"Harsh","SubjectDomainName":"HP-LAP704","SubjectLogonId":"0xc4589","CallerProcessId":"0x278c","CallerProcessName":"C:\\Windows\\System32\\taskhostw.exe"}
[10.78.233.207] {"timestamp":"2025-12-06 04:06:30","hostname":"HP-LAP704","channel":"Security","event_id":4799,"level":"Information","message":"A security-enabled local group membership was enumerated.\r\n\r\nSubject:\r\n\tSecurity ID:\t\tS-1-5-21-64021822-3933034794-494143053-1009\r\n\tAccount Name:\t\tHarsh\r\n\tAccount Domain:\t\tHP-LAP704\r\n\tLogon ID:\t\t0xC4589\r\n\r\nGroup:\r\n\tSecurity ID:\t\tS-1-5-32-544\r\n\tGroup Name:\t\tAdministrators\r\n\tGroup Domain:\t\tBuiltin\r\n\r\nProcess Information:\r\n\tProcess ID:\t\t0x278c\r\n\tProcess Name:\t\tC:\\Windows\\System32\\taskhostw.exe","TargetUserName":"Administrators","TargetDomainName":"Builtin","TargetSid":"S-1-5-32-544","SubjectUserSid":"S-1-5-21-64021822-3933034794-494143053-1009","SubjectUserName":"Harsh","SubjectDomainName":"HP-LAP704","SubjectLogonId":"0xc4589","CallerProcessId":"0x278c","CallerProcessName":"C:\\Windows\\System32\\taskhostw.exe"}
[10.78.233.207] {"timestamp":"2025-12-06 04:06:30","hostname":"HP-LAP704","channel":"Security","event_id":4799,"level":"Information","message":"A security-enabled local group membership was enumerated.\r\n\r\nSubject:\r\n\tSecurity ID:\t\tS-1-5-21-64021822-3933034794-494143053-1009\r\n\tAccount Name:\t\tHarsh\r\n\tAccount Domain:\t\tHP-LAP704\r\n\tLogon ID:\t\t0xC4589\r\n\r\nGroup:\r\n\tSecurity ID:\t\tS-1-5-32-544\r\n\tGroup Name:\t\tAdministrators\r\n\tGroup Domain:\t\tBuiltin\r\n\r\nProcess Information:\r\n\tProcess ID:\t\t0x278c\r\n\tProcess Name:\t\tC:\\Windows\\System32\\taskhostw.exe","TargetUserName":"Administrators","TargetDomainName":"Builtin","TargetSid":"S-1-5-32-544","SubjectUserSid":"S-1-5-21-64021822-3933034794-494143053-1009","SubjectUserName":"Harsh","SubjectDomainName":"HP-LAP704","SubjectLogonId":"0xc4589","CallerProcessId":"0x278c","CallerProcessName":"C:\\Windows\\System32\\taskhostw.exe"}
[10.78.233.207] {"timestamp":"2025-12-06 04:06:30","hostname":"HP-LAP704","channel":"Security","event_id":4799,"level":"Information","message":"A security-enabled local group membership was enumerated.\r\n\r\nSubject:\r\n\tSecurity ID:\t\tS-1-5-21-64021822-3933034794-494143053-1009\r\n\tAccount Name:\t\tHarsh\r\n\tAccount Domain:\t\tHP-LAP704\r\n\tLogon ID:\t\t0xC4589\r\n\r\nGroup:\r\n\tSecurity ID:\t\tS-1-5-32-544\r\n\tGroup Name:\t\tAdministrators\r\n\tGroup Domain:\t\tBuiltin\r\n\r\nProcess Information:\r\n\tProcess ID:\t\t0x278c\r\n\tProcess Name:\t\tC:\\Windows\\System32\\taskhostw.exe","TargetUserName":"Administrators","TargetDomainName":"Builtin","TargetSid":"S-1-5-32-544","SubjectUserSid":"S-1-5-21-64021822-3933034794-494143053-1009","SubjectUserName":"Harsh","SubjectDomainName":"HP-LAP704","SubjectLogonId":"0xc4589","CallerProcessId":"0x278c","CallerProcessName":"C:\\Windows\\System32\\taskhostw.exe"}
[10.78.233.207] {"timestamp":"2025-12-06 04:06:30","hostname":"HP-LAP704","channel":"Security","event_id":4799,"level":"Information","message":"A security-enabled local group membership was enumerated.\r\n\r\nSubject:\r\n\tSecurity ID:\t\tS-1-5-21-64021822-3933034794-494143053-1009\r\n\tAccount Name:\t\tHarsh\r\n\tAccount Domain:\t\tHP-LAP704\r\n\tLogon ID:\t\t0xC4589\r\n\r\nGroup:\r\n\tSecurity ID:\t\tS-1-5-32-544\r\n\tGroup Name:\t\tAdministrators\r\n\tGroup Domain:\t\tBuiltin\r\n\r\nProcess Information:\r\n\tProcess ID:\t\t0x278c\r\n\tProcess Name:\t\tC:\\Windows\\System32\\taskhostw.exe","TargetUserName":"Administrators","TargetDomainName":"Builtin","TargetSid":"S-1-5-32-544","SubjectUserSid":"S-1-5-21-64021822-3933034794-494143053-1009","SubjectUserName":"Harsh","SubjectDomainName":"HP-LAP704","SubjectLogonId":"0xc4589","CallerProcessId":"0x278c","CallerProcessName":"C:\\Windows\\System32\\taskhostw.exe"}
[10.78.233.207] {"timestamp":"2025-12-06 04:06:30","hostname":"HP-LAP704","channel":"Security","event_id":4799,"level":"Information","message":"A security-enabled local group membership was enumerated.\r\n\r\nSubject:\r\n\tSecurity ID:\t\tS-1-5-21-64021822-3933034794-494143053-1009\r\n\tAccount Name:\t\tHarsh\r\n\tAccount Domain:\t\tHP-LAP704\r\n\tLogon ID:\t\t0xC4589\r\n\r\nGroup:\r\n\tSecurity ID:\t\tS-1-5-32-544\r\n\tGroup Name:\t\tAdministrators\r\n\tGroup Domain:\t\tBuiltin\r\n\r\nProcess Information:\r\n\tProcess ID:\t\t0x278c\r\n\tProcess Name:\t\tC:\\Windows\\System32\\taskhostw.exe","TargetUserName":"Administrators","TargetDomainName":"Builtin","TargetSid":"S-1-5-32-544","SubjectUserSid":"S-1-5-21-64021822-3933034794-494143053-1009","SubjectUserName":"Harsh","SubjectDomainName":"HP-LAP704","SubjectLogonId":"0xc4589","CallerProcessId":"0x278c","CallerProcessName":"C:\\Windows\\System32\\taskhostw.exe"}
[10.78.233.207] {"timestamp":"2025-12-06 04:06:30","hostname":"HP-LAP704","channel":"Security","event_id":4799,"level":"Information","message":"A security-enabled local group membership was enumerated.\r\n\r\nSubject:\r\n\tSecurity ID:\t\tS-1-5-21-64021822-3933034794-494143053-1009\r\n\tAccount Name:\t\tHarsh\r\n\tAccount Domain:\t\tHP-LAP704\r\n\tLogon ID:\t\t0xC4589\r\n\r\nGroup:\r\n\tSecurity ID:\t\tS-1-5-32-544\r\n\tGroup Name:\t\tAdministrators\r\n\tGroup Domain:\t\tBuiltin\r\n\r\nProcess Information:\r\n\tProcess ID:\t\t0x278c\r\n\tProcess Name:\t\tC:\\Windows\\System32\\taskhostw.exe","TargetUserName":"Administrators","TargetDomainName":"Builtin","TargetSid":"S-1-5-32-544","SubjectUserSid":"S-1-5-21-64021822-3933034794-494143053-1009","SubjectUserName":"Harsh","SubjectDomainName":"HP-LAP704","SubjectLogonId":"0xc4589","CallerProcessId":"0x278c","CallerProcessName":"C:\\Windows\\System32\\taskhostw.exe"}
[10.78.233.207] {"timestamp":"2025-12-06 04:06:30","hostname":"HP-LAP704","channel":"Security","event_id":4799,"level":"Information","message":"A security-enabled local group membership was enumerated.\r\n\r\nSubject:\r\n\tSecurity ID:\t\tS-1-5-21-64021822-3933034794-494143053-1009\r\n\tAccount Name:\t\tHarsh\r\n\tAccount Domain:\t\tHP-LAP704\r\n\tLogon ID:\t\t0xC4589\r\n\r\nGroup:\r\n\tSecurity ID:\t\tS-1-5-32-544\r\n\tGroup Name:\t\tAdministrators\r\n\tGroup Domain:\t\tBuiltin\r\n\r\nProcess Information:\r\n\tProcess ID:\t\t0x278c\r\n\tProcess Name:\t\tC:\\Windows\\System32\\taskhostw.exe","TargetUserName":"Administrators","TargetDomainName":"Builtin","TargetSid":"S-1-5-32-544","SubjectUserSid":"S-1-5-21-64021822-3933034794-494143053-1009","SubjectUserName":"Harsh","SubjectDomainName":"HP-LAP704","SubjectLogonId":"0xc4589","CallerProcessId":"0x278c","CallerProcessName":"C:\\Windows\\System32\\taskhostw.exe"}
[10.78.233.207] {"timestamp":"2025-12-06 04:06:30","hostname":"HP-LAP704","channel":"Security","event_id":4799,"level":"Information","message":"A security-enabled local group membership was enumerated.\r\n\r\nSubject:\r\n\tSecurity ID:\t\tS-1-5-21-64021822-3933034794-494143053-1009\r\n\tAccount Name:\t\tHarsh\r\n\tAccount Domain:\t\tHP-LAP704\r\n\tLogon ID:\t\t0xC4589\r\n\r\nGroup:\r\n\tSecurity ID:\t\tS-1-5-32-544\r\n\tGroup Name:\t\tAdministrators\r\n\tGroup Domain:\t\tBuiltin\r\n\r\nProcess Information:\r\n\tProcess ID:\t\t0x278c\r\n\tProcess Name:\t\tC:\\Windows\\System32\\taskhostw.exe","TargetUserName":"Administrators","TargetDomainName":"Builtin","TargetSid":"S-1-5-32-544","SubjectUserSid":"S-1-5-21-64021822-3933034794-494143053-1009","SubjectUserName":"Harsh","SubjectDomainName":"HP-LAP704","SubjectLogonId":"0xc4589","CallerProcessId":"0x278c","CallerProcessName":"C:\\Windows\\System32\\taskhostw.exe"}
[10.78.233.207] {"timestamp":"2025-12-06 04:06:30","hostname":"HP-LAP704","channel":"Security","event_id":4799,"level":"Information","message":"A security-enabled local group membership was enumerated.\r\n\r\nSubject:\r\n\tSecurity ID:\t\tS-1-5-21-64021822-3933034794-494143053-1009\r\n\tAccount Name:\t\tHarsh\r\n\tAccount Domain:\t\tHP-LAP704\r\n\tLogon ID:\t\t0xC4589\r\n\r\nGroup:\r\n\tSecurity ID:\t\tS-1-5-32-544\r\n\tGroup Name:\t\tAdministrators\r\n\tGroup Domain:\t\tBuiltin\r\n\r\nProcess Information:\r\n\tProcess ID:\t\t0x278c\r\n\tProcess Name:\t\tC:\\Windows\\System32\\taskhostw.exe","TargetUserName":"Administrators","TargetDomainName":"Builtin","TargetSid":"S-1-5-32-544","SubjectUserSid":"S-1-5-21-64021822-3933034794-494143053-1009","SubjectUserName":"Harsh","SubjectDomainName":"HP-LAP704","SubjectLogonId":"0xc4589","CallerProcessId":"0x278c","CallerProcessName":"C:\\Windows\\System32\\taskhostw.exe"}
[10.78.233.207] {"timestamp":"2025-12-06 04:06:30","hostname":"HP-LAP704","channel":"Security","event_id":4799,"level":"Information","message":"A security-enabled local group membership was enumerated.\r\n\r\nSubject:\r\n\tSecurity ID:\t\tS-1-5-21-64021822-3933034794-494143053-1009\r\n\tAccount Name:\t\tHarsh\r\n\tAccount Domain:\t\tHP-LAP704\r\n\tLogon ID:\t\t0xC4589\r\n\r\nGroup:\r\n\tSecurity ID:\t\tS-1-5-32-544\r\n\tGroup Name:\t\tAdministrators\r\n\tGroup Domain:\t\tBuiltin\r\n\r\nProcess Information:\r\n\tProcess ID:\t\t0x278c\r\n\tProcess Name:\t\tC:\\Windows\\System32\\taskhostw.exe","TargetUserName":"Administrators","TargetDomainName":"Builtin","TargetSid":"S-1-5-32-544","SubjectUserSid":"S-1-5-21-64021822-3933034794-494143053-1009","SubjectUserName":"Harsh","SubjectDomainName":"HP-LAP704","SubjectLogonId":"0xc4589","CallerProcessId":"0x278c","CallerProcessName":"C:\\Windows\\System32\\taskhostw.exe"}
[10.78.233.207] {"timestamp":"2025-12-06 04:06:30","hostname":"HP-LAP704","channel":"Security","event_id":4799,"level":"Information","message":"A security-enabled local group membership was enumerated.\r\n\r\nSubject:\r\n\tSecurity ID:\t\tS-1-5-21-64021822-3933034794-494143053-1009\r\n\tAccount Name:\t\tHarsh\r\n\tAccount Domain:\t\tHP-LAP704\r\n\tLogon ID:\t\t0xC4589\r\n\r\nGroup:\r\n\tSecurity ID:\t\tS-1-5-32-544\r\n\tGroup Name:\t\tAdministrators\r\n\tGroup Domain:\t\tBuiltin\r\n\r\nProcess Information:\r\n\tProcess ID:\t\t0x278c\r\n\tProcess Name:\t\tC:\\Windows\\System32\\taskhostw.exe","TargetUserName":"Administrators","TargetDomainName":"Builtin","TargetSid":"S-1-5-32-544","SubjectUserSid":"S-1-5-21-64021822-3933034794-494143053-1009","SubjectUserName":"Harsh","SubjectDomainName":"HP-LAP704","SubjectLogonId":"0xc4589","CallerProcessId":"0x278c","CallerProcessName":"C:\\Windows\\System32\\taskhostw.exe"}
[10.78.233.207] {"timestamp":"2025-12-06 04:06:30","hostname":"HP-LAP704","channel":"Security","event_id":4799,"level":"Information","message":"A security-enabled local group membership was enumerated.\r\n\r\nSubject:\r\n\tSecurity ID:\t\tS-1-5-21-64021822-3933034794-494143053-1009\r\n\tAccount Name:\t\tHarsh\r\n\tAccount Domain:\t\tHP-LAP704\r\n\tLogon ID:\t\t0xC4589\r\n\r\nGroup:\r\n\tSecurity ID:\t\tS-1-5-32-544\r\n\tGroup Name:\t\tAdministrators\r\n\tGroup Domain:\t\tBuiltin\r\n\r\nProcess Information:\r\n\tProcess ID:\t\t0x278c\r\n\tProcess Name:\t\tC:\\Windows\\System32\\taskhostw.exe","TargetUserName":"Administrators","TargetDomainName":"Builtin","TargetSid":"S-1-5-32-544","SubjectUserSid":"S-1-5-21-64021822-3933034794-494143053-1009","SubjectUserName":"Harsh","SubjectDomainName":"HP-LAP704","SubjectLogonId":"0xc4589","CallerProcessId":"0x278c","CallerProcessName":"C:\\Windows\\System32\\taskhostw.exe"}
[10.78.233.207] {"timestamp":"2025-12-06 04:06:30","hostname":"HP-LAP704","channel":"Security","event_id":4799,"level":"Information","message":"A security-enabled local group membership was enumerated.\r\n\r\nSubject:\r\n\tSecurity ID:\t\tS-1-5-21-64021822-3933034794-494143053-1009\r\n\tAccount Name:\t\tHarsh\r\n\tAccount Domain:\t\tHP-LAP704\r\n\tLogon ID:\t\t0xC4589\r\n\r\nGroup:\r\n\tSecurity ID:\t\tS-1-5-32-544\r\n\tGroup Name:\t\tAdministrators\r\n\tGroup Domain:\t\tBuiltin\r\n\r\nProcess Information:\r\n\tProcess ID:\t\t0x278c\r\n\tProcess Name:\t\tC:\\Windows\\System32\\taskhostw.exe","TargetUserName":"Administrators","TargetDomainName":"Builtin","TargetSid":"S-1-5-32-544","SubjectUserSid":"S-1-5-21-64021822-3933034794-494143053-1009","SubjectUserName":"Harsh","SubjectDomainName":"HP-LAP704","SubjectLogonId":"0xc4589","CallerProcessId":"0x278c","CallerProcessName":"C:\\Windows\\System32\\taskhostw.exe"}
[10.78.233.207] {"timestamp":"2025-12-06 04:06:30","hostname":"HP-LAP704","channel":"Security","event_id":4799,"level":"Information","message":"A security-enabled local group membership was enumerated.\r\n\r\nSubject:\r\n\tSecurity ID:\t\tS-1-5-21-64021822-3933034794-494143053-1009\r\n\tAccount Name:\t\tHarsh\r\n\tAccount Domain:\t\tHP-LAP704\r\n\tLogon ID:\t\t0xC4589\r\n\r\nGroup:\r\n\tSecurity ID:\t\tS-1-5-32-544\r\n\tGroup Name:\t\tAdministrators\r\n\tGroup Domain:\t\tBuiltin\r\n\r\nProcess Information:\r\n\tProcess ID:\t\t0x278c\r\n\tProcess Name:\t\tC:\\Windows\\System32\\taskhostw.exe","TargetUserName":"Administrators","TargetDomainName":"Builtin","TargetSid":"S-1-5-32-544","SubjectUserSid":"S-1-5-21-64021822-3933034794-494143053-1009","SubjectUserName":"Harsh","SubjectDomainName":"HP-LAP704","SubjectLogonId":"0xc4589","CallerProcessId":"0x278c","CallerProcessName":"C:\\Windows\\System32\\taskhostw.exe"}
[10.78.233.207] {"timestamp":"2025-12-06 04:06:30","hostname":"HP-LAP704","channel":"Security","event_id":4799,"level":"Information","message":"A security-enabled local group membership was enumerated.\r\n\r\nSubject:\r\n\tSecurity ID:\t\tS-1-5-21-64021822-3933034794-494143053-1009\r\n\tAccount Name:\t\tHarsh\r\n\tAccount Domain:\t\tHP-LAP704\r\n\tLogon ID:\t\t0xC4589\r\n\r\nGroup:\r\n\tSecurity ID:\t\tS-1-5-32-544\r\n\tGroup Name:\t\tAdministrators\r\n\tGroup Domain:\t\tBuiltin\r\n\r\nProcess Information:\r\n\tProcess ID:\t\t0x278c\r\n\tProcess Name:\t\tC:\\Windows\\System32\\taskhostw.exe","TargetUserName":"Administrators","TargetDomainName":"Builtin","TargetSid":"S-1-5-32-544","SubjectUserSid":"S-1-5-21-64021822-3933034794-494143053-1009","SubjectUserName":"Harsh","SubjectDomainName":"HP-LAP704","SubjectLogonId":"0xc4589","CallerProcessId":"0x278c","CallerProcessName":"C:\\Windows\\System32\\taskhostw.exe"}
[10.78.233.207] {"timestamp":"2025-12-06 04:06:30","hostname":"HP-LAP704","channel":"Security","event_id":4799,"level":"Information","message":"A security-enabled local group membership was enumerated.\r\n\r\nSubject:\r\n\tSecurity ID:\t\tS-1-5-21-64021822-3933034794-494143053-1009\r\n\tAccount Name:\t\tHarsh\r\n\tAccount Domain:\t\tHP-LAP704\r\n\tLogon ID:\t\t0xC4589\r\n\r\nGroup:\r\n\tSecurity ID:\t\tS-1-5-32-544\r\n\tGroup Name:\t\tAdministrators\r\n\tGroup Domain:\t\tBuiltin\r\n\r\nProcess Information:\r\n\tProcess ID:\t\t0x278c\r\n\tProcess Name:\t\tC:\\Windows\\System32\\taskhostw.exe","TargetUserName":"Administrators","TargetDomainName":"Builtin","TargetSid":"S-1-5-32-544","SubjectUserSid":"S-1-5-21-64021822-3933034794-494143053-1009","SubjectUserName":"Harsh","SubjectDomainName":"HP-LAP704","SubjectLogonId":"0xc4589","CallerProcessId":"0x278c","CallerProcessName":"C:\\Windows\\System32\\taskhostw.exe"}
[10.78.233.207] {"timestamp":"2025-12-06 04:06:30","hostname":"HP-LAP704","channel":"Security","event_id":4799,"level":"Information","message":"A security-enabled local group membership was enumerated.\r\n\r\nSubject:\r\n\tSecurity ID:\t\tS-1-5-21-64021822-3933034794-494143053-1009\r\n\tAccount Name:\t\tHarsh\r\n\tAccount Domain:\t\tHP-LAP704\r\n\tLogon ID:\t\t0xC4589\r\n\r\nGroup:\r\n\tSecurity ID:\t\tS-1-5-32-544\r\n\tGroup Name:\t\tAdministrators\r\n\tGroup Domain:\t\tBuiltin\r\n\r\nProcess Information:\r\n\tProcess ID:\t\t0x278c\r\n\tProcess Name:\t\tC:\\Windows\\System32\\taskhostw.exe","TargetUserName":"Administrators","TargetDomainName":"Builtin","TargetSid":"S-1-5-32-544","SubjectUserSid":"S-1-5-21-64021822-3933034794-494143053-1009","SubjectUserName":"Harsh","SubjectDomainName":"HP-LAP704","SubjectLogonId":"0xc4589","CallerProcessId":"0x278c","CallerProcessName":"C:\\Windows\\System32\\taskhostw.exe"}
[10.78.233.207] {"timestamp":"2025-12-06 04:06:30","hostname":"HP-LAP704","channel":"Security","event_id":4799,"level":"Information","message":"A security-enabled local group membership was enumerated.\r\n\r\nSubject:\r\n\tSecurity ID:\t\tS-1-5-21-64021822-3933034794-494143053-1009\r\n\tAccount Name:\t\tHarsh\r\n\tAccount Domain:\t\tHP-LAP704\r\n\tLogon ID:\t\t0xC4589\r\n\r\nGroup:\r\n\tSecurity ID:\t\tS-1-5-32-544\r\n\tGroup Name:\t\tAdministrators\r\n\tGroup Domain:\t\tBuiltin\r\n\r\nProcess Information:\r\n\tProcess ID:\t\t0x278c\r\n\tProcess Name:\t\tC:\\Windows\\System32\\taskhostw.exe","TargetUserName":"Administrators","TargetDomainName":"Builtin","TargetSid":"S-1-5-32-544","SubjectUserSid":"S-1-5-21-64021822-3933034794-494143053-1009","SubjectUserName":"Harsh","SubjectDomainName":"HP-LAP704","SubjectLogonId":"0xc4589","CallerProcessId":"0x278c","CallerProcessName":"C:\\Windows\\System32\\taskhostw.exe"}
[10.78.233.207] {"timestamp":"2025-12-06 04:06:30","hostname":"HP-LAP704","channel":"Security","event_id":4799,"level":"Information","message":"A security-enabled local group membership was enumerated.\r\n\r\nSubject:\r\n\tSecurity ID:\t\tS-1-5-21-64021822-3933034794-494143053-1009\r\n\tAccount Name:\t\tHarsh\r\n\tAccount Domain:\t\tHP-LAP704\r\n\tLogon ID:\t\t0xC4589\r\n\r\nGroup:\r\n\tSecurity ID:\t\tS-1-5-32-544\r\n\tGroup Name:\t\tAdministrators\r\n\tGroup Domain:\t\tBuiltin\r\n\r\nProcess Information:\r\n\tProcess ID:\t\t0x278c\r\n\tProcess Name:\t\tC:\\Windows\\System32\\taskhostw.exe","TargetUserName":"Administrators","TargetDomainName":"Builtin","TargetSid":"S-1-5-32-544","SubjectUserSid":"S-1-5-21-64021822-3933034794-494143053-1009","SubjectUserName":"Harsh","SubjectDomainName":"HP-LAP704","SubjectLogonId":"0xc4589","CallerProcessId":"0x278c","CallerProcessName":"C:\\Windows\\System32\\taskhostw.exe"}
[10.78.233.207] {"timestamp":"2025-12-06 04:06:30","hostname":"HP-LAP704","channel":"Security","event_id":4799,"level":"Information","message":"A security-enabled local group membership was enumerated.\r\n\r\nSubject:\r\n\tSecurity ID:\t\tS-1-5-21-64021822-3933034794-494143053-1009\r\n\tAccount Name:\t\tHarsh\r\n\tAccount Domain:\t\tHP-LAP704\r\n\tLogon ID:\t\t0xC4589\r\n\r\nGroup:\r\n\tSecurity ID:\t\tS-1-5-32-544\r\n\tGroup Name:\t\tAdministrators\r\n\tGroup Domain:\t\tBuiltin\r\n\r\nProcess Information:\r\n\tProcess ID:\t\t0x278c\r\n\tProcess Name:\t\tC:\\Windows\\System32\\taskhostw.exe","TargetUserName":"Administrators","TargetDomainName":"Builtin","TargetSid":"S-1-5-32-544","SubjectUserSid":"S-1-5-21-64021822-3933034794-494143053-1009","SubjectUserName":"Harsh","SubjectDomainName":"HP-LAP704","SubjectLogonId":"0xc4589","CallerProcessId":"0x278c","CallerProcessName":"C:\\Windows\\System32\\taskhostw.exe"}
[10.78.233.207] {"timestamp":"2025-12-06 04:06:30","hostname":"HP-LAP704","channel":"Security","event_id":4799,"level":"Information","message":"A security-enabled local group membership was enumerated.\r\n\r\nSubject:\r\n\tSecurity ID:\t\tS-1-5-21-64021822-3933034794-494143053-1009\r\n\tAccount Name:\t\tHarsh\r\n\tAccount Domain:\t\tHP-LAP704\r\n\tLogon ID:\t\t0xC4589\r\n\r\nGroup:\r\n\tSecurity ID:\t\tS-1-5-32-544\r\n\tGroup Name:\t\tAdministrators\r\n\tGroup Domain:\t\tBuiltin\r\n\r\nProcess Information:\r\n\tProcess ID:\t\t0x278c\r\n\tProcess Name:\t\tC:\\Windows\\System32\\taskhostw.exe","TargetUserName":"Administrators","TargetDomainName":"Builtin","TargetSid":"S-1-5-32-544","SubjectUserSid":"S-1-5-21-64021822-3933034794-494143053-1009","SubjectUserName":"Harsh","SubjectDomainName":"HP-LAP704","SubjectLogonId":"0xc4589","CallerProcessId":"0x278c","CallerProcessName":"C:\\Windows\\System32\\taskhostw.exe"}
[10.78.233.207] {"timestamp":"2025-12-06 04:06:30","hostname":"HP-LAP704","channel":"Security","event_id":4799,"level":"Information","message":"A security-enabled local group membership was enumerated.\r\n\r\nSubject:\r\n\tSecurity ID:\t\tS-1-5-21-64021822-3933034794-494143053-1009\r\n\tAccount Name:\t\tHarsh\r\n\tAccount Domain:\t\tHP-LAP704\r\n\tLogon ID:\t\t0xC4589\r\n\r\nGroup:\r\n\tSecurity ID:\t\tS-1-5-32-544\r\n\tGroup Name:\t\tAdministrators\r\n\tGroup Domain:\t\tBuiltin\r\n\r\nProcess Information:\r\n\tProcess ID:\t\t0x278c\r\n\tProcess Name:\t\tC:\\Windows\\System32\\taskhostw.exe","TargetUserName":"Administrators","TargetDomainName":"Builtin","TargetSid":"S-1-5-32-544","SubjectUserSid":"S-1-5-21-64021822-3933034794-494143053-1009","SubjectUserName":"Harsh","SubjectDomainName":"HP-LAP704","SubjectLogonId":"0xc4589","CallerProcessId":"0x278c","CallerProcessName":"C:\\Windows\\System32\\taskhostw.exe"}
[10.78.233.207] <30>Dec  6 04:16:59 Hp-lap704 systemd-resolved[124]: message repeated 25 times: [ Clock change detected. Flushing caches.]
[10.78.233.207] <86>Dec  6 04:17:07 Hp-lap704 CRON[947]: pam_unix(cron:session): session opened for user root(uid=0) by (uid=0)
[10.78.233.207] <78>Dec  6 04:17:07 Hp-lap704 CRON[948]: (root) CMD (   cd / && run-parts --report /etc/cron.hourly)
[10.78.233.207] <86>Dec  6 04:17:07 Hp-lap704 CRON[947]: pam_unix(cron:session): session closed for user root
[10.78.233.207] <30>Dec  6 04:17:35 Hp-lap704 systemd-resolved[124]: Clock change detected. Flushing caches.
[10.78.233.207] <78>Dec  6 05:57:14 Hp-lap704 systemd-timesyncd[137]: Timed out waiting for reply from 192.168.0.254:123 (ntp.ubuntu.com).
[10.78.233.207] <13>Dec  6 05:57:46 Hp-lap704 dark-knight499: test test
[10.78.233.207] <78>Dec  6 05:59:33 Hp-lap704 systemd-timesyncd[137]: Timed out waiting for reply from 185.125.190.56:123 (ntp.ubuntu.com).
[10.78.233.207] <30>Dec  6 05:59:38 Hp-lap704 systemd-resolved[124]: Clock change detected. Flushing caches.
[10.78.233.207] <78>Dec  6 05:59:38 Hp-lap704 systemd-timesyncd[137]: Initial synchronization to time server 91.189.91.157:123 (ntp.ubuntu.com).
[10.78.233.207] <30>Dec  6 06:01:20 Hp-lap704 systemd-resolved[124]: Clock change detected. Flushing caches.
[10.78.233.207] <30>Dec  6 06:01:20 Hp-lap704 systemd[1]: Starting Daily apt upgrade and clean activities...
[10.78.233.207] <30>Dec  6 06:01:25 Hp-lap704 systemd[1]: apt-daily-upgrade.service: Deactivated successfully.
[10.78.233.207] <30>Dec  6 06:01:25 Hp-lap704 systemd[1]: Finished Daily apt upgrade and clean activities.
[10.78.233.207] <30>Dec  6 06:01:25 Hp-lap704 systemd[1]: apt-daily-upgrade.service: Consumed 4.666s CPU time.
[10.78.233.207] <85>Dec  6 06:01:51 Hp-lap704 sudo: dark-knight499 : TTY=pts/0 ; PWD=/mnt/c/Users/Harsh ; USER=root ; COMMAND=/usr/bin/sudo service rsyslog ngnix
[10.78.233.207] <86>Dec  6 06:01:51 Hp-lap704 sudo: pam_unix(sudo:session): session opened for user root(uid=0) by (uid=1000)
[10.78.233.207] <85>Dec  6 06:01:51 Hp-lap704 sudo:     root : TTY=pts/2 ; PWD=/mnt/c/Users/Harsh ; USER=root ; COMMAND=/usr/sbin/service rsyslog ngnix
[10.78.233.207] <86>Dec  6 06:01:51 Hp-lap704 sudo: pam_unix(sudo:session): session opened for user root(uid=0) by dark-knight499(uid=0)
[10.78.233.207] <86>Dec  6 06:01:51 Hp-lap704 sudo: pam_unix(sudo:session): session closed for user root
[10.78.233.207] <86>Dec  6 06:01:51 Hp-lap704 sudo: pam_unix(sudo:session): session closed for user root
[10.78.233.207] <30>Dec  6 06:01:55 Hp-lap704 systemd-resolved[124]: Clock change detected. Flushing caches.
[10.78.233.207] <11>Dec  6 06:02:01 Hp-lap704 kernel: [15310.410819] WSL (218) ERROR: CheckConnection: connect() failed: 101
[10.78.233.207] <6>Dec  6 06:02:01 Hp-lap704 kernel: [15576.579698] mini_init (200): drop_caches: 1
[10.78.233.207] <30>Dec  6 06:16:44 Hp-lap704 systemd-resolved[124]: message repeated 21 times: [ Clock change detected. Flushing caches.]
[10.78.233.207] <86>Dec  6 06:17:04 Hp-lap704 CRON[1086]: pam_unix(cron:session): session opened for user root(uid=0) by (uid=0)
[10.78.233.207] <78>Dec  6 06:17:04 Hp-lap704 CRON[1087]: (root) CMD (   cd / && run-parts --report /etc/cron.hourly)
[10.78.233.207] <86>Dec  6 06:17:04 Hp-lap704 CRON[1086]: pam_unix(cron:session): session closed for user root
[10.78.233.207] <30>Dec  6 06:17:36 Hp-lap704 systemd-resolved[124]: Clock change detected. Flushing caches.
[10.78.233.207] <30>Dec  6 06:17:36 Hp-lap704 systemd[1]: Starting Daily apt download activities...
[10.78.233.207] <30>Dec  6 06:17:37 Hp-lap704 systemd[1]: Starting Update APT News...
[10.78.233.207] <30>Dec  6 06:17:37 Hp-lap704 systemd[1]: Starting Update the local ESM caches...
[10.78.233.207] <30>Dec  6 06:17:43 Hp-lap704 systemd[1]: esm-cache.service: Deactivated successfully.
[10.78.233.207] <30>Dec  6 06:17:43 Hp-lap704 systemd[1]: Finished Update the local ESM caches.
[10.78.233.207] <30>Dec  6 06:17:46 Hp-lap704 systemd[1]: apt-news.service: Deactivated successfully.
[10.78.233.207] <30>Dec  6 06:17:46 Hp-lap704 systemd[1]: Finished Update APT News.
[10.78.233.207] <30>Dec  6 06:17:55 Hp-lap704 systemd[1]: apt-daily.service: Deactivated successfully.
[10.78.233.207] <30>Dec  6 06:17:55 Hp-lap704 systemd[1]: Finished Daily apt download activities.
[10.78.233.207] <30>Dec  6 06:17:55 Hp-lap704 systemd[1]: apt-daily.service: Consumed 10.522s CPU time.
[10.78.233.207] <30>Dec  6 06:18:16 Hp-lap704 snapd[223]: storehelpers.go:916: cannot refresh: snap has no updates available: "bpytop", "core24", "curl", "snapd"
[10.78.233.207] <30>Dec  6 06:18:27 Hp-lap704 systemd-resolved[124]: Clock change detected. Flushing caches.
[10.78.233.207] <6>Dec  6 06:18:42 Hp-lap704 kernel: [16579.301620] mini_init (200): drop_caches: 1
[10.78.233.207] <30>Dec  6 06:24:51 Hp-lap704 systemd-resolved[124]: message repeated 10 times: [ Clock change detected. Flushing caches.]
[10.78.233.207] <86>Dec  6 06:25:07 Hp-lap704 CRON[1483]: pam_unix(cron:session): session opened for user root(uid=0) by (uid=0)
[10.78.233.207] <78>Dec  6 06:25:07 Hp-lap704 CRON[1484]: (root) CMD (test -x /usr/sbin/anacron || ( cd / && run-parts --report /etc/cron.daily ))
[10.78.233.207] <86>Dec  6 06:25:07 Hp-lap704 CRON[1483]: pam_unix(cron:session): session closed for user root
[10.78.233.207] <30>Dec  6 06:25:26 Hp-lap704 systemd-resolved[124]: Clock change detected. Flushing caches.
[10.78.233.207] <30>Dec  6 07:15:30 Hp-lap704 systemd-resolved[124]: message repeated 76 times: [ Clock change detected. Flushing caches.]
[10.78.233.207] <86>Dec  6 07:17:01 Hp-lap704 CRON[1511]: pam_unix(cron:session): session opened for user root(uid=0) by (uid=0)
[10.78.233.207] <78>Dec  6 07:17:01 Hp-lap704 CRON[1512]: (root) CMD (   cd / && run-parts --report /etc/cron.hourly)
[10.78.233.207] <86>Dec  6 07:17:01 Hp-lap704 CRON[1511]: pam_unix(cron:session): session closed for user root
[10.78.233.207] <30>Dec  6 07:17:12 Hp-lap704 systemd-resolved[124]: Clock change detected. Flushing caches.
[10.78.233.207] <11>Dec  6 07:19:59 Hp-lap704 kernel: [19879.425644] WSL (218) ERROR: CheckConnection: connect() failed: 101
[10.78.233.207] <30>Dec  6 07:59:32 Hp-lap704 systemd-resolved[124]: message repeated 69 times: [ Clock change detected. Flushing caches.]
[10.78.233.207] <78>Dec  6 08:00:50 Hp-lap704 systemd-timesyncd[137]: Timed out waiting for reply from 91.189.91.157:123 (ntp.ubuntu.com).
[10.78.233.207] <78>Dec  6 08:01:00 Hp-lap704 systemd-timesyncd[137]: Timed out waiting for reply from 185.125.190.58:123 (ntp.ubuntu.com).
[10.78.233.207] <78>Dec  6 08:01:10 Hp-lap704 systemd-timesyncd[137]: Timed out waiting for reply from 185.125.190.57:123 (ntp.ubuntu.com).
[10.78.233.207] <30>Dec  6 08:01:51 Hp-lap704 systemd-resolved[124]: Clock change detected. Flushing caches.
[10.78.233.207] <78>Dec  6 08:01:51 Hp-lap704 systemd-timesyncd[137]: Initial synchronization to time server 185.125.190.57:123 (ntp.ubuntu.com).
[10.78.233.207] <30>Dec  6 08:02:24 Hp-lap704 systemd-resolved[124]: Clock change detected. Flushing caches.
[10.78.233.207] {"timestamp":"2025-12-06 04:06:30","hostname":"HP-LAP704","channel":"Security","event_id":4799,"level":"Information","message":"A security-enabled local group membership was enumerated.\r\n\r\nSubject:\r\n\tSecurity ID:\t\tS-1-5-21-64021822-3933034794-494143053-1009\r\n\tAccount Name:\t\tHarsh\r\n\tAccount Domain:\t\tHP-LAP704\r\n\tLogon ID:\t\t0xC4589\r\n\r\nGroup:\r\n\tSecurity ID:\t\tS-1-5-32-544\r\n\tGroup Name:\t\tAdministrators\r\n\tGroup Domain:\t\tBuiltin\r\n\r\nProcess Information:\r\n\tProcess ID:\t\t0x278c\r\n\tProcess Name:\t\tC:\\Windows\\System32\\taskhostw.exe","TargetUserName":"Administrators","TargetDomainName":"Builtin","TargetSid":"S-1-5-32-544","SubjectUserSid":"S-1-5-21-64021822-3933034794-494143053-1009","SubjectUserName":"Harsh","SubjectDomainName":"HP-LAP704","SubjectLogonId":"0xc4589","CallerProcessId":"0x278c","CallerProcessName":"C:\\Windows\\System32\\taskhostw.exe"}
[10.78.233.207] {"timestamp":"2025-12-06 04:06:30","hostname":"HP-LAP704","channel":"Security","event_id":4799,"level":"Information","message":"A security-enabled local group membership was enumerated.\r\n\r\nSubject:\r\n\tSecurity ID:\t\tS-1-5-21-64021822-3933034794-494143053-1009\r\n\tAccount Name:\t\tHarsh\r\n\tAccount Domain:\t\tHP-LAP704\r\n\tLogon ID:\t\t0xC4589\r\n\r\nGroup:\r\n\tSecurity ID:\t\tS-1-5-32-544\r\n\tGroup Name:\t\tAdministrators\r\n\tGroup Domain:\t\tBuiltin\r\n\r\nProcess Information:\r\n\tProcess ID:\t\t0x278c\r\n\tProcess Name:\t\tC:\\Windows\\System32\\taskhostw.exe","TargetUserName":"Administrators","TargetDomainName":"Builtin","TargetSid":"S-1-5-32-544","SubjectUserSid":"S-1-5-21-64021822-3933034794-494143053-1009","SubjectUserName":"Harsh","SubjectDomainName":"HP-LAP704","SubjectLogonId":"0xc4589","CallerProcessId":"0x278c","CallerProcessName":"C:\\Windows\\System32\\taskhostw.exe"}
[10.78.233.207] {"timestamp":"2025-12-06 04:11:57","hostname":"HP-LAP704","channel":"Security","event_id":4799,"level":"Information","message":"A security-enabled local group membership was enumerated.\r\n\r\nSubject:\r\n\tSecurity ID:\t\tS-1-5-21-64021822-3933034794-494143053-1009\r\n\tAccount Name:\t\tHarsh\r\n\tAccount Domain:\t\tHP-LAP704\r\n\tLogon ID:\t\t0xC4589\r\n\r\nGroup:\r\n\tSecurity ID:\t\tS-1-5-32-544\r\n\tGroup Name:\t\tAdministrators\r\n\tGroup Domain:\t\tBuiltin\r\n\r\nProcess Information:\r\n\tProcess ID:\t\t0x278c\r\n\tProcess Name:\t\tC:\\Windows\\System32\\taskhostw.exe","TargetUserName":"Administrators","TargetDomainName":"Builtin","TargetSid":"S-1-5-32-544","SubjectUserSid":"S-1-5-21-64021822-3933034794-494143053-1009","SubjectUserName":"Harsh","SubjectDomainName":"HP-LAP704","SubjectLogonId":"0xc4589","CallerProcessId":"0x278c","CallerProcessName":"C:\\Windows\\System32\\taskhostw.exe"}
