[10.78.233.207] {"timestamp":"2025-12-06 05:53:37","hostname":"HP-LAP704","channel":"Security","event_id":6416,"level":"Information","message":"A new external device was recognized by the system.\r\n\r\nSubject:\r\n\tSecurity ID:\t\tS-1-5-18\r\n\tAccount Name:\t\tHP-LAP704$\r\n\tAccount Domain:\t\tWORKGROUP\r\n\tLogon ID:\t\t0x3E7\r\n\r\nDevice ID:\tHID\\{00001812-0000-1000-8000-00805f9b34fb}_Dev_VID\u00260232c2_PID\u00266621_REV\u00260001_e34b80a8c485\u0026Col02\\b\u002623182c85\u00260\u00260001\r\n\r\nDevice Name:\tHID Keyboard Device\r\n\r\nClass ID:\t\t{4d36e96b-e325-11ce-bfc1-08002be10318}\r\n\r\nClass Name:\tKeyboard\r\n\r\nVendor IDs:\t\r\n\t\tHID\\{00001812-0000-1000-8000-00805f9b34fb}_Dev_VID\u00260232c2_PID\u00266621_REV\u00260001\u0026Col02\r\n\t\tHID\\{00001812-0000-1000-8000-00805f9b34fb}_Dev_VID\u00260232c2_PID\u00266621\u0026Col02\r\n\t\tHID\\{00001812-0000-1000-8000-00805f9b34fb}_LOCALMFG\u0026005d\u0026Col02\r\n\t\tHID\\VID_32C2\u0026UP:0001_U:0006\r\n\t\tHID_DEVICE_SYSTEM_KEYBOARD\r\n\t\tHID_DEVICE_UP:0001_U:0006\r\n\t\tHID_DEVICE\r\n\t\t\r\n\t\t\r\n\r\nCompatible IDs:\t\r\n\t\t\r\n\t\t\r\n\r\nLocation Information:\t-","SubjectUserSid":"S-1-5-18","SubjectUserName":"HP-LAP704$","SubjectDomainName":"WORKGROUP","SubjectLogonId":"0x3e7","DeviceId":"HID\\{00001812-0000-1000-8000-00805f9b34fb}_Dev_VID\u00260232c2_PID\u00266621_REV\u00260001_e34b80a8c485\u0026Col02\\b\u002623182c85\u00260\u00260001","DeviceDescription":"HID Keyboard Device","ClassId":"{4d36e96b-e325-11ce-bfc1-08002be10318}","ClassName":"Keyboard","VendorIds":"\n\t\tHID\\{00001812-0000-1000-8000-00805f9b34fb}_Dev_VID\u00260232c2_PID\u00266621_REV\u00260001\u0026Col02\n\t\tHID\\{00001812-0000-1000-8000-00805f9b34fb}_Dev_VID\u00260232c2_PID\u00266621\u0026Col02\n\t\tHID\\{00001812-0000-1000-8000-00805f9b34fb}_LOCALMFG\u0026005d\u0026Col02\n\t\tHID\\VID_32C2\u0026UP:0001_U:0006\n\t\tHID_DEVICE_SYSTEM_KEYBOARD\n\t\tHID_DEVICE_UP:0001_U:0006\n\t\tHID_DEVICE\n\t\t\n\t\t","LocationInformation":"-"}
[10.78.233.207] {"timestamp":"2025-12-06 05:53:37","hostname":"HP-LAP704","channel":"Security","event_id":5379,"level":"Information","message":"Credential Manager credentials were read.\r\n\r\nSubject:\r\n\tSecurity ID:\t\tS-1-5-21-64021822-3933034794-494143053-1009\r\n\tAccount Name:\t\tHarsh\r\n\tAccount Domain:\t\tHP-LAP704\r\n\tLogon ID:\t\t0xC46BD\r\n\tRead Operation:\t\tEnumerate Credentials\r\n\r\nThis event occurs when a user performs a read operation on stored credentials in Credential Manager.","SubjectUserSid":"S-1-5-21-64021822-3933034794-494143053-1009","SubjectUserName":"Harsh","SubjectDomainName":"HP-LAP704","SubjectLogonId":"0xc46bd","TargetName":"MicrosoftAccount:user=navkarmetal111@outlook.com","Type":"0","CountOfCredentialsReturned":"1","ReadOperation":"%%8100","ReturnCode":"0","ProcessCreationTime":"2025-12-06T00:23:34.6212400Z","ClientProcessId":"21512"}
[10.78.233.207] {"timestamp":"2025-12-06 05:53:37","hostname":"HP-LAP704","channel":"Security","event_id":5379,"level":"Information","message":"Credential Manager credentials were read.\r\n\r\nSubject:\r\n\tSecurity ID:\t\tS-1-5-21-64021822-3933034794-494143053-1009\r\n\tAccount Name:\t\tHarsh\r\n\tAccount Domain:\t\tHP-LAP704\r\n\tLogon ID:\t\t0xC46BD\r\n\tRead Operation:\t\tEnumerate Credentials\r\n\r\nThis event occurs when a user performs a read operation on stored credentials in Credential Manager.","SubjectUserSid":"S-1-5-21-64021822-3933034794-494143053-1009","SubjectUserName":"Harsh","SubjectDomainName":"HP-LAP704","SubjectLogonId":"0xc46bd","TargetName":"MicrosoftAccount:user=navkarmetal111@outlook.com","Type":"0","CountOfCredentialsReturned":"1","ReadOperation":"%%8100","ReturnCode":"0","ProcessCreationTime":"2025-12-06T00:23:34.6212400Z","ClientProcessId":"21512"}
[10.78.233.207] {"timestamp":"2025-12-06 05:53:38","hostname":"HP-LAP704","channel":"Security","event_id":4798,"level":"Information","message":"A user\u0027s local group membership was enumerated.\r\n\r\nSubject:\r\n\tSecurity ID:\t\tS-1-5-21-64021822-3933034794-494143053-1009\r\n\tAccount Name:\t\tHarsh\r\n\tAccount Domain:\t\tHP-LAP704\r\n\tLogon ID:\t\t0xC46BD\r\n\r\nUser:\r\n\tSecurity ID:\t\tS-1-5-21-64021822-3933034794-494143053-1009\r\n\tAccount Name:\t\tHarsh\r\n\tAccount Domain:\t\tHP-LAP704\r\n\r\nProcess Information:\r\n\tProcess ID:\t\t0x28e0\r\n\tProcess Name:\t\tC:\\Windows\\explorer.exe","TargetUserName":"Harsh","TargetDomainName":"HP-LAP704","TargetSid":"S-1-5-21-64021822-3933034794-494143053-1009","SubjectUserSid":"S-1-5-21-64021822-3933034794-494143053-1009","SubjectUserName":"Harsh","SubjectDomainName":"HP-LAP704","SubjectLogonId":"0xc46bd","CallerProcessId":"0x28e0","CallerProcessName":"C:\\Windows\\explorer.exe"}
[10.78.233.207] {"timestamp":"2025-12-06 05:53:38","hostname":"HP-LAP704","channel":"Security","event_id":5379,"level":"Information","message":"Credential Manager credentials were read.\r\n\r\nSubject:\r\n\tSecurity ID:\t\tS-1-5-21-64021822-3933034794-494143053-1009\r\n\tAccount Name:\t\tHarsh\r\n\tAccount Domain:\t\tHP-LAP704\r\n\tLogon ID:\t\t0xC46BD\r\n\tRead Operation:\t\tEnumerate Credentials\r\n\r\nThis event occurs when a user performs a read operation on stored credentials in Credential Manager.","SubjectUserSid":"S-1-5-21-64021822-3933034794-494143053-1009","SubjectUserName":"Harsh","SubjectDomainName":"HP-LAP704","SubjectLogonId":"0xc46bd","TargetName":"MicrosoftAccount:user=harshrajivjain@outlook.com","Type":"0","CountOfCredentialsReturned":"1","ReadOperation":"%%8100","ReturnCode":"0","ProcessCreationTime":"2025-12-06T00:23:34.6212400Z","ClientProcessId":"21512"}
[10.78.233.207] {"timestamp":"2025-12-06 05:53:39","hostname":"HP-LAP704","channel":"Security","event_id":4798,"level":"Information","message":"A user\u0027s local group membership was enumerated.\r\n\r\nSubject:\r\n\tSecurity ID:\t\tS-1-5-18\r\n\tAccount Name:\t\tHP-LAP704$\r\n\tAccount Domain:\t\tWORKGROUP\r\n\tLogon ID:\t\t0x3E7\r\n\r\nUser:\r\n\tSecurity ID:\t\tS-1-5-21-64021822-3933034794-494143053-500\r\n\tAccount Name:\t\tAdministrator\r\n\tAccount Domain:\t\tHP-LAP704\r\n\r\nProcess Information:\r\n\tProcess ID:\t\t0x2a10\r\n\tProcess Name:\t\tC:\\Windows\\System32\\svchost.exe","TargetUserName":"Administrator","TargetDomainName":"HP-LAP704","TargetSid":"S-1-5-21-64021822-3933034794-494143053-500","SubjectUserSid":"S-1-5-18","SubjectUserName":"HP-LAP704$","SubjectDomainName":"WORKGROUP","SubjectLogonId":"0x3e7","CallerProcessId":"0x2a10","CallerProcessName":"C:\\Windows\\System32\\svchost.exe"}
[10.78.233.207] {"timestamp":"2025-12-06 05:53:39","hostname":"HP-LAP704","channel":"Security","event_id":4798,"level":"Information","message":"A user\u0027s local group membership was enumerated.\r\n\r\nSubject:\r\n\tSecurity ID:\t\tS-1-5-18\r\n\tAccount Name:\t\tHP-LAP704$\r\n\tAccount Domain:\t\tWORKGROUP\r\n\tLogon ID:\t\t0x3E7\r\n\r\nUser:\r\n\tSecurity ID:\t\tS-1-5-21-64021822-3933034794-494143053-503\r\n\tAccount Name:\t\tDefaultAccount\r\n\tAccount Domain:\t\tHP-LAP704\r\n\r\nProcess Information:\r\n\tProcess ID:\t\t0x2a10\r\n\tProcess Name:\t\tC:\\Windows\\System32\\svchost.exe","TargetUserName":"DefaultAccount","TargetDomainName":"HP-LAP704","TargetSid":"S-1-5-21-64021822-3933034794-494143053-503","SubjectUserSid":"S-1-5-18","SubjectUserName":"HP-LAP704$","SubjectDomainName":"WORKGROUP","SubjectLogonId":"0x3e7","CallerProcessId":"0x2a10","CallerProcessName":"C:\\Windows\\System32\\svchost.exe"}
[10.78.233.207] {"timestamp":"2025-12-06 05:53:39","hostname":"HP-LAP704","channel":"Security","event_id":4798,"level":"Information","message":"A user\u0027s local group membership was enumerated.\r\n\r\nSubject:\r\n\tSecurity ID:\t\tS-1-5-18\r\n\tAccount Name:\t\tHP-LAP704$\r\n\tAccount Domain:\t\tWORKGROUP\r\n\tLogon ID:\t\t0x3E7\r\n\r\nUser:\r\n\tSecurity ID:\t\tS-1-5-21-64021822-3933034794-494143053-1008\r\n\tAccount Name:\t\tDhruvika\r\n\tAccount Domain:\t\tHP-LAP704\r\n\r\nProcess Information:\r\n\tProcess ID:\t\t0x2a10\r\n\tProcess Name:\t\tC:\\Windows\\System32\\svchost.exe","TargetUserName":"Dhruvika","TargetDomainName":"HP-LAP704","TargetSid":"S-1-5-21-64021822-3933034794-494143053-1008","SubjectUserSid":"S-1-5-18","SubjectUserName":"HP-LAP704$","SubjectDomainName":"WORKGROUP","SubjectLogonId":"0x3e7","CallerProcessId":"0x2a10","CallerProcessName":"C:\\Windows\\System32\\svchost.exe"}
[10.78.233.207] {"timestamp":"2025-12-06 05:53:39","hostname":"HP-LAP704","channel":"Security","event_id":4798,"level":"Information","message":"A user\u0027s local group membership was enumerated.\r\n\r\nSubject:\r\n\tSecurity ID:\t\tS-1-5-18\r\n\tAccount Name:\t\tHP-LAP704$\r\n\tAccount Domain:\t\tWORKGROUP\r\n\tLogon ID:\t\t0x3E7\r\n\r\nUser:\r\n\tSecurity ID:\t\tS-1-5-21-64021822-3933034794-494143053-501\r\n\tAccount Name:\t\tGuest\r\n\tAccount Domain:\t\tHP-LAP704\r\n\r\nProcess Information:\r\n\tProcess ID:\t\t0x2a10\r\n\tProcess Name:\t\tC:\\Windows\\System32\\svchost.exe","TargetUserName":"Guest","TargetDomainName":"HP-LAP704","TargetSid":"S-1-5-21-64021822-3933034794-494143053-501","SubjectUserSid":"S-1-5-18","SubjectUserName":"HP-LAP704$","SubjectDomainName":"WORKGROUP","SubjectLogonId":"0x3e7","CallerProcessId":"0x2a10","CallerProcessName":"C:\\Windows\\System32\\svchost.exe"}
[10.78.233.207] {"timestamp":"2025-12-06 05:53:39","hostname":"HP-LAP704","channel":"Security","event_id":4798,"level":"Information","message":"A user\u0027s local group membership was enumerated.\r\n\r\nSubject:\r\n\tSecurity ID:\t\tS-1-5-18\r\n\tAccount Name:\t\tHP-LAP704$\r\n\tAccount Domain:\t\tWORKGROUP\r\n\tLogon ID:\t\t0x3E7\r\n\r\nUser:\r\n\tSecurity ID:\t\tS-1-5-21-64021822-3933034794-494143053-1007\r\n\tAccount Name:\t\tharan\r\n\tAccount Domain:\t\tHP-LAP704\r\n\r\nProcess Information:\r\n\tProcess ID:\t\t0x2a10\r\n\tProcess Name:\t\tC:\\Windows\\System32\\svchost.exe","TargetUserName":"haran","TargetDomainName":"HP-LAP704","TargetSid":"S-1-5-21-64021822-3933034794-494143053-1007","SubjectUserSid":"S-1-5-18","SubjectUserName":"HP-LAP704$","SubjectDomainName":"WORKGROUP","SubjectLogonId":"0x3e7","CallerProcessId":"0x2a10","CallerProcessName":"C:\\Windows\\System32\\svchost.exe"}
[10.78.233.207] {"timestamp":"2025-12-06 05:53:39","hostname":"HP-LAP704","channel":"Security","event_id":4798,"level":"Information","message":"A user\u0027s local group membership was enumerated.\r\n\r\nSubject:\r\n\tSecurity ID:\t\tS-1-5-18\r\n\tAccount Name:\t\tHP-LAP704$\r\n\tAccount Domain:\t\tWORKGROUP\r\n\tLogon ID:\t\t0x3E7\r\n\r\nUser:\r\n\tSecurity ID:\t\tS-1-5-21-64021822-3933034794-494143053-1009\r\n\tAccount Name:\t\tHarsh\r\n\tAccount Domain:\t\tHP-LAP704\r\n\r\nProcess Information:\r\n\tProcess ID:\t\t0x2a10\r\n\tProcess Name:\t\tC:\\Windows\\System32\\svchost.exe","TargetUserName":"Harsh","TargetDomainName":"HP-LAP704","TargetSid":"S-1-5-21-64021822-3933034794-494143053-1009","SubjectUserSid":"S-1-5-18","SubjectUserName":"HP-LAP704$","SubjectDomainName":"WORKGROUP","SubjectLogonId":"0x3e7","CallerProcessId":"0x2a10","CallerProcessName":"C:\\Windows\\System32\\svchost.exe"}
[10.78.233.207] {"timestamp":"2025-12-06 05:53:39","hostname":"HP-LAP704","channel":"Security","event_id":4798,"level":"Information","message":"A user\u0027s local group membership was enumerated.\r\n\r\nSubject:\r\n\tSecurity ID:\t\tS-1-5-18\r\n\tAccount Name:\t\tHP-LAP704$\r\n\tAccount Domain:\t\tWORKGROUP\r\n\tLogon ID:\t\t0x3E7\r\n\r\nUser:\r\n\tSecurity ID:\t\tS-1-5-21-64021822-3933034794-494143053-500\r\n\tAccount Name:\t\tAdministrator\r\n\tAccount Domain:\t\tHP-LAP704\r\n\r\nProcess Information:\r\n\tProcess ID:\t\t0x2a10\r\n\tProcess Name:\t\tC:\\Windows\\System32\\svchost.exe","TargetUserName":"Administrator","TargetDomainName":"HP-LAP704","TargetSid":"S-1-5-21-64021822-3933034794-494143053-500","SubjectUserSid":"S-1-5-18","SubjectUserName":"HP-LAP704$","SubjectDomainName":"WORKGROUP","SubjectLogonId":"0x3e7","CallerProcessId":"0x2a10","CallerProcessName":"C:\\Windows\\System32\\svchost.exe"}
[10.78.233.207] {"timestamp":"2025-12-06 05:53:39","hostname":"HP-LAP704","channel":"Security","event_id":4798,"level":"Information","message":"A user\u0027s local group membership was enumerated.\r\n\r\nSubject:\r\n\tSecurity ID:\t\tS-1-5-18\r\n\tAccount Name:\t\tHP-LAP704$\r\n\tAccount Domain:\t\tWORKGROUP\r\n\tLogon ID:\t\t0x3E7\r\n\r\nUser:\r\n\tSecurity ID:\t\tS-1-5-21-64021822-3933034794-494143053-503\r\n\tAccount Name:\t\tDefaultAccount\r\n\tAccount Domain:\t\tHP-LAP704\r\n\r\nProcess Information:\r\n\tProcess ID:\t\t0x2a10\r\n\tProcess Name:\t\tC:\\Windows\\System32\\svchost.exe","TargetUserName":"DefaultAccount","TargetDomainName":"HP-LAP704","TargetSid":"S-1-5-21-64021822-3933034794-494143053-503","SubjectUserSid":"S-1-5-18","SubjectUserName":"HP-LAP704$","SubjectDomainName":"WORKGROUP","SubjectLogonId":"0x3e7","CallerProcessId":"0x2a10","CallerProcessName":"C:\\Windows\\System32\\svchost.exe"}
[10.78.233.207] {"timestamp":"2025-12-06 05:53:39","hostname":"HP-LAP704","channel":"Security","event_id":4798,"level":"Information","message":"A user\u0027s local group membership was enumerated.\r\n\r\nSubject:\r\n\tSecurity ID:\t\tS-1-5-18\r\n\tAccount Name:\t\tHP-LAP704$\r\n\tAccount Domain:\t\tWORKGROUP\r\n\tLogon ID:\t\t0x3E7\r\n\r\nUser:\r\n\tSecurity ID:\t\tS-1-5-21-64021822-3933034794-494143053-1008\r\n\tAccount Name:\t\tDhruvika\r\n\tAccount Domain:\t\tHP-LAP704\r\n\r\nProcess Information:\r\n\tProcess ID:\t\t0x2a10\r\n\tProcess Name:\t\tC:\\Windows\\System32\\svchost.exe","TargetUserName":"Dhruvika","TargetDomainName":"HP-LAP704","TargetSid":"S-1-5-21-64021822-3933034794-494143053-1008","SubjectUserSid":"S-1-5-18","SubjectUserName":"HP-LAP704$","SubjectDomainName":"WORKGROUP","SubjectLogonId":"0x3e7","CallerProcessId":"0x2a10","CallerProcessName":"C:\\Windows\\System32\\svchost.exe"}
[10.78.233.207] {"timestamp":"2025-12-06 05:53:39","hostname":"HP-LAP704","channel":"Security","event_id":4798,"level":"Information","message":"A user\u0027s local group membership was enumerated.\r\n\r\nSubject:\r\n\tSecurity ID:\t\tS-1-5-18\r\n\tAccount Name:\t\tHP-LAP704$\r\n\tAccount Domain:\t\tWORKGROUP\r\n\tLogon ID:\t\t0x3E7\r\n\r\nUser:\r\n\tSecurity ID:\t\tS-1-5-21-64021822-3933034794-494143053-501\r\n\tAccount Name:\t\tGuest\r\n\tAccount Domain:\t\tHP-LAP704\r\n\r\nProcess Information:\r\n\tProcess ID:\t\t0x2a10\r\n\tProcess Name:\t\tC:\\Windows\\System32\\svchost.exe","TargetUserName":"Guest","TargetDomainName":"HP-LAP704","TargetSid":"S-1-5-21-64021822-3933034794-494143053-501","SubjectUserSid":"S-1-5-18","SubjectUserName":"HP-LAP704$","SubjectDomainName":"WORKGROUP","SubjectLogonId":"0x3e7","CallerProcessId":"0x2a10","CallerProcessName":"C:\\Windows\\System32\\svchost.exe"}
[10.78.233.207] {"timestamp":"2025-12-06 05:53:39","hostname":"HP-LAP704","channel":"Security","event_id":4798,"level":"Information","message":"A user\u0027s local group membership was enumerated.\r\n\r\nSubject:\r\n\tSecurity ID:\t\tS-1-5-18\r\n\tAccount Name:\t\tHP-LAP704$\r\n\tAccount Domain:\t\tWORKGROUP\r\n\tLogon ID:\t\t0x3E7\r\n\r\nUser:\r\n\tSecurity ID:\t\tS-1-5-21-64021822-3933034794-494143053-1007\r\n\tAccount Name:\t\tharan\r\n\tAccount Domain:\t\tHP-LAP704\r\n\r\nProcess Information:\r\n\tProcess ID:\t\t0x2a10\r\n\tProcess Name:\t\tC:\\Windows\\System32\\svchost.exe","TargetUserName":"haran","TargetDomainName":"HP-LAP704","TargetSid":"S-1-5-21-64021822-3933034794-494143053-1007","SubjectUserSid":"S-1-5-18","SubjectUserName":"HP-LAP704$","SubjectDomainName":"WORKGROUP","SubjectLogonId":"0x3e7","CallerProcessId":"0x2a10","CallerProcessName":"C:\\Windows\\System32\\svchost.exe"}
[10.78.233.207] {"timestamp":"2025-12-06 05:53:39","hostname":"HP-LAP704","channel":"Security","event_id":4798,"level":"Information","message":"A user\u0027s local group membership was enumerated.\r\n\r\nSubject:\r\n\tSecurity ID:\t\tS-1-5-18\r\n\tAccount Name:\t\tHP-LAP704$\r\n\tAccount Domain:\t\tWORKGROUP\r\n\tLogon ID:\t\t0x3E7\r\n\r\nUser:\r\n\tSecurity ID:\t\tS-1-5-21-64021822-3933034794-494143053-1009\r\n\tAccount Name:\t\tHarsh\r\n\tAccount Domain:\t\tHP-LAP704\r\n\r\nProcess Information:\r\n\tProcess ID:\t\t0x2a10\r\n\tProcess Name:\t\tC:\\Windows\\System32\\svchost.exe","TargetUserName":"Harsh","TargetDomainName":"HP-LAP704","TargetSid":"S-1-5-21-64021822-3933034794-494143053-1009","SubjectUserSid":"S-1-5-18","SubjectUserName":"HP-LAP704$","SubjectDomainName":"WORKGROUP","SubjectLogonId":"0x3e7","CallerProcessId":"0x2a10","CallerProcessName":"C:\\Windows\\System32\\svchost.exe"}
[10.78.233.207] {"timestamp":"2025-12-06 05:53:39","hostname":"HP-LAP704","channel":"Security","event_id":4798,"level":"Information","message":"A user\u0027s local group membership was enumerated.\r\n\r\nSubject:\r\n\tSecurity ID:\t\tS-1-5-18\r\n\tAccount Name:\t\tHP-LAP704$\r\n\tAccount Domain:\t\tWORKGROUP\r\n\tLogon ID:\t\t0x3E7\r\n\r\nUser:\r\n\tSecurity ID:\t\tS-1-5-21-64021822-3933034794-494143053-1004\r\n\tAccount Name:\t\tjains\r\n\tAccount Domain:\t\tHP-LAP704\r\n\r\nProcess Information:\r\n\tProcess ID:\t\t0x2a10\r\n\tProcess Name:\t\tC:\\Windows\\System32\\svchost.exe","TargetUserName":"jains","TargetDomainName":"HP-LAP704","TargetSid":"S-1-5-21-64021822-3933034794-494143053-1004","SubjectUserSid":"S-1-5-18","SubjectUserName":"HP-LAP704$","SubjectDomainName":"WORKGROUP","SubjectLogonId":"0x3e7","CallerProcessId":"0x2a10","CallerProcessName":"C:\\Windows\\System32\\svchost.exe"}
[10.78.233.207] {"timestamp":"2025-12-06 05:53:39","hostname":"HP-LAP704","channel":"Security","event_id":4798,"level":"Information","message":"A user\u0027s local group membership was enumerated.\r\n\r\nSubject:\r\n\tSecurity ID:\t\tS-1-5-18\r\n\tAccount Name:\t\tHP-LAP704$\r\n\tAccount Domain:\t\tWORKGROUP\r\n\tLogon ID:\t\t0x3E7\r\n\r\nUser:\r\n\tSecurity ID:\t\tS-1-5-21-64021822-3933034794-494143053-1006\r\n\tAccount Name:\t\tmahav\r\n\tAccount Domain:\t\tHP-LAP704\r\n\r\nProcess Information:\r\n\tProcess ID:\t\t0x2a10\r\n\tProcess Name:\t\tC:\\Windows\\System32\\svchost.exe","TargetUserName":"mahav","TargetDomainName":"HP-LAP704","TargetSid":"S-1-5-21-64021822-3933034794-494143053-1006","SubjectUserSid":"S-1-5-18","SubjectUserName":"HP-LAP704$","SubjectDomainName":"WORKGROUP","SubjectLogonId":"0x3e7","CallerProcessId":"0x2a10","CallerProcessName":"C:\\Windows\\System32\\svchost.exe"}
[10.78.233.207] {"timestamp":"2025-12-06 05:53:39","hostname":"HP-LAP704","channel":"Security","event_id":4798,"level":"Information","message":"A user\u0027s local group membership was enumerated.\r\n\r\nSubject:\r\n\tSecurity ID:\t\tS-1-5-18\r\n\tAccount Name:\t\tHP-LAP704$\r\n\tAccount Domain:\t\tWORKGROUP\r\n\tLogon ID:\t\t0x3E7\r\n\r\nUser:\r\n\tSecurity ID:\t\tS-1-5-21-64021822-3933034794-494143053-1003\r\n\tAccount Name:\t\tmoni3\r\n\tAccount Domain:\t\tHP-LAP704\r\n\r\nProcess Information:\r\n\tProcess ID:\t\t0x2a10\r\n\tProcess Name:\t\tC:\\Windows\\System32\\svchost.exe","TargetUserName":"moni3","TargetDomainName":"HP-LAP704","TargetSid":"S-1-5-21-64021822-3933034794-494143053-1003","SubjectUserSid":"S-1-5-18","SubjectUserName":"HP-LAP704$","SubjectDomainName":"WORKGROUP","SubjectLogonId":"0x3e7","CallerProcessId":"0x2a10","CallerProcessName":"C:\\Windows\\System32\\svchost.exe"}
[10.78.233.207] {"timestamp":"2025-12-06 05:53:39","hostname":"HP-LAP704","channel":"Security","event_id":4798,"level":"Information","message":"A user\u0027s local group membership was enumerated.\r\n\r\nSubject:\r\n\tSecurity ID:\t\tS-1-5-18\r\n\tAccount Name:\t\tHP-LAP704$\r\n\tAccount Domain:\t\tWORKGROUP\r\n\tLogon ID:\t\t0x3E7\r\n\r\nUser:\r\n\tSecurity ID:\t\tS-1-5-21-64021822-3933034794-494143053-1001\r\n\tAccount Name:\t\tnavka\r\n\tAccount Domain:\t\tHP-LAP704\r\n\r\nProcess Information:\r\n\tProcess ID:\t\t0x2a10\r\n\tProcess Name:\t\tC:\\Windows\\System32\\svchost.exe","TargetUserName":"navka","TargetDomainName":"HP-LAP704","TargetSid":"S-1-5-21-64021822-3933034794-494143053-1001","SubjectUserSid":"S-1-5-18","SubjectUserName":"HP-LAP704$","SubjectDomainName":"WORKGROUP","SubjectLogonId":"0x3e7","CallerProcessId":"0x2a10","CallerProcessName":"C:\\Windows\\System32\\svchost.exe"}
[10.78.233.207] {"timestamp":"2025-12-06 05:53:39","hostname":"HP-LAP704","channel":"Security","event_id":4799,"level":"Information","message":"A security-enabled local group membership was enumerated.\r\n\r\nSubject:\r\n\tSecurity ID:\t\tS-1-5-18\r\n\tAccount Name:\t\tHP-LAP704$\r\n\tAccount Domain:\t\tWORKGROUP\r\n\tLogon ID:\t\t0x3E7\r\n\r\nGroup:\r\n\tSecurity ID:\t\tS-1-5-32-583\r\n\tGroup Name:\t\tDevice Owners\r\n\tGroup Domain:\t\tBuiltin\r\n\r\nProcess Information:\r\n\tProcess ID:\t\t0x2a10\r\n\tProcess Name:\t\tC:\\Windows\\System32\\svchost.exe","TargetUserName":"Device Owners","TargetDomainName":"Builtin","TargetSid":"S-1-5-32-583","SubjectUserSid":"S-1-5-18","SubjectUserName":"HP-LAP704$","SubjectDomainName":"WORKGROUP","SubjectLogonId":"0x3e7","CallerProcessId":"0x2a10","CallerProcessName":"C:\\Windows\\System32\\svchost.exe"}
[10.78.233.207] {"timestamp":"2025-12-06 05:53:39","hostname":"HP-LAP704","channel":"Security","event_id":4798,"level":"Information","message":"A user\u0027s local group membership was enumerated.\r\n\r\nSubject:\r\n\tSecurity ID:\t\tS-1-5-18\r\n\tAccount Name:\t\tHP-LAP704$\r\n\tAccount Domain:\t\tWORKGROUP\r\n\tLogon ID:\t\t0x3E7\r\n\r\nUser:\r\n\tSecurity ID:\t\tS-1-5-21-64021822-3933034794-494143053-500\r\n\tAccount Name:\t\tAdministrator\r\n\tAccount Domain:\t\tHP-LAP704\r\n\r\nProcess Information:\r\n\tProcess ID:\t\t0x2a10\r\n\tProcess Name:\t\tC:\\Windows\\System32\\svchost.exe","TargetUserName":"Administrator","TargetDomainName":"HP-LAP704","TargetSid":"S-1-5-21-64021822-3933034794-494143053-500","SubjectUserSid":"S-1-5-18","SubjectUserName":"HP-LAP704$","SubjectDomainName":"WORKGROUP","SubjectLogonId":"0x3e7","CallerProcessId":"0x2a10","CallerProcessName":"C:\\Windows\\System32\\svchost.exe"}
[10.78.233.207] {"timestamp":"2025-12-06 05:53:39","hostname":"HP-LAP704","channel":"Security","event_id":4798,"level":"Information","message":"A user\u0027s local group membership was enumerated.\r\n\r\nSubject:\r\n\tSecurity ID:\t\tS-1-5-18\r\n\tAccount Name:\t\tHP-LAP704$\r\n\tAccount Domain:\t\tWORKGROUP\r\n\tLogon ID:\t\t0x3E7\r\n\r\nUser:\r\n\tSecurity ID:\t\tS-1-5-21-64021822-3933034794-494143053-503\r\n\tAccount Name:\t\tDefaultAccount\r\n\tAccount Domain:\t\tHP-LAP704\r\n\r\nProcess Information:\r\n\tProcess ID:\t\t0x2a10\r\n\tProcess Name:\t\tC:\\Windows\\System32\\svchost.exe","TargetUserName":"DefaultAccount","TargetDomainName":"HP-LAP704","TargetSid":"S-1-5-21-64021822-3933034794-494143053-503","SubjectUserSid":"S-1-5-18","SubjectUserName":"HP-LAP704$","SubjectDomainName":"WORKGROUP","SubjectLogonId":"0x3e7","CallerProcessId":"0x2a10","CallerProcessName":"C:\\Windows\\System32\\svchost.exe"}
[10.78.233.207] {"timestamp":"2025-12-06 05:53:39","hostname":"HP-LAP704","channel":"Security","event_id":4798,"level":"Information","message":"A user\u0027s local group membership was enumerated.\r\n\r\nSubject:\r\n\tSecurity ID:\t\tS-1-5-18\r\n\tAccount Name:\t\tHP-LAP704$\r\n\tAccount Domain:\t\tWORKGROUP\r\n\tLogon ID:\t\t0x3E7\r\n\r\nUser:\r\n\tSecurity ID:\t\tS-1-5-21-64021822-3933034794-494143053-1008\r\n\tAccount Name:\t\tDhruvika\r\n\tAccount Domain:\t\tHP-LAP704\r\n\r\nProcess Information:\r\n\tProcess ID:\t\t0x2a10\r\n\tProcess Name:\t\tC:\\Windows\\System32\\svchost.exe","TargetUserName":"Dhruvika","TargetDomainName":"HP-LAP704","TargetSid":"S-1-5-21-64021822-3933034794-494143053-1008","SubjectUserSid":"S-1-5-18","SubjectUserName":"HP-LAP704$","SubjectDomainName":"WORKGROUP","SubjectLogonId":"0x3e7","CallerProcessId":"0x2a10","CallerProcessName":"C:\\Windows\\System32\\svchost.exe"}
[10.78.233.207] {"timestamp":"2025-12-06 05:53:39","hostname":"HP-LAP704","channel":"Security","event_id":4798,"level":"Information","message":"A user\u0027s local group membership was enumerated.\r\n\r\nSubject:\r\n\tSecurity ID:\t\tS-1-5-18\r\n\tAccount Name:\t\tHP-LAP704$\r\n\tAccount Domain:\t\tWORKGROUP\r\n\tLogon ID:\t\t0x3E7\r\n\r\nUser:\r\n\tSecurity ID:\t\tS-1-5-21-64021822-3933034794-494143053-501\r\n\tAccount Name:\t\tGuest\r\n\tAccount Domain:\t\tHP-LAP704\r\n\r\nProcess Information:\r\n\tProcess ID:\t\t0x2a10\r\n\tProcess Name:\t\tC:\\Windows\\System32\\svchost.exe","TargetUserName":"Guest","TargetDomainName":"HP-LAP704","TargetSid":"S-1-5-21-64021822-3933034794-494143053-501","SubjectUserSid":"S-1-5-18","SubjectUserName":"HP-LAP704$","SubjectDomainName":"WORKGROUP","SubjectLogonId":"0x3e7","CallerProcessId":"0x2a10","CallerProcessName":"C:\\Windows\\System32\\svchost.exe"}
[10.78.233.207] {"timestamp":"2025-12-06 05:53:39","hostname":"HP-LAP704","channel":"Security","event_id":4798,"level":"Information","message":"A user\u0027s local group membership was enumerated.\r\n\r\nSubject:\r\n\tSecurity ID:\t\tS-1-5-18\r\n\tAccount Name:\t\tHP-LAP704$\r\n\tAccount Domain:\t\tWORKGROUP\r\n\tLogon ID:\t\t0x3E7\r\n\r\nUser:\r\n\tSecurity ID:\t\tS-1-5-21-64021822-3933034794-494143053-1007\r\n\tAccount Name:\t\tharan\r\n\tAccount Domain:\t\tHP-LAP704\r\n\r\nProcess Information:\r\n\tProcess ID:\t\t0x2a10\r\n\tProcess Name:\t\tC:\\Windows\\System32\\svchost.exe","TargetUserName":"haran","TargetDomainName":"HP-LAP704","TargetSid":"S-1-5-21-64021822-3933034794-494143053-1007","SubjectUserSid":"S-1-5-18","SubjectUserName":"HP-LAP704$","SubjectDomainName":"WORKGROUP","SubjectLogonId":"0x3e7","CallerProcessId":"0x2a10","CallerProcessName":"C:\\Windows\\System32\\svchost.exe"}
[10.78.233.207] {"timestamp":"2025-12-06 05:53:39","hostname":"HP-LAP704","channel":"Security","event_id":4798,"level":"Information","message":"A user\u0027s local group membership was enumerated.\r\n\r\nSubject:\r\n\tSecurity ID:\t\tS-1-5-18\r\n\tAccount Name:\t\tHP-LAP704$\r\n\tAccount Domain:\t\tWORKGROUP\r\n\tLogon ID:\t\t0x3E7\r\n\r\nUser:\r\n\tSecurity ID:\t\tS-1-5-21-64021822-3933034794-494143053-1009\r\n\tAccount Name:\t\tHarsh\r\n\tAccount Domain:\t\tHP-LAP704\r\n\r\nProcess Information:\r\n\tProcess ID:\t\t0x2a10\r\n\tProcess Name:\t\tC:\\Windows\\System32\\svchost.exe","TargetUserName":"Harsh","TargetDomainName":"HP-LAP704","TargetSid":"S-1-5-21-64021822-3933034794-494143053-1009","SubjectUserSid":"S-1-5-18","SubjectUserName":"HP-LAP704$","SubjectDomainName":"WORKGROUP","SubjectLogonId":"0x3e7","CallerProcessId":"0x2a10","CallerProcessName":"C:\\Windows\\System32\\svchost.exe"}
[10.78.233.207] {"timestamp":"2025-12-06 05:53:39","hostname":"HP-LAP704","channel":"Security","event_id":4798,"level":"Information","message":"A user\u0027s local group membership was enumerated.\r\n\r\nSubject:\r\n\tSecurity ID:\t\tS-1-5-18\r\n\tAccount Name:\t\tHP-LAP704$\r\n\tAccount Domain:\t\tWORKGROUP\r\n\tLogon ID:\t\t0x3E7\r\n\r\nUser:\r\n\tSecurity ID:\t\tS-1-5-21-64021822-3933034794-494143053-500\r\n\tAccount Name:\t\tAdministrator\r\n\tAccount Domain:\t\tHP-LAP704\r\n\r\nProcess Information:\r\n\tProcess ID:\t\t0x2a10\r\n\tProcess Name:\t\tC:\\Windows\\System32\\svchost.exe","TargetUserName":"Administrator","TargetDomainName":"HP-LAP704","TargetSid":"S-1-5-21-64021822-3933034794-494143053-500","SubjectUserSid":"S-1-5-18","SubjectUserName":"HP-LAP704$","SubjectDomainName":"WORKGROUP","SubjectLogonId":"0x3e7","CallerProcessId":"0x2a10","CallerProcessName":"C:\\Windows\\System32\\svchost.exe"}
[10.78.233.207] {"timestamp":"2025-12-06 05:53:40","hostname":"HP-LAP704","channel":"Security","event_id":4798,"level":"Information","message":"A user\u0027s local group membership was enumerated.\r\n\r\nSubject:\r\n\tSecurity ID:\t\tS-1-5-18\r\n\tAccount Name:\t\tHP-LAP704$\r\n\tAccount Domain:\t\tWORKGROUP\r\n\tLogon ID:\t\t0x3E7\r\n\r\nUser:\r\n\tSecurity ID:\t\tS-1-5-21-64021822-3933034794-494143053-503\r\n\tAccount Name:\t\tDefaultAccount\r\n\tAccount Domain:\t\tHP-LAP704\r\n\r\nProcess Information:\r\n\tProcess ID:\t\t0x2a10\r\n\tProcess Name:\t\tC:\\Windows\\System32\\svchost.exe","TargetUserName":"DefaultAccount","TargetDomainName":"HP-LAP704","TargetSid":"S-1-5-21-64021822-3933034794-494143053-503","SubjectUserSid":"S-1-5-18","SubjectUserName":"HP-LAP704$","SubjectDomainName":"WORKGROUP","SubjectLogonId":"0x3e7","CallerProcessId":"0x2a10","CallerProcessName":"C:\\Windows\\System32\\svchost.exe"}
[10.78.233.207] {"timestamp":"2025-12-06 05:53:40","hostname":"HP-LAP704","channel":"Security","event_id":4798,"level":"Information","message":"A user\u0027s local group membership was enumerated.\r\n\r\nSubject:\r\n\tSecurity ID:\t\tS-1-5-18\r\n\tAccount Name:\t\tHP-LAP704$\r\n\tAccount Domain:\t\tWORKGROUP\r\n\tLogon ID:\t\t0x3E7\r\n\r\nUser:\r\n\tSecurity ID:\t\tS-1-5-21-64021822-3933034794-494143053-1008\r\n\tAccount Name:\t\tDhruvika\r\n\tAccount Domain:\t\tHP-LAP704\r\n\r\nProcess Information:\r\n\tProcess ID:\t\t0x2a10\r\n\tProcess Name:\t\tC:\\Windows\\System32\\svchost.exe","TargetUserName":"Dhruvika","TargetDomainName":"HP-LAP704","TargetSid":"S-1-5-21-64021822-3933034794-494143053-1008","SubjectUserSid":"S-1-5-18","SubjectUserName":"HP-LAP704$","SubjectDomainName":"WORKGROUP","SubjectLogonId":"0x3e7","CallerProcessId":"0x2a10","CallerProcessName":"C:\\Windows\\System32\\svchost.exe"}
[10.78.233.207] {"timestamp":"2025-12-06 05:53:40","hostname":"HP-LAP704","channel":"Security","event_id":4798,"level":"Information","message":"A user\u0027s local group membership was enumerated.\r\n\r\nSubject:\r\n\tSecurity ID:\t\tS-1-5-18\r\n\tAccount Name:\t\tHP-LAP704$\r\n\tAccount Domain:\t\tWORKGROUP\r\n\tLogon ID:\t\t0x3E7\r\n\r\nUser:\r\n\tSecurity ID:\t\tS-1-5-21-64021822-3933034794-494143053-501\r\n\tAccount Name:\t\tGuest\r\n\tAccount Domain:\t\tHP-LAP704\r\n\r\nProcess Information:\r\n\tProcess ID:\t\t0x2a10\r\n\tProcess Name:\t\tC:\\Windows\\System32\\svchost.exe","TargetUserName":"Guest","TargetDomainName":"HP-LAP704","TargetSid":"S-1-5-21-64021822-3933034794-494143053-501","SubjectUserSid":"S-1-5-18","SubjectUserName":"HP-LAP704$","SubjectDomainName":"WORKGROUP","SubjectLogonId":"0x3e7","CallerProcessId":"0x2a10","CallerProcessName":"C:\\Windows\\System32\\svchost.exe"}
[10.78.233.207] {"timestamp":"2025-12-06 05:53:40","hostname":"HP-LAP704","channel":"Security","event_id":4798,"level":"Information","message":"A user\u0027s local group membership was enumerated.\r\n\r\nSubject:\r\n\tSecurity ID:\t\tS-1-5-18\r\n\tAccount Name:\t\tHP-LAP704$\r\n\tAccount Domain:\t\tWORKGROUP\r\n\tLogon ID:\t\t0x3E7\r\n\r\nUser:\r\n\tSecurity ID:\t\tS-1-5-21-64021822-3933034794-494143053-1007\r\n\tAccount Name:\t\tharan\r\n\tAccount Domain:\t\tHP-LAP704\r\n\r\nProcess Information:\r\n\tProcess ID:\t\t0x2a10\r\n\tProcess Name:\t\tC:\\Windows\\System32\\svchost.exe","TargetUserName":"haran","TargetDomainName":"HP-LAP704","TargetSid":"S-1-5-21-64021822-3933034794-494143053-1007","SubjectUserSid":"S-1-5-18","SubjectUserName":"HP-LAP704$","SubjectDomainName":"WORKGROUP","SubjectLogonId":"0x3e7","CallerProcessId":"0x2a10","CallerProcessName":"C:\\Windows\\System32\\svchost.exe"}
[10.78.233.207] {"timestamp":"2025-12-06 05:53:40","hostname":"HP-LAP704","channel":"Security","event_id":4798,"level":"Information","message":"A user\u0027s local group membership was enumerated.\r\n\r\nSubject:\r\n\tSecurity ID:\t\tS-1-5-18\r\n\tAccount Name:\t\tHP-LAP704$\r\n\tAccount Domain:\t\tWORKGROUP\r\n\tLogon ID:\t\t0x3E7\r\n\r\nUser:\r\n\tSecurity ID:\t\tS-1-5-21-64021822-3933034794-494143053-1009\r\n\tAccount Name:\t\tHarsh\r\n\tAccount Domain:\t\tHP-LAP704\r\n\r\nProcess Information:\r\n\tProcess ID:\t\t0x2a10\r\n\tProcess Name:\t\tC:\\Windows\\System32\\svchost.exe","TargetUserName":"Harsh","TargetDomainName":"HP-LAP704","TargetSid":"S-1-5-21-64021822-3933034794-494143053-1009","SubjectUserSid":"S-1-5-18","SubjectUserName":"HP-LAP704$","SubjectDomainName":"WORKGROUP","SubjectLogonId":"0x3e7","CallerProcessId":"0x2a10","CallerProcessName":"C:\\Windows\\System32\\svchost.exe"}
[10.78.233.207] {"timestamp":"2025-12-06 05:53:40","hostname":"HP-LAP704","channel":"Security","event_id":4798,"level":"Information","message":"A user\u0027s local group membership was enumerated.\r\n\r\nSubject:\r\n\tSecurity ID:\t\tS-1-5-18\r\n\tAccount Name:\t\tHP-LAP704$\r\n\tAccount Domain:\t\tWORKGROUP\r\n\tLogon ID:\t\t0x3E7\r\n\r\nUser:\r\n\tSecurity ID:\t\tS-1-5-21-64021822-3933034794-494143053-1004\r\n\tAccount Name:\t\tjains\r\n\tAccount Domain:\t\tHP-LAP704\r\n\r\nProcess Information:\r\n\tProcess ID:\t\t0x2a10\r\n\tProcess Name:\t\tC:\\Windows\\System32\\svchost.exe","TargetUserName":"jains","TargetDomainName":"HP-LAP704","TargetSid":"S-1-5-21-64021822-3933034794-494143053-1004","SubjectUserSid":"S-1-5-18","SubjectUserName":"HP-LAP704$","SubjectDomainName":"WORKGROUP","SubjectLogonId":"0x3e7","CallerProcessId":"0x2a10","CallerProcessName":"C:\\Windows\\System32\\svchost.exe"}
[10.78.233.207] {"timestamp":"2025-12-06 05:53:40","hostname":"HP-LAP704","channel":"Security","event_id":4798,"level":"Information","message":"A user\u0027s local group membership was enumerated.\r\n\r\nSubject:\r\n\tSecurity ID:\t\tS-1-5-18\r\n\tAccount Name:\t\tHP-LAP704$\r\n\tAccount Domain:\t\tWORKGROUP\r\n\tLogon ID:\t\t0x3E7\r\n\r\nUser:\r\n\tSecurity ID:\t\tS-1-5-21-64021822-3933034794-494143053-1006\r\n\tAccount Name:\t\tmahav\r\n\tAccount Domain:\t\tHP-LAP704\r\n\r\nProcess Information:\r\n\tProcess ID:\t\t0x2a10\r\n\tProcess Name:\t\tC:\\Windows\\System32\\svchost.exe","TargetUserName":"mahav","TargetDomainName":"HP-LAP704","TargetSid":"S-1-5-21-64021822-3933034794-494143053-1006","SubjectUserSid":"S-1-5-18","SubjectUserName":"HP-LAP704$","SubjectDomainName":"WORKGROUP","SubjectLogonId":"0x3e7","CallerProcessId":"0x2a10","CallerProcessName":"C:\\Windows\\System32\\svchost.exe"}
[10.78.233.207] {"timestamp":"2025-12-06 05:53:40","hostname":"HP-LAP704","channel":"Security","event_id":4798,"level":"Information","message":"A user\u0027s local group membership was enumerated.\r\n\r\nSubject:\r\n\tSecurity ID:\t\tS-1-5-18\r\n\tAccount Name:\t\tHP-LAP704$\r\n\tAccount Domain:\t\tWORKGROUP\r\n\tLogon ID:\t\t0x3E7\r\n\r\nUser:\r\n\tSecurity ID:\t\tS-1-5-21-64021822-3933034794-494143053-1003\r\n\tAccount Name:\t\tmoni3\r\n\tAccount Domain:\t\tHP-LAP704\r\n\r\nProcess Information:\r\n\tProcess ID:\t\t0x2a10\r\n\tProcess Name:\t\tC:\\Windows\\System32\\svchost.exe","TargetUserName":"moni3","TargetDomainName":"HP-LAP704","TargetSid":"S-1-5-21-64021822-3933034794-494143053-1003","SubjectUserSid":"S-1-5-18","SubjectUserName":"HP-LAP704$","SubjectDomainName":"WORKGROUP","SubjectLogonId":"0x3e7","CallerProcessId":"0x2a10","CallerProcessName":"C:\\Windows\\System32\\svchost.exe"}
[10.78.233.207] {"timestamp":"2025-12-06 05:53:40","hostname":"HP-LAP704","channel":"Security","event_id":4798,"level":"Information","message":"A user\u0027s local group membership was enumerated.\r\n\r\nSubject:\r\n\tSecurity ID:\t\tS-1-5-18\r\n\tAccount Name:\t\tHP-LAP704$\r\n\tAccount Domain:\t\tWORKGROUP\r\n\tLogon ID:\t\t0x3E7\r\n\r\nUser:\r\n\tSecurity ID:\t\tS-1-5-21-64021822-3933034794-494143053-1001\r\n\tAccount Name:\t\tnavka\r\n\tAccount Domain:\t\tHP-LAP704\r\n\r\nProcess Information:\r\n\tProcess ID:\t\t0x2a10\r\n\tProcess Name:\t\tC:\\Windows\\System32\\svchost.exe","TargetUserName":"navka","TargetDomainName":"HP-LAP704","TargetSid":"S-1-5-21-64021822-3933034794-494143053-1001","SubjectUserSid":"S-1-5-18","SubjectUserName":"HP-LAP704$","SubjectDomainName":"WORKGROUP","SubjectLogonId":"0x3e7","CallerProcessId":"0x2a10","CallerProcessName":"C:\\Windows\\System32\\svchost.exe"}
[10.78.233.207] {"timestamp":"2025-12-06 05:53:40","hostname":"HP-LAP704","channel":"Security","event_id":4799,"level":"Information","message":"A security-enabled local group membership was enumerated.\r\n\r\nSubject:\r\n\tSecurity ID:\t\tS-1-5-18\r\n\tAccount Name:\t\tHP-LAP704$\r\n\tAccount Domain:\t\tWORKGROUP\r\n\tLogon ID:\t\t0x3E7\r\n\r\nGroup:\r\n\tSecurity ID:\t\tS-1-5-32-583\r\n\tGroup Name:\t\tDevice Owners\r\n\tGroup Domain:\t\tBuiltin\r\n\r\nProcess Information:\r\n\tProcess ID:\t\t0x2a10\r\n\tProcess Name:\t\tC:\\Windows\\System32\\svchost.exe","TargetUserName":"Device Owners","TargetDomainName":"Builtin","TargetSid":"S-1-5-32-583","SubjectUserSid":"S-1-5-18","SubjectUserName":"HP-LAP704$","SubjectDomainName":"WORKGROUP","SubjectLogonId":"0x3e7","CallerProcessId":"0x2a10","CallerProcessName":"C:\\Windows\\System32\\svchost.exe"}
[10.78.233.207] {"timestamp":"2025-12-06 05:53:40","hostname":"HP-LAP704","channel":"Application","event_id":0,"level":"Information","message":"PowerEvent handled successfully by the service."}
[10.78.233.207] {"timestamp":"2025-12-06 05:53:40","hostname":"HP-LAP704","channel":"Application","event_id":1040,"level":"Information","message":"Service ExpressVPNService received POWEREVENT control, which will be handled."}
[10.78.233.207] {"timestamp":"2025-12-06 05:53:40","hostname":"HP-LAP704","channel":"Security","event_id":5379,"level":"Information","message":"Credential Manager credentials were read.\r\n\r\nSubject:\r\n\tSecurity ID:\t\tS-1-5-21-64021822-3933034794-494143053-1009\r\n\tAccount Name:\t\tHarsh\r\n\tAccount Domain:\t\tHP-LAP704\r\n\tLogon ID:\t\t0xC46BD\r\n\tRead Operation:\t\tEnumerate Credentials\r\n\r\nThis event occurs when a user performs a read operation on stored credentials in Credential Manager.","SubjectUserSid":"S-1-5-21-64021822-3933034794-494143053-1009","SubjectUserName":"Harsh","SubjectDomainName":"HP-LAP704","SubjectLogonId":"0xc46bd","TargetName":"MicrosoftAccount:user=harshrajivjain@outlook.com","Type":"0","CountOfCredentialsReturned":"1","ReadOperation":"%%8100","ReturnCode":"0","ProcessCreationTime":"2025-12-06T00:23:34.6212400Z","ClientProcessId":"21512"}
[10.78.233.207] {"timestamp":"2025-12-06 05:53:40","hostname":"HP-LAP704","channel":"Security","event_id":5379,"level":"Information","message":"Credential Manager credentials were read.\r\n\r\nSubject:\r\n\tSecurity ID:\t\tS-1-5-21-64021822-3933034794-494143053-1009\r\n\tAccount Name:\t\tHarsh\r\n\tAccount Domain:\t\tHP-LAP704\r\n\tLogon ID:\t\t0xC46BD\r\n\tRead Operation:\t\tEnumerate Credentials\r\n\r\nThis event occurs when a user performs a read operation on stored credentials in Credential Manager.","SubjectUserSid":"S-1-5-21-64021822-3933034794-494143053-1009","SubjectUserName":"Harsh","SubjectDomainName":"HP-LAP704","SubjectLogonId":"0xc46bd","TargetName":"MicrosoftAccount:user=harshrajivjain@outlook.com","Type":"0","CountOfCredentialsReturned":"1","ReadOperation":"%%8100","ReturnCode":"0","ProcessCreationTime":"2025-12-06T00:23:34.6212400Z","ClientProcessId":"21512"}
[10.78.233.207] {"timestamp":"2025-12-06 05:53:40","hostname":"HP-LAP704","channel":"Security","event_id":5379,"level":"Information","message":"Credential Manager credentials were read.\r\n\r\nSubject:\r\n\tSecurity ID:\t\tS-1-5-21-64021822-3933034794-494143053-1009\r\n\tAccount Name:\t\tHarsh\r\n\tAccount Domain:\t\tHP-LAP704\r\n\tLogon ID:\t\t0xC46BD\r\n\tRead Operation:\t\tEnumerate Credentials\r\n\r\nThis event occurs when a user performs a read operation on stored credentials in Credential Manager.","SubjectUserSid":"S-1-5-21-64021822-3933034794-494143053-1009","SubjectUserName":"Harsh","SubjectDomainName":"HP-LAP704","SubjectLogonId":"0xc46bd","TargetName":"MicrosoftAccount:user=harshrajivjain@outlook.com","Type":"0","CountOfCredentialsReturned":"1","ReadOperation":"%%8100","ReturnCode":"0","ProcessCreationTime":"2025-12-06T00:23:34.6212400Z","ClientProcessId":"21512"}
[10.78.233.207] {"timestamp":"2025-12-06 05:53:40","hostname":"HP-LAP704","channel":"Security","event_id":5379,"level":"Information","message":"Credential Manager credentials were read.\r\n\r\nSubject:\r\n\tSecurity ID:\t\tS-1-5-21-64021822-3933034794-494143053-1009\r\n\tAccount Name:\t\tHarsh\r\n\tAccount Domain:\t\tHP-LAP704\r\n\tLogon ID:\t\t0xC46BD\r\n\tRead Operation:\t\tEnumerate Credentials\r\n\r\nThis event occurs when a user performs a read operation on stored credentials in Credential Manager.","SubjectUserSid":"S-1-5-21-64021822-3933034794-494143053-1009","SubjectUserName":"Harsh","SubjectDomainName":"HP-LAP704","SubjectLogonId":"0xc46bd","TargetName":"MicrosoftAccount:user=navkarmetal111@outlook.com","Type":"0","CountOfCredentialsReturned":"1","ReadOperation":"%%8100","ReturnCode":"0","ProcessCreationTime":"2025-12-06T00:23:34.6212400Z","ClientProcessId":"21512"}
[10.78.233.207] {"timestamp":"2025-12-06 05:53:40","hostname":"HP-LAP704","channel":"Security","event_id":5379,"level":"Information","message":"Credential Manager credentials were read.\r\n\r\nSubject:\r\n\tSecurity ID:\t\tS-1-5-21-64021822-3933034794-494143053-1009\r\n\tAccount Name:\t\tHarsh\r\n\tAccount Domain:\t\tHP-LAP704\r\n\tLogon ID:\t\t0xC46BD\r\n\tRead Operation:\t\tEnumerate Credentials\r\n\r\nThis event occurs when a user performs a read operation on stored credentials in Credential Manager.","SubjectUserSid":"S-1-5-21-64021822-3933034794-494143053-1009","SubjectUserName":"Harsh","SubjectDomainName":"HP-LAP704","SubjectLogonId":"0xc46bd","TargetName":"MicrosoftAccount:user=navkarmetal111@outlook.com","Type":"0","CountOfCredentialsReturned":"1","ReadOperation":"%%8100","ReturnCode":"0","ProcessCreationTime":"2025-12-06T00:23:34.6212400Z","ClientProcessId":"21512"}
[10.78.233.207] {"timestamp":"2025-12-06 05:53:40","hostname":"HP-LAP704","channel":"Security","event_id":5379,"level":"Information","message":"Credential Manager credentials were read.\r\n\r\nSubject:\r\n\tSecurity ID:\t\tS-1-5-21-64021822-3933034794-494143053-1009\r\n\tAccount Name:\t\tHarsh\r\n\tAccount Domain:\t\tHP-LAP704\r\n\tLogon ID:\t\t0xC46BD\r\n\tRead Operation:\t\tEnumerate Credentials\r\n\r\nThis event occurs when a user performs a read operation on stored credentials in Credential Manager.","SubjectUserSid":"S-1-5-21-64021822-3933034794-494143053-1009","SubjectUserName":"Harsh","SubjectDomainName":"HP-LAP704","SubjectLogonId":"0xc46bd","TargetName":"MicrosoftAccount:user=navkarmetal111@outlook.com","Type":"0","CountOfCredentialsReturned":"1","ReadOperation":"%%8100","ReturnCode":"0","ProcessCreationTime":"2025-12-06T00:23:34.6212400Z","ClientProcessId":"21512"}
[10.78.233.207] {"timestamp":"2025-12-06 05:53:42","hostname":"HP-LAP704","channel":"Security","event_id":4798,"level":"Information","message":"A user\u0027s local group membership was enumerated.\r\n\r\nSubject:\r\n\tSecurity ID:\t\tS-1-5-18\r\n\tAccount Name:\t\tHP-LAP704$\r\n\tAccount Domain:\t\tWORKGROUP\r\n\tLogon ID:\t\t0x3E7\r\n\r\nUser:\r\n\tSecurity ID:\t\tS-1-5-21-64021822-3933034794-494143053-1009\r\n\tAccount Name:\t\tHarsh\r\n\tAccount Domain:\t\tHP-LAP704\r\n\r\nProcess Information:\r\n\tProcess ID:\t\t0x4e0\r\n\tProcess Name:\t\tC:\\Windows\\System32\\lsass.exe","TargetUserName":"Harsh","TargetDomainName":"HP-LAP704","TargetSid":"S-1-5-21-64021822-3933034794-494143053-1009","SubjectUserSid":"S-1-5-18","SubjectUserName":"HP-LAP704$","SubjectDomainName":"WORKGROUP","SubjectLogonId":"0x3e7","CallerProcessId":"0x4e0","CallerProcessName":"C:\\Windows\\System32\\lsass.exe"}
[10.78.233.207] {"timestamp":"2025-12-06 05:53:42","hostname":"HP-LAP704","channel":"Security","event_id":4648,"level":"Information","message":"A logon was attempted using explicit credentials.\r\n\r\nSubject:\r\n\tSecurity ID:\t\tS-1-5-18\r\n\tAccount Name:\t\tHP-LAP704$\r\n\tAccount Domain:\t\tWORKGROUP\r\n\tLogon ID:\t\t0x3E7\r\n\tLogon GUID:\t\t{00000000-0000-0000-0000-000000000000}\r\n\r\nAccount Whose Credentials Were Used:\r\n\tAccount Name:\t\tHarsh\r\n\tAccount Domain:\t\tHP-LAP704\r\n\tLogon GUID:\t\t{00000000-0000-0000-0000-000000000000}\r\n\r\nTarget Server:\r\n\tTarget Server Name:\tlocalhost\r\n\tAdditional Information:\tlocalhost\r\n\r\nProcess Information:\r\n\tProcess ID:\t\t0x928\r\n\tProcess Name:\t\tC:\\Windows\\System32\\svchost.exe\r\n\r\nNetwork Information:\r\n\tNetwork Address:\t127.0.0.1\r\n\tPort:\t\t\t0\r\n\r\nThis event is generated when a process attempts to log on an account by explicitly specifying that accounts credentials.  This most commonly occurs in batch-type configurations such as scheduled tasks, or when using the RUNAS command.","SubjectUserSid":"S-1-5-18","SubjectUserName":"HP-LAP704$","SubjectDomainName":"WORKGROUP","SubjectLogonId":"0x3e7","LogonGuid":"{00000000-0000-0000-0000-000000000000}","TargetUserName":"Harsh","TargetDomainName":"HP-LAP704","TargetLogonGuid":"{00000000-0000-0000-0000-000000000000}","TargetServerName":"localhost","TargetInfo":"localhost","ProcessId":"0x928","ProcessName":"C:\\Windows\\System32\\svchost.exe","IpAddress":"127.0.0.1","IpPort":"0"}
[10.78.233.207] {"timestamp":"2025-12-06 05:53:42","hostname":"HP-LAP704","channel":"Security","event_id":4624,"level":"Information","message":"An account was successfully logged on.\r\n\r\nSubject:\r\n\tSecurity ID:\t\tS-1-5-18\r\n\tAccount Name:\t\tHP-LAP704$\r\n\tAccount Domain:\t\tWORKGROUP\r\n\tLogon ID:\t\t0x3E7\r\n\r\nLogon Information:\r\n\tLogon Type:\t\t2\r\n\tRestricted Admin Mode:\t-\r\n\tRemote Credential Guard:\t-\r\n\tVirtual Account:\t\tNo\r\n\tElevated Token:\t\tYes\r\n\r\nImpersonation Level:\t\tImpersonation\r\n\r\nNew Logon:\r\n\tSecurity ID:\t\tS-1-5-21-64021822-3933034794-494143053-1009\r\n\tAccount Name:\t\tHarsh\r\n\tAccount Domain:\t\tHP-LAP704\r\n\tLogon ID:\t\t0x538F658\r\n\tLinked Logon ID:\t\t0x538F765\r\n\tNetwork Account Name:\t-\r\n\tNetwork Account Domain:\t-\r\n\tLogon GUID:\t\t{00000000-0000-0000-0000-000000000000}\r\n\r\nProcess Information:\r\n\tProcess ID:\t\t0x928\r\n\tProcess Name:\t\tC:\\Windows\\System32\\svchost.exe\r\n\r\nNetwork Information:\r\n\tWorkstation Name:\tHP-LAP704\r\n\tSource Network Address:\t127.0.0.1\r\n\tSource Port:\t\t0\r\n\r\nDetailed Authentication Information:\r\n\tLogon Process:\t\tUser32 \r\n\tAuthentication Package:\tNegotiate\r\n\tTransited Services:\t-\r\n\tPackage Name (NTLM only):\t-\r\n\tKey Length:\t\t0\r\n\r\nThis event is generated when a logon session is created. It is generated on the computer that was accessed.\r\n\r\nThe subject fields indicate the account on the local system which requested the logon. This is most commonly a service such as the Server service, or a local process such as Winlogon.exe or Services.exe.\r\n\r\nThe logon type field indicates the kind of logon that occurred. The most common types are 2 (interactive) and 3 (network).\r\n\r\nThe New Logon fields indicate the account for whom the new logon was created, i.e. the account that was logged on.\r\n\r\nThe network fields indicate where a remote logon request originated. Workstation name is not always available and may be left blank in some cases.\r\n\r\nThe impersonation level field indicates the extent to which a process in the logon session can impersonate.\r\n\r\nThe authentication information fields provide detailed information about this specific logon request.\r\n\t- Logon GUID is a unique identifier that can be used to correlate this event with a KDC event.\r\n\t- Transited services indicate which intermediate services have participated in this logon request.\r\n\t- Package name indicates which sub-protocol was used among the NTLM protocols.\r\n\t- Key length indicates the length of the generated session key. This will be 0 if no session key was requested.","SubjectUserSid":"S-1-5-18","SubjectUserName":"HP-LAP704$","SubjectDomainName":"WORKGROUP","SubjectLogonId":"0x3e7","TargetUserSid":"S-1-5-21-64021822-3933034794-494143053-1009","TargetUserName":"Harsh","TargetDomainName":"HP-LAP704","TargetLogonId":"0x538f658","LogonType":"2","LogonProcessName":"User32 ","AuthenticationPackageName":"Negotiate","WorkstationName":"HP-LAP704","LogonGuid":"{00000000-0000-0000-0000-000000000000}","TransmittedServices":"-","LmPackageName":"-","KeyLength":"0","ProcessId":"0x928","ProcessName":"C:\\Windows\\System32\\svchost.exe","IpAddress":"127.0.0.1","IpPort":"0","ImpersonationLevel":"%%1833","RestrictedAdminMode":"-","RemoteCredentialGuard":"-","TargetOutboundUserName":"-","TargetOutboundDomainName":"-","VirtualAccount":"%%1843","TargetLinkedLogonId":"0x538f765","ElevatedToken":"%%1842"}
