[10.78.233.207] {"timestamp":"2025-12-06 04:11:58","hostname":"HP-LAP704","channel":"Security","event_id":4799,"level":"Information","message":"A security-enabled local group membership was enumerated.\r\n\r\nSubject:\r\n\tSecurity ID:\t\tS-1-5-21-64021822-3933034794-494143053-1009\r\n\tAccount Name:\t\tHarsh\r\n\tAccount Domain:\t\tHP-LAP704\r\n\tLogon ID:\t\t0xC4589\r\n\r\nGroup:\r\n\tSecurity ID:\t\tS-1-5-32-544\r\n\tGroup Name:\t\tAdministrators\r\n\tGroup Domain:\t\tBuiltin\r\n\r\nProcess Information:\r\n\tProcess ID:\t\t0x278c\r\n\tProcess Name:\t\tC:\\Windows\\System32\\taskhostw.exe","TargetUserName":"Administrators","TargetDomainName":"Builtin","TargetSid":"S-1-5-32-544","SubjectUserSid":"S-1-5-21-64021822-3933034794-494143053-1009","SubjectUserName":"Harsh","SubjectDomainName":"HP-LAP704","SubjectLogonId":"0xc4589","CallerProcessId":"0x278c","CallerProcessName":"C:\\Windows\\System32\\taskhostw.exe"}
[10.78.233.207] {"timestamp":"2025-12-06 04:14:24","hostname":"HP-LAP704","channel":"Security","event_id":4624,"level":"Information","message":"An account was successfully logged on.\r\n\r\nSubject:\r\n\tSecurity ID:\t\tS-1-5-18\r\n\tAccount Name:\t\tHP-LAP704$\r\n\tAccount Domain:\t\tWORKGROUP\r\n\tLogon ID:\t\t0x3E7\r\n\r\nLogon Information:\r\n\tLogon Type:\t\t5\r\n\tRestricted Admin Mode:\t-\r\n\tRemote Credential Guard:\t-\r\n\tVirtual Account:\t\tNo\r\n\tElevated Token:\t\tYes\r\n\r\nImpersonation Level:\t\tImpersonation\r\n\r\nNew Logon:\r\n\tSecurity ID:\t\tS-1-5-18\r\n\tAccount Name:\t\tSYSTEM\r\n\tAccount Domain:\t\tNT AUTHORITY\r\n\tLogon ID:\t\t0x3E7\r\n\tLinked Logon ID:\t\t0x0\r\n\tNetwork Account Name:\t-\r\n\tNetwork Account Domain:\t-\r\n\tLogon GUID:\t\t{00000000-0000-0000-0000-000000000000}\r\n\r\nProcess Information:\r\n\tProcess ID:\t\t0x4c4\r\n\tProcess Name:\t\tC:\\Windows\\System32\\services.exe\r\n\r\nNetwork Information:\r\n\tWorkstation Name:\t-\r\n\tSource Network Address:\t-\r\n\tSource Port:\t\t-\r\n\r\nDetailed Authentication Information:\r\n\tLogon Process:\t\tAdvapi  \r\n\tAuthentication Package:\tNegotiate\r\n\tTransited Services:\t-\r\n\tPackage Name (NTLM only):\t-\r\n\tKey Length:\t\t0\r\n\r\nThis event is generated when a logon session is created. It is generated on the computer that was accessed.\r\n\r\nThe subject fields indicate the account on the local system which requested the logon. This is most commonly a service such as the Server service, or a local process such as Winlogon.exe or Services.exe.\r\n\r\nThe logon type field indicates the kind of logon that occurred. The most common types are 2 (interactive) and 3 (network).\r\n\r\nThe New Logon fields indicate the account for whom the new logon was created, i.e. the account that was logged on.\r\n\r\nThe network fields indicate where a remote logon request originated. Workstation name is not always available and may be left blank in some cases.\r\n\r\nThe impersonation level field indicates the extent to which a process in the logon session can impersonate.\r\n\r\nThe authentication information fields provide detailed information about this specific logon request.\r\n\t- Logon GUID is a unique identifier that can be used to correlate this event with a KDC event.\r\n\t- Transited services indicate which intermediate services have participated in this logon request.\r\n\t- Package name indicates which sub-protocol was used among the NTLM protocols.\r\n\t- Key length indicates the length of the generated session key. This will be 0 if no session key was requested.","SubjectUserSid":"S-1-5-18","SubjectUserName":"HP-LAP704$","SubjectDomainName":"WORKGROUP","SubjectLogonId":"0x3e7","TargetUserSid":"S-1-5-18","TargetUserName":"SYSTEM","TargetDomainName":"NT AUTHORITY","TargetLogonId":"0x3e7","LogonType":"5","LogonProcessName":"Advapi  ","AuthenticationPackageName":"Negotiate","WorkstationName":"-","LogonGuid":"{00000000-0000-0000-0000-000000000000}","TransmittedServices":"-","LmPackageName":"-","KeyLength":"0","ProcessId":"0x4c4","ProcessName":"C:\\Windows\\System32\\services.exe","IpAddress":"-","IpPort":"-","ImpersonationLevel":"%%1833","RestrictedAdminMode":"-","RemoteCredentialGuard":"-","TargetOutboundUserName":"-","TargetOutboundDomainName":"-","VirtualAccount":"%%1843","TargetLinkedLogonId":"0x0","ElevatedToken":"%%1842"}
[10.78.233.207] {"timestamp":"2025-12-06 04:14:24","hostname":"HP-LAP704","channel":"Security","event_id":4672,"level":"Information","message":"Special privileges assigned to new logon.\r\n\r\nSubject:\r\n\tSecurity ID:\t\tS-1-5-18\r\n\tAccount Name:\t\tSYSTEM\r\n\tAccount Domain:\t\tNT AUTHORITY\r\n\tLogon ID:\t\t0x3E7\r\n\r\nPrivileges:\t\tSeAssignPrimaryTokenPrivilege\r\n\t\t\tSeTcbPrivilege\r\n\t\t\tSeSecurityPrivilege\r\n\t\t\tSeTakeOwnershipPrivilege\r\n\t\t\tSeLoadDriverPrivilege\r\n\t\t\tSeBackupPrivilege\r\n\t\t\tSeRestorePrivilege\r\n\t\t\tSeDebugPrivilege\r\n\t\t\tSeAuditPrivilege\r\n\t\t\tSeSystemEnvironmentPrivilege\r\n\t\t\tSeImpersonatePrivilege\r\n\t\t\tSeDelegateSessionUserImpersonatePrivilege","SubjectUserSid":"S-1-5-18","SubjectUserName":"SYSTEM","SubjectDomainName":"NT AUTHORITY","SubjectLogonId":"0x3e7","PrivilegeList":"SeAssignPrimaryTokenPrivilege\n\t\t\tSeTcbPrivilege\n\t\t\tSeSecurityPrivilege\n\t\t\tSeTakeOwnershipPrivilege\n\t\t\tSeLoadDriverPrivilege\n\t\t\tSeBackupPrivilege\n\t\t\tSeRestorePrivilege\n\t\t\tSeDebugPrivilege\n\t\t\tSeAuditPrivilege\n\t\t\tSeSystemEnvironmentPrivilege\n\t\t\tSeImpersonatePrivilege\n\t\t\tSeDelegateSessionUserImpersonatePrivilege"}
[10.78.233.207] {"timestamp":"2025-12-06 04:17:01","hostname":"HP-LAP704","channel":"Security","event_id":4624,"level":"Information","message":"An account was successfully logged on.\r\n\r\nSubject:\r\n\tSecurity ID:\t\tS-1-5-18\r\n\tAccount Name:\t\tHP-LAP704$\r\n\tAccount Domain:\t\tWORKGROUP\r\n\tLogon ID:\t\t0x3E7\r\n\r\nLogon Information:\r\n\tLogon Type:\t\t5\r\n\tRestricted Admin Mode:\t-\r\n\tRemote Credential Guard:\t-\r\n\tVirtual Account:\t\tNo\r\n\tElevated Token:\t\tYes\r\n\r\nImpersonation Level:\t\tImpersonation\r\n\r\nNew Logon:\r\n\tSecurity ID:\t\tS-1-5-18\r\n\tAccount Name:\t\tSYSTEM\r\n\tAccount Domain:\t\tNT AUTHORITY\r\n\tLogon ID:\t\t0x3E7\r\n\tLinked Logon ID:\t\t0x0\r\n\tNetwork Account Name:\t-\r\n\tNetwork Account Domain:\t-\r\n\tLogon GUID:\t\t{00000000-0000-0000-0000-000000000000}\r\n\r\nProcess Information:\r\n\tProcess ID:\t\t0x4c4\r\n\tProcess Name:\t\tC:\\Windows\\System32\\services.exe\r\n\r\nNetwork Information:\r\n\tWorkstation Name:\t-\r\n\tSource Network Address:\t-\r\n\tSource Port:\t\t-\r\n\r\nDetailed Authentication Information:\r\n\tLogon Process:\t\tAdvapi  \r\n\tAuthentication Package:\tNegotiate\r\n\tTransited Services:\t-\r\n\tPackage Name (NTLM only):\t-\r\n\tKey Length:\t\t0\r\n\r\nThis event is generated when a logon session is created. It is generated on the computer that was accessed.\r\n\r\nThe subject fields indicate the account on the local system which requested the logon. This is most commonly a service such as the Server service, or a local process such as Winlogon.exe or Services.exe.\r\n\r\nThe logon type field indicates the kind of logon that occurred. The most common types are 2 (interactive) and 3 (network).\r\n\r\nThe New Logon fields indicate the account for whom the new logon was created, i.e. the account that was logged on.\r\n\r\nThe network fields indicate where a remote logon request originated. Workstation name is not always available and may be left blank in some cases.\r\n\r\nThe impersonation level field indicates the extent to which a process in the logon session can impersonate.\r\n\r\nThe authentication information fields provide detailed information about this specific logon request.\r\n\t- Logon GUID is a unique identifier that can be used to correlate this event with a KDC event.\r\n\t- Transited services indicate which intermediate services have participated in this logon request.\r\n\t- Package name indicates which sub-protocol was used among the NTLM protocols.\r\n\t- Key length indicates the length of the generated session key. This will be 0 if no session key was requested.","SubjectUserSid":"S-1-5-18","SubjectUserName":"HP-LAP704$","SubjectDomainName":"WORKGROUP","SubjectLogonId":"0x3e7","TargetUserSid":"S-1-5-18","TargetUserName":"SYSTEM","TargetDomainName":"NT AUTHORITY","TargetLogonId":"0x3e7","LogonType":"5","LogonProcessName":"Advapi  ","AuthenticationPackageName":"Negotiate","WorkstationName":"-","LogonGuid":"{00000000-0000-0000-0000-000000000000}","TransmittedServices":"-","LmPackageName":"-","KeyLength":"0","ProcessId":"0x4c4","ProcessName":"C:\\Windows\\System32\\services.exe","IpAddress":"-","IpPort":"-","ImpersonationLevel":"%%1833","RestrictedAdminMode":"-","RemoteCredentialGuard":"-","TargetOutboundUserName":"-","TargetOutboundDomainName":"-","VirtualAccount":"%%1843","TargetLinkedLogonId":"0x0","ElevatedToken":"%%1842"}
[10.78.233.207] {"timestamp":"2025-12-06 04:17:01","hostname":"HP-LAP704","channel":"Security","event_id":4672,"level":"Information","message":"Special privileges assigned to new logon.\r\n\r\nSubject:\r\n\tSecurity ID:\t\tS-1-5-18\r\n\tAccount Name:\t\tSYSTEM\r\n\tAccount Domain:\t\tNT AUTHORITY\r\n\tLogon ID:\t\t0x3E7\r\n\r\nPrivileges:\t\tSeAssignPrimaryTokenPrivilege\r\n\t\t\tSeTcbPrivilege\r\n\t\t\tSeSecurityPrivilege\r\n\t\t\tSeTakeOwnershipPrivilege\r\n\t\t\tSeLoadDriverPrivilege\r\n\t\t\tSeBackupPrivilege\r\n\t\t\tSeRestorePrivilege\r\n\t\t\tSeDebugPrivilege\r\n\t\t\tSeAuditPrivilege\r\n\t\t\tSeSystemEnvironmentPrivilege\r\n\t\t\tSeImpersonatePrivilege\r\n\t\t\tSeDelegateSessionUserImpersonatePrivilege","SubjectUserSid":"S-1-5-18","SubjectUserName":"SYSTEM","SubjectDomainName":"NT AUTHORITY","SubjectLogonId":"0x3e7","PrivilegeList":"SeAssignPrimaryTokenPrivilege\n\t\t\tSeTcbPrivilege\n\t\t\tSeSecurityPrivilege\n\t\t\tSeTakeOwnershipPrivilege\n\t\t\tSeLoadDriverPrivilege\n\t\t\tSeBackupPrivilege\n\t\t\tSeRestorePrivilege\n\t\t\tSeDebugPrivilege\n\t\t\tSeAuditPrivilege\n\t\t\tSeSystemEnvironmentPrivilege\n\t\t\tSeImpersonatePrivilege\n\t\t\tSeDelegateSessionUserImpersonatePrivilege"}
[10.78.233.207] {"timestamp":"2025-12-06 04:17:54","hostname":"HP-LAP704","channel":"Security","event_id":4624,"level":"Information","message":"An account was successfully logged on.\r\n\r\nSubject:\r\n\tSecurity ID:\t\tS-1-5-18\r\n\tAccount Name:\t\tHP-LAP704$\r\n\tAccount Domain:\t\tWORKGROUP\r\n\tLogon ID:\t\t0x3E7\r\n\r\nLogon Information:\r\n\tLogon Type:\t\t5\r\n\tRestricted Admin Mode:\t-\r\n\tRemote Credential Guard:\t-\r\n\tVirtual Account:\t\tNo\r\n\tElevated Token:\t\tYes\r\n\r\nImpersonation Level:\t\tImpersonation\r\n\r\nNew Logon:\r\n\tSecurity ID:\t\tS-1-5-18\r\n\tAccount Name:\t\tSYSTEM\r\n\tAccount Domain:\t\tNT AUTHORITY\r\n\tLogon ID:\t\t0x3E7\r\n\tLinked Logon ID:\t\t0x0\r\n\tNetwork Account Name:\t-\r\n\tNetwork Account Domain:\t-\r\n\tLogon GUID:\t\t{00000000-0000-0000-0000-000000000000}\r\n\r\nProcess Information:\r\n\tProcess ID:\t\t0x4c4\r\n\tProcess Name:\t\tC:\\Windows\\System32\\services.exe\r\n\r\nNetwork Information:\r\n\tWorkstation Name:\t-\r\n\tSource Network Address:\t-\r\n\tSource Port:\t\t-\r\n\r\nDetailed Authentication Information:\r\n\tLogon Process:\t\tAdvapi  \r\n\tAuthentication Package:\tNegotiate\r\n\tTransited Services:\t-\r\n\tPackage Name (NTLM only):\t-\r\n\tKey Length:\t\t0\r\n\r\nThis event is generated when a logon session is created. It is generated on the computer that was accessed.\r\n\r\nThe subject fields indicate the account on the local system which requested the logon. This is most commonly a service such as the Server service, or a local process such as Winlogon.exe or Services.exe.\r\n\r\nThe logon type field indicates the kind of logon that occurred. The most common types are 2 (interactive) and 3 (network).\r\n\r\nThe New Logon fields indicate the account for whom the new logon was created, i.e. the account that was logged on.\r\n\r\nThe network fields indicate where a remote logon request originated. Workstation name is not always available and may be left blank in some cases.\r\n\r\nThe impersonation level field indicates the extent to which a process in the logon session can impersonate.\r\n\r\nThe authentication information fields provide detailed information about this specific logon request.\r\n\t- Logon GUID is a unique identifier that can be used to correlate this event with a KDC event.\r\n\t- Transited services indicate which intermediate services have participated in this logon request.\r\n\t- Package name indicates which sub-protocol was used among the NTLM protocols.\r\n\t- Key length indicates the length of the generated session key. This will be 0 if no session key was requested.","SubjectUserSid":"S-1-5-18","SubjectUserName":"HP-LAP704$","SubjectDomainName":"WORKGROUP","SubjectLogonId":"0x3e7","TargetUserSid":"S-1-5-18","TargetUserName":"SYSTEM","TargetDomainName":"NT AUTHORITY","TargetLogonId":"0x3e7","LogonType":"5","LogonProcessName":"Advapi  ","AuthenticationPackageName":"Negotiate","WorkstationName":"-","LogonGuid":"{00000000-0000-0000-0000-000000000000}","TransmittedServices":"-","LmPackageName":"-","KeyLength":"0","ProcessId":"0x4c4","ProcessName":"C:\\Windows\\System32\\services.exe","IpAddress":"-","IpPort":"-","ImpersonationLevel":"%%1833","RestrictedAdminMode":"-","RemoteCredentialGuard":"-","TargetOutboundUserName":"-","TargetOutboundDomainName":"-","VirtualAccount":"%%1843","TargetLinkedLogonId":"0x0","ElevatedToken":"%%1842"}
[10.78.233.207] {"timestamp":"2025-12-06 04:17:54","hostname":"HP-LAP704","channel":"Security","event_id":4672,"level":"Information","message":"Special privileges assigned to new logon.\r\n\r\nSubject:\r\n\tSecurity ID:\t\tS-1-5-18\r\n\tAccount Name:\t\tSYSTEM\r\n\tAccount Domain:\t\tNT AUTHORITY\r\n\tLogon ID:\t\t0x3E7\r\n\r\nPrivileges:\t\tSeAssignPrimaryTokenPrivilege\r\n\t\t\tSeTcbPrivilege\r\n\t\t\tSeSecurityPrivilege\r\n\t\t\tSeTakeOwnershipPrivilege\r\n\t\t\tSeLoadDriverPrivilege\r\n\t\t\tSeBackupPrivilege\r\n\t\t\tSeRestorePrivilege\r\n\t\t\tSeDebugPrivilege\r\n\t\t\tSeAuditPrivilege\r\n\t\t\tSeSystemEnvironmentPrivilege\r\n\t\t\tSeImpersonatePrivilege\r\n\t\t\tSeDelegateSessionUserImpersonatePrivilege","SubjectUserSid":"S-1-5-18","SubjectUserName":"SYSTEM","SubjectDomainName":"NT AUTHORITY","SubjectLogonId":"0x3e7","PrivilegeList":"SeAssignPrimaryTokenPrivilege\n\t\t\tSeTcbPrivilege\n\t\t\tSeSecurityPrivilege\n\t\t\tSeTakeOwnershipPrivilege\n\t\t\tSeLoadDriverPrivilege\n\t\t\tSeBackupPrivilege\n\t\t\tSeRestorePrivilege\n\t\t\tSeDebugPrivilege\n\t\t\tSeAuditPrivilege\n\t\t\tSeSystemEnvironmentPrivilege\n\t\t\tSeImpersonatePrivilege\n\t\t\tSeDelegateSessionUserImpersonatePrivilege"}
[10.78.233.207] {"timestamp":"2025-12-06 04:17:57","hostname":"HP-LAP704","channel":"Application","event_id":15,"level":"Information","message":"Updated Windows Defender status successfully to SECURITY_PRODUCT_STATE_ON."}
[10.78.233.207] {"timestamp":"2025-12-06 04:18:51","hostname":"HP-LAP704","channel":"Security","event_id":4798,"level":"Information","message":"A user\u0027s local group membership was enumerated.\r\n\r\nSubject:\r\n\tSecurity ID:\t\tS-1-5-21-64021822-3933034794-494143053-1009\r\n\tAccount Name:\t\tHarsh\r\n\tAccount Domain:\t\tHP-LAP704\r\n\tLogon ID:\t\t0xC46BD\r\n\r\nUser:\r\n\tSecurity ID:\t\tS-1-5-21-64021822-3933034794-494143053-1009\r\n\tAccount Name:\t\tHarsh\r\n\tAccount Domain:\t\tHP-LAP704\r\n\r\nProcess Information:\r\n\tProcess ID:\t\t0x28e0\r\n\tProcess Name:\t\tC:\\Windows\\explorer.exe","TargetUserName":"Harsh","TargetDomainName":"HP-LAP704","TargetSid":"S-1-5-21-64021822-3933034794-494143053-1009","SubjectUserSid":"S-1-5-21-64021822-3933034794-494143053-1009","SubjectUserName":"Harsh","SubjectDomainName":"HP-LAP704","SubjectLogonId":"0xc46bd","CallerProcessId":"0x28e0","CallerProcessName":"C:\\Windows\\explorer.exe"}
[10.78.233.207] {"timestamp":"2025-12-06 04:18:53","hostname":"HP-LAP704","channel":"System","event_id":566,"level":"Information","message":"The system session has transitioned from 15 to 16.\r\n\r\nReason SessionUnlock \r\n\r\nBootId: 387","BootId":"387","Reason":"12","PreviousSessionId":"15","PreviousSessionType":"0","PreviousSessionDurationInUs":"1490480016","PreviousEnergyCapacityAtStart":"37301","PreviousFullEnergyCapacityAtStart":"37301","PreviousEnergyCapacityAtEnd":"37301","PreviousFullEnergyCapacityAtEnd":"37301","NextSessionId":"16","NextSessionType":"1","PowerStateAc":"true","MonitorReason":"12"}
[10.78.233.207] {"timestamp":"2025-12-06 04:18:57","hostname":"HP-LAP704","channel":"Security","event_id":4624,"level":"Information","message":"An account was successfully logged on.\r\n\r\nSubject:\r\n\tSecurity ID:\t\tS-1-5-18\r\n\tAccount Name:\t\tHP-LAP704$\r\n\tAccount Domain:\t\tWORKGROUP\r\n\tLogon ID:\t\t0x3E7\r\n\r\nLogon Information:\r\n\tLogon Type:\t\t5\r\n\tRestricted Admin Mode:\t-\r\n\tRemote Credential Guard:\t-\r\n\tVirtual Account:\t\tNo\r\n\tElevated Token:\t\tYes\r\n\r\nImpersonation Level:\t\tImpersonation\r\n\r\nNew Logon:\r\n\tSecurity ID:\t\tS-1-5-18\r\n\tAccount Name:\t\tSYSTEM\r\n\tAccount Domain:\t\tNT AUTHORITY\r\n\tLogon ID:\t\t0x3E7\r\n\tLinked Logon ID:\t\t0x0\r\n\tNetwork Account Name:\t-\r\n\tNetwork Account Domain:\t-\r\n\tLogon GUID:\t\t{00000000-0000-0000-0000-000000000000}\r\n\r\nProcess Information:\r\n\tProcess ID:\t\t0x4c4\r\n\tProcess Name:\t\tC:\\Windows\\System32\\services.exe\r\n\r\nNetwork Information:\r\n\tWorkstation Name:\t-\r\n\tSource Network Address:\t-\r\n\tSource Port:\t\t-\r\n\r\nDetailed Authentication Information:\r\n\tLogon Process:\t\tAdvapi  \r\n\tAuthentication Package:\tNegotiate\r\n\tTransited Services:\t-\r\n\tPackage Name (NTLM only):\t-\r\n\tKey Length:\t\t0\r\n\r\nThis event is generated when a logon session is created. It is generated on the computer that was accessed.\r\n\r\nThe subject fields indicate the account on the local system which requested the logon. This is most commonly a service such as the Server service, or a local process such as Winlogon.exe or Services.exe.\r\n\r\nThe logon type field indicates the kind of logon that occurred. The most common types are 2 (interactive) and 3 (network).\r\n\r\nThe New Logon fields indicate the account for whom the new logon was created, i.e. the account that was logged on.\r\n\r\nThe network fields indicate where a remote logon request originated. Workstation name is not always available and may be left blank in some cases.\r\n\r\nThe impersonation level field indicates the extent to which a process in the logon session can impersonate.\r\n\r\nThe authentication information fields provide detailed information about this specific logon request.\r\n\t- Logon GUID is a unique identifier that can be used to correlate this event with a KDC event.\r\n\t- Transited services indicate which intermediate services have participated in this logon request.\r\n\t- Package name indicates which sub-protocol was used among the NTLM protocols.\r\n\t- Key length indicates the length of the generated session key. This will be 0 if no session key was requested.","SubjectUserSid":"S-1-5-18","SubjectUserName":"HP-LAP704$","SubjectDomainName":"WORKGROUP","SubjectLogonId":"0x3e7","TargetUserSid":"S-1-5-18","TargetUserName":"SYSTEM","TargetDomainName":"NT AUTHORITY","TargetLogonId":"0x3e7","LogonType":"5","LogonProcessName":"Advapi  ","AuthenticationPackageName":"Negotiate","WorkstationName":"-","LogonGuid":"{00000000-0000-0000-0000-000000000000}","TransmittedServices":"-","LmPackageName":"-","KeyLength":"0","ProcessId":"0x4c4","ProcessName":"C:\\Windows\\System32\\services.exe","IpAddress":"-","IpPort":"-","ImpersonationLevel":"%%1833","RestrictedAdminMode":"-","RemoteCredentialGuard":"-","TargetOutboundUserName":"-","TargetOutboundDomainName":"-","VirtualAccount":"%%1843","TargetLinkedLogonId":"0x0","ElevatedToken":"%%1842"}
[10.78.233.207] {"timestamp":"2025-12-06 04:18:57","hostname":"HP-LAP704","channel":"Security","event_id":4672,"level":"Information","message":"Special privileges assigned to new logon.\r\n\r\nSubject:\r\n\tSecurity ID:\t\tS-1-5-18\r\n\tAccount Name:\t\tSYSTEM\r\n\tAccount Domain:\t\tNT AUTHORITY\r\n\tLogon ID:\t\t0x3E7\r\n\r\nPrivileges:\t\tSeAssignPrimaryTokenPrivilege\r\n\t\t\tSeTcbPrivilege\r\n\t\t\tSeSecurityPrivilege\r\n\t\t\tSeTakeOwnershipPrivilege\r\n\t\t\tSeLoadDriverPrivilege\r\n\t\t\tSeBackupPrivilege\r\n\t\t\tSeRestorePrivilege\r\n\t\t\tSeDebugPrivilege\r\n\t\t\tSeAuditPrivilege\r\n\t\t\tSeSystemEnvironmentPrivilege\r\n\t\t\tSeImpersonatePrivilege\r\n\t\t\tSeDelegateSessionUserImpersonatePrivilege","SubjectUserSid":"S-1-5-18","SubjectUserName":"SYSTEM","SubjectDomainName":"NT AUTHORITY","SubjectLogonId":"0x3e7","PrivilegeList":"SeAssignPrimaryTokenPrivilege\n\t\t\tSeTcbPrivilege\n\t\t\tSeSecurityPrivilege\n\t\t\tSeTakeOwnershipPrivilege\n\t\t\tSeLoadDriverPrivilege\n\t\t\tSeBackupPrivilege\n\t\t\tSeRestorePrivilege\n\t\t\tSeDebugPrivilege\n\t\t\tSeAuditPrivilege\n\t\t\tSeSystemEnvironmentPrivilege\n\t\t\tSeImpersonatePrivilege\n\t\t\tSeDelegateSessionUserImpersonatePrivilege"}
[10.78.233.207] {"timestamp":"2025-12-06 04:18:57","hostname":"HP-LAP704","channel":"System","event_id":566,"level":"Information","message":"The system session has transitioned from 16 to 18.\r\n\r\nReason Signal \r\n\r\nBootId: 387","BootId":"387","Reason":"36","PreviousSessionId":"16","PreviousSessionType":"1","PreviousSessionDurationInUs":"3637836","PreviousEnergyCapacityAtStart":"37301","PreviousFullEnergyCapacityAtStart":"37301","PreviousEnergyCapacityAtEnd":"37301","PreviousFullEnergyCapacityAtEnd":"37301","NextSessionId":"18","NextSessionType":"0","PowerStateAc":"true","MonitorReason":"36"}
[10.78.233.207] {"timestamp":"2025-12-06 04:18:58","hostname":"HP-LAP704","channel":"Security","event_id":6416,"level":"Information","message":"A new external device was recognized by the system.\r\n\r\nSubject:\r\n\tSecurity ID:\t\tS-1-5-18\r\n\tAccount Name:\t\tHP-LAP704$\r\n\tAccount Domain:\t\tWORKGROUP\r\n\tLogon ID:\t\t0x3E7\r\n\r\nDevice ID:\tSWD\\MMDEVAPI\\{0.0.0.00000000}.{eb9121a8-dd8f-4ae7-ad77-3b86422297b9}\r\n\r\nDevice Name:\t1 - Smart M50D (AMD High Definition Audio Device)\r\n\r\nClass ID:\t\t{c166523c-fe0c-4a94-a586-f1a80cfbbf3e}\r\n\r\nClass Name:\tAudioEndpoint\r\n\r\nVendor IDs:\t\r\n\t\tMMDEVAPI\\AudioEndpoints\r\n\t\t\r\n\t\t\r\n\r\nCompatible IDs:\t\r\n\t\tGenericAudioEndpoint\r\n\t\tSWD\\GenericRaw\r\n\t\tSWD\\Generic\r\n\t\t\r\n\t\t\r\n\r\nLocation Information:\t-","SubjectUserSid":"S-1-5-18","SubjectUserName":"HP-LAP704$","SubjectDomainName":"WORKGROUP","SubjectLogonId":"0x3e7","DeviceId":"SWD\\MMDEVAPI\\{0.0.0.00000000}.{eb9121a8-dd8f-4ae7-ad77-3b86422297b9}","DeviceDescription":"1 - Smart M50D (AMD High Definition Audio Device)","ClassId":"{c166523c-fe0c-4a94-a586-f1a80cfbbf3e}","ClassName":"AudioEndpoint","VendorIds":"\n\t\tMMDEVAPI\\AudioEndpoints\n\t\t\n\t\t","CompatibleIds":"\n\t\tGenericAudioEndpoint\n\t\tSWD\\GenericRaw\n\t\tSWD\\Generic\n\t\t\n\t\t","LocationInformation":"-"}
[10.78.233.207] {"timestamp":"2025-12-06 04:18:58","hostname":"HP-LAP704","channel":"Security","event_id":4798,"level":"Information","message":"A user\u0027s local group membership was enumerated.\r\n\r\nSubject:\r\n\tSecurity ID:\t\tS-1-5-21-64021822-3933034794-494143053-1009\r\n\tAccount Name:\t\tHarsh\r\n\tAccount Domain:\t\tHP-LAP704\r\n\tLogon ID:\t\t0xC46BD\r\n\r\nUser:\r\n\tSecurity ID:\t\tS-1-5-21-64021822-3933034794-494143053-1009\r\n\tAccount Name:\t\tHarsh\r\n\tAccount Domain:\t\tHP-LAP704\r\n\r\nProcess Information:\r\n\tProcess ID:\t\t0x28e0\r\n\tProcess Name:\t\tC:\\Windows\\explorer.exe","TargetUserName":"Harsh","TargetDomainName":"HP-LAP704","TargetSid":"S-1-5-21-64021822-3933034794-494143053-1009","SubjectUserSid":"S-1-5-21-64021822-3933034794-494143053-1009","SubjectUserName":"Harsh","SubjectDomainName":"HP-LAP704","SubjectLogonId":"0xc46bd","CallerProcessId":"0x28e0","CallerProcessName":"C:\\Windows\\explorer.exe"}
[10.78.233.207] {"timestamp":"2025-12-06 04:18:59","hostname":"HP-LAP704","channel":"Application","event_id":15,"level":"Information","message":"Updated Windows Defender status successfully to SECURITY_PRODUCT_STATE_ON."}
[10.78.233.207] {"timestamp":"2025-12-06 04:20:01","hostname":"HP-LAP704","channel":"Security","event_id":4624,"level":"Information","message":"An account was successfully logged on.\r\n\r\nSubject:\r\n\tSecurity ID:\t\tS-1-5-18\r\n\tAccount Name:\t\tHP-LAP704$\r\n\tAccount Domain:\t\tWORKGROUP\r\n\tLogon ID:\t\t0x3E7\r\n\r\nLogon Information:\r\n\tLogon Type:\t\t5\r\n\tRestricted Admin Mode:\t-\r\n\tRemote Credential Guard:\t-\r\n\tVirtual Account:\t\tNo\r\n\tElevated Token:\t\tYes\r\n\r\nImpersonation Level:\t\tImpersonation\r\n\r\nNew Logon:\r\n\tSecurity ID:\t\tS-1-5-18\r\n\tAccount Name:\t\tSYSTEM\r\n\tAccount Domain:\t\tNT AUTHORITY\r\n\tLogon ID:\t\t0x3E7\r\n\tLinked Logon ID:\t\t0x0\r\n\tNetwork Account Name:\t-\r\n\tNetwork Account Domain:\t-\r\n\tLogon GUID:\t\t{00000000-0000-0000-0000-000000000000}\r\n\r\nProcess Information:\r\n\tProcess ID:\t\t0x4c4\r\n\tProcess Name:\t\tC:\\Windows\\System32\\services.exe\r\n\r\nNetwork Information:\r\n\tWorkstation Name:\t-\r\n\tSource Network Address:\t-\r\n\tSource Port:\t\t-\r\n\r\nDetailed Authentication Information:\r\n\tLogon Process:\t\tAdvapi  \r\n\tAuthentication Package:\tNegotiate\r\n\tTransited Services:\t-\r\n\tPackage Name (NTLM only):\t-\r\n\tKey Length:\t\t0\r\n\r\nThis event is generated when a logon session is created. It is generated on the computer that was accessed.\r\n\r\nThe subject fields indicate the account on the local system which requested the logon. This is most commonly a service such as the Server service, or a local process such as Winlogon.exe or Services.exe.\r\n\r\nThe logon type field indicates the kind of logon that occurred. The most common types are 2 (interactive) and 3 (network).\r\n\r\nThe New Logon fields indicate the account for whom the new logon was created, i.e. the account that was logged on.\r\n\r\nThe network fields indicate where a remote logon request originated. Workstation name is not always available and may be left blank in some cases.\r\n\r\nThe impersonation level field indicates the extent to which a process in the logon session can impersonate.\r\n\r\nThe authentication information fields provide detailed information about this specific logon request.\r\n\t- Logon GUID is a unique identifier that can be used to correlate this event with a KDC event.\r\n\t- Transited services indicate which intermediate services have participated in this logon request.\r\n\t- Package name indicates which sub-protocol was used among the NTLM protocols.\r\n\t- Key length indicates the length of the generated session key. This will be 0 if no session key was requested.","SubjectUserSid":"S-1-5-18","SubjectUserName":"HP-LAP704$","SubjectDomainName":"WORKGROUP","SubjectLogonId":"0x3e7","TargetUserSid":"S-1-5-18","TargetUserName":"SYSTEM","TargetDomainName":"NT AUTHORITY","TargetLogonId":"0x3e7","LogonType":"5","LogonProcessName":"Advapi  ","AuthenticationPackageName":"Negotiate","WorkstationName":"-","LogonGuid":"{00000000-0000-0000-0000-000000000000}","TransmittedServices":"-","LmPackageName":"-","KeyLength":"0","ProcessId":"0x4c4","ProcessName":"C:\\Windows\\System32\\services.exe","IpAddress":"-","IpPort":"-","ImpersonationLevel":"%%1833","RestrictedAdminMode":"-","RemoteCredentialGuard":"-","TargetOutboundUserName":"-","TargetOutboundDomainName":"-","VirtualAccount":"%%1843","TargetLinkedLogonId":"0x0","ElevatedToken":"%%1842"}
[10.78.233.207] {"timestamp":"2025-12-06 04:20:01","hostname":"HP-LAP704","channel":"Security","event_id":4672,"level":"Information","message":"Special privileges assigned to new logon.\r\n\r\nSubject:\r\n\tSecurity ID:\t\tS-1-5-18\r\n\tAccount Name:\t\tSYSTEM\r\n\tAccount Domain:\t\tNT AUTHORITY\r\n\tLogon ID:\t\t0x3E7\r\n\r\nPrivileges:\t\tSeAssignPrimaryTokenPrivilege\r\n\t\t\tSeTcbPrivilege\r\n\t\t\tSeSecurityPrivilege\r\n\t\t\tSeTakeOwnershipPrivilege\r\n\t\t\tSeLoadDriverPrivilege\r\n\t\t\tSeBackupPrivilege\r\n\t\t\tSeRestorePrivilege\r\n\t\t\tSeDebugPrivilege\r\n\t\t\tSeAuditPrivilege\r\n\t\t\tSeSystemEnvironmentPrivilege\r\n\t\t\tSeImpersonatePrivilege\r\n\t\t\tSeDelegateSessionUserImpersonatePrivilege","SubjectUserSid":"S-1-5-18","SubjectUserName":"SYSTEM","SubjectDomainName":"NT AUTHORITY","SubjectLogonId":"0x3e7","PrivilegeList":"SeAssignPrimaryTokenPrivilege\n\t\t\tSeTcbPrivilege\n\t\t\tSeSecurityPrivilege\n\t\t\tSeTakeOwnershipPrivilege\n\t\t\tSeLoadDriverPrivilege\n\t\t\tSeBackupPrivilege\n\t\t\tSeRestorePrivilege\n\t\t\tSeDebugPrivilege\n\t\t\tSeAuditPrivilege\n\t\t\tSeSystemEnvironmentPrivilege\n\t\t\tSeImpersonatePrivilege\n\t\t\tSeDelegateSessionUserImpersonatePrivilege"}
[10.78.233.207] {"timestamp":"2025-12-06 04:20:01","hostname":"HP-LAP704","channel":"Security","event_id":4624,"level":"Information","message":"An account was successfully logged on.\r\n\r\nSubject:\r\n\tSecurity ID:\t\tS-1-5-18\r\n\tAccount Name:\t\tHP-LAP704$\r\n\tAccount Domain:\t\tWORKGROUP\r\n\tLogon ID:\t\t0x3E7\r\n\r\nLogon Information:\r\n\tLogon Type:\t\t5\r\n\tRestricted Admin Mode:\t-\r\n\tRemote Credential Guard:\t-\r\n\tVirtual Account:\t\tNo\r\n\tElevated Token:\t\tYes\r\n\r\nImpersonation Level:\t\tImpersonation\r\n\r\nNew Logon:\r\n\tSecurity ID:\t\tS-1-5-18\r\n\tAccount Name:\t\tSYSTEM\r\n\tAccount Domain:\t\tNT AUTHORITY\r\n\tLogon ID:\t\t0x3E7\r\n\tLinked Logon ID:\t\t0x0\r\n\tNetwork Account Name:\t-\r\n\tNetwork Account Domain:\t-\r\n\tLogon GUID:\t\t{00000000-0000-0000-0000-000000000000}\r\n\r\nProcess Information:\r\n\tProcess ID:\t\t0x4c4\r\n\tProcess Name:\t\tC:\\Windows\\System32\\services.exe\r\n\r\nNetwork Information:\r\n\tWorkstation Name:\t-\r\n\tSource Network Address:\t-\r\n\tSource Port:\t\t-\r\n\r\nDetailed Authentication Information:\r\n\tLogon Process:\t\tAdvapi  \r\n\tAuthentication Package:\tNegotiate\r\n\tTransited Services:\t-\r\n\tPackage Name (NTLM only):\t-\r\n\tKey Length:\t\t0\r\n\r\nThis event is generated when a logon session is created. It is generated on the computer that was accessed.\r\n\r\nThe subject fields indicate the account on the local system which requested the logon. This is most commonly a service such as the Server service, or a local process such as Winlogon.exe or Services.exe.\r\n\r\nThe logon type field indicates the kind of logon that occurred. The most common types are 2 (interactive) and 3 (network).\r\n\r\nThe New Logon fields indicate the account for whom the new logon was created, i.e. the account that was logged on.\r\n\r\nThe network fields indicate where a remote logon request originated. Workstation name is not always available and may be left blank in some cases.\r\n\r\nThe impersonation level field indicates the extent to which a process in the logon session can impersonate.\r\n\r\nThe authentication information fields provide detailed information about this specific logon request.\r\n\t- Logon GUID is a unique identifier that can be used to correlate this event with a KDC event.\r\n\t- Transited services indicate which intermediate services have participated in this logon request.\r\n\t- Package name indicates which sub-protocol was used among the NTLM protocols.\r\n\t- Key length indicates the length of the generated session key. This will be 0 if no session key was requested.","SubjectUserSid":"S-1-5-18","SubjectUserName":"HP-LAP704$","SubjectDomainName":"WORKGROUP","SubjectLogonId":"0x3e7","TargetUserSid":"S-1-5-18","TargetUserName":"SYSTEM","TargetDomainName":"NT AUTHORITY","TargetLogonId":"0x3e7","LogonType":"5","LogonProcessName":"Advapi  ","AuthenticationPackageName":"Negotiate","WorkstationName":"-","LogonGuid":"{00000000-0000-0000-0000-000000000000}","TransmittedServices":"-","LmPackageName":"-","KeyLength":"0","ProcessId":"0x4c4","ProcessName":"C:\\Windows\\System32\\services.exe","IpAddress":"-","IpPort":"-","ImpersonationLevel":"%%1833","RestrictedAdminMode":"-","RemoteCredentialGuard":"-","TargetOutboundUserName":"-","TargetOutboundDomainName":"-","VirtualAccount":"%%1843","TargetLinkedLogonId":"0x0","ElevatedToken":"%%1842"}
[10.78.233.207] {"timestamp":"2025-12-06 04:20:01","hostname":"HP-LAP704","channel":"Security","event_id":4672,"level":"Information","message":"Special privileges assigned to new logon.\r\n\r\nSubject:\r\n\tSecurity ID:\t\tS-1-5-18\r\n\tAccount Name:\t\tSYSTEM\r\n\tAccount Domain:\t\tNT AUTHORITY\r\n\tLogon ID:\t\t0x3E7\r\n\r\nPrivileges:\t\tSeAssignPrimaryTokenPrivilege\r\n\t\t\tSeTcbPrivilege\r\n\t\t\tSeSecurityPrivilege\r\n\t\t\tSeTakeOwnershipPrivilege\r\n\t\t\tSeLoadDriverPrivilege\r\n\t\t\tSeBackupPrivilege\r\n\t\t\tSeRestorePrivilege\r\n\t\t\tSeDebugPrivilege\r\n\t\t\tSeAuditPrivilege\r\n\t\t\tSeSystemEnvironmentPrivilege\r\n\t\t\tSeImpersonatePrivilege\r\n\t\t\tSeDelegateSessionUserImpersonatePrivilege","SubjectUserSid":"S-1-5-18","SubjectUserName":"SYSTEM","SubjectDomainName":"NT AUTHORITY","SubjectLogonId":"0x3e7","PrivilegeList":"SeAssignPrimaryTokenPrivilege\n\t\t\tSeTcbPrivilege\n\t\t\tSeSecurityPrivilege\n\t\t\tSeTakeOwnershipPrivilege\n\t\t\tSeLoadDriverPrivilege\n\t\t\tSeBackupPrivilege\n\t\t\tSeRestorePrivilege\n\t\t\tSeDebugPrivilege\n\t\t\tSeAuditPrivilege\n\t\t\tSeSystemEnvironmentPrivilege\n\t\t\tSeImpersonatePrivilege\n\t\t\tSeDelegateSessionUserImpersonatePrivilege"}
[10.78.233.207] {"timestamp":"2025-12-06 04:20:01","hostname":"HP-LAP704","channel":"System","event_id":5,"level":"Information","message":"Secure Trustlet NULL Id 0 and Pid 0 started with status STATUS_SUCCESS.","TrustletIdentity":"0","NormalProcessId":"0","Status":"0","ImageName":"NULL"}
[10.78.233.207] {"timestamp":"2025-12-06 04:20:01","hostname":"HP-LAP704","channel":"System","event_id":1,"level":"Information","message":"Secure Trustlet \\??\\C:\\WINDOWS\\System32\\NgcIso.exe Id 6 and Pid 28128 started with status STATUS_SUCCESS.","TrustletIdentity":"6","NormalProcessId":"28128","Status":"0","ImageName":"\\??\\C:\\WINDOWS\\System32\\NgcIso.exe"}
[10.78.233.207] {"timestamp":"2025-12-06 04:20:01","hostname":"HP-LAP704","channel":"Security","event_id":5382,"level":"Information","message":"Vault credentials were read.\r\n\r\nSubject:\r\n\tSecurity ID:\t\tS-1-5-18\r\n\tAccount Name:\t\tHP-LAP704$\r\n\tAccount Domain:\t\tWORKGROUP\r\n\tLogon ID:\t\t0x3E7\r\n\r\nThis event occurs when a user reads a stored vault credential.","SubjectUserSid":"S-1-5-18","SubjectUserName":"HP-LAP704$","SubjectDomainName":"WORKGROUP","SubjectLogonId":"0x3e7","SchemaFriendlyName":"NGC Local Accoount Logon Vault Resource Schema","Schema":"{1d4350a3-330d-4af9-b3ff-a927a45998ac}","Resource":"NGC Local Accoount Logon Vault Resource","Identity":"0105000000000005150000003EE5D0032A596DEA4D06741DE9030000","Flags":"0","ReturnCode":"1168","ProcessCreationTime":"2025-12-05T22:50:01.4823821Z","ClientProcessId":"3280"}
[10.78.233.207] {"timestamp":"2025-12-06 04:20:01","hostname":"HP-LAP704","channel":"Security","event_id":4798,"level":"Information","message":"A user\u0027s local group membership was enumerated.\r\n\r\nSubject:\r\n\tSecurity ID:\t\tS-1-5-18\r\n\tAccount Name:\t\tHP-LAP704$\r\n\tAccount Domain:\t\tWORKGROUP\r\n\tLogon ID:\t\t0x3E7\r\n\r\nUser:\r\n\tSecurity ID:\t\tS-1-5-21-64021822-3933034794-494143053-1009\r\n\tAccount Name:\t\tHarsh\r\n\tAccount Domain:\t\tHP-LAP704\r\n\r\nProcess Information:\r\n\tProcess ID:\t\t0x72e8\r\n\tProcess Name:\t\tC:\\Windows\\System32\\DeviceCensus.exe","TargetUserName":"Harsh","TargetDomainName":"HP-LAP704","TargetSid":"S-1-5-21-64021822-3933034794-494143053-1009","SubjectUserSid":"S-1-5-18","SubjectUserName":"HP-LAP704$","SubjectDomainName":"WORKGROUP","SubjectLogonId":"0x3e7","CallerProcessId":"0x72e8","CallerProcessName":"C:\\Windows\\System32\\DeviceCensus.exe"}
[10.78.233.207] {"timestamp":"2025-12-06 04:20:01","hostname":"HP-LAP704","channel":"Security","event_id":5382,"level":"Information","message":"Vault credentials were read.\r\n\r\nSubject:\r\n\tSecurity ID:\t\tS-1-5-18\r\n\tAccount Name:\t\tHP-LAP704$\r\n\tAccount Domain:\t\tWORKGROUP\r\n\tLogon ID:\t\t0x3E7\r\n\r\nThis event occurs when a user reads a stored vault credential.","SubjectUserSid":"S-1-5-18","SubjectUserName":"HP-LAP704$","SubjectDomainName":"WORKGROUP","SubjectLogonId":"0x3e7","SchemaFriendlyName":"NGC Local Accoount Logon Vault Resource Schema","Schema":"{1d4350a3-330d-4af9-b3ff-a927a45998ac}","Resource":"NGC Local Accoount Logon Vault Resource","Identity":"0105000000000005150000003EE5D0032A596DEA4D06741DF1030000","Flags":"0","ReturnCode":"1168","ProcessCreationTime":"2025-12-05T22:50:01.4823821Z","ClientProcessId":"3280"}
[10.78.233.207] {"timestamp":"2025-12-06 04:20:01","hostname":"HP-LAP704","channel":"Security","event_id":4798,"level":"Information","message":"A user\u0027s local group membership was enumerated.\r\n\r\nSubject:\r\n\tSecurity ID:\t\tS-1-5-18\r\n\tAccount Name:\t\tHP-LAP704$\r\n\tAccount Domain:\t\tWORKGROUP\r\n\tLogon ID:\t\t0x3E7\r\n\r\nUser:\r\n\tSecurity ID:\t\tS-1-5-21-64021822-3933034794-494143053-1001\r\n\tAccount Name:\t\tnavka\r\n\tAccount Domain:\t\tHP-LAP704\r\n\r\nProcess Information:\r\n\tProcess ID:\t\t0x72e8\r\n\tProcess Name:\t\tC:\\Windows\\System32\\DeviceCensus.exe","TargetUserName":"navka","TargetDomainName":"HP-LAP704","TargetSid":"S-1-5-21-64021822-3933034794-494143053-1001","SubjectUserSid":"S-1-5-18","SubjectUserName":"HP-LAP704$","SubjectDomainName":"WORKGROUP","SubjectLogonId":"0x3e7","CallerProcessId":"0x72e8","CallerProcessName":"C:\\Windows\\System32\\DeviceCensus.exe"}
[10.78.233.207] {"timestamp":"2025-12-06 04:20:01","hostname":"HP-LAP704","channel":"Security","event_id":5382,"level":"Information","message":"Vault credentials were read.\r\n\r\nSubject:\r\n\tSecurity ID:\t\tS-1-5-18\r\n\tAccount Name:\t\tHP-LAP704$\r\n\tAccount Domain:\t\tWORKGROUP\r\n\tLogon ID:\t\t0x3E7\r\n\r\nThis event occurs when a user reads a stored vault credential.","SubjectUserSid":"S-1-5-18","SubjectUserName":"HP-LAP704$","SubjectDomainName":"WORKGROUP","SubjectLogonId":"0x3e7","SchemaFriendlyName":"NGC Local Accoount Logon Vault Resource Schema","Schema":"{1d4350a3-330d-4af9-b3ff-a927a45998ac}","Resource":"NGC Local Accoount Logon Vault Resource","Identity":"0105000000000005150000003EE5D0032A596DEA4D06741DE9030000","Flags":"0","ReturnCode":"1168","ProcessCreationTime":"2025-12-05T22:50:01.4823821Z","ClientProcessId":"3280"}
[10.78.233.207] {"timestamp":"2025-12-06 04:20:01","hostname":"HP-LAP704","channel":"Security","event_id":5382,"level":"Information","message":"Vault credentials were read.\r\n\r\nSubject:\r\n\tSecurity ID:\t\tS-1-5-18\r\n\tAccount Name:\t\tHP-LAP704$\r\n\tAccount Domain:\t\tWORKGROUP\r\n\tLogon ID:\t\t0x3E7\r\n\r\nThis event occurs when a user reads a stored vault credential.","SubjectUserSid":"S-1-5-18","SubjectUserName":"HP-LAP704$","SubjectDomainName":"WORKGROUP","SubjectLogonId":"0x3e7","SchemaFriendlyName":"NGC Local Accoount Logon Vault Resource Schema","Schema":"{1d4350a3-330d-4af9-b3ff-a927a45998ac}","Resource":"NGC Local Accoount Logon Vault Resource","Identity":"0105000000000005150000003EE5D0032A596DEA4D06741DE9030000","Flags":"0","ReturnCode":"1168","ProcessCreationTime":"2025-12-05T22:50:01.4823821Z","ClientProcessId":"3280"}
[10.78.233.207] {"timestamp":"2025-12-06 04:20:02","hostname":"HP-LAP704","channel":"Security","event_id":4798,"level":"Information","message":"A user\u0027s local group membership was enumerated.\r\n\r\nSubject:\r\n\tSecurity ID:\t\tS-1-5-18\r\n\tAccount Name:\t\tHP-LAP704$\r\n\tAccount Domain:\t\tWORKGROUP\r\n\tLogon ID:\t\t0x3E7\r\n\r\nUser:\r\n\tSecurity ID:\t\tS-1-5-21-64021822-3933034794-494143053-1008\r\n\tAccount Name:\t\tDhruvika\r\n\tAccount Domain:\t\tHP-LAP704\r\n\r\nProcess Information:\r\n\tProcess ID:\t\t0x72e8\r\n\tProcess Name:\t\tC:\\Windows\\System32\\DeviceCensus.exe","TargetUserName":"Dhruvika","TargetDomainName":"HP-LAP704","TargetSid":"S-1-5-21-64021822-3933034794-494143053-1008","SubjectUserSid":"S-1-5-18","SubjectUserName":"HP-LAP704$","SubjectDomainName":"WORKGROUP","SubjectLogonId":"0x3e7","CallerProcessId":"0x72e8","CallerProcessName":"C:\\Windows\\System32\\DeviceCensus.exe"}
[10.78.233.207] {"timestamp":"2025-12-06 04:20:02","hostname":"HP-LAP704","channel":"Security","event_id":5382,"level":"Information","message":"Vault credentials were read.\r\n\r\nSubject:\r\n\tSecurity ID:\t\tS-1-5-18\r\n\tAccount Name:\t\tHP-LAP704$\r\n\tAccount Domain:\t\tWORKGROUP\r\n\tLogon ID:\t\t0x3E7\r\n\r\nThis event occurs when a user reads a stored vault credential.","SubjectUserSid":"S-1-5-18","SubjectUserName":"HP-LAP704$","SubjectDomainName":"WORKGROUP","SubjectLogonId":"0x3e7","SchemaFriendlyName":"NGC Local Accoount Logon Vault Resource Schema","Schema":"{1d4350a3-330d-4af9-b3ff-a927a45998ac}","Resource":"NGC Local Accoount Logon Vault Resource","Identity":"0105000000000005150000003EE5D0032A596DEA4D06741DF0030000","Flags":"0","ReturnCode":"1168","ProcessCreationTime":"2025-12-05T22:50:01.4823821Z","ClientProcessId":"3280"}
[10.78.233.207] {"timestamp":"2025-12-06 04:20:02","hostname":"HP-LAP704","channel":"Security","event_id":4624,"level":"Information","message":"An account was successfully logged on.\r\n\r\nSubject:\r\n\tSecurity ID:\t\tS-1-5-18\r\n\tAccount Name:\t\tHP-LAP704$\r\n\tAccount Domain:\t\tWORKGROUP\r\n\tLogon ID:\t\t0x3E7\r\n\r\nLogon Information:\r\n\tLogon Type:\t\t5\r\n\tRestricted Admin Mode:\t-\r\n\tRemote Credential Guard:\t-\r\n\tVirtual Account:\t\tNo\r\n\tElevated Token:\t\tYes\r\n\r\nImpersonation Level:\t\tImpersonation\r\n\r\nNew Logon:\r\n\tSecurity ID:\t\tS-1-5-18\r\n\tAccount Name:\t\tSYSTEM\r\n\tAccount Domain:\t\tNT AUTHORITY\r\n\tLogon ID:\t\t0x3E7\r\n\tLinked Logon ID:\t\t0x0\r\n\tNetwork Account Name:\t-\r\n\tNetwork Account Domain:\t-\r\n\tLogon GUID:\t\t{00000000-0000-0000-0000-000000000000}\r\n\r\nProcess Information:\r\n\tProcess ID:\t\t0x4c4\r\n\tProcess Name:\t\tC:\\Windows\\System32\\services.exe\r\n\r\nNetwork Information:\r\n\tWorkstation Name:\t-\r\n\tSource Network Address:\t-\r\n\tSource Port:\t\t-\r\n\r\nDetailed Authentication Information:\r\n\tLogon Process:\t\tAdvapi  \r\n\tAuthentication Package:\tNegotiate\r\n\tTransited Services:\t-\r\n\tPackage Name (NTLM only):\t-\r\n\tKey Length:\t\t0\r\n\r\nThis event is generated when a logon session is created. It is generated on the computer that was accessed.\r\n\r\nThe subject fields indicate the account on the local system which requested the logon. This is most commonly a service such as the Server service, or a local process such as Winlogon.exe or Services.exe.\r\n\r\nThe logon type field indicates the kind of logon that occurred. The most common types are 2 (interactive) and 3 (network).\r\n\r\nThe New Logon fields indicate the account for whom the new logon was created, i.e. the account that was logged on.\r\n\r\nThe network fields indicate where a remote logon request originated. Workstation name is not always available and may be left blank in some cases.\r\n\r\nThe impersonation level field indicates the extent to which a process in the logon session can impersonate.\r\n\r\nThe authentication information fields provide detailed information about this specific logon request.\r\n\t- Logon GUID is a unique identifier that can be used to correlate this event with a KDC event.\r\n\t- Transited services indicate which intermediate services have participated in this logon request.\r\n\t- Package name indicates which sub-protocol was used among the NTLM protocols.\r\n\t- Key length indicates the length of the generated session key. This will be 0 if no session key was requested.","SubjectUserSid":"S-1-5-18","SubjectUserName":"HP-LAP704$","SubjectDomainName":"WORKGROUP","SubjectLogonId":"0x3e7","TargetUserSid":"S-1-5-18","TargetUserName":"SYSTEM","TargetDomainName":"NT AUTHORITY","TargetLogonId":"0x3e7","LogonType":"5","LogonProcessName":"Advapi  ","AuthenticationPackageName":"Negotiate","WorkstationName":"-","LogonGuid":"{00000000-0000-0000-0000-000000000000}","TransmittedServices":"-","LmPackageName":"-","KeyLength":"0","ProcessId":"0x4c4","ProcessName":"C:\\Windows\\System32\\services.exe","IpAddress":"-","IpPort":"-","ImpersonationLevel":"%%1833","RestrictedAdminMode":"-","RemoteCredentialGuard":"-","TargetOutboundUserName":"-","TargetOutboundDomainName":"-","VirtualAccount":"%%1843","TargetLinkedLogonId":"0x0","ElevatedToken":"%%1842"}
[10.78.233.207] {"timestamp":"2025-12-06 04:20:02","hostname":"HP-LAP704","channel":"Security","event_id":4672,"level":"Information","message":"Special privileges assigned to new logon.\r\n\r\nSubject:\r\n\tSecurity ID:\t\tS-1-5-18\r\n\tAccount Name:\t\tSYSTEM\r\n\tAccount Domain:\t\tNT AUTHORITY\r\n\tLogon ID:\t\t0x3E7\r\n\r\nPrivileges:\t\tSeAssignPrimaryTokenPrivilege\r\n\t\t\tSeTcbPrivilege\r\n\t\t\tSeSecurityPrivilege\r\n\t\t\tSeTakeOwnershipPrivilege\r\n\t\t\tSeLoadDriverPrivilege\r\n\t\t\tSeBackupPrivilege\r\n\t\t\tSeRestorePrivilege\r\n\t\t\tSeDebugPrivilege\r\n\t\t\tSeAuditPrivilege\r\n\t\t\tSeSystemEnvironmentPrivilege\r\n\t\t\tSeImpersonatePrivilege\r\n\t\t\tSeDelegateSessionUserImpersonatePrivilege","SubjectUserSid":"S-1-5-18","SubjectUserName":"SYSTEM","SubjectDomainName":"NT AUTHORITY","SubjectLogonId":"0x3e7","PrivilegeList":"SeAssignPrimaryTokenPrivilege\n\t\t\tSeTcbPrivilege\n\t\t\tSeSecurityPrivilege\n\t\t\tSeTakeOwnershipPrivilege\n\t\t\tSeLoadDriverPrivilege\n\t\t\tSeBackupPrivilege\n\t\t\tSeRestorePrivilege\n\t\t\tSeDebugPrivilege\n\t\t\tSeAuditPrivilege\n\t\t\tSeSystemEnvironmentPrivilege\n\t\t\tSeImpersonatePrivilege\n\t\t\tSeDelegateSessionUserImpersonatePrivilege"}
[10.78.233.207] {"timestamp":"2025-12-06 04:20:03","hostname":"HP-LAP704","channel":"Security","event_id":5379,"level":"Information","message":"Credential Manager credentials were read.\r\n\r\nSubject:\r\n\tSecurity ID:\t\tS-1-5-18\r\n\tAccount Name:\t\tHP-LAP704$\r\n\tAccount Domain:\t\tWORKGROUP\r\n\tLogon ID:\t\t0x3E7\r\n\tRead Operation:\t\tEnumerate Credentials\r\n\r\nThis event occurs when a user performs a read operation on stored credentials in Credential Manager.","SubjectUserSid":"S-1-5-18","SubjectUserName":"HP-LAP704$","SubjectDomainName":"WORKGROUP","SubjectLogonId":"0x3e7","TargetName":"WindowsLive:(token):name=02slqhdbnrpqkreq;serviceuri=*","Type":"0","CountOfCredentialsReturned":"0","ReadOperation":"%%8100","ReturnCode":"3221226021","ProcessCreationTime":"2025-12-05T22:50:02.9983993Z","ClientProcessId":"8632"}
[10.78.233.207] {"timestamp":"2025-12-06 04:20:03","hostname":"HP-LAP704","channel":"Security","event_id":5379,"level":"Information","message":"Credential Manager credentials were read.\r\n\r\nSubject:\r\n\tSecurity ID:\t\tS-1-5-18\r\n\tAccount Name:\t\tHP-LAP704$\r\n\tAccount Domain:\t\tWORKGROUP\r\n\tLogon ID:\t\t0x3E7\r\n\tRead Operation:\t\tEnumerate Credentials\r\n\r\nThis event occurs when a user performs a read operation on stored credentials in Credential Manager.","SubjectUserSid":"S-1-5-18","SubjectUserName":"HP-LAP704$","SubjectDomainName":"WORKGROUP","SubjectLogonId":"0x3e7","TargetName":"WindowsLive:(cert):name=02slqhdbnrpqkreq;serviceuri=*","Type":"0","CountOfCredentialsReturned":"0","ReadOperation":"%%8100","ReturnCode":"3221226021","ProcessCreationTime":"2025-12-05T22:50:02.9983993Z","ClientProcessId":"8632"}
[10.78.233.207] {"timestamp":"2025-12-06 04:20:03","hostname":"HP-LAP704","channel":"Security","event_id":5379,"level":"Information","message":"Credential Manager credentials were read.\r\n\r\nSubject:\r\n\tSecurity ID:\t\tS-1-5-18\r\n\tAccount Name:\t\tHP-LAP704$\r\n\tAccount Domain:\t\tWORKGROUP\r\n\tLogon ID:\t\t0x3E7\r\n\tRead Operation:\t\tEnumerate Credentials\r\n\r\nThis event occurs when a user performs a read operation on stored credentials in Credential Manager.","SubjectUserSid":"S-1-5-18","SubjectUserName":"HP-LAP704$","SubjectDomainName":"WORKGROUP","SubjectLogonId":"0x3e7","TargetName":"WindowsLive:target=virtualapp/didlogical","Type":"0","CountOfCredentialsReturned":"1","ReadOperation":"%%8100","ReturnCode":"0","ProcessCreationTime":"2025-12-05T22:50:02.9983993Z","ClientProcessId":"8632"}
[10.78.233.207] {"timestamp":"2025-12-06 04:20:03","hostname":"HP-LAP704","channel":"Security","event_id":5379,"level":"Information","message":"Credential Manager credentials were read.\r\n\r\nSubject:\r\n\tSecurity ID:\t\tS-1-5-21-64021822-3933034794-494143053-1009\r\n\tAccount Name:\t\tHarsh\r\n\tAccount Domain:\t\tHP-LAP704\r\n\tLogon ID:\t\t0xC46BD\r\n\tRead Operation:\t\tEnumerate Credentials\r\n\r\nThis event occurs when a user performs a read operation on stored credentials in Credential Manager.","SubjectUserSid":"S-1-5-21-64021822-3933034794-494143053-1009","SubjectUserName":"Harsh","SubjectDomainName":"HP-LAP704","SubjectLogonId":"0xc46bd","TargetName":"WindowsLive:(token):name=02yxcezppzmsplle;serviceuri=*","Type":"0","CountOfCredentialsReturned":"0","ReadOperation":"%%8100","ReturnCode":"3221226021","ProcessCreationTime":"2025-12-05T22:50:02.9983993Z","ClientProcessId":"8632"}
[10.78.233.207] {"timestamp":"2025-12-06 04:20:03","hostname":"HP-LAP704","channel":"Security","event_id":5379,"level":"Information","message":"Credential Manager credentials were read.\r\n\r\nSubject:\r\n\tSecurity ID:\t\tS-1-5-21-64021822-3933034794-494143053-1009\r\n\tAccount Name:\t\tHarsh\r\n\tAccount Domain:\t\tHP-LAP704\r\n\tLogon ID:\t\t0xC46BD\r\n\tRead Operation:\t\tEnumerate Credentials\r\n\r\nThis event occurs when a user performs a read operation on stored credentials in Credential Manager.","SubjectUserSid":"S-1-5-21-64021822-3933034794-494143053-1009","SubjectUserName":"Harsh","SubjectDomainName":"HP-LAP704","SubjectLogonId":"0xc46bd","TargetName":"WindowsLive:(cert):name=02yxcezppzmsplle;serviceuri=*","Type":"0","CountOfCredentialsReturned":"0","ReadOperation":"%%8100","ReturnCode":"3221226021","ProcessCreationTime":"2025-12-05T22:50:02.9983993Z","ClientProcessId":"8632"}
