[10.78.233.207] {"timestamp":"2025-12-06 06:27:29","hostname":"HP-LAP704","channel":"Security","event_id":4624,"level":"Information","message":"An account was successfully logged on.\r\n\r\nSubject:\r\n\tSecurity ID:\t\tS-1-5-18\r\n\tAccount Name:\t\tHP-LAP704$\r\n\tAccount Domain:\t\tWORKGROUP\r\n\tLogon ID:\t\t0x3E7\r\n\r\nLogon Information:\r\n\tLogon Type:\t\t5\r\n\tRestricted Admin Mode:\t-\r\n\tRemote Credential Guard:\t-\r\n\tVirtual Account:\t\tNo\r\n\tElevated Token:\t\tYes\r\n\r\nImpersonation Level:\t\tImpersonation\r\n\r\nNew Logon:\r\n\tSecurity ID:\t\tS-1-5-18\r\n\tAccount Name:\t\tSYSTEM\r\n\tAccount Domain:\t\tNT AUTHORITY\r\n\tLogon ID:\t\t0x3E7\r\n\tLinked Logon ID:\t\t0x0\r\n\tNetwork Account Name:\t-\r\n\tNetwork Account Domain:\t-\r\n\tLogon GUID:\t\t{00000000-0000-0000-0000-000000000000}\r\n\r\nProcess Information:\r\n\tProcess ID:\t\t0x4c4\r\n\tProcess Name:\t\tC:\\Windows\\System32\\services.exe\r\n\r\nNetwork Information:\r\n\tWorkstation Name:\t-\r\n\tSource Network Address:\t-\r\n\tSource Port:\t\t-\r\n\r\nDetailed Authentication Information:\r\n\tLogon Process:\t\tAdvapi  \r\n\tAuthentication Package:\tNegotiate\r\n\tTransited Services:\t-\r\n\tPackage Name (NTLM only):\t-\r\n\tKey Length:\t\t0\r\n\r\nThis event is generated when a logon session is created. It is generated on the computer that was accessed.\r\n\r\nThe subject fields indicate the account on the local system which requested the logon. This is most commonly a service such as the Server service, or a local process such as Winlogon.exe or Services.exe.\r\n\r\nThe logon type field indicates the kind of logon that occurred. The most common types are 2 (interactive) and 3 (network).\r\n\r\nThe New Logon fields indicate the account for whom the new logon was created, i.e. the account that was logged on.\r\n\r\nThe network fields indicate where a remote logon request originated. Workstation name is not always available and may be left blank in some cases.\r\n\r\nThe impersonation level field indicates the extent to which a process in the logon session can impersonate.\r\n\r\nThe authentication information fields provide detailed information about this specific logon request.\r\n\t- Logon GUID is a unique identifier that can be used to correlate this event with a KDC event.\r\n\t- Transited services indicate which intermediate services have participated in this logon request.\r\n\t- Package name indicates which sub-protocol was used among the NTLM protocols.\r\n\t- Key length indicates the length of the generated session key. This will be 0 if no session key was requested.","SubjectUserSid":"S-1-5-18","SubjectUserName":"HP-LAP704$","SubjectDomainName":"WORKGROUP","SubjectLogonId":"0x3e7","TargetUserSid":"S-1-5-18","TargetUserName":"SYSTEM","TargetDomainName":"NT AUTHORITY","TargetLogonId":"0x3e7","LogonType":"5","LogonProcessName":"Advapi  ","AuthenticationPackageName":"Negotiate","WorkstationName":"-","LogonGuid":"{00000000-0000-0000-0000-000000000000}","TransmittedServices":"-","LmPackageName":"-","KeyLength":"0","ProcessId":"0x4c4","ProcessName":"C:\\Windows\\System32\\services.exe","IpAddress":"-","IpPort":"-","ImpersonationLevel":"%%1833","RestrictedAdminMode":"-","RemoteCredentialGuard":"-","TargetOutboundUserName":"-","TargetOutboundDomainName":"-","VirtualAccount":"%%1843","TargetLinkedLogonId":"0x0","ElevatedToken":"%%1842"}
[10.78.233.207] {"timestamp":"2025-12-06 06:27:29","hostname":"HP-LAP704","channel":"Security","event_id":4672,"level":"Information","message":"Special privileges assigned to new logon.\r\n\r\nSubject:\r\n\tSecurity ID:\t\tS-1-5-18\r\n\tAccount Name:\t\tSYSTEM\r\n\tAccount Domain:\t\tNT AUTHORITY\r\n\tLogon ID:\t\t0x3E7\r\n\r\nPrivileges:\t\tSeAssignPrimaryTokenPrivilege\r\n\t\t\tSeTcbPrivilege\r\n\t\t\tSeSecurityPrivilege\r\n\t\t\tSeTakeOwnershipPrivilege\r\n\t\t\tSeLoadDriverPrivilege\r\n\t\t\tSeBackupPrivilege\r\n\t\t\tSeRestorePrivilege\r\n\t\t\tSeDebugPrivilege\r\n\t\t\tSeAuditPrivilege\r\n\t\t\tSeSystemEnvironmentPrivilege\r\n\t\t\tSeImpersonatePrivilege\r\n\t\t\tSeDelegateSessionUserImpersonatePrivilege","SubjectUserSid":"S-1-5-18","SubjectUserName":"SYSTEM","SubjectDomainName":"NT AUTHORITY","SubjectLogonId":"0x3e7","PrivilegeList":"SeAssignPrimaryTokenPrivilege\n\t\t\tSeTcbPrivilege\n\t\t\tSeSecurityPrivilege\n\t\t\tSeTakeOwnershipPrivilege\n\t\t\tSeLoadDriverPrivilege\n\t\t\tSeBackupPrivilege\n\t\t\tSeRestorePrivilege\n\t\t\tSeDebugPrivilege\n\t\t\tSeAuditPrivilege\n\t\t\tSeSystemEnvironmentPrivilege\n\t\t\tSeImpersonatePrivilege\n\t\t\tSeDelegateSessionUserImpersonatePrivilege"}
[10.78.233.207] {"timestamp":"2025-12-06 06:31:39","hostname":"HP-LAP704","channel":"System","event_id":2,"level":"Information","message":"Secure Trustlet Id 6 and Pid 19808 stopped with status STATUS_SUCCESS.","TrustletIdentity":"6","NormalProcessId":"19808","Status":"0"}
[10.78.233.207] {"timestamp":"2025-12-06 06:32:16","hostname":"HP-LAP704","channel":"Security","event_id":4624,"level":"Information","message":"An account was successfully logged on.\r\n\r\nSubject:\r\n\tSecurity ID:\t\tS-1-5-18\r\n\tAccount Name:\t\tHP-LAP704$\r\n\tAccount Domain:\t\tWORKGROUP\r\n\tLogon ID:\t\t0x3E7\r\n\r\nLogon Information:\r\n\tLogon Type:\t\t5\r\n\tRestricted Admin Mode:\t-\r\n\tRemote Credential Guard:\t-\r\n\tVirtual Account:\t\tNo\r\n\tElevated Token:\t\tYes\r\n\r\nImpersonation Level:\t\tImpersonation\r\n\r\nNew Logon:\r\n\tSecurity ID:\t\tS-1-5-18\r\n\tAccount Name:\t\tSYSTEM\r\n\tAccount Domain:\t\tNT AUTHORITY\r\n\tLogon ID:\t\t0x3E7\r\n\tLinked Logon ID:\t\t0x0\r\n\tNetwork Account Name:\t-\r\n\tNetwork Account Domain:\t-\r\n\tLogon GUID:\t\t{00000000-0000-0000-0000-000000000000}\r\n\r\nProcess Information:\r\n\tProcess ID:\t\t0x4c4\r\n\tProcess Name:\t\tC:\\Windows\\System32\\services.exe\r\n\r\nNetwork Information:\r\n\tWorkstation Name:\t-\r\n\tSource Network Address:\t-\r\n\tSource Port:\t\t-\r\n\r\nDetailed Authentication Information:\r\n\tLogon Process:\t\tAdvapi  \r\n\tAuthentication Package:\tNegotiate\r\n\tTransited Services:\t-\r\n\tPackage Name (NTLM only):\t-\r\n\tKey Length:\t\t0\r\n\r\nThis event is generated when a logon session is created. It is generated on the computer that was accessed.\r\n\r\nThe subject fields indicate the account on the local system which requested the logon. This is most commonly a service such as the Server service, or a local process such as Winlogon.exe or Services.exe.\r\n\r\nThe logon type field indicates the kind of logon that occurred. The most common types are 2 (interactive) and 3 (network).\r\n\r\nThe New Logon fields indicate the account for whom the new logon was created, i.e. the account that was logged on.\r\n\r\nThe network fields indicate where a remote logon request originated. Workstation name is not always available and may be left blank in some cases.\r\n\r\nThe impersonation level field indicates the extent to which a process in the logon session can impersonate.\r\n\r\nThe authentication information fields provide detailed information about this specific logon request.\r\n\t- Logon GUID is a unique identifier that can be used to correlate this event with a KDC event.\r\n\t- Transited services indicate which intermediate services have participated in this logon request.\r\n\t- Package name indicates which sub-protocol was used among the NTLM protocols.\r\n\t- Key length indicates the length of the generated session key. This will be 0 if no session key was requested.","SubjectUserSid":"S-1-5-18","SubjectUserName":"HP-LAP704$","SubjectDomainName":"WORKGROUP","SubjectLogonId":"0x3e7","TargetUserSid":"S-1-5-18","TargetUserName":"SYSTEM","TargetDomainName":"NT AUTHORITY","TargetLogonId":"0x3e7","LogonType":"5","LogonProcessName":"Advapi  ","AuthenticationPackageName":"Negotiate","WorkstationName":"-","LogonGuid":"{00000000-0000-0000-0000-000000000000}","TransmittedServices":"-","LmPackageName":"-","KeyLength":"0","ProcessId":"0x4c4","ProcessName":"C:\\Windows\\System32\\services.exe","IpAddress":"-","IpPort":"-","ImpersonationLevel":"%%1833","RestrictedAdminMode":"-","RemoteCredentialGuard":"-","TargetOutboundUserName":"-","TargetOutboundDomainName":"-","VirtualAccount":"%%1843","TargetLinkedLogonId":"0x0","ElevatedToken":"%%1842"}
[10.78.233.207] {"timestamp":"2025-12-06 06:32:16","hostname":"HP-LAP704","channel":"Security","event_id":4672,"level":"Information","message":"Special privileges assigned to new logon.\r\n\r\nSubject:\r\n\tSecurity ID:\t\tS-1-5-18\r\n\tAccount Name:\t\tSYSTEM\r\n\tAccount Domain:\t\tNT AUTHORITY\r\n\tLogon ID:\t\t0x3E7\r\n\r\nPrivileges:\t\tSeAssignPrimaryTokenPrivilege\r\n\t\t\tSeTcbPrivilege\r\n\t\t\tSeSecurityPrivilege\r\n\t\t\tSeTakeOwnershipPrivilege\r\n\t\t\tSeLoadDriverPrivilege\r\n\t\t\tSeBackupPrivilege\r\n\t\t\tSeRestorePrivilege\r\n\t\t\tSeDebugPrivilege\r\n\t\t\tSeAuditPrivilege\r\n\t\t\tSeSystemEnvironmentPrivilege\r\n\t\t\tSeImpersonatePrivilege\r\n\t\t\tSeDelegateSessionUserImpersonatePrivilege","SubjectUserSid":"S-1-5-18","SubjectUserName":"SYSTEM","SubjectDomainName":"NT AUTHORITY","SubjectLogonId":"0x3e7","PrivilegeList":"SeAssignPrimaryTokenPrivilege\n\t\t\tSeTcbPrivilege\n\t\t\tSeSecurityPrivilege\n\t\t\tSeTakeOwnershipPrivilege\n\t\t\tSeLoadDriverPrivilege\n\t\t\tSeBackupPrivilege\n\t\t\tSeRestorePrivilege\n\t\t\tSeDebugPrivilege\n\t\t\tSeAuditPrivilege\n\t\t\tSeSystemEnvironmentPrivilege\n\t\t\tSeImpersonatePrivilege\n\t\t\tSeDelegateSessionUserImpersonatePrivilege"}
[10.78.233.207] {"timestamp":"2025-12-06 06:33:14","hostname":"HP-LAP704","channel":"Security","event_id":4798,"level":"Information","message":"A user\u0027s local group membership was enumerated.\r\n\r\nSubject:\r\n\tSecurity ID:\t\tS-1-5-21-64021822-3933034794-494143053-1009\r\n\tAccount Name:\t\tHarsh\r\n\tAccount Domain:\t\tHP-LAP704\r\n\tLogon ID:\t\t0xC46BD\r\n\r\nUser:\r\n\tSecurity ID:\t\tS-1-5-21-64021822-3933034794-494143053-1009\r\n\tAccount Name:\t\tHarsh\r\n\tAccount Domain:\t\tHP-LAP704\r\n\r\nProcess Information:\r\n\tProcess ID:\t\t0x28e0\r\n\tProcess Name:\t\tC:\\Windows\\explorer.exe","TargetUserName":"Harsh","TargetDomainName":"HP-LAP704","TargetSid":"S-1-5-21-64021822-3933034794-494143053-1009","SubjectUserSid":"S-1-5-21-64021822-3933034794-494143053-1009","SubjectUserName":"Harsh","SubjectDomainName":"HP-LAP704","SubjectLogonId":"0xc46bd","CallerProcessId":"0x28e0","CallerProcessName":"C:\\Windows\\explorer.exe"}
[10.78.233.207] {"timestamp":"2025-12-06 06:33:16","hostname":"HP-LAP704","channel":"System","event_id":566,"level":"Information","message":"The system session has transitioned from 24 to 25.\r\n\r\nReason SessionUnlock \r\n\r\nBootId: 387","BootId":"387","Reason":"12","PreviousSessionId":"24","PreviousSessionType":"0","PreviousSessionDurationInUs":"2383247523","PreviousEnergyCapacityAtStart":"37301","PreviousFullEnergyCapacityAtStart":"37301","PreviousEnergyCapacityAtEnd":"37301","PreviousFullEnergyCapacityAtEnd":"37301","NextSessionId":"25","NextSessionType":"1","PowerStateAc":"true","MonitorReason":"12"}
[10.78.233.207] {"timestamp":"2025-12-06 06:33:29","hostname":"HP-LAP704","channel":"Security","event_id":4798,"level":"Information","message":"A user\u0027s local group membership was enumerated.\r\n\r\nSubject:\r\n\tSecurity ID:\t\tS-1-5-21-64021822-3933034794-494143053-1009\r\n\tAccount Name:\t\tHarsh\r\n\tAccount Domain:\t\tHP-LAP704\r\n\tLogon ID:\t\t0xC46BD\r\n\r\nUser:\r\n\tSecurity ID:\t\tS-1-5-21-64021822-3933034794-494143053-1009\r\n\tAccount Name:\t\tHarsh\r\n\tAccount Domain:\t\tHP-LAP704\r\n\r\nProcess Information:\r\n\tProcess ID:\t\t0x28e0\r\n\tProcess Name:\t\tC:\\Windows\\explorer.exe","TargetUserName":"Harsh","TargetDomainName":"HP-LAP704","TargetSid":"S-1-5-21-64021822-3933034794-494143053-1009","SubjectUserSid":"S-1-5-21-64021822-3933034794-494143053-1009","SubjectUserName":"Harsh","SubjectDomainName":"HP-LAP704","SubjectLogonId":"0xc46bd","CallerProcessId":"0x28e0","CallerProcessName":"C:\\Windows\\explorer.exe"}
[10.78.233.207] {"timestamp":"2025-12-06 06:36:46","hostname":"HP-LAP704","channel":"Security","event_id":4624,"level":"Information","message":"An account was successfully logged on.\r\n\r\nSubject:\r\n\tSecurity ID:\t\tS-1-5-18\r\n\tAccount Name:\t\tHP-LAP704$\r\n\tAccount Domain:\t\tWORKGROUP\r\n\tLogon ID:\t\t0x3E7\r\n\r\nLogon Information:\r\n\tLogon Type:\t\t5\r\n\tRestricted Admin Mode:\t-\r\n\tRemote Credential Guard:\t-\r\n\tVirtual Account:\t\tNo\r\n\tElevated Token:\t\tYes\r\n\r\nImpersonation Level:\t\tImpersonation\r\n\r\nNew Logon:\r\n\tSecurity ID:\t\tS-1-5-18\r\n\tAccount Name:\t\tSYSTEM\r\n\tAccount Domain:\t\tNT AUTHORITY\r\n\tLogon ID:\t\t0x3E7\r\n\tLinked Logon ID:\t\t0x0\r\n\tNetwork Account Name:\t-\r\n\tNetwork Account Domain:\t-\r\n\tLogon GUID:\t\t{00000000-0000-0000-0000-000000000000}\r\n\r\nProcess Information:\r\n\tProcess ID:\t\t0x4c4\r\n\tProcess Name:\t\tC:\\Windows\\System32\\services.exe\r\n\r\nNetwork Information:\r\n\tWorkstation Name:\t-\r\n\tSource Network Address:\t-\r\n\tSource Port:\t\t-\r\n\r\nDetailed Authentication Information:\r\n\tLogon Process:\t\tAdvapi  \r\n\tAuthentication Package:\tNegotiate\r\n\tTransited Services:\t-\r\n\tPackage Name (NTLM only):\t-\r\n\tKey Length:\t\t0\r\n\r\nThis event is generated when a logon session is created. It is generated on the computer that was accessed.\r\n\r\nThe subject fields indicate the account on the local system which requested the logon. This is most commonly a service such as the Server service, or a local process such as Winlogon.exe or Services.exe.\r\n\r\nThe logon type field indicates the kind of logon that occurred. The most common types are 2 (interactive) and 3 (network).\r\n\r\nThe New Logon fields indicate the account for whom the new logon was created, i.e. the account that was logged on.\r\n\r\nThe network fields indicate where a remote logon request originated. Workstation name is not always available and may be left blank in some cases.\r\n\r\nThe impersonation level field indicates the extent to which a process in the logon session can impersonate.\r\n\r\nThe authentication information fields provide detailed information about this specific logon request.\r\n\t- Logon GUID is a unique identifier that can be used to correlate this event with a KDC event.\r\n\t- Transited services indicate which intermediate services have participated in this logon request.\r\n\t- Package name indicates which sub-protocol was used among the NTLM protocols.\r\n\t- Key length indicates the length of the generated session key. This will be 0 if no session key was requested.","SubjectUserSid":"S-1-5-18","SubjectUserName":"HP-LAP704$","SubjectDomainName":"WORKGROUP","SubjectLogonId":"0x3e7","TargetUserSid":"S-1-5-18","TargetUserName":"SYSTEM","TargetDomainName":"NT AUTHORITY","TargetLogonId":"0x3e7","LogonType":"5","LogonProcessName":"Advapi  ","AuthenticationPackageName":"Negotiate","WorkstationName":"-","LogonGuid":"{00000000-0000-0000-0000-000000000000}","TransmittedServices":"-","LmPackageName":"-","KeyLength":"0","ProcessId":"0x4c4","ProcessName":"C:\\Windows\\System32\\services.exe","IpAddress":"-","IpPort":"-","ImpersonationLevel":"%%1833","RestrictedAdminMode":"-","RemoteCredentialGuard":"-","TargetOutboundUserName":"-","TargetOutboundDomainName":"-","VirtualAccount":"%%1843","TargetLinkedLogonId":"0x0","ElevatedToken":"%%1842"}
[10.78.233.207] {"timestamp":"2025-12-06 06:36:46","hostname":"HP-LAP704","channel":"Security","event_id":4672,"level":"Information","message":"Special privileges assigned to new logon.\r\n\r\nSubject:\r\n\tSecurity ID:\t\tS-1-5-18\r\n\tAccount Name:\t\tSYSTEM\r\n\tAccount Domain:\t\tNT AUTHORITY\r\n\tLogon ID:\t\t0x3E7\r\n\r\nPrivileges:\t\tSeAssignPrimaryTokenPrivilege\r\n\t\t\tSeTcbPrivilege\r\n\t\t\tSeSecurityPrivilege\r\n\t\t\tSeTakeOwnershipPrivilege\r\n\t\t\tSeLoadDriverPrivilege\r\n\t\t\tSeBackupPrivilege\r\n\t\t\tSeRestorePrivilege\r\n\t\t\tSeDebugPrivilege\r\n\t\t\tSeAuditPrivilege\r\n\t\t\tSeSystemEnvironmentPrivilege\r\n\t\t\tSeImpersonatePrivilege\r\n\t\t\tSeDelegateSessionUserImpersonatePrivilege","SubjectUserSid":"S-1-5-18","SubjectUserName":"SYSTEM","SubjectDomainName":"NT AUTHORITY","SubjectLogonId":"0x3e7","PrivilegeList":"SeAssignPrimaryTokenPrivilege\n\t\t\tSeTcbPrivilege\n\t\t\tSeSecurityPrivilege\n\t\t\tSeTakeOwnershipPrivilege\n\t\t\tSeLoadDriverPrivilege\n\t\t\tSeBackupPrivilege\n\t\t\tSeRestorePrivilege\n\t\t\tSeDebugPrivilege\n\t\t\tSeAuditPrivilege\n\t\t\tSeSystemEnvironmentPrivilege\n\t\t\tSeImpersonatePrivilege\n\t\t\tSeDelegateSessionUserImpersonatePrivilege"}
[10.78.233.207] {"timestamp":"2025-12-06 06:38:33","hostname":"HP-LAP704","channel":"Security","event_id":4624,"level":"Information","message":"An account was successfully logged on.\r\n\r\nSubject:\r\n\tSecurity ID:\t\tS-1-5-18\r\n\tAccount Name:\t\tHP-LAP704$\r\n\tAccount Domain:\t\tWORKGROUP\r\n\tLogon ID:\t\t0x3E7\r\n\r\nLogon Information:\r\n\tLogon Type:\t\t5\r\n\tRestricted Admin Mode:\t-\r\n\tRemote Credential Guard:\t-\r\n\tVirtual Account:\t\tNo\r\n\tElevated Token:\t\tYes\r\n\r\nImpersonation Level:\t\tImpersonation\r\n\r\nNew Logon:\r\n\tSecurity ID:\t\tS-1-5-18\r\n\tAccount Name:\t\tSYSTEM\r\n\tAccount Domain:\t\tNT AUTHORITY\r\n\tLogon ID:\t\t0x3E7\r\n\tLinked Logon ID:\t\t0x0\r\n\tNetwork Account Name:\t-\r\n\tNetwork Account Domain:\t-\r\n\tLogon GUID:\t\t{00000000-0000-0000-0000-000000000000}\r\n\r\nProcess Information:\r\n\tProcess ID:\t\t0x4c4\r\n\tProcess Name:\t\tC:\\Windows\\System32\\services.exe\r\n\r\nNetwork Information:\r\n\tWorkstation Name:\t-\r\n\tSource Network Address:\t-\r\n\tSource Port:\t\t-\r\n\r\nDetailed Authentication Information:\r\n\tLogon Process:\t\tAdvapi  \r\n\tAuthentication Package:\tNegotiate\r\n\tTransited Services:\t-\r\n\tPackage Name (NTLM only):\t-\r\n\tKey Length:\t\t0\r\n\r\nThis event is generated when a logon session is created. It is generated on the computer that was accessed.\r\n\r\nThe subject fields indicate the account on the local system which requested the logon. This is most commonly a service such as the Server service, or a local process such as Winlogon.exe or Services.exe.\r\n\r\nThe logon type field indicates the kind of logon that occurred. The most common types are 2 (interactive) and 3 (network).\r\n\r\nThe New Logon fields indicate the account for whom the new logon was created, i.e. the account that was logged on.\r\n\r\nThe network fields indicate where a remote logon request originated. Workstation name is not always available and may be left blank in some cases.\r\n\r\nThe impersonation level field indicates the extent to which a process in the logon session can impersonate.\r\n\r\nThe authentication information fields provide detailed information about this specific logon request.\r\n\t- Logon GUID is a unique identifier that can be used to correlate this event with a KDC event.\r\n\t- Transited services indicate which intermediate services have participated in this logon request.\r\n\t- Package name indicates which sub-protocol was used among the NTLM protocols.\r\n\t- Key length indicates the length of the generated session key. This will be 0 if no session key was requested.","SubjectUserSid":"S-1-5-18","SubjectUserName":"HP-LAP704$","SubjectDomainName":"WORKGROUP","SubjectLogonId":"0x3e7","TargetUserSid":"S-1-5-18","TargetUserName":"SYSTEM","TargetDomainName":"NT AUTHORITY","TargetLogonId":"0x3e7","LogonType":"5","LogonProcessName":"Advapi  ","AuthenticationPackageName":"Negotiate","WorkstationName":"-","LogonGuid":"{00000000-0000-0000-0000-000000000000}","TransmittedServices":"-","LmPackageName":"-","KeyLength":"0","ProcessId":"0x4c4","ProcessName":"C:\\Windows\\System32\\services.exe","IpAddress":"-","IpPort":"-","ImpersonationLevel":"%%1833","RestrictedAdminMode":"-","RemoteCredentialGuard":"-","TargetOutboundUserName":"-","TargetOutboundDomainName":"-","VirtualAccount":"%%1843","TargetLinkedLogonId":"0x0","ElevatedToken":"%%1842"}
[10.78.233.207] {"timestamp":"2025-12-06 06:38:33","hostname":"HP-LAP704","channel":"Security","event_id":4672,"level":"Information","message":"Special privileges assigned to new logon.\r\n\r\nSubject:\r\n\tSecurity ID:\t\tS-1-5-18\r\n\tAccount Name:\t\tSYSTEM\r\n\tAccount Domain:\t\tNT AUTHORITY\r\n\tLogon ID:\t\t0x3E7\r\n\r\nPrivileges:\t\tSeAssignPrimaryTokenPrivilege\r\n\t\t\tSeTcbPrivilege\r\n\t\t\tSeSecurityPrivilege\r\n\t\t\tSeTakeOwnershipPrivilege\r\n\t\t\tSeLoadDriverPrivilege\r\n\t\t\tSeBackupPrivilege\r\n\t\t\tSeRestorePrivilege\r\n\t\t\tSeDebugPrivilege\r\n\t\t\tSeAuditPrivilege\r\n\t\t\tSeSystemEnvironmentPrivilege\r\n\t\t\tSeImpersonatePrivilege\r\n\t\t\tSeDelegateSessionUserImpersonatePrivilege","SubjectUserSid":"S-1-5-18","SubjectUserName":"SYSTEM","SubjectDomainName":"NT AUTHORITY","SubjectLogonId":"0x3e7","PrivilegeList":"SeAssignPrimaryTokenPrivilege\n\t\t\tSeTcbPrivilege\n\t\t\tSeSecurityPrivilege\n\t\t\tSeTakeOwnershipPrivilege\n\t\t\tSeLoadDriverPrivilege\n\t\t\tSeBackupPrivilege\n\t\t\tSeRestorePrivilege\n\t\t\tSeDebugPrivilege\n\t\t\tSeAuditPrivilege\n\t\t\tSeSystemEnvironmentPrivilege\n\t\t\tSeImpersonatePrivilege\n\t\t\tSeDelegateSessionUserImpersonatePrivilege"}
[10.78.233.207] {"timestamp":"2025-12-06 06:38:46","hostname":"HP-LAP704","channel":"Security","event_id":4624,"level":"Information","message":"An account was successfully logged on.\r\n\r\nSubject:\r\n\tSecurity ID:\t\tS-1-5-18\r\n\tAccount Name:\t\tHP-LAP704$\r\n\tAccount Domain:\t\tWORKGROUP\r\n\tLogon ID:\t\t0x3E7\r\n\r\nLogon Information:\r\n\tLogon Type:\t\t5\r\n\tRestricted Admin Mode:\t-\r\n\tRemote Credential Guard:\t-\r\n\tVirtual Account:\t\tNo\r\n\tElevated Token:\t\tYes\r\n\r\nImpersonation Level:\t\tImpersonation\r\n\r\nNew Logon:\r\n\tSecurity ID:\t\tS-1-5-18\r\n\tAccount Name:\t\tSYSTEM\r\n\tAccount Domain:\t\tNT AUTHORITY\r\n\tLogon ID:\t\t0x3E7\r\n\tLinked Logon ID:\t\t0x0\r\n\tNetwork Account Name:\t-\r\n\tNetwork Account Domain:\t-\r\n\tLogon GUID:\t\t{00000000-0000-0000-0000-000000000000}\r\n\r\nProcess Information:\r\n\tProcess ID:\t\t0x4c4\r\n\tProcess Name:\t\tC:\\Windows\\System32\\services.exe\r\n\r\nNetwork Information:\r\n\tWorkstation Name:\t-\r\n\tSource Network Address:\t-\r\n\tSource Port:\t\t-\r\n\r\nDetailed Authentication Information:\r\n\tLogon Process:\t\tAdvapi  \r\n\tAuthentication Package:\tNegotiate\r\n\tTransited Services:\t-\r\n\tPackage Name (NTLM only):\t-\r\n\tKey Length:\t\t0\r\n\r\nThis event is generated when a logon session is created. It is generated on the computer that was accessed.\r\n\r\nThe subject fields indicate the account on the local system which requested the logon. This is most commonly a service such as the Server service, or a local process such as Winlogon.exe or Services.exe.\r\n\r\nThe logon type field indicates the kind of logon that occurred. The most common types are 2 (interactive) and 3 (network).\r\n\r\nThe New Logon fields indicate the account for whom the new logon was created, i.e. the account that was logged on.\r\n\r\nThe network fields indicate where a remote logon request originated. Workstation name is not always available and may be left blank in some cases.\r\n\r\nThe impersonation level field indicates the extent to which a process in the logon session can impersonate.\r\n\r\nThe authentication information fields provide detailed information about this specific logon request.\r\n\t- Logon GUID is a unique identifier that can be used to correlate this event with a KDC event.\r\n\t- Transited services indicate which intermediate services have participated in this logon request.\r\n\t- Package name indicates which sub-protocol was used among the NTLM protocols.\r\n\t- Key length indicates the length of the generated session key. This will be 0 if no session key was requested.","SubjectUserSid":"S-1-5-18","SubjectUserName":"HP-LAP704$","SubjectDomainName":"WORKGROUP","SubjectLogonId":"0x3e7","TargetUserSid":"S-1-5-18","TargetUserName":"SYSTEM","TargetDomainName":"NT AUTHORITY","TargetLogonId":"0x3e7","LogonType":"5","LogonProcessName":"Advapi  ","AuthenticationPackageName":"Negotiate","WorkstationName":"-","LogonGuid":"{00000000-0000-0000-0000-000000000000}","TransmittedServices":"-","LmPackageName":"-","KeyLength":"0","ProcessId":"0x4c4","ProcessName":"C:\\Windows\\System32\\services.exe","IpAddress":"-","IpPort":"-","ImpersonationLevel":"%%1833","RestrictedAdminMode":"-","RemoteCredentialGuard":"-","TargetOutboundUserName":"-","TargetOutboundDomainName":"-","VirtualAccount":"%%1843","TargetLinkedLogonId":"0x0","ElevatedToken":"%%1842"}
[10.78.233.207] {"timestamp":"2025-12-06 06:38:46","hostname":"HP-LAP704","channel":"Security","event_id":4672,"level":"Information","message":"Special privileges assigned to new logon.\r\n\r\nSubject:\r\n\tSecurity ID:\t\tS-1-5-18\r\n\tAccount Name:\t\tSYSTEM\r\n\tAccount Domain:\t\tNT AUTHORITY\r\n\tLogon ID:\t\t0x3E7\r\n\r\nPrivileges:\t\tSeAssignPrimaryTokenPrivilege\r\n\t\t\tSeTcbPrivilege\r\n\t\t\tSeSecurityPrivilege\r\n\t\t\tSeTakeOwnershipPrivilege\r\n\t\t\tSeLoadDriverPrivilege\r\n\t\t\tSeBackupPrivilege\r\n\t\t\tSeRestorePrivilege\r\n\t\t\tSeDebugPrivilege\r\n\t\t\tSeAuditPrivilege\r\n\t\t\tSeSystemEnvironmentPrivilege\r\n\t\t\tSeImpersonatePrivilege\r\n\t\t\tSeDelegateSessionUserImpersonatePrivilege","SubjectUserSid":"S-1-5-18","SubjectUserName":"SYSTEM","SubjectDomainName":"NT AUTHORITY","SubjectLogonId":"0x3e7","PrivilegeList":"SeAssignPrimaryTokenPrivilege\n\t\t\tSeTcbPrivilege\n\t\t\tSeSecurityPrivilege\n\t\t\tSeTakeOwnershipPrivilege\n\t\t\tSeLoadDriverPrivilege\n\t\t\tSeBackupPrivilege\n\t\t\tSeRestorePrivilege\n\t\t\tSeDebugPrivilege\n\t\t\tSeAuditPrivilege\n\t\t\tSeSystemEnvironmentPrivilege\n\t\t\tSeImpersonatePrivilege\n\t\t\tSeDelegateSessionUserImpersonatePrivilege"}
[10.78.233.207] {"timestamp":"2025-12-06 06:38:46","hostname":"HP-LAP704","channel":"System","event_id":566,"level":"Information","message":"The system session has transitioned from 25 to 27.\r\n\r\nReason InputPoUserPresent \r\n\r\nBootId: 387","BootId":"387","Reason":"33","PreviousSessionId":"25","PreviousSessionType":"1","PreviousSessionDurationInUs":"329650530","PreviousEnergyCapacityAtStart":"37301","PreviousFullEnergyCapacityAtStart":"37301","PreviousEnergyCapacityAtEnd":"37301","PreviousFullEnergyCapacityAtEnd":"37301","NextSessionId":"27","NextSessionType":"0","PowerStateAc":"true","MonitorReason":"33"}
[10.78.233.207] {"timestamp":"2025-12-06 06:38:46","hostname":"HP-LAP704","channel":"Security","event_id":6416,"level":"Information","message":"A new external device was recognized by the system.\r\n\r\nSubject:\r\n\tSecurity ID:\t\tS-1-5-18\r\n\tAccount Name:\t\tHP-LAP704$\r\n\tAccount Domain:\t\tWORKGROUP\r\n\tLogon ID:\t\t0x3E7\r\n\r\nDevice ID:\tSWD\\MMDEVAPI\\{0.0.0.00000000}.{eb9121a8-dd8f-4ae7-ad77-3b86422297b9}\r\n\r\nDevice Name:\t1 - Smart M50D (AMD High Definition Audio Device)\r\n\r\nClass ID:\t\t{c166523c-fe0c-4a94-a586-f1a80cfbbf3e}\r\n\r\nClass Name:\tAudioEndpoint\r\n\r\nVendor IDs:\t\r\n\t\tMMDEVAPI\\AudioEndpoints\r\n\t\t\r\n\t\t\r\n\r\nCompatible IDs:\t\r\n\t\tGenericAudioEndpoint\r\n\t\tSWD\\GenericRaw\r\n\t\tSWD\\Generic\r\n\t\t\r\n\t\t\r\n\r\nLocation Information:\t-","SubjectUserSid":"S-1-5-18","SubjectUserName":"HP-LAP704$","SubjectDomainName":"WORKGROUP","SubjectLogonId":"0x3e7","DeviceId":"SWD\\MMDEVAPI\\{0.0.0.00000000}.{eb9121a8-dd8f-4ae7-ad77-3b86422297b9}","DeviceDescription":"1 - Smart M50D (AMD High Definition Audio Device)","ClassId":"{c166523c-fe0c-4a94-a586-f1a80cfbbf3e}","ClassName":"AudioEndpoint","VendorIds":"\n\t\tMMDEVAPI\\AudioEndpoints\n\t\t\n\t\t","CompatibleIds":"\n\t\tGenericAudioEndpoint\n\t\tSWD\\GenericRaw\n\t\tSWD\\Generic\n\t\t\n\t\t","LocationInformation":"-"}
[10.78.233.207] {"timestamp":"2025-12-06 06:38:47","hostname":"HP-LAP704","channel":"Security","event_id":4798,"level":"Information","message":"A user\u0027s local group membership was enumerated.\r\n\r\nSubject:\r\n\tSecurity ID:\t\tS-1-5-21-64021822-3933034794-494143053-1009\r\n\tAccount Name:\t\tHarsh\r\n\tAccount Domain:\t\tHP-LAP704\r\n\tLogon ID:\t\t0xC46BD\r\n\r\nUser:\r\n\tSecurity ID:\t\tS-1-5-21-64021822-3933034794-494143053-1009\r\n\tAccount Name:\t\tHarsh\r\n\tAccount Domain:\t\tHP-LAP704\r\n\r\nProcess Information:\r\n\tProcess ID:\t\t0x28e0\r\n\tProcess Name:\t\tC:\\Windows\\explorer.exe","TargetUserName":"Harsh","TargetDomainName":"HP-LAP704","TargetSid":"S-1-5-21-64021822-3933034794-494143053-1009","SubjectUserSid":"S-1-5-21-64021822-3933034794-494143053-1009","SubjectUserName":"Harsh","SubjectDomainName":"HP-LAP704","SubjectLogonId":"0xc46bd","CallerProcessId":"0x28e0","CallerProcessName":"C:\\Windows\\explorer.exe"}
[10.78.233.207] {"timestamp":"2025-12-06 06:38:53","hostname":"HP-LAP704","channel":"Security","event_id":6416,"level":"Information","message":"A new external device was recognized by the system.\r\n\r\nSubject:\r\n\tSecurity ID:\t\tS-1-5-18\r\n\tAccount Name:\t\tHP-LAP704$\r\n\tAccount Domain:\t\tWORKGROUP\r\n\tLogon ID:\t\t0x3E7\r\n\r\nDevice ID:\tHID\\{00001812-0000-1000-8000-00805f9b34fb}_Dev_VID\u00260232c2_PID\u00266621_REV\u00260001_e34b80a8c485\u0026Col03\\b\u002623182c85\u00260\u00260002\r\n\r\nDevice Name:\tHID-compliant consumer control device\r\n\r\nClass ID:\t\t{745a17a0-74d3-11d0-b6fe-00a0c90f57da}\r\n\r\nClass Name:\tHIDClass\r\n\r\nVendor IDs:\t\r\n\t\tHID\\{00001812-0000-1000-8000-00805f9b34fb}_Dev_VID\u00260232c2_PID\u00266621_REV\u00260001\u0026Col03\r\n\t\tHID\\{00001812-0000-1000-8000-00805f9b34fb}_Dev_VID\u00260232c2_PID\u00266621\u0026Col03\r\n\t\tHID\\{00001812-0000-1000-8000-00805f9b34fb}_LOCALMFG\u0026005d\u0026Col03\r\n\t\tHID\\VID_32C2\u0026UP:000C_U:0001\r\n\t\tHID_DEVICE_SYSTEM_CONSUMER\r\n\t\tHID_DEVICE_UP:000C_U:0001\r\n\t\tHID_DEVICE\r\n\t\t\r\n\t\t\r\n\r\nCompatible IDs:\t\r\n\t\t\r\n\t\t\r\n\r\nLocation Information:\t-","SubjectUserSid":"S-1-5-18","SubjectUserName":"HP-LAP704$","SubjectDomainName":"WORKGROUP","SubjectLogonId":"0x3e7","DeviceId":"HID\\{00001812-0000-1000-8000-00805f9b34fb}_Dev_VID\u00260232c2_PID\u00266621_REV\u00260001_e34b80a8c485\u0026Col03\\b\u002623182c85\u00260\u00260002","DeviceDescription":"HID-compliant consumer control device","ClassId":"{745a17a0-74d3-11d0-b6fe-00a0c90f57da}","ClassName":"HIDClass","VendorIds":"\n\t\tHID\\{00001812-0000-1000-8000-00805f9b34fb}_Dev_VID\u00260232c2_PID\u00266621_REV\u00260001\u0026Col03\n\t\tHID\\{00001812-0000-1000-8000-00805f9b34fb}_Dev_VID\u00260232c2_PID\u00266621\u0026Col03\n\t\tHID\\{00001812-0000-1000-8000-00805f9b34fb}_LOCALMFG\u0026005d\u0026Col03\n\t\tHID\\VID_32C2\u0026UP:000C_U:0001\n\t\tHID_DEVICE_SYSTEM_CONSUMER\n\t\tHID_DEVICE_UP:000C_U:0001\n\t\tHID_DEVICE\n\t\t\n\t\t","LocationInformation":"-"}
[10.78.233.207] {"timestamp":"2025-12-06 06:38:53","hostname":"HP-LAP704","channel":"Security","event_id":6416,"level":"Information","message":"A new external device was recognized by the system.\r\n\r\nSubject:\r\n\tSecurity ID:\t\tS-1-5-18\r\n\tAccount Name:\t\tHP-LAP704$\r\n\tAccount Domain:\t\tWORKGROUP\r\n\tLogon ID:\t\t0x3E7\r\n\r\nDevice ID:\tHID\\{00001812-0000-1000-8000-00805f9b34fb}_Dev_VID\u00260232c2_PID\u00266621_REV\u00260001_e34b80a8c485\u0026Col04\\b\u002623182c85\u00260\u00260003\r\n\r\nDevice Name:\tHID-compliant system controller\r\n\r\nClass ID:\t\t{745a17a0-74d3-11d0-b6fe-00a0c90f57da}\r\n\r\nClass Name:\tHIDClass\r\n\r\nVendor IDs:\t\r\n\t\tHID\\{00001812-0000-1000-8000-00805f9b34fb}_Dev_VID\u00260232c2_PID\u00266621_REV\u00260001\u0026Col04\r\n\t\tHID\\{00001812-0000-1000-8000-00805f9b34fb}_Dev_VID\u00260232c2_PID\u00266621\u0026Col04\r\n\t\tHID\\{00001812-0000-1000-8000-00805f9b34fb}_LOCALMFG\u0026005d\u0026Col04\r\n\t\tHID\\VID_32C2\u0026UP:0001_U:0080\r\n\t\tHID_DEVICE_SYSTEM_CONTROL\r\n\t\tHID_DEVICE_UP:0001_U:0080\r\n\t\tHID_DEVICE\r\n\t\t\r\n\t\t\r\n\r\nCompatible IDs:\t\r\n\t\t\r\n\t\t\r\n\r\nLocation Information:\t-","SubjectUserSid":"S-1-5-18","SubjectUserName":"HP-LAP704$","SubjectDomainName":"WORKGROUP","SubjectLogonId":"0x3e7","DeviceId":"HID\\{00001812-0000-1000-8000-00805f9b34fb}_Dev_VID\u00260232c2_PID\u00266621_REV\u00260001_e34b80a8c485\u0026Col04\\b\u002623182c85\u00260\u00260003","DeviceDescription":"HID-compliant system controller","ClassId":"{745a17a0-74d3-11d0-b6fe-00a0c90f57da}","ClassName":"HIDClass","VendorIds":"\n\t\tHID\\{00001812-0000-1000-8000-00805f9b34fb}_Dev_VID\u00260232c2_PID\u00266621_REV\u00260001\u0026Col04\n\t\tHID\\{00001812-0000-1000-8000-00805f9b34fb}_Dev_VID\u00260232c2_PID\u00266621\u0026Col04\n\t\tHID\\{00001812-0000-1000-8000-00805f9b34fb}_LOCALMFG\u0026005d\u0026Col04\n\t\tHID\\VID_32C2\u0026UP:0001_U:0080\n\t\tHID_DEVICE_SYSTEM_CONTROL\n\t\tHID_DEVICE_UP:0001_U:0080\n\t\tHID_DEVICE\n\t\t\n\t\t","LocationInformation":"-"}
[10.78.233.207] {"timestamp":"2025-12-06 06:38:53","hostname":"HP-LAP704","channel":"Security","event_id":6416,"level":"Information","message":"A new external device was recognized by the system.\r\n\r\nSubject:\r\n\tSecurity ID:\t\tS-1-5-18\r\n\tAccount Name:\t\tHP-LAP704$\r\n\tAccount Domain:\t\tWORKGROUP\r\n\tLogon ID:\t\t0x3E7\r\n\r\nDevice ID:\tHID\\{00001812-0000-1000-8000-00805f9b34fb}_Dev_VID\u00260232c2_PID\u00266621_REV\u00260001_e34b80a8c485\u0026Col01\\b\u002623182c85\u00260\u00260000\r\n\r\nDevice Name:\tHID-compliant mouse\r\n\r\nClass ID:\t\t{4d36e96f-e325-11ce-bfc1-08002be10318}\r\n\r\nClass Name:\tMouse\r\n\r\nVendor IDs:\t\r\n\t\tHID\\{00001812-0000-1000-8000-00805f9b34fb}_Dev_VID\u00260232c2_PID\u00266621_REV\u00260001\u0026Col01\r\n\t\tHID\\{00001812-0000-1000-8000-00805f9b34fb}_Dev_VID\u00260232c2_PID\u00266621\u0026Col01\r\n\t\tHID\\{00001812-0000-1000-8000-00805f9b34fb}_LOCALMFG\u0026005d\u0026Col01\r\n\t\tHID\\VID_32C2\u0026UP:0001_U:0002\r\n\t\tHID_DEVICE_SYSTEM_MOUSE\r\n\t\tHID_DEVICE_UP:0001_U:0002\r\n\t\tHID_DEVICE\r\n\t\t\r\n\t\t\r\n\r\nCompatible IDs:\t\r\n\t\t\r\n\t\t\r\n\r\nLocation Information:\t-","SubjectUserSid":"S-1-5-18","SubjectUserName":"HP-LAP704$","SubjectDomainName":"WORKGROUP","SubjectLogonId":"0x3e7","DeviceId":"HID\\{00001812-0000-1000-8000-00805f9b34fb}_Dev_VID\u00260232c2_PID\u00266621_REV\u00260001_e34b80a8c485\u0026Col01\\b\u002623182c85\u00260\u00260000","DeviceDescription":"HID-compliant mouse","ClassId":"{4d36e96f-e325-11ce-bfc1-08002be10318}","ClassName":"Mouse","VendorIds":"\n\t\tHID\\{00001812-0000-1000-8000-00805f9b34fb}_Dev_VID\u00260232c2_PID\u00266621_REV\u00260001\u0026Col01\n\t\tHID\\{00001812-0000-1000-8000-00805f9b34fb}_Dev_VID\u00260232c2_PID\u00266621\u0026Col01\n\t\tHID\\{00001812-0000-1000-8000-00805f9b34fb}_LOCALMFG\u0026005d\u0026Col01\n\t\tHID\\VID_32C2\u0026UP:0001_U:0002\n\t\tHID_DEVICE_SYSTEM_MOUSE\n\t\tHID_DEVICE_UP:0001_U:0002\n\t\tHID_DEVICE\n\t\t\n\t\t","LocationInformation":"-"}
[10.78.233.207] {"timestamp":"2025-12-06 06:38:53","hostname":"HP-LAP704","channel":"Security","event_id":6416,"level":"Information","message":"A new external device was recognized by the system.\r\n\r\nSubject:\r\n\tSecurity ID:\t\tS-1-5-18\r\n\tAccount Name:\t\tHP-LAP704$\r\n\tAccount Domain:\t\tWORKGROUP\r\n\tLogon ID:\t\t0x3E7\r\n\r\nDevice ID:\tHID\\{00001812-0000-1000-8000-00805f9b34fb}_Dev_VID\u00260232c2_PID\u00266621_REV\u00260001_e34b80a8c485\u0026Col02\\b\u002623182c85\u00260\u00260001\r\n\r\nDevice Name:\tHID Keyboard Device\r\n\r\nClass ID:\t\t{4d36e96b-e325-11ce-bfc1-08002be10318}\r\n\r\nClass Name:\tKeyboard\r\n\r\nVendor IDs:\t\r\n\t\tHID\\{00001812-0000-1000-8000-00805f9b34fb}_Dev_VID\u00260232c2_PID\u00266621_REV\u00260001\u0026Col02\r\n\t\tHID\\{00001812-0000-1000-8000-00805f9b34fb}_Dev_VID\u00260232c2_PID\u00266621\u0026Col02\r\n\t\tHID\\{00001812-0000-1000-8000-00805f9b34fb}_LOCALMFG\u0026005d\u0026Col02\r\n\t\tHID\\VID_32C2\u0026UP:0001_U:0006\r\n\t\tHID_DEVICE_SYSTEM_KEYBOARD\r\n\t\tHID_DEVICE_UP:0001_U:0006\r\n\t\tHID_DEVICE\r\n\t\t\r\n\t\t\r\n\r\nCompatible IDs:\t\r\n\t\t\r\n\t\t\r\n\r\nLocation Information:\t-","SubjectUserSid":"S-1-5-18","SubjectUserName":"HP-LAP704$","SubjectDomainName":"WORKGROUP","SubjectLogonId":"0x3e7","DeviceId":"HID\\{00001812-0000-1000-8000-00805f9b34fb}_Dev_VID\u00260232c2_PID\u00266621_REV\u00260001_e34b80a8c485\u0026Col02\\b\u002623182c85\u00260\u00260001","DeviceDescription":"HID Keyboard Device","ClassId":"{4d36e96b-e325-11ce-bfc1-08002be10318}","ClassName":"Keyboard","VendorIds":"\n\t\tHID\\{00001812-0000-1000-8000-00805f9b34fb}_Dev_VID\u00260232c2_PID\u00266621_REV\u00260001\u0026Col02\n\t\tHID\\{00001812-0000-1000-8000-00805f9b34fb}_Dev_VID\u00260232c2_PID\u00266621\u0026Col02\n\t\tHID\\{00001812-0000-1000-8000-00805f9b34fb}_LOCALMFG\u0026005d\u0026Col02\n\t\tHID\\VID_32C2\u0026UP:0001_U:0006\n\t\tHID_DEVICE_SYSTEM_KEYBOARD\n\t\tHID_DEVICE_UP:0001_U:0006\n\t\tHID_DEVICE\n\t\t\n\t\t","LocationInformation":"-"}
[10.78.233.207] {"timestamp":"2025-12-06 06:38:53","hostname":"HP-LAP704","channel":"Security","event_id":4798,"level":"Information","message":"A user\u0027s local group membership was enumerated.\r\n\r\nSubject:\r\n\tSecurity ID:\t\tS-1-5-21-64021822-3933034794-494143053-1009\r\n\tAccount Name:\t\tHarsh\r\n\tAccount Domain:\t\tHP-LAP704\r\n\tLogon ID:\t\t0xC46BD\r\n\r\nUser:\r\n\tSecurity ID:\t\tS-1-5-21-64021822-3933034794-494143053-1009\r\n\tAccount Name:\t\tHarsh\r\n\tAccount Domain:\t\tHP-LAP704\r\n\r\nProcess Information:\r\n\tProcess ID:\t\t0x28e0\r\n\tProcess Name:\t\tC:\\Windows\\explorer.exe","TargetUserName":"Harsh","TargetDomainName":"HP-LAP704","TargetSid":"S-1-5-21-64021822-3933034794-494143053-1009","SubjectUserSid":"S-1-5-21-64021822-3933034794-494143053-1009","SubjectUserName":"Harsh","SubjectDomainName":"HP-LAP704","SubjectLogonId":"0xc46bd","CallerProcessId":"0x28e0","CallerProcessName":"C:\\Windows\\explorer.exe"}
[10.78.233.207] {"timestamp":"2025-12-06 06:41:23","hostname":"HP-LAP704","channel":"Application","event_id":16394,"level":"Information","message":"Offline downlevel migration succeeded."}
[10.78.233.207] {"timestamp":"2025-12-06 06:41:54","hostname":"HP-LAP704","channel":"Application","event_id":16384,"level":"Information","message":"Successfully scheduled Software Protection service for re-start at 2125-11-12T01:11:54Z. Reason: RulesEngine."}
[10.78.233.207] {"timestamp":"2025-12-06 06:42:39","hostname":"HP-LAP704","channel":"Application","event_id":0,"level":"Information","message":"PowerEvent handled successfully by the service."}
[10.78.233.207] {"timestamp":"2025-12-06 06:42:39","hostname":"HP-LAP704","channel":"Application","event_id":1040,"level":"Information","message":"Service ExpressVPNService received POWEREVENT control, which will be handled."}
[10.78.233.207] {"timestamp":"2025-12-06 06:43:20","hostname":"HP-LAP704","channel":"Security","event_id":4624,"level":"Information","message":"An account was successfully logged on.\r\n\r\nSubject:\r\n\tSecurity ID:\t\tS-1-5-18\r\n\tAccount Name:\t\tHP-LAP704$\r\n\tAccount Domain:\t\tWORKGROUP\r\n\tLogon ID:\t\t0x3E7\r\n\r\nLogon Information:\r\n\tLogon Type:\t\t5\r\n\tRestricted Admin Mode:\t-\r\n\tRemote Credential Guard:\t-\r\n\tVirtual Account:\t\tNo\r\n\tElevated Token:\t\tYes\r\n\r\nImpersonation Level:\t\tImpersonation\r\n\r\nNew Logon:\r\n\tSecurity ID:\t\tS-1-5-18\r\n\tAccount Name:\t\tSYSTEM\r\n\tAccount Domain:\t\tNT AUTHORITY\r\n\tLogon ID:\t\t0x3E7\r\n\tLinked Logon ID:\t\t0x0\r\n\tNetwork Account Name:\t-\r\n\tNetwork Account Domain:\t-\r\n\tLogon GUID:\t\t{00000000-0000-0000-0000-000000000000}\r\n\r\nProcess Information:\r\n\tProcess ID:\t\t0x4c4\r\n\tProcess Name:\t\tC:\\Windows\\System32\\services.exe\r\n\r\nNetwork Information:\r\n\tWorkstation Name:\t-\r\n\tSource Network Address:\t-\r\n\tSource Port:\t\t-\r\n\r\nDetailed Authentication Information:\r\n\tLogon Process:\t\tAdvapi  \r\n\tAuthentication Package:\tNegotiate\r\n\tTransited Services:\t-\r\n\tPackage Name (NTLM only):\t-\r\n\tKey Length:\t\t0\r\n\r\nThis event is generated when a logon session is created. It is generated on the computer that was accessed.\r\n\r\nThe subject fields indicate the account on the local system which requested the logon. This is most commonly a service such as the Server service, or a local process such as Winlogon.exe or Services.exe.\r\n\r\nThe logon type field indicates the kind of logon that occurred. The most common types are 2 (interactive) and 3 (network).\r\n\r\nThe New Logon fields indicate the account for whom the new logon was created, i.e. the account that was logged on.\r\n\r\nThe network fields indicate where a remote logon request originated. Workstation name is not always available and may be left blank in some cases.\r\n\r\nThe impersonation level field indicates the extent to which a process in the logon session can impersonate.\r\n\r\nThe authentication information fields provide detailed information about this specific logon request.\r\n\t- Logon GUID is a unique identifier that can be used to correlate this event with a KDC event.\r\n\t- Transited services indicate which intermediate services have participated in this logon request.\r\n\t- Package name indicates which sub-protocol was used among the NTLM protocols.\r\n\t- Key length indicates the length of the generated session key. This will be 0 if no session key was requested.","SubjectUserSid":"S-1-5-18","SubjectUserName":"HP-LAP704$","SubjectDomainName":"WORKGROUP","SubjectLogonId":"0x3e7","TargetUserSid":"S-1-5-18","TargetUserName":"SYSTEM","TargetDomainName":"NT AUTHORITY","TargetLogonId":"0x3e7","LogonType":"5","LogonProcessName":"Advapi  ","AuthenticationPackageName":"Negotiate","WorkstationName":"-","LogonGuid":"{00000000-0000-0000-0000-000000000000}","TransmittedServices":"-","LmPackageName":"-","KeyLength":"0","ProcessId":"0x4c4","ProcessName":"C:\\Windows\\System32\\services.exe","IpAddress":"-","IpPort":"-","ImpersonationLevel":"%%1833","RestrictedAdminMode":"-","RemoteCredentialGuard":"-","TargetOutboundUserName":"-","TargetOutboundDomainName":"-","VirtualAccount":"%%1843","TargetLinkedLogonId":"0x0","ElevatedToken":"%%1842"}
[10.78.233.207] {"timestamp":"2025-12-06 06:43:20","hostname":"HP-LAP704","channel":"Security","event_id":4672,"level":"Information","message":"Special privileges assigned to new logon.\r\n\r\nSubject:\r\n\tSecurity ID:\t\tS-1-5-18\r\n\tAccount Name:\t\tSYSTEM\r\n\tAccount Domain:\t\tNT AUTHORITY\r\n\tLogon ID:\t\t0x3E7\r\n\r\nPrivileges:\t\tSeAssignPrimaryTokenPrivilege\r\n\t\t\tSeTcbPrivilege\r\n\t\t\tSeSecurityPrivilege\r\n\t\t\tSeTakeOwnershipPrivilege\r\n\t\t\tSeLoadDriverPrivilege\r\n\t\t\tSeBackupPrivilege\r\n\t\t\tSeRestorePrivilege\r\n\t\t\tSeDebugPrivilege\r\n\t\t\tSeAuditPrivilege\r\n\t\t\tSeSystemEnvironmentPrivilege\r\n\t\t\tSeImpersonatePrivilege\r\n\t\t\tSeDelegateSessionUserImpersonatePrivilege","SubjectUserSid":"S-1-5-18","SubjectUserName":"SYSTEM","SubjectDomainName":"NT AUTHORITY","SubjectLogonId":"0x3e7","PrivilegeList":"SeAssignPrimaryTokenPrivilege\n\t\t\tSeTcbPrivilege\n\t\t\tSeSecurityPrivilege\n\t\t\tSeTakeOwnershipPrivilege\n\t\t\tSeLoadDriverPrivilege\n\t\t\tSeBackupPrivilege\n\t\t\tSeRestorePrivilege\n\t\t\tSeDebugPrivilege\n\t\t\tSeAuditPrivilege\n\t\t\tSeSystemEnvironmentPrivilege\n\t\t\tSeImpersonatePrivilege\n\t\t\tSeDelegateSessionUserImpersonatePrivilege"}
[10.78.233.207] {"timestamp":"2025-12-06 06:45:45","hostname":"HP-LAP704","channel":"Security","event_id":4624,"level":"Information","message":"An account was successfully logged on.\r\n\r\nSubject:\r\n\tSecurity ID:\t\tS-1-5-18\r\n\tAccount Name:\t\tHP-LAP704$\r\n\tAccount Domain:\t\tWORKGROUP\r\n\tLogon ID:\t\t0x3E7\r\n\r\nLogon Information:\r\n\tLogon Type:\t\t5\r\n\tRestricted Admin Mode:\t-\r\n\tRemote Credential Guard:\t-\r\n\tVirtual Account:\t\tNo\r\n\tElevated Token:\t\tYes\r\n\r\nImpersonation Level:\t\tImpersonation\r\n\r\nNew Logon:\r\n\tSecurity ID:\t\tS-1-5-18\r\n\tAccount Name:\t\tSYSTEM\r\n\tAccount Domain:\t\tNT AUTHORITY\r\n\tLogon ID:\t\t0x3E7\r\n\tLinked Logon ID:\t\t0x0\r\n\tNetwork Account Name:\t-\r\n\tNetwork Account Domain:\t-\r\n\tLogon GUID:\t\t{00000000-0000-0000-0000-000000000000}\r\n\r\nProcess Information:\r\n\tProcess ID:\t\t0x4c4\r\n\tProcess Name:\t\tC:\\Windows\\System32\\services.exe\r\n\r\nNetwork Information:\r\n\tWorkstation Name:\t-\r\n\tSource Network Address:\t-\r\n\tSource Port:\t\t-\r\n\r\nDetailed Authentication Information:\r\n\tLogon Process:\t\tAdvapi  \r\n\tAuthentication Package:\tNegotiate\r\n\tTransited Services:\t-\r\n\tPackage Name (NTLM only):\t-\r\n\tKey Length:\t\t0\r\n\r\nThis event is generated when a logon session is created. It is generated on the computer that was accessed.\r\n\r\nThe subject fields indicate the account on the local system which requested the logon. This is most commonly a service such as the Server service, or a local process such as Winlogon.exe or Services.exe.\r\n\r\nThe logon type field indicates the kind of logon that occurred. The most common types are 2 (interactive) and 3 (network).\r\n\r\nThe New Logon fields indicate the account for whom the new logon was created, i.e. the account that was logged on.\r\n\r\nThe network fields indicate where a remote logon request originated. Workstation name is not always available and may be left blank in some cases.\r\n\r\nThe impersonation level field indicates the extent to which a process in the logon session can impersonate.\r\n\r\nThe authentication information fields provide detailed information about this specific logon request.\r\n\t- Logon GUID is a unique identifier that can be used to correlate this event with a KDC event.\r\n\t- Transited services indicate which intermediate services have participated in this logon request.\r\n\t- Package name indicates which sub-protocol was used among the NTLM protocols.\r\n\t- Key length indicates the length of the generated session key. This will be 0 if no session key was requested.","SubjectUserSid":"S-1-5-18","SubjectUserName":"HP-LAP704$","SubjectDomainName":"WORKGROUP","SubjectLogonId":"0x3e7","TargetUserSid":"S-1-5-18","TargetUserName":"SYSTEM","TargetDomainName":"NT AUTHORITY","TargetLogonId":"0x3e7","LogonType":"5","LogonProcessName":"Advapi  ","AuthenticationPackageName":"Negotiate","WorkstationName":"-","LogonGuid":"{00000000-0000-0000-0000-000000000000}","TransmittedServices":"-","LmPackageName":"-","KeyLength":"0","ProcessId":"0x4c4","ProcessName":"C:\\Windows\\System32\\services.exe","IpAddress":"-","IpPort":"-","ImpersonationLevel":"%%1833","RestrictedAdminMode":"-","RemoteCredentialGuard":"-","TargetOutboundUserName":"-","TargetOutboundDomainName":"-","VirtualAccount":"%%1843","TargetLinkedLogonId":"0x0","ElevatedToken":"%%1842"}
[10.78.233.207] {"timestamp":"2025-12-06 06:45:45","hostname":"HP-LAP704","channel":"Security","event_id":4672,"level":"Information","message":"Special privileges assigned to new logon.\r\n\r\nSubject:\r\n\tSecurity ID:\t\tS-1-5-18\r\n\tAccount Name:\t\tSYSTEM\r\n\tAccount Domain:\t\tNT AUTHORITY\r\n\tLogon ID:\t\t0x3E7\r\n\r\nPrivileges:\t\tSeAssignPrimaryTokenPrivilege\r\n\t\t\tSeTcbPrivilege\r\n\t\t\tSeSecurityPrivilege\r\n\t\t\tSeTakeOwnershipPrivilege\r\n\t\t\tSeLoadDriverPrivilege\r\n\t\t\tSeBackupPrivilege\r\n\t\t\tSeRestorePrivilege\r\n\t\t\tSeDebugPrivilege\r\n\t\t\tSeAuditPrivilege\r\n\t\t\tSeSystemEnvironmentPrivilege\r\n\t\t\tSeImpersonatePrivilege\r\n\t\t\tSeDelegateSessionUserImpersonatePrivilege","SubjectUserSid":"S-1-5-18","SubjectUserName":"SYSTEM","SubjectDomainName":"NT AUTHORITY","SubjectLogonId":"0x3e7","PrivilegeList":"SeAssignPrimaryTokenPrivilege\n\t\t\tSeTcbPrivilege\n\t\t\tSeSecurityPrivilege\n\t\t\tSeTakeOwnershipPrivilege\n\t\t\tSeLoadDriverPrivilege\n\t\t\tSeBackupPrivilege\n\t\t\tSeRestorePrivilege\n\t\t\tSeDebugPrivilege\n\t\t\tSeAuditPrivilege\n\t\t\tSeSystemEnvironmentPrivilege\n\t\t\tSeImpersonatePrivilege\n\t\t\tSeDelegateSessionUserImpersonatePrivilege"}
[10.78.233.207] {"timestamp":"2025-12-06 06:48:09","hostname":"HP-LAP704","channel":"Security","event_id":4798,"level":"Information","message":"A user\u0027s local group membership was enumerated.\r\n\r\nSubject:\r\n\tSecurity ID:\t\tS-1-5-21-64021822-3933034794-494143053-1009\r\n\tAccount Name:\t\tHarsh\r\n\tAccount Domain:\t\tHP-LAP704\r\n\tLogon ID:\t\t0xC46BD\r\n\r\nUser:\r\n\tSecurity ID:\t\tS-1-5-21-64021822-3933034794-494143053-1009\r\n\tAccount Name:\t\tHarsh\r\n\tAccount Domain:\t\tHP-LAP704\r\n\r\nProcess Information:\r\n\tProcess ID:\t\t0x41e8\r\n\tProcess Name:\t\tC:\\Program Files\\Git\\usr\\bin\\sh.exe","TargetUserName":"Harsh","TargetDomainName":"HP-LAP704","TargetSid":"S-1-5-21-64021822-3933034794-494143053-1009","SubjectUserSid":"S-1-5-21-64021822-3933034794-494143053-1009","SubjectUserName":"Harsh","SubjectDomainName":"HP-LAP704","SubjectLogonId":"0xc46bd","CallerProcessId":"0x41e8","CallerProcessName":"C:\\Program Files\\Git\\usr\\bin\\sh.exe"}
[10.78.233.207] {"timestamp":"2025-12-06 06:48:10","hostname":"HP-LAP704","channel":"Security","event_id":5379,"level":"Information","message":"Credential Manager credentials were read.\r\n\r\nSubject:\r\n\tSecurity ID:\t\tS-1-5-21-64021822-3933034794-494143053-1009\r\n\tAccount Name:\t\tHarsh\r\n\tAccount Domain:\t\tHP-LAP704\r\n\tLogon ID:\t\t0xC46BD\r\n\tRead Operation:\t\tEnumerate Credentials\r\n\r\nThis event occurs when a user performs a read operation on stored credentials in Credential Manager.","SubjectUserSid":"S-1-5-21-64021822-3933034794-494143053-1009","SubjectUserName":"Harsh","SubjectDomainName":"HP-LAP704","SubjectLogonId":"0xc46bd","Type":"0","CountOfCredentialsReturned":"14","ReadOperation":"%%8100","ReturnCode":"0","ProcessCreationTime":"2025-12-06T01:18:09.4728730Z","ClientProcessId":"27460"}
