{"hostname":"WIN-SERVER01","EventID":4624,"LogName":"Security","TimeCreated":"2024-12-04T10:30:45.123Z","EventRecordID":12345,"Level":"Information","Computer":"WIN-SERVER01.domain.local","message":"An account was successfully logged on.\n\nSubject:\n\tSecurity ID: S-1-5-18\n\tAccount Name: SYSTEM\n\tAccount Domain: NT AUTHORITY\n\nLogon Information:\n\tLogon Type: 3\n\tRestricted Admin Mode: -\n\tUser: john.doe\n\tLogon Process: NtLmSsp","src_ip":"10.0.0.50","recv_time":"2024-12-04T10:00:00","Subject_Security_ID":"S-1-5-18","Subject_Account_Name":"SYSTEM","Subject_Account_Domain":"NT AUTHORITY","LogonInformation_Logon_Type":"3","LogonInformation_Restricted_Admin_Mode":"-","LogonInformation_User":"john.doe","LogonInformation_Logon_Process":"NtLmSsp","cmdline":null,"name":null,"parent":null,"user":null,"target_file":null,"image":null,"timestamp":null,"channel":null,"event_id":null,"level":null,"TargetDomainName":null,"TargetSid":null,"SubjectUserSid":null,"subject_user":null,"SubjectDomainName":null,"SubjectLogonId":null,"CallerProcessId":null,"process_name":null,"Subject_Logon_ID":null,"Group_Security_ID":null,"Group_Group_Name":null,"Group_Group_Domain":null,"ProcessInformation_Process_ID":null,"ProcessInformation_Process_Name":null,"parent_name":null,"process_basename":null}
{"hostname":"WIN-WORKSTATION02","EventID":4688,"LogName":"Security","TimeCreated":"2024-12-04T11:15:30.456Z","EventRecordID":null,"Level":null,"Computer":null,"message":null,"src_ip":"10.0.0.50","recv_time":"2024-12-04T10:00:00","Subject_Security_ID":null,"Subject_Account_Name":null,"Subject_Account_Domain":null,"LogonInformation_Logon_Type":null,"LogonInformation_Restricted_Admin_Mode":null,"LogonInformation_User":null,"LogonInformation_Logon_Process":null,"cmdline":"powershell.exe -NoProfile -ExecutionPolicy Bypass","name":"C:\\Windows\\System32\\WindowsPowerShell\\v1.0\\powershell.exe","parent":"C:\\Windows\\System32\\cmd.exe","user":"administrator","target_file":null,"image":null,"timestamp":null,"channel":null,"event_id":null,"level":null,"TargetDomainName":null,"TargetSid":null,"SubjectUserSid":null,"subject_user":null,"SubjectDomainName":null,"SubjectLogonId":null,"CallerProcessId":null,"process_name":"powershell.exe","Subject_Logon_ID":null,"Group_Security_ID":null,"Group_Group_Name":null,"Group_Group_Domain":null,"ProcessInformation_Process_ID":null,"ProcessInformation_Process_Name":null,"parent_name":"cmd.exe","process_basename":"powershell.exe"}
{"hostname":"WIN-FILESERVER","EventID":5145,"LogName":"Security","TimeCreated":"2024-12-04T14:20:10.789Z","EventRecordID":null,"Level":null,"Computer":null,"message":null,"src_ip":"10.0.0.50","recv_time":"2024-12-04T10:00:00","Subject_Security_ID":null,"Subject_Account_Name":null,"Subject_Account_Domain":null,"LogonInformation_Logon_Type":null,"LogonInformation_Restricted_Admin_Mode":null,"LogonInformation_User":null,"LogonInformation_Logon_Process":null,"cmdline":null,"name":null,"parent":null,"user":"bob.smith","target_file":"C:\\Data\\confidential.docx","image":"C:\\Windows\\explorer.exe","timestamp":null,"channel":null,"event_id":null,"level":null,"TargetDomainName":null,"TargetSid":null,"SubjectUserSid":null,"subject_user":null,"SubjectDomainName":null,"SubjectLogonId":null,"CallerProcessId":null,"process_name":null,"Subject_Logon_ID":null,"Group_Security_ID":null,"Group_Group_Name":null,"Group_Group_Domain":null,"ProcessInformation_Process_ID":null,"ProcessInformation_Process_Name":null,"parent_name":null,"process_basename":null}
{"hostname":"HP-LAP704","EventID":null,"LogName":null,"TimeCreated":null,"EventRecordID":null,"Level":null,"Computer":null,"message":"A security-enabled local group membership was enumerated.\r\n\r\nSubject:\r\n\tSecurity ID:\t\tS-1-5-21-64021822-3933034794-494143053-1009\r\n\tAccount Name:\t\tHarsh\r\n\tAccount Domain:\t\tHP-LAP704\r\n\tLogon ID:\t\t0xC4589\r\n\r\nGroup:\r\n\tSecurity ID:\t\tS-1-5-32-544\r\n\tGroup Name:\t\tAdministrators\r\n\tGroup Domain:\t\tBuiltin\r\n\r\nProcess Information:\r\n\tProcess ID:\t\t0x278c\r\n\tProcess Name:\t\tC:\\Windows\\System32\\taskhostw.exe","src_ip":"10.0.0.50","recv_time":"2024-12-04T10:00:00","Subject_Security_ID":"S-1-5-21-64021822-3933034794-494143053-1009","Subject_Account_Name":"Harsh","Subject_Account_Domain":"HP-LAP704","LogonInformation_Logon_Type":null,"LogonInformation_Restricted_Admin_Mode":null,"LogonInformation_User":null,"LogonInformation_Logon_Process":null,"cmdline":null,"name":null,"parent":null,"user":"Administrators","target_file":null,"image":null,"timestamp":"2025-12-06 04:06:30","channel":"Security","event_id":4799,"level":"Information","TargetDomainName":"Builtin","TargetSid":"S-1-5-32-544","SubjectUserSid":"S-1-5-21-64021822-3933034794-494143053-1009","subject_user":"Harsh","SubjectDomainName":"HP-LAP704","SubjectLogonId":"0xc4589","CallerProcessId":"0x278c","process_name":null,"Subject_Logon_ID":"0xC4589","Group_Security_ID":"S-1-5-32-544","Group_Group_Name":"Administrators","Group_Group_Domain":"Builtin","ProcessInformation_Process_ID":"0x278c","ProcessInformation_Process_Name":"C:\\Windows\\System32\\taskhostw.exe","parent_name":null,"process_basename":null}
